[ 2016-04-10T11:18:28+08:00 ] ::1 /ww/shop/index.php/Home/index.php
ERR: 无法加载控制器:Index.php

[ 2016-04-10T11:38:26+08:00 ] ::1 /ww/shop/index.php/Home/__Module__/login/index
ERR: 无法加载控制器:__Module__

[ 2016-04-10T11:38:40+08:00 ] ::1 /ww/shop/index.php/Home/__Module__/login/index
ERR: 无法加载控制器:__Module__

[ 2016-04-10T11:38:45+08:00 ] ::1 /ww/shop/index.php/Home/__module__/login/index
ERR: 无法加载控制器:__module__

[ 2016-04-10T11:39:56+08:00 ] ::1 /ww/shop/index.php/Home/__module__/login/index
ERR: 无法加载控制器:__module__

[ 2016-04-10T11:40:00+08:00 ] ::1 /ww/shop/index.php/Home/login/index
ERR: 非法操作:index

[ 2016-04-10T11:40:12+08:00 ] ::1 /ww/shop/index.php/Home/login/index
ERR: 非法操作:index

[ 2016-04-10T14:12:53+08:00 ] ::1 /ww/shop/index.php/Home/login/login
ERR: 无法加载控制器:Login

[ 2016-04-10T14:12:57+08:00 ] ::1 /ww/shop/index.php/Home/login/login
ERR: 无法加载控制器:Login

[ 2016-04-10T14:14:15+08:00 ] ::1 /ww/shop/index.php/Home/login/login
ERR: 无法加载控制器:Login

[ 2016-04-10T14:15:54+08:00 ] ::1 /ww/shop/index.php/Home/login/login
ERR: 无法加载控制器:Login

[ 2016-04-10T14:24:10+08:00 ] ::1 /ww/shop/index.php/Home/login/login
ERR: Think\Model:checkUser方法不存在！

[ 2016-04-10T14:32:36+08:00 ] ::1 /ww/shop/index.php/Home/login/login
ERR: Think\Model:checkUser方法不存在！

[ 2016-04-10T14:40:06+08:00 ] ::1 /ww/shop/index.php/Home/Login/login
ERR: Think\Model:checkUser方法不存在！

[ 2016-04-10T14:40:44+08:00 ] ::1 /ww/shop/index.php/Home/Login/login
ERR: Think\Model:checkUser方法不存在！

[ 2016-04-10T14:42:21+08:00 ] ::1 /ww/shop/index.php/Home/Login/index
ERR: 非法操作:index

[ 2016-04-10T14:42:45+08:00 ] ::1 /ww/shop/index.php/Home/Login/index
ERR: 非法操作:index

[ 2016-04-10T14:43:00+08:00 ] ::1 /ww/shop/index.php/Home/Login/index
ERR: 非法操作:index

[ 2016-04-10T14:43:35+08:00 ] ::1 /ww/shop/index.php/Home/Login/index
ERR: 非法操作:index

[ 2016-04-10T14:44:23+08:00 ] ::1 /ww/shop/index.php/Home/login/login
ERR: Think\Model:checkUser方法不存在！

[ 2016-04-10T14:50:04+08:00 ] ::1 /ww/shop/index.php/Home/login/login
ERR: Think\Model:checkUser方法不存在！

[ 2016-04-10T14:50:48+08:00 ] ::1 /ww/shop/index.php/Home/login/login
ERR: Think\Model:checkUser方法不存在！

[ 2016-04-10T14:54:26+08:00 ] ::1 /ww/shop/index.php/Home/login/login
ERR: Think\Model:checkUser方法不存在！

[ 2016-04-10T14:58:36+08:00 ] ::1 /ww/shop/index.php/Home/login/login
ERR: Think\Model:checkUser方法不存在！

[ 2016-04-10T15:04:07+08:00 ] ::1 /ww/shop/index.php/Home/login/login
ERR: Think\Model:checkUser方法不存在！

[ 2016-04-10T15:10:12+08:00 ] ::1 /ww/shop/index.php/Home/login/login
ERR: 无法加载控制器:Login

[ 2016-04-10T15:11:35+08:00 ] ::1 /ww/shop/index.php/Home/login/login
ERR: 无法加载控制器:Login

[ 2016-04-10T15:11:36+08:00 ] ::1 /ww/shop/index.php/Home/login/login
ERR: 无法加载控制器:Login

[ 2016-04-10T15:11:37+08:00 ] ::1 /ww/shop/index.php/Home/login/login
ERR: 无法加载控制器:Login

[ 2016-04-10T15:11:37+08:00 ] ::1 /ww/shop/index.php/Home/login/login
ERR: 无法加载控制器:Login

[ 2016-04-10T15:14:01+08:00 ] ::1 /ww/shop/index.php/Home/User/login
ERR: 错误的查询条件:[user=>]

[ 2016-04-10T15:14:30+08:00 ] ::1 /ww/shop/index.php/Home/User/code
ERR: 非法操作:code

[ 2016-04-10T15:15:08+08:00 ] ::1 /ww/shop/index.php/Home/User/login
ERR: 错误的查询条件:[user=>]

[ 2016-04-10T15:15:25+08:00 ] ::1 /ww/shop/index.php/Home/User/index
ERR: 模板不存在:./Application/Home/View/User/index.html

[ 2016-04-10T15:16:24+08:00 ] ::1 /ww/shop/index.php/Home/User/code
ERR: 非法操作:code

[ 2016-04-10T15:22:48+08:00 ] ::1 /ww/shop/index.php/Home/login/login
ERR: 模板不存在:./Application/Home/View/Login/login.html

[ 2016-04-10T15:24:49+08:00 ] ::1 /ww/shop/index.php/Home/login/login
ERR: Think\Model:checkUser方法不存在！

[ 2016-04-10T15:28:26+08:00 ] ::1 /ww/shop/index.php/Home/login/login
ERR: Think\Model:checkUser方法不存在！

[ 2016-04-10T15:29:41+08:00 ] ::1 /ww/shop/index.php/Home/login/login
ERR: Think\Model:checkUser方法不存在！

[ 2016-04-10T15:30:30+08:00 ] ::1 /ww/shop/index.php/Home/login/login
ERR: Think\Model:checkUser方法不存在！

[ 2016-04-10T15:31:52+08:00 ] ::1 /ww/shop/index.php/Home/login/login
ERR: Think\Model:checkUser方法不存在！

[ 2016-04-10T15:38:52+08:00 ] ::1 /ww/shop/index.php/Home/login/login
ERR: Think\Model:checkUser方法不存在！

[ 2016-04-10T15:41:19+08:00 ] ::1 /ww/shop/index.php/Home/login/login
ERR: Think\Model:checkUser方法不存在！

[ 2016-04-10T15:43:05+08:00 ] ::1 /ww/shop/index.php/Home/login/login
ERR: Think\Model:checkUser方法不存在！

[ 2016-04-10T15:43:54+08:00 ] ::1 /ww/shop/index.php/Home/login/login
ERR: Think\Model:checkUser方法不存在！

[ 2016-04-10T15:47:57+08:00 ] ::1 /ww/shop/index.php/Home/login/login
ERR: Think\Model:checkUser方法不存在！

[ 2016-04-10T15:52:18+08:00 ] ::1 /ww/shop/index.php/Home/login/login
ERR: 无法加载控制器:Login

[ 2016-04-10T16:35:24+08:00 ] ::1 /ww/shop/index.php/Home/Login/login.html
ERR: 无法加载控制器:Login

[ 2016-04-10T16:36:00+08:00 ] ::1 /ww/shop/index.php/Home/Login/login.html
ERR: 无法加载控制器:Login

