[ 2016-04-12T10:24:01+08:00 ] ::1 /ww/shop/index.php/Home/Goods/shopCar
INFO: [ app_begin ] --START--
INFO: Run Behavior\ReadHtmlCacheBehavior [ RunTime:0.000840s ]
INFO: [ app_begin ] --END-- [ RunTime:0.001491s ]
SQL: SHOW COLUMNS FROM `cz_category` [ RunTime:0.007341s ]
SQL: SELECT * FROM `cz_category`  [ RunTime:0.001078s ]
INFO: [ app_end ] --START--
INFO: Run Behavior\ShowPageTraceBehavior [ RunTime:0.000988s ]
INFO: [ app_end ] --END-- [ RunTime:0.001210s ]

[ 2016-04-12T10:24:10+08:00 ] ::1 /ww/shop/index.php/Home/Goods/shopCar
INFO: [ app_begin ] --START--
INFO: Run Behavior\ReadHtmlCacheBehavior [ RunTime:0.000851s ]
INFO: [ app_begin ] --END-- [ RunTime:0.001554s ]
SQL: SHOW COLUMNS FROM `cz_category` [ RunTime:0.003381s ]
SQL: SELECT * FROM `cz_category`  [ RunTime:0.000780s ]
INFO: [ app_end ] --START--
INFO: Run Behavior\ShowPageTraceBehavior [ RunTime:0.000738s ]
INFO: [ app_end ] --END-- [ RunTime:0.000866s ]

[ 2016-04-12T10:25:29+08:00 ] ::1 /ww/shop/index.php/Home/Goods/shopCar
INFO: [ app_begin ] --START--
INFO: Run Behavior\ReadHtmlCacheBehavior [ RunTime:0.001111s ]
INFO: [ app_begin ] --END-- [ RunTime:0.002000s ]
SQL: SHOW COLUMNS FROM `cz_category` [ RunTime:0.004776s ]
SQL: SELECT * FROM `cz_category`  [ RunTime:0.001268s ]
INFO: [ app_end ] --START--
INFO: Run Behavior\ShowPageTraceBehavior [ RunTime:0.001475s ]
INFO: [ app_end ] --END-- [ RunTime:0.001704s ]

[ 2016-04-12T10:26:25+08:00 ] ::1 /ww/shop/index.php/Home/Goods/shopCar
INFO: [ app_begin ] --START--
INFO: Run Behavior\ReadHtmlCacheBehavior [ RunTime:0.001531s ]
INFO: [ app_begin ] --END-- [ RunTime:0.003234s ]
SQL: SHOW COLUMNS FROM `cz_category` [ RunTime:0.002440s ]
SQL: SELECT * FROM `cz_category`  [ RunTime:0.000380s ]
INFO: [ app_end ] --START--
INFO: Run Behavior\ShowPageTraceBehavior [ RunTime:0.000619s ]
INFO: [ app_end ] --END-- [ RunTime:0.000738s ]

[ 2016-04-12T10:26:30+08:00 ] ::1 /ww/shop/index.php/Home/Goods/shopCar
INFO: [ app_begin ] --START--
INFO: Run Behavior\ReadHtmlCacheBehavior [ RunTime:0.000891s ]
INFO: [ app_begin ] --END-- [ RunTime:0.001637s ]
SQL: SHOW COLUMNS FROM `cz_category` [ RunTime:0.002543s ]
SQL: SELECT * FROM `cz_category`  [ RunTime:0.000513s ]
INFO: [ app_end ] --START--
INFO: Run Behavior\ShowPageTraceBehavior [ RunTime:0.000649s ]
INFO: [ app_end ] --END-- [ RunTime:0.000767s ]

[ 2016-04-12T10:26:53+08:00 ] ::1 /ww/shop/index.php/Home/Goods/shopCar?value=1
INFO: [ app_begin ] --START--
INFO: Run Behavior\ReadHtmlCacheBehavior [ RunTime:0.001078s ]
INFO: [ app_begin ] --END-- [ RunTime:0.001926s ]
SQL: SHOW COLUMNS FROM `cz_category` [ RunTime:0.002486s ]
SQL: SELECT * FROM `cz_category`  [ RunTime:0.000633s ]
INFO: [ app_end ] --START--
INFO: Run Behavior\ShowPageTraceBehavior [ RunTime:0.000972s ]
INFO: [ app_end ] --END-- [ RunTime:0.001217s ]

[ 2016-04-12T10:27:13+08:00 ] ::1 /ww/shop/index.php/Home/Goods/shopCar
INFO: [ app_begin ] --START--
INFO: Run Behavior\ReadHtmlCacheBehavior [ RunTime:0.000544s ]
INFO: [ app_begin ] --END-- [ RunTime:0.000966s ]
SQL: SHOW COLUMNS FROM `cz_category` [ RunTime:0.003160s ]
SQL: SELECT * FROM `cz_category`  [ RunTime:0.000743s ]
INFO: [ app_end ] --START--
INFO: Run Behavior\ShowPageTraceBehavior [ RunTime:0.000630s ]
INFO: [ app_end ] --END-- [ RunTime:0.000748s ]

[ 2016-04-12T10:27:17+08:00 ] ::1 /ww/shop/index.php/Home/Goods/shopCar
INFO: [ app_begin ] --START--
INFO: Run Behavior\ReadHtmlCacheBehavior [ RunTime:0.000720s ]
INFO: [ app_begin ] --END-- [ RunTime:0.001257s ]
SQL: SHOW COLUMNS FROM `cz_category` [ RunTime:0.002573s ]
SQL: SELECT * FROM `cz_category`  [ RunTime:0.000563s ]
INFO: [ app_end ] --START--
INFO: Run Behavior\ShowPageTraceBehavior [ RunTime:0.000683s ]
INFO: [ app_end ] --END-- [ RunTime:0.000811s ]

[ 2016-04-12T10:27:20+08:00 ] ::1 /ww/shop/index.php/Home/Goods/shopCar
INFO: [ app_begin ] --START--
INFO: Run Behavior\ReadHtmlCacheBehavior [ RunTime:0.000807s ]
INFO: [ app_begin ] --END-- [ RunTime:0.001488s ]
SQL: SHOW COLUMNS FROM `cz_category` [ RunTime:0.002341s ]
SQL: SELECT * FROM `cz_category`  [ RunTime:0.000478s ]
INFO: [ app_end ] --START--
INFO: Run Behavior\ShowPageTraceBehavior [ RunTime:0.000830s ]
INFO: [ app_end ] --END-- [ RunTime:0.000950s ]

[ 2016-04-12T10:28:36+08:00 ] ::1 /ww/shop/index.php/Home/Goods/shopCar
INFO: [ app_begin ] --START--
INFO: Run Behavior\ReadHtmlCacheBehavior [ RunTime:0.000573s ]
INFO: [ app_begin ] --END-- [ RunTime:0.001009s ]
SQL: SHOW COLUMNS FROM `cz_category` [ RunTime:0.002460s ]
SQL: SELECT * FROM `cz_category`  [ RunTime:0.000546s ]
INFO: [ app_end ] --START--
INFO: Run Behavior\ShowPageTraceBehavior [ RunTime:0.000670s ]
INFO: [ app_end ] --END-- [ RunTime:0.000793s ]

[ 2016-04-12T10:30:31+08:00 ] ::1 /ww/shop/index.php/Home/Goods/shopCar
INFO: [ app_begin ] --START--
INFO: Run Behavior\ReadHtmlCacheBehavior [ RunTime:0.000682s ]
INFO: [ app_begin ] --END-- [ RunTime:0.001222s ]
SQL: SHOW COLUMNS FROM `cz_category` [ RunTime:0.003596s ]
SQL: SELECT * FROM `cz_category`  [ RunTime:0.000697s ]
ERR: 模板不存在:./Application/Home/View/Goods/shopCar.html

[ 2016-04-12T10:30:38+08:00 ] ::1 /ww/shop/index.php/Home/Goods/shopCar
INFO: [ app_begin ] --START--
INFO: Run Behavior\ReadHtmlCacheBehavior [ RunTime:0.000674s ]
INFO: [ app_begin ] --END-- [ RunTime:0.001132s ]
SQL: SHOW COLUMNS FROM `cz_category` [ RunTime:0.002395s ]
SQL: SELECT * FROM `cz_category`  [ RunTime:0.000737s ]
ERR: 模板不存在:./Application/Home/View/Goods/shopCar.html

[ 2016-04-12T10:30:40+08:00 ] ::1 /ww/shop/index.php/Home/Goods/shopCar
INFO: [ app_begin ] --START--
INFO: Run Behavior\ReadHtmlCacheBehavior [ RunTime:0.000543s ]
INFO: [ app_begin ] --END-- [ RunTime:0.000981s ]
SQL: SHOW COLUMNS FROM `cz_category` [ RunTime:0.002808s ]
SQL: SELECT * FROM `cz_category`  [ RunTime:0.000695s ]
ERR: 模板不存在:./Application/Home/View/Goods/shopCar.html

[ 2016-04-12T10:30:43+08:00 ] ::1 /ww/shop/index.php/Home/Goods/shopCar
INFO: [ app_begin ] --START--
INFO: Run Behavior\ReadHtmlCacheBehavior [ RunTime:0.000606s ]
INFO: [ app_begin ] --END-- [ RunTime:0.001074s ]
SQL: SHOW COLUMNS FROM `cz_category` [ RunTime:0.004235s ]
SQL: SELECT * FROM `cz_category`  [ RunTime:0.000526s ]
ERR: 模板不存在:./Application/Home/View/Goods/shopCar.html

[ 2016-04-12T10:30:46+08:00 ] ::1 /ww/shop/index.php/Home/Goods/shopCar
INFO: [ app_begin ] --START--
INFO: Run Behavior\ReadHtmlCacheBehavior [ RunTime:0.000839s ]
INFO: [ app_begin ] --END-- [ RunTime:0.001521s ]
SQL: SHOW COLUMNS FROM `cz_category` [ RunTime:0.003129s ]
SQL: SELECT * FROM `cz_category`  [ RunTime:0.000562s ]
ERR: 模板不存在:./Application/Home/View/Goods/shopCar.html

[ 2016-04-12T10:30:58+08:00 ] ::1 /ww/shop/index.php/Home/Goods/shopCar
INFO: [ app_begin ] --START--
INFO: Run Behavior\ReadHtmlCacheBehavior [ RunTime:0.001065s ]
INFO: [ app_begin ] --END-- [ RunTime:0.001773s ]
SQL: SHOW COLUMNS FROM `cz_category` [ RunTime:0.003617s ]
SQL: SELECT * FROM `cz_category`  [ RunTime:0.000768s ]
ERR: 模板不存在:./Application/Home/View/Goods/shopCar.html

[ 2016-04-12T10:31:46+08:00 ] ::1 /ww/shop/index.php/Home/Goods/shopCar?value=1
INFO: [ app_begin ] --START--
INFO: Run Behavior\ReadHtmlCacheBehavior [ RunTime:0.000922s ]
INFO: [ app_begin ] --END-- [ RunTime:0.001813s ]
SQL: SHOW COLUMNS FROM `cz_category` [ RunTime:0.002966s ]
SQL: SELECT * FROM `cz_category`  [ RunTime:0.001111s ]
ERR: 模板不存在:./Application/Home/View/Goods/shopCar.html

[ 2016-04-12T10:31:48+08:00 ] ::1 /ww/shop/index.php/Home/Goods/shopCar?value=1
INFO: [ app_begin ] --START--
INFO: Run Behavior\ReadHtmlCacheBehavior [ RunTime:0.000846s ]
INFO: [ app_begin ] --END-- [ RunTime:0.001484s ]
SQL: SHOW COLUMNS FROM `cz_category` [ RunTime:0.003470s ]
SQL: SELECT * FROM `cz_category`  [ RunTime:0.000542s ]
ERR: 模板不存在:./Application/Home/View/Goods/shopCar.html

[ 2016-04-12T10:31:51+08:00 ] ::1 /ww/shop/index.php/Home/Goods/shopCar?value=1
INFO: [ app_begin ] --START--
INFO: Run Behavior\ReadHtmlCacheBehavior [ RunTime:0.000875s ]
INFO: [ app_begin ] --END-- [ RunTime:0.001646s ]
SQL: SHOW COLUMNS FROM `cz_category` [ RunTime:0.003752s ]
SQL: SELECT * FROM `cz_category`  [ RunTime:0.001040s ]
ERR: 模板不存在:./Application/Home/View/Goods/shopCar.html

[ 2016-04-12T10:31:53+08:00 ] ::1 /ww/shop/index.php/Home/Goods/shopCar?value=1
INFO: [ app_begin ] --START--
INFO: Run Behavior\ReadHtmlCacheBehavior [ RunTime:0.000823s ]
INFO: [ app_begin ] --END-- [ RunTime:0.001476s ]
SQL: SHOW COLUMNS FROM `cz_category` [ RunTime:0.003410s ]
SQL: SELECT * FROM `cz_category`  [ RunTime:0.000957s ]
ERR: 模板不存在:./Application/Home/View/Goods/shopCar.html

[ 2016-04-12T10:31:55+08:00 ] ::1 /ww/shop/index.php/Home/Goods/shopCar?value=1
INFO: [ app_begin ] --START--
INFO: Run Behavior\ReadHtmlCacheBehavior [ RunTime:0.000955s ]
INFO: [ app_begin ] --END-- [ RunTime:0.001827s ]
SQL: SHOW COLUMNS FROM `cz_category` [ RunTime:0.002685s ]
SQL: SELECT * FROM `cz_category`  [ RunTime:0.000477s ]
ERR: 模板不存在:./Application/Home/View/Goods/shopCar.html

[ 2016-04-12T10:32:11+08:00 ] ::1 /ww/shop/index.php/Home/Goods/shopCar?value=1
INFO: [ app_begin ] --START--
INFO: Run Behavior\ReadHtmlCacheBehavior [ RunTime:0.001175s ]
INFO: [ app_begin ] --END-- [ RunTime:0.001925s ]
SQL: SHOW COLUMNS FROM `cz_category` [ RunTime:0.003628s ]
SQL: SELECT * FROM `cz_category`  [ RunTime:0.000826s ]
ERR: 模板不存在:./Application/Home/View/Goods/shopCar.html

[ 2016-04-12T10:33:56+08:00 ] ::1 /ww/shop/index.php/Home/Goods/shopCar?value=1
INFO: [ app_begin ] --START--
INFO: Run Behavior\ReadHtmlCacheBehavior [ RunTime:0.000567s ]
INFO: [ app_begin ] --END-- [ RunTime:0.001042s ]
SQL: SHOW COLUMNS FROM `cz_category` [ RunTime:0.002634s ]
SQL: SELECT * FROM `cz_category`  [ RunTime:0.000578s ]
ERR: 模板不存在:./Application/Home/View/Goods/shopCar.html

[ 2016-04-12T10:34:00+08:00 ] ::1 /ww/shop/index.php/Home/Goods/shopCar?value=1
INFO: [ app_begin ] --START--
INFO: Run Behavior\ReadHtmlCacheBehavior [ RunTime:0.000840s ]
INFO: [ app_begin ] --END-- [ RunTime:0.001617s ]
SQL: SHOW COLUMNS FROM `cz_category` [ RunTime:0.003106s ]
SQL: SELECT * FROM `cz_category`  [ RunTime:0.000743s ]
ERR: 模板不存在:./Application/Home/View/Goods/shopCar.html

[ 2016-04-12T10:34:02+08:00 ] ::1 /ww/shop/index.php/Home/Goods/shopCar?value=1
INFO: [ app_begin ] --START--
INFO: Run Behavior\ReadHtmlCacheBehavior [ RunTime:0.000837s ]
INFO: [ app_begin ] --END-- [ RunTime:0.002696s ]
SQL: SHOW COLUMNS FROM `cz_category` [ RunTime:0.003836s ]
SQL: SELECT * FROM `cz_category`  [ RunTime:0.000995s ]
ERR: 模板不存在:./Application/Home/View/Goods/shopCar.html

[ 2016-04-12T10:34:04+08:00 ] ::1 /ww/shop/index.php/Home/Goods/shopCar?value=1
INFO: [ app_begin ] --START--
INFO: Run Behavior\ReadHtmlCacheBehavior [ RunTime:0.000851s ]
INFO: [ app_begin ] --END-- [ RunTime:0.001550s ]
SQL: SHOW COLUMNS FROM `cz_category` [ RunTime:0.006247s ]
SQL: SELECT * FROM `cz_category`  [ RunTime:0.000982s ]
ERR: 模板不存在:./Application/Home/View/Goods/shopCar.html

[ 2016-04-12T10:34:06+08:00 ] ::1 /ww/shop/index.php/Home/Goods/shopCar?value=1
INFO: [ app_begin ] --START--
INFO: Run Behavior\ReadHtmlCacheBehavior [ RunTime:0.000823s ]
INFO: [ app_begin ] --END-- [ RunTime:0.001466s ]
SQL: SHOW COLUMNS FROM `cz_category` [ RunTime:0.004779s ]
SQL: SELECT * FROM `cz_category`  [ RunTime:0.000744s ]
ERR: 模板不存在:./Application/Home/View/Goods/shopCar.html

[ 2016-04-12T10:34:44+08:00 ] ::1 /ww/shop/index.php/Home/goods/shopCar?value=1
INFO: [ app_begin ] --START--
INFO: Run Behavior\ReadHtmlCacheBehavior [ RunTime:0.000614s ]
INFO: [ app_begin ] --END-- [ RunTime:0.001078s ]
SQL: SHOW COLUMNS FROM `cz_category` [ RunTime:0.003295s ]
SQL: SELECT * FROM `cz_category`  [ RunTime:0.000771s ]
ERR: 模板不存在:./Application/Home/View/Goods/shopCar.html

[ 2016-04-12T10:34:46+08:00 ] ::1 /ww/shop/index.php/Home/goods/shopCar?value=1
INFO: [ app_begin ] --START--
INFO: Run Behavior\ReadHtmlCacheBehavior [ RunTime:0.000945s ]
INFO: [ app_begin ] --END-- [ RunTime:0.001716s ]
SQL: SHOW COLUMNS FROM `cz_category` [ RunTime:0.003492s ]
SQL: SELECT * FROM `cz_category`  [ RunTime:0.001156s ]
ERR: 模板不存在:./Application/Home/View/Goods/shopCar.html

[ 2016-04-12T10:34:49+08:00 ] ::1 /ww/shop/index.php/Home/goods/shopCar?value=1
INFO: [ app_begin ] --START--
INFO: Run Behavior\ReadHtmlCacheBehavior [ RunTime:0.000572s ]
INFO: [ app_begin ] --END-- [ RunTime:0.001059s ]
SQL: SHOW COLUMNS FROM `cz_category` [ RunTime:0.002662s ]
SQL: SELECT * FROM `cz_category`  [ RunTime:0.000504s ]
ERR: 模板不存在:./Application/Home/View/Goods/shopCar.html

[ 2016-04-12T10:34:52+08:00 ] ::1 /ww/shop/index.php/Home/goods/shopCar?value=1
INFO: [ app_begin ] --START--
INFO: Run Behavior\ReadHtmlCacheBehavior [ RunTime:0.000858s ]
INFO: [ app_begin ] --END-- [ RunTime:0.001613s ]
SQL: SHOW COLUMNS FROM `cz_category` [ RunTime:0.003289s ]
SQL: SELECT * FROM `cz_category`  [ RunTime:0.000536s ]
ERR: 模板不存在:./Application/Home/View/Goods/shopCar.html

[ 2016-04-12T10:34:54+08:00 ] ::1 /ww/shop/index.php/Home/goods/shopCar?value=1
INFO: [ app_begin ] --START--
INFO: Run Behavior\ReadHtmlCacheBehavior [ RunTime:0.000788s ]
INFO: [ app_begin ] --END-- [ RunTime:0.001477s ]
SQL: SHOW COLUMNS FROM `cz_category` [ RunTime:0.003578s ]
SQL: SELECT * FROM `cz_category`  [ RunTime:0.000556s ]
ERR: 模板不存在:./Application/Home/View/Goods/shopCar.html

[ 2016-04-12T10:36:33+08:00 ] ::1 /ww/shop/index.php/Home/goods/index?value=1
INFO: [ app_begin ] --START--
INFO: Run Behavior\ReadHtmlCacheBehavior [ RunTime:0.000713s ]
INFO: [ app_begin ] --END-- [ RunTime:0.001298s ]
SQL: SHOW COLUMNS FROM `cz_category` [ RunTime:0.003037s ]
SQL: SELECT * FROM `cz_category`  [ RunTime:0.000644s ]
SQL: SHOW COLUMNS FROM `cz_goods` [ RunTime:0.004305s ]
SQL: SELECT `type_id` FROM `cz_goods` WHERE `goods_id` = 0 LIMIT 1   [ RunTime:0.000726s ]
SQL: SHOW COLUMNS FROM `cz_attribute` [ RunTime:0.003061s ]
SQL: SELECT * FROM `cz_attribute` WHERE `type_id` = null  [ RunTime:0.019734s ]
SQL: SHOW COLUMNS FROM `cz_goods` [ RunTime:0.003892s ]
SQL: SELECT * FROM `cz_goods` WHERE `goods_id` = 0 LIMIT 1   [ RunTime:0.000752s ]
SQL: SHOW COLUMNS FROM `cz_goods_attr` [ RunTime:0.003329s ]
SQL: SELECT * FROM `cz_goods_attr` WHERE `goods_id` = 0  [ RunTime:0.000673s ]
INFO: [ view_parse ] --START--
INFO: [ template_filter ] --START--
INFO: Run Behavior\ContentReplaceBehavior [ RunTime:0.000376s ]
INFO: [ template_filter ] --END-- [ RunTime:0.000556s ]
NOTIC: [8] Undefined variable: user E:\Demo\ww\shop\Application\Runtime\Cache\Home\63839bc489ada1b251c78e0251f28b7d.php 第 23 行.
INFO: Run Behavior\ParseTemplateBehavior [ RunTime:0.036592s ]
INFO: [ view_parse ] --END-- [ RunTime:0.036791s ]
INFO: [ view_filter ] --START--
INFO: Run Behavior\WriteHtmlCacheBehavior [ RunTime:0.000564s ]
INFO: [ view_filter ] --END-- [ RunTime:0.000753s ]
INFO: [ app_end ] --START--
INFO: Run Behavior\ShowPageTraceBehavior [ RunTime:0.000745s ]
INFO: [ app_end ] --END-- [ RunTime:0.000887s ]

[ 2016-04-12T10:38:58+08:00 ] ::1 /ww/shop/index.php/Home/goods/index?value=1
INFO: [ app_begin ] --START--
INFO: Run Behavior\ReadHtmlCacheBehavior [ RunTime:0.001411s ]
INFO: [ app_begin ] --END-- [ RunTime:0.002303s ]
SQL: SHOW COLUMNS FROM `cz_category` [ RunTime:0.003950s ]
SQL: SELECT * FROM `cz_category`  [ RunTime:0.000577s ]
SQL: SHOW COLUMNS FROM `cz_goods` [ RunTime:0.002793s ]
SQL: SELECT `type_id` FROM `cz_goods` WHERE `goods_id` = 0 LIMIT 1   [ RunTime:0.000324s ]
SQL: SHOW COLUMNS FROM `cz_attribute` [ RunTime:0.002145s ]
SQL: SELECT * FROM `cz_attribute` WHERE `type_id` = null  [ RunTime:0.000357s ]
SQL: SHOW COLUMNS FROM `cz_goods` [ RunTime:0.002649s ]
SQL: SELECT * FROM `cz_goods` WHERE `goods_id` = 0 LIMIT 1   [ RunTime:0.000551s ]
SQL: SHOW COLUMNS FROM `cz_goods_attr` [ RunTime:0.002060s ]
SQL: SELECT * FROM `cz_goods_attr` WHERE `goods_id` = 0  [ RunTime:0.000349s ]
INFO: [ view_parse ] --START--
INFO: [ template_filter ] --START--
INFO: Run Behavior\ContentReplaceBehavior [ RunTime:0.000290s ]
INFO: [ template_filter ] --END-- [ RunTime:0.000437s ]
NOTIC: [8] Undefined variable: user E:\Demo\ww\shop\Application\Runtime\Cache\Home\63839bc489ada1b251c78e0251f28b7d.php 第 23 行.
INFO: Run Behavior\ParseTemplateBehavior [ RunTime:0.026657s ]
INFO: [ view_parse ] --END-- [ RunTime:0.026800s ]
INFO: [ view_filter ] --START--
INFO: Run Behavior\WriteHtmlCacheBehavior [ RunTime:0.000268s ]
INFO: [ view_filter ] --END-- [ RunTime:0.000380s ]
INFO: [ app_end ] --START--
INFO: Run Behavior\ShowPageTraceBehavior [ RunTime:0.000546s ]
INFO: [ app_end ] --END-- [ RunTime:0.000661s ]

[ 2016-04-12T10:39:00+08:00 ] ::1 /ww/shop/index.php/Home/goods/index?value=1
INFO: [ app_begin ] --START--
INFO: Run Behavior\ReadHtmlCacheBehavior [ RunTime:0.000844s ]
INFO: [ app_begin ] --END-- [ RunTime:0.001496s ]
SQL: SHOW COLUMNS FROM `cz_category` [ RunTime:0.003662s ]
SQL: SELECT * FROM `cz_category`  [ RunTime:0.000777s ]
SQL: SHOW COLUMNS FROM `cz_goods` [ RunTime:0.004230s ]
SQL: SELECT `type_id` FROM `cz_goods` WHERE `goods_id` = 0 LIMIT 1   [ RunTime:0.000521s ]
SQL: SHOW COLUMNS FROM `cz_attribute` [ RunTime:0.003207s ]
SQL: SELECT * FROM `cz_attribute` WHERE `type_id` = null  [ RunTime:0.000514s ]
SQL: SHOW COLUMNS FROM `cz_goods` [ RunTime:0.003977s ]
SQL: SELECT * FROM `cz_goods` WHERE `goods_id` = 0 LIMIT 1   [ RunTime:0.000676s ]
SQL: SHOW COLUMNS FROM `cz_goods_attr` [ RunTime:0.002691s ]
SQL: SELECT * FROM `cz_goods_attr` WHERE `goods_id` = 0  [ RunTime:0.000500s ]
INFO: [ view_parse ] --START--
INFO: [ template_filter ] --START--
INFO: Run Behavior\ContentReplaceBehavior [ RunTime:0.000294s ]
INFO: [ template_filter ] --END-- [ RunTime:0.000440s ]
NOTIC: [8] Undefined variable: user E:\Demo\ww\shop\Application\Runtime\Cache\Home\63839bc489ada1b251c78e0251f28b7d.php 第 23 行.
INFO: Run Behavior\ParseTemplateBehavior [ RunTime:0.033667s ]
INFO: [ view_parse ] --END-- [ RunTime:0.033849s ]
INFO: [ view_filter ] --START--
INFO: Run Behavior\WriteHtmlCacheBehavior [ RunTime:0.000385s ]
INFO: [ view_filter ] --END-- [ RunTime:0.000559s ]
INFO: [ app_end ] --START--
INFO: Run Behavior\ShowPageTraceBehavior [ RunTime:0.000804s ]
INFO: [ app_end ] --END-- [ RunTime:0.000985s ]

[ 2016-04-12T10:39:03+08:00 ] ::1 /ww/shop/index.php/Home/goods/index?value=1
INFO: [ app_begin ] --START--
INFO: Run Behavior\ReadHtmlCacheBehavior [ RunTime:0.000736s ]
INFO: [ app_begin ] --END-- [ RunTime:0.001207s ]
SQL: SHOW COLUMNS FROM `cz_category` [ RunTime:0.002355s ]
SQL: SELECT * FROM `cz_category`  [ RunTime:0.000634s ]
SQL: SHOW COLUMNS FROM `cz_goods` [ RunTime:0.003051s ]
SQL: SELECT `type_id` FROM `cz_goods` WHERE `goods_id` = 0 LIMIT 1   [ RunTime:0.000406s ]
SQL: SHOW COLUMNS FROM `cz_attribute` [ RunTime:0.002432s ]
SQL: SELECT * FROM `cz_attribute` WHERE `type_id` = null  [ RunTime:0.000401s ]
SQL: SHOW COLUMNS FROM `cz_goods` [ RunTime:0.002822s ]
SQL: SELECT * FROM `cz_goods` WHERE `goods_id` = 0 LIMIT 1   [ RunTime:0.000484s ]
SQL: SHOW COLUMNS FROM `cz_goods_attr` [ RunTime:0.003084s ]
SQL: SELECT * FROM `cz_goods_attr` WHERE `goods_id` = 0  [ RunTime:0.000627s ]
INFO: [ view_parse ] --START--
INFO: [ template_filter ] --START--
INFO: Run Behavior\ContentReplaceBehavior [ RunTime:0.000290s ]
INFO: [ template_filter ] --END-- [ RunTime:0.000438s ]
NOTIC: [8] Undefined variable: user E:\Demo\ww\shop\Application\Runtime\Cache\Home\63839bc489ada1b251c78e0251f28b7d.php 第 23 行.
INFO: Run Behavior\ParseTemplateBehavior [ RunTime:0.026841s ]
INFO: [ view_parse ] --END-- [ RunTime:0.026987s ]
INFO: [ view_filter ] --START--
INFO: Run Behavior\WriteHtmlCacheBehavior [ RunTime:0.000271s ]
INFO: [ view_filter ] --END-- [ RunTime:0.000386s ]
INFO: [ app_end ] --START--
INFO: Run Behavior\ShowPageTraceBehavior [ RunTime:0.000576s ]
INFO: [ app_end ] --END-- [ RunTime:0.000697s ]

[ 2016-04-12T10:39:06+08:00 ] ::1 /ww/shop/index.php/Home/goods/index?value=1
INFO: [ app_begin ] --START--
INFO: Run Behavior\ReadHtmlCacheBehavior [ RunTime:0.000572s ]
INFO: [ app_begin ] --END-- [ RunTime:0.001029s ]
SQL: SHOW COLUMNS FROM `cz_category` [ RunTime:0.002412s ]
SQL: SELECT * FROM `cz_category`  [ RunTime:0.000552s ]
SQL: SHOW COLUMNS FROM `cz_goods` [ RunTime:0.002521s ]
SQL: SELECT `type_id` FROM `cz_goods` WHERE `goods_id` = 0 LIMIT 1   [ RunTime:0.000500s ]
SQL: SHOW COLUMNS FROM `cz_attribute` [ RunTime:0.002527s ]
SQL: SELECT * FROM `cz_attribute` WHERE `type_id` = null  [ RunTime:0.000510s ]
SQL: SHOW COLUMNS FROM `cz_goods` [ RunTime:0.002594s ]
SQL: SELECT * FROM `cz_goods` WHERE `goods_id` = 0 LIMIT 1   [ RunTime:0.000534s ]
SQL: SHOW COLUMNS FROM `cz_goods_attr` [ RunTime:0.002249s ]
SQL: SELECT * FROM `cz_goods_attr` WHERE `goods_id` = 0  [ RunTime:0.000454s ]
INFO: [ view_parse ] --START--
INFO: [ template_filter ] --START--
INFO: Run Behavior\ContentReplaceBehavior [ RunTime:0.000297s ]
INFO: [ template_filter ] --END-- [ RunTime:0.000469s ]
NOTIC: [8] Undefined variable: user E:\Demo\ww\shop\Application\Runtime\Cache\Home\63839bc489ada1b251c78e0251f28b7d.php 第 23 行.
INFO: Run Behavior\ParseTemplateBehavior [ RunTime:0.026828s ]
INFO: [ view_parse ] --END-- [ RunTime:0.026962s ]
INFO: [ view_filter ] --START--
INFO: Run Behavior\WriteHtmlCacheBehavior [ RunTime:0.000261s ]
INFO: [ view_filter ] --END-- [ RunTime:0.000369s ]
INFO: [ app_end ] --START--
INFO: Run Behavior\ShowPageTraceBehavior [ RunTime:0.000553s ]
INFO: [ app_end ] --END-- [ RunTime:0.000662s ]

[ 2016-04-12T10:39:47+08:00 ] ::1 /ww/shop/index.php/Home/goods/index?value=1
INFO: [ app_begin ] --START--
INFO: Run Behavior\ReadHtmlCacheBehavior [ RunTime:0.000849s ]
INFO: [ app_begin ] --END-- [ RunTime:0.001475s ]
SQL: SHOW COLUMNS FROM `cz_category` [ RunTime:0.003467s ]
SQL: SELECT * FROM `cz_category`  [ RunTime:0.000669s ]
SQL: SHOW COLUMNS FROM `cz_goods` [ RunTime:0.004617s ]
SQL: SELECT `type_id` FROM `cz_goods` WHERE `goods_id` = 0 LIMIT 1   [ RunTime:0.000873s ]
SQL: SHOW COLUMNS FROM `cz_attribute` [ RunTime:0.003472s ]
SQL: SELECT * FROM `cz_attribute` WHERE `type_id` = null  [ RunTime:0.000719s ]
SQL: SHOW COLUMNS FROM `cz_goods` [ RunTime:0.004686s ]
SQL: SELECT * FROM `cz_goods` WHERE `goods_id` = 0 LIMIT 1   [ RunTime:0.001063s ]
SQL: SHOW COLUMNS FROM `cz_goods_attr` [ RunTime:0.003771s ]
SQL: SELECT * FROM `cz_goods_attr` WHERE `goods_id` = 0  [ RunTime:0.000734s ]
INFO: [ view_parse ] --START--
INFO: [ template_filter ] --START--
INFO: Run Behavior\ContentReplaceBehavior [ RunTime:0.000447s ]
INFO: [ template_filter ] --END-- [ RunTime:0.000677s ]
NOTIC: [8] Undefined variable: user E:\Demo\ww\shop\Application\Runtime\Cache\Home\63839bc489ada1b251c78e0251f28b7d.php 第 23 行.
INFO: Run Behavior\ParseTemplateBehavior [ RunTime:0.069271s ]
INFO: [ view_parse ] --END-- [ RunTime:0.069488s ]
INFO: [ view_filter ] --START--
INFO: Run Behavior\WriteHtmlCacheBehavior [ RunTime:0.000715s ]
INFO: [ view_filter ] --END-- [ RunTime:0.001018s ]
INFO: [ app_end ] --START--
INFO: Run Behavior\ShowPageTraceBehavior [ RunTime:0.001040s ]
INFO: [ app_end ] --END-- [ RunTime:0.001255s ]

[ 2016-04-12T10:39:50+08:00 ] ::1 /ww/shop/index.php/Home/goods/index?value=1
INFO: [ app_begin ] --START--
INFO: Run Behavior\ReadHtmlCacheBehavior [ RunTime:0.000561s ]
INFO: [ app_begin ] --END-- [ RunTime:0.001032s ]
SQL: SHOW COLUMNS FROM `cz_category` [ RunTime:0.002749s ]
SQL: SELECT * FROM `cz_category`  [ RunTime:0.000668s ]
SQL: SHOW COLUMNS FROM `cz_goods` [ RunTime:0.003611s ]
SQL: SELECT `type_id` FROM `cz_goods` WHERE `goods_id` = 0 LIMIT 1   [ RunTime:0.000683s ]
SQL: SHOW COLUMNS FROM `cz_attribute` [ RunTime:0.003442s ]
SQL: SELECT * FROM `cz_attribute` WHERE `type_id` = null  [ RunTime:0.000608s ]
SQL: SHOW COLUMNS FROM `cz_goods` [ RunTime:0.003387s ]
SQL: SELECT * FROM `cz_goods` WHERE `goods_id` = 0 LIMIT 1   [ RunTime:0.000708s ]
SQL: SHOW COLUMNS FROM `cz_goods_attr` [ RunTime:0.002345s ]
SQL: SELECT * FROM `cz_goods_attr` WHERE `goods_id` = 0  [ RunTime:0.000583s ]
INFO: [ view_parse ] --START--
INFO: [ template_filter ] --START--
INFO: Run Behavior\ContentReplaceBehavior [ RunTime:0.000298s ]
INFO: [ template_filter ] --END-- [ RunTime:0.000462s ]
NOTIC: [8] Undefined variable: user E:\Demo\ww\shop\Application\Runtime\Cache\Home\63839bc489ada1b251c78e0251f28b7d.php 第 23 行.
INFO: Run Behavior\ParseTemplateBehavior [ RunTime:0.030120s ]
INFO: [ view_parse ] --END-- [ RunTime:0.030262s ]
INFO: [ view_filter ] --START--
INFO: Run Behavior\WriteHtmlCacheBehavior [ RunTime:0.000273s ]
INFO: [ view_filter ] --END-- [ RunTime:0.000387s ]
INFO: [ app_end ] --START--
INFO: Run Behavior\ShowPageTraceBehavior [ RunTime:0.000548s ]
INFO: [ app_end ] --END-- [ RunTime:0.000672s ]

[ 2016-04-12T10:39:53+08:00 ] ::1 /ww/shop/index.php/Home/goods/index?value=1
INFO: [ app_begin ] --START--
INFO: Run Behavior\ReadHtmlCacheBehavior [ RunTime:0.000601s ]
INFO: [ app_begin ] --END-- [ RunTime:0.001043s ]
SQL: SHOW COLUMNS FROM `cz_category` [ RunTime:0.002631s ]
SQL: SELECT * FROM `cz_category`  [ RunTime:0.000760s ]
SQL: SHOW COLUMNS FROM `cz_goods` [ RunTime:0.003115s ]
SQL: SELECT `type_id` FROM `cz_goods` WHERE `goods_id` = 0 LIMIT 1   [ RunTime:0.000556s ]
SQL: SHOW COLUMNS FROM `cz_attribute` [ RunTime:0.002918s ]
SQL: SELECT * FROM `cz_attribute` WHERE `type_id` = null  [ RunTime:0.000578s ]
SQL: SHOW COLUMNS FROM `cz_goods` [ RunTime:0.002744s ]
SQL: SELECT * FROM `cz_goods` WHERE `goods_id` = 0 LIMIT 1   [ RunTime:0.000642s ]
SQL: SHOW COLUMNS FROM `cz_goods_attr` [ RunTime:0.002561s ]
SQL: SELECT * FROM `cz_goods_attr` WHERE `goods_id` = 0  [ RunTime:0.000579s ]
INFO: [ view_parse ] --START--
INFO: [ template_filter ] --START--
INFO: Run Behavior\ContentReplaceBehavior [ RunTime:0.000292s ]
INFO: [ template_filter ] --END-- [ RunTime:0.000437s ]
NOTIC: [8] Undefined variable: user E:\Demo\ww\shop\Application\Runtime\Cache\Home\63839bc489ada1b251c78e0251f28b7d.php 第 23 行.
INFO: Run Behavior\ParseTemplateBehavior [ RunTime:0.026589s ]
INFO: [ view_parse ] --END-- [ RunTime:0.026727s ]
INFO: [ view_filter ] --START--
INFO: Run Behavior\WriteHtmlCacheBehavior [ RunTime:0.000264s ]
INFO: [ view_filter ] --END-- [ RunTime:0.000372s ]
INFO: [ app_end ] --START--
INFO: Run Behavior\ShowPageTraceBehavior [ RunTime:0.000550s ]
INFO: [ app_end ] --END-- [ RunTime:0.000659s ]

[ 2016-04-12T10:40:15+08:00 ] ::1 /ww/shop/index.php/Home/goods/index?value=1
INFO: [ app_begin ] --START--
INFO: Run Behavior\ReadHtmlCacheBehavior [ RunTime:0.000783s ]
INFO: [ app_begin ] --END-- [ RunTime:0.001538s ]
SQL: SHOW COLUMNS FROM `cz_category` [ RunTime:0.004276s ]
SQL: SELECT * FROM `cz_category`  [ RunTime:0.002034s ]
SQL: SHOW COLUMNS FROM `cz_goods` [ RunTime:0.006027s ]
SQL: SELECT `type_id` FROM `cz_goods` WHERE `goods_id` = 0 LIMIT 1   [ RunTime:0.001761s ]
SQL: SHOW COLUMNS FROM `cz_attribute` [ RunTime:0.006169s ]
SQL: SELECT * FROM `cz_attribute` WHERE `type_id` = null  [ RunTime:0.001434s ]
SQL: SHOW COLUMNS FROM `cz_goods` [ RunTime:0.005657s ]
SQL: SELECT * FROM `cz_goods` WHERE `goods_id` = 0 LIMIT 1   [ RunTime:0.002116s ]
SQL: SHOW COLUMNS FROM `cz_goods_attr` [ RunTime:0.005919s ]
SQL: SELECT * FROM `cz_goods_attr` WHERE `goods_id` = 0  [ RunTime:0.001280s ]
INFO: [ view_parse ] --START--
INFO: [ template_filter ] --START--
INFO: Run Behavior\ContentReplaceBehavior [ RunTime:0.000560s ]
INFO: [ template_filter ] --END-- [ RunTime:0.000903s ]
NOTIC: [8] Undefined variable: user E:\Demo\ww\shop\Application\Runtime\Cache\Home\63839bc489ada1b251c78e0251f28b7d.php 第 23 行.
INFO: Run Behavior\ParseTemplateBehavior [ RunTime:0.046520s ]
INFO: [ view_parse ] --END-- [ RunTime:0.046830s ]
INFO: [ view_filter ] --START--
INFO: Run Behavior\WriteHtmlCacheBehavior [ RunTime:0.000834s ]
INFO: [ view_filter ] --END-- [ RunTime:0.001094s ]
INFO: [ app_end ] --START--
INFO: Run Behavior\ShowPageTraceBehavior [ RunTime:0.001453s ]
INFO: [ app_end ] --END-- [ RunTime:0.001773s ]

[ 2016-04-12T10:41:58+08:00 ] ::1 /ww/shop/index.php/Home/goods/index?value=1
INFO: [ app_begin ] --START--
INFO: Run Behavior\ReadHtmlCacheBehavior [ RunTime:0.000903s ]
INFO: [ app_begin ] --END-- [ RunTime:0.001653s ]
SQL: SHOW COLUMNS FROM `cz_category` [ RunTime:0.003565s ]
SQL: SELECT * FROM `cz_category`  [ RunTime:0.000665s ]
SQL: SHOW COLUMNS FROM `cz_goods` [ RunTime:0.004181s ]
SQL: SELECT `type_id` FROM `cz_goods` WHERE `goods_id` = 0 LIMIT 1   [ RunTime:0.000602s ]
SQL: SHOW COLUMNS FROM `cz_attribute` [ RunTime:0.003890s ]
SQL: SELECT * FROM `cz_attribute` WHERE `type_id` = null  [ RunTime:0.000729s ]
SQL: SHOW COLUMNS FROM `cz_goods` [ RunTime:0.005068s ]
SQL: SELECT * FROM `cz_goods` WHERE `goods_id` = 0 LIMIT 1   [ RunTime:0.000791s ]
SQL: SHOW COLUMNS FROM `cz_goods_attr` [ RunTime:0.003698s ]
SQL: SELECT * FROM `cz_goods_attr` WHERE `goods_id` = 0  [ RunTime:0.000636s ]
INFO: [ view_parse ] --START--
INFO: [ template_filter ] --START--
INFO: Run Behavior\ContentReplaceBehavior [ RunTime:0.000291s ]
INFO: [ template_filter ] --END-- [ RunTime:0.000435s ]
NOTIC: [8] Undefined variable: user E:\Demo\ww\shop\Application\Runtime\Cache\Home\63839bc489ada1b251c78e0251f28b7d.php 第 23 行.
INFO: Run Behavior\ParseTemplateBehavior [ RunTime:0.036127s ]
INFO: [ view_parse ] --END-- [ RunTime:0.036301s ]
INFO: [ view_filter ] --START--
INFO: Run Behavior\WriteHtmlCacheBehavior [ RunTime:0.000262s ]
INFO: [ view_filter ] --END-- [ RunTime:0.000369s ]
INFO: [ app_end ] --START--
INFO: Run Behavior\ShowPageTraceBehavior [ RunTime:0.000547s ]
INFO: [ app_end ] --END-- [ RunTime:0.000656s ]

[ 2016-04-12T10:42:00+08:00 ] ::1 /ww/shop/index.php/Home/goods/index?value=1
INFO: [ app_begin ] --START--
INFO: Run Behavior\ReadHtmlCacheBehavior [ RunTime:0.001474s ]
INFO: [ app_begin ] --END-- [ RunTime:0.002773s ]
SQL: SHOW COLUMNS FROM `cz_category` [ RunTime:0.008728s ]
SQL: SELECT * FROM `cz_category`  [ RunTime:0.001125s ]
SQL: SHOW COLUMNS FROM `cz_goods` [ RunTime:0.005789s ]
SQL: SELECT `type_id` FROM `cz_goods` WHERE `goods_id` = 0 LIMIT 1   [ RunTime:0.000949s ]
SQL: SHOW COLUMNS FROM `cz_attribute` [ RunTime:0.008127s ]
SQL: SELECT * FROM `cz_attribute` WHERE `type_id` = null  [ RunTime:0.000955s ]
SQL: SHOW COLUMNS FROM `cz_goods` [ RunTime:0.005104s ]
SQL: SELECT * FROM `cz_goods` WHERE `goods_id` = 0 LIMIT 1   [ RunTime:0.000915s ]
SQL: SHOW COLUMNS FROM `cz_goods_attr` [ RunTime:0.003797s ]
SQL: SELECT * FROM `cz_goods_attr` WHERE `goods_id` = 0  [ RunTime:0.001053s ]
INFO: [ view_parse ] --START--
INFO: [ template_filter ] --START--
INFO: Run Behavior\ContentReplaceBehavior [ RunTime:0.000351s ]
INFO: [ template_filter ] --END-- [ RunTime:0.000578s ]
NOTIC: [8] Undefined variable: user E:\Demo\ww\shop\Application\Runtime\Cache\Home\63839bc489ada1b251c78e0251f28b7d.php 第 23 行.
INFO: Run Behavior\ParseTemplateBehavior [ RunTime:0.032727s ]
INFO: [ view_parse ] --END-- [ RunTime:0.032935s ]
INFO: [ view_filter ] --START--
INFO: Run Behavior\WriteHtmlCacheBehavior [ RunTime:0.000292s ]
INFO: [ view_filter ] --END-- [ RunTime:0.000468s ]
INFO: [ app_end ] --START--
INFO: Run Behavior\ShowPageTraceBehavior [ RunTime:0.000559s ]
INFO: [ app_end ] --END-- [ RunTime:0.000669s ]

[ 2016-04-12T10:42:00+08:00 ] ::1 /ww/shop/index.php/Home/goods/index?value=1
INFO: [ app_begin ] --START--
INFO: Run Behavior\ReadHtmlCacheBehavior [ RunTime:0.001576s ]
INFO: [ app_begin ] --END-- [ RunTime:0.002892s ]
SQL: SHOW COLUMNS FROM `cz_category` [ RunTime:0.003733s ]
SQL: SELECT * FROM `cz_category`  [ RunTime:0.000788s ]
SQL: SHOW COLUMNS FROM `cz_goods` [ RunTime:0.004351s ]
SQL: SELECT `type_id` FROM `cz_goods` WHERE `goods_id` = 0 LIMIT 1   [ RunTime:0.000583s ]
SQL: SHOW COLUMNS FROM `cz_attribute` [ RunTime:0.003477s ]
SQL: SELECT * FROM `cz_attribute` WHERE `type_id` = null  [ RunTime:0.000600s ]
SQL: SHOW COLUMNS FROM `cz_goods` [ RunTime:0.004722s ]
SQL: SELECT * FROM `cz_goods` WHERE `goods_id` = 0 LIMIT 1   [ RunTime:0.000797s ]
SQL: SHOW COLUMNS FROM `cz_goods_attr` [ RunTime:0.003443s ]
SQL: SELECT * FROM `cz_goods_attr` WHERE `goods_id` = 0  [ RunTime:0.000613s ]
INFO: [ view_parse ] --START--
INFO: [ template_filter ] --START--
INFO: Run Behavior\ContentReplaceBehavior [ RunTime:0.000475s ]
INFO: [ template_filter ] --END-- [ RunTime:0.000698s ]
NOTIC: [8] Undefined variable: user E:\Demo\ww\shop\Application\Runtime\Cache\Home\63839bc489ada1b251c78e0251f28b7d.php 第 23 行.
INFO: Run Behavior\ParseTemplateBehavior [ RunTime:0.044645s ]
INFO: [ view_parse ] --END-- [ RunTime:0.044859s ]
INFO: [ view_filter ] --START--
INFO: Run Behavior\WriteHtmlCacheBehavior [ RunTime:0.000457s ]
INFO: [ view_filter ] --END-- [ RunTime:0.000633s ]
INFO: [ app_end ] --START--
INFO: Run Behavior\ShowPageTraceBehavior [ RunTime:0.000939s ]
INFO: [ app_end ] --END-- [ RunTime:0.001120s ]

[ 2016-04-12T10:42:00+08:00 ] ::1 /ww/shop/index.php/Home/goods/index?value=1
INFO: [ app_begin ] --START--
INFO: Run Behavior\ReadHtmlCacheBehavior [ RunTime:0.000901s ]
INFO: [ app_begin ] --END-- [ RunTime:0.001579s ]
SQL: SHOW COLUMNS FROM `cz_category` [ RunTime:0.002450s ]
SQL: SELECT * FROM `cz_category`  [ RunTime:0.000490s ]
SQL: SHOW COLUMNS FROM `cz_goods` [ RunTime:0.003020s ]
SQL: SELECT `type_id` FROM `cz_goods` WHERE `goods_id` = 0 LIMIT 1   [ RunTime:0.000447s ]
SQL: SHOW COLUMNS FROM `cz_attribute` [ RunTime:0.002834s ]
SQL: SELECT * FROM `cz_attribute` WHERE `type_id` = null  [ RunTime:0.000401s ]
SQL: SHOW COLUMNS FROM `cz_goods` [ RunTime:0.002941s ]
SQL: SELECT * FROM `cz_goods` WHERE `goods_id` = 0 LIMIT 1   [ RunTime:0.000478s ]
SQL: SHOW COLUMNS FROM `cz_goods_attr` [ RunTime:0.002198s ]
SQL: SELECT * FROM `cz_goods_attr` WHERE `goods_id` = 0  [ RunTime:0.000444s ]
INFO: [ view_parse ] --START--
INFO: [ template_filter ] --START--
INFO: Run Behavior\ContentReplaceBehavior [ RunTime:0.000333s ]
INFO: [ template_filter ] --END-- [ RunTime:0.000517s ]
NOTIC: [8] Undefined variable: user E:\Demo\ww\shop\Application\Runtime\Cache\Home\63839bc489ada1b251c78e0251f28b7d.php 第 23 行.
INFO: Run Behavior\ParseTemplateBehavior [ RunTime:0.027163s ]
INFO: [ view_parse ] --END-- [ RunTime:0.027300s ]
INFO: [ view_filter ] --START--
INFO: Run Behavior\WriteHtmlCacheBehavior [ RunTime:0.000266s ]
INFO: [ view_filter ] --END-- [ RunTime:0.000374s ]
INFO: [ app_end ] --START--
INFO: Run Behavior\ShowPageTraceBehavior [ RunTime:0.000546s ]
INFO: [ app_end ] --END-- [ RunTime:0.000655s ]

[ 2016-04-12T10:42:01+08:00 ] ::1 /ww/shop/index.php/Home/goods/index?value=1
INFO: [ app_begin ] --START--
INFO: Run Behavior\ReadHtmlCacheBehavior [ RunTime:0.002123s ]
INFO: [ app_begin ] --END-- [ RunTime:0.003645s ]
SQL: SHOW COLUMNS FROM `cz_category` [ RunTime:0.004126s ]
SQL: SELECT * FROM `cz_category`  [ RunTime:0.000887s ]
SQL: SHOW COLUMNS FROM `cz_goods` [ RunTime:0.005452s ]
SQL: SELECT `type_id` FROM `cz_goods` WHERE `goods_id` = 0 LIMIT 1   [ RunTime:0.000931s ]
SQL: SHOW COLUMNS FROM `cz_attribute` [ RunTime:0.004144s ]
SQL: SELECT * FROM `cz_attribute` WHERE `type_id` = null  [ RunTime:0.000930s ]
SQL: SHOW COLUMNS FROM `cz_goods` [ RunTime:0.005097s ]
SQL: SELECT * FROM `cz_goods` WHERE `goods_id` = 0 LIMIT 1   [ RunTime:0.001083s ]
SQL: SHOW COLUMNS FROM `cz_goods_attr` [ RunTime:0.003976s ]
SQL: SELECT * FROM `cz_goods_attr` WHERE `goods_id` = 0  [ RunTime:0.000876s ]
INFO: [ view_parse ] --START--
INFO: [ template_filter ] --START--
INFO: Run Behavior\ContentReplaceBehavior [ RunTime:0.000506s ]
INFO: [ template_filter ] --END-- [ RunTime:0.000737s ]
NOTIC: [8] Undefined variable: user E:\Demo\ww\shop\Application\Runtime\Cache\Home\63839bc489ada1b251c78e0251f28b7d.php 第 23 行.
INFO: Run Behavior\ParseTemplateBehavior [ RunTime:0.051022s ]
INFO: [ view_parse ] --END-- [ RunTime:0.051361s ]
INFO: [ view_filter ] --START--
INFO: Run Behavior\WriteHtmlCacheBehavior [ RunTime:0.000805s ]
INFO: [ view_filter ] --END-- [ RunTime:0.001145s ]
INFO: [ app_end ] --START--
INFO: Run Behavior\ShowPageTraceBehavior [ RunTime:0.001662s ]
INFO: [ app_end ] --END-- [ RunTime:0.001933s ]

[ 2016-04-12T10:42:14+08:00 ] ::1 /ww/shop/index.php/Home/goods/index?value=1
INFO: [ app_begin ] --START--
INFO: Run Behavior\ReadHtmlCacheBehavior [ RunTime:0.001250s ]
INFO: [ app_begin ] --END-- [ RunTime:0.002221s ]
SQL: SHOW COLUMNS FROM `cz_category` [ RunTime:0.003012s ]
SQL: SELECT * FROM `cz_category`  [ RunTime:0.000584s ]
SQL: SHOW COLUMNS FROM `cz_goods` [ RunTime:0.003248s ]
SQL: SELECT `type_id` FROM `cz_goods` WHERE `goods_id` = 0 LIMIT 1   [ RunTime:0.000516s ]
SQL: SHOW COLUMNS FROM `cz_attribute` [ RunTime:0.002822s ]
SQL: SELECT * FROM `cz_attribute` WHERE `type_id` = null  [ RunTime:0.000537s ]
SQL: SHOW COLUMNS FROM `cz_goods` [ RunTime:0.003312s ]
SQL: SELECT * FROM `cz_goods` WHERE `goods_id` = 0 LIMIT 1   [ RunTime:0.000704s ]
SQL: SHOW COLUMNS FROM `cz_goods_attr` [ RunTime:0.002865s ]
SQL: SELECT * FROM `cz_goods_attr` WHERE `goods_id` = 0  [ RunTime:0.000760s ]
INFO: [ view_parse ] --START--
INFO: [ template_filter ] --START--
INFO: Run Behavior\ContentReplaceBehavior [ RunTime:0.000374s ]
INFO: [ template_filter ] --END-- [ RunTime:0.000561s ]
NOTIC: [8] Undefined variable: user E:\Demo\ww\shop\Application\Runtime\Cache\Home\63839bc489ada1b251c78e0251f28b7d.php 第 23 行.
INFO: Run Behavior\ParseTemplateBehavior [ RunTime:0.034871s ]
INFO: [ view_parse ] --END-- [ RunTime:0.035064s ]
INFO: [ view_filter ] --START--
INFO: Run Behavior\WriteHtmlCacheBehavior [ RunTime:0.000333s ]
INFO: [ view_filter ] --END-- [ RunTime:0.000477s ]
INFO: [ app_end ] --START--
INFO: Run Behavior\ShowPageTraceBehavior [ RunTime:0.000695s ]
INFO: [ app_end ] --END-- [ RunTime:0.000843s ]

[ 2016-04-12T10:42:15+08:00 ] ::1 /ww/shop/index.php/Home/goods/index?value=1
INFO: [ app_begin ] --START--
INFO: Run Behavior\ReadHtmlCacheBehavior [ RunTime:0.000561s ]
INFO: [ app_begin ] --END-- [ RunTime:0.001012s ]
SQL: SHOW COLUMNS FROM `cz_category` [ RunTime:0.002645s ]
SQL: SELECT * FROM `cz_category`  [ RunTime:0.000550s ]
SQL: SHOW COLUMNS FROM `cz_goods` [ RunTime:0.003310s ]
SQL: SELECT `type_id` FROM `cz_goods` WHERE `goods_id` = 0 LIMIT 1   [ RunTime:0.000520s ]
SQL: SHOW COLUMNS FROM `cz_attribute` [ RunTime:0.002596s ]
SQL: SELECT * FROM `cz_attribute` WHERE `type_id` = null  [ RunTime:0.000642s ]
SQL: SHOW COLUMNS FROM `cz_goods` [ RunTime:0.002746s ]
SQL: SELECT * FROM `cz_goods` WHERE `goods_id` = 0 LIMIT 1   [ RunTime:0.000688s ]
SQL: SHOW COLUMNS FROM `cz_goods_attr` [ RunTime:0.002139s ]
SQL: SELECT * FROM `cz_goods_attr` WHERE `goods_id` = 0  [ RunTime:0.000695s ]
INFO: [ view_parse ] --START--
INFO: [ template_filter ] --START--
INFO: Run Behavior\ContentReplaceBehavior [ RunTime:0.000457s ]
INFO: [ template_filter ] --END-- [ RunTime:0.000710s ]
NOTIC: [8] Undefined variable: user E:\Demo\ww\shop\Application\Runtime\Cache\Home\63839bc489ada1b251c78e0251f28b7d.php 第 23 行.
INFO: Run Behavior\ParseTemplateBehavior [ RunTime:0.030404s ]
INFO: [ view_parse ] --END-- [ RunTime:0.030549s ]
INFO: [ view_filter ] --START--
INFO: Run Behavior\WriteHtmlCacheBehavior [ RunTime:0.000331s ]
INFO: [ view_filter ] --END-- [ RunTime:0.000448s ]
INFO: [ app_end ] --START--
INFO: Run Behavior\ShowPageTraceBehavior [ RunTime:0.000599s ]
INFO: [ app_end ] --END-- [ RunTime:0.000728s ]

[ 2016-04-12T10:42:16+08:00 ] ::1 /ww/shop/index.php/Home/goods/index?value=1
INFO: [ app_begin ] --START--
INFO: Run Behavior\ReadHtmlCacheBehavior [ RunTime:0.000893s ]
INFO: [ app_begin ] --END-- [ RunTime:0.001595s ]
SQL: SHOW COLUMNS FROM `cz_category` [ RunTime:0.003807s ]
SQL: SELECT * FROM `cz_category`  [ RunTime:0.000716s ]
SQL: SHOW COLUMNS FROM `cz_goods` [ RunTime:0.004702s ]
SQL: SELECT `type_id` FROM `cz_goods` WHERE `goods_id` = 0 LIMIT 1   [ RunTime:0.000690s ]
SQL: SHOW COLUMNS FROM `cz_attribute` [ RunTime:0.004178s ]
SQL: SELECT * FROM `cz_attribute` WHERE `type_id` = null  [ RunTime:0.000827s ]
SQL: SHOW COLUMNS FROM `cz_goods` [ RunTime:0.004303s ]
SQL: SELECT * FROM `cz_goods` WHERE `goods_id` = 0 LIMIT 1   [ RunTime:0.000748s ]
SQL: SHOW COLUMNS FROM `cz_goods_attr` [ RunTime:0.003497s ]
SQL: SELECT * FROM `cz_goods_attr` WHERE `goods_id` = 0  [ RunTime:0.000785s ]
INFO: [ view_parse ] --START--
INFO: [ template_filter ] --START--
INFO: Run Behavior\ContentReplaceBehavior [ RunTime:0.000487s ]
INFO: [ template_filter ] --END-- [ RunTime:0.000725s ]
NOTIC: [8] Undefined variable: user E:\Demo\ww\shop\Application\Runtime\Cache\Home\63839bc489ada1b251c78e0251f28b7d.php 第 23 行.
INFO: Run Behavior\ParseTemplateBehavior [ RunTime:0.045544s ]
INFO: [ view_parse ] --END-- [ RunTime:0.045772s ]
INFO: [ view_filter ] --START--
INFO: Run Behavior\WriteHtmlCacheBehavior [ RunTime:0.000449s ]
INFO: [ view_filter ] --END-- [ RunTime:0.000637s ]
INFO: [ app_end ] --START--
INFO: Run Behavior\ShowPageTraceBehavior [ RunTime:0.000913s ]
INFO: [ app_end ] --END-- [ RunTime:0.001116s ]

[ 2016-04-12T10:43:08+08:00 ] ::1 /ww/shop/index.php/Home/goods/index?value=4444444
INFO: [ app_begin ] --START--
INFO: Run Behavior\ReadHtmlCacheBehavior [ RunTime:0.001680s ]
INFO: [ app_begin ] --END-- [ RunTime:0.002939s ]
SQL: SHOW COLUMNS FROM `cz_category` [ RunTime:0.007345s ]
SQL: SELECT * FROM `cz_category`  [ RunTime:0.001506s ]
SQL: SHOW COLUMNS FROM `cz_goods` [ RunTime:0.007986s ]
SQL: SELECT `type_id` FROM `cz_goods` WHERE `goods_id` = 0 LIMIT 1   [ RunTime:0.001317s ]
SQL: SHOW COLUMNS FROM `cz_attribute` [ RunTime:0.006993s ]
SQL: SELECT * FROM `cz_attribute` WHERE `type_id` = null  [ RunTime:0.001483s ]
SQL: SHOW COLUMNS FROM `cz_goods` [ RunTime:0.007816s ]
SQL: SELECT * FROM `cz_goods` WHERE `goods_id` = 0 LIMIT 1   [ RunTime:0.001805s ]
SQL: SHOW COLUMNS FROM `cz_goods_attr` [ RunTime:0.006448s ]
SQL: SELECT * FROM `cz_goods_attr` WHERE `goods_id` = 0  [ RunTime:0.001536s ]
INFO: [ view_parse ] --START--
INFO: [ template_filter ] --START--
INFO: Run Behavior\ContentReplaceBehavior [ RunTime:0.000481s ]
INFO: [ template_filter ] --END-- [ RunTime:0.000719s ]
NOTIC: [8] Undefined variable: user E:\Demo\ww\shop\Application\Runtime\Cache\Home\63839bc489ada1b251c78e0251f28b7d.php 第 23 行.
INFO: Run Behavior\ParseTemplateBehavior [ RunTime:0.060377s ]
INFO: [ view_parse ] --END-- [ RunTime:0.060685s ]
INFO: [ view_filter ] --START--
INFO: Run Behavior\WriteHtmlCacheBehavior [ RunTime:0.000322s ]
INFO: [ view_filter ] --END-- [ RunTime:0.000498s ]
INFO: [ app_end ] --START--
INFO: Run Behavior\ShowPageTraceBehavior [ RunTime:0.000592s ]
INFO: [ app_end ] --END-- [ RunTime:0.000716s ]

[ 2016-04-12T10:43:42+08:00 ] ::1 /ww/shop/index.php/Home/goods/index?value=4444444
INFO: [ app_begin ] --START--
INFO: Run Behavior\ReadHtmlCacheBehavior [ RunTime:0.000825s ]
INFO: [ app_begin ] --END-- [ RunTime:0.001563s ]
SQL: SHOW COLUMNS FROM `cz_category` [ RunTime:0.003293s ]
SQL: SELECT * FROM `cz_category`  [ RunTime:0.000489s ]
SQL: SHOW COLUMNS FROM `cz_goods` [ RunTime:0.003401s ]
SQL: SELECT `type_id` FROM `cz_goods` WHERE `goods_id` = 0 LIMIT 1   [ RunTime:0.000642s ]
SQL: SHOW COLUMNS FROM `cz_attribute` [ RunTime:0.004025s ]
SQL: SELECT * FROM `cz_attribute` WHERE `type_id` = null  [ RunTime:0.000743s ]
SQL: SHOW COLUMNS FROM `cz_goods` [ RunTime:0.003933s ]
SQL: SELECT * FROM `cz_goods` WHERE `goods_id` = 0 LIMIT 1   [ RunTime:0.000648s ]
SQL: SHOW COLUMNS FROM `cz_goods_attr` [ RunTime:0.002449s ]
SQL: SELECT * FROM `cz_goods_attr` WHERE `goods_id` = 0  [ RunTime:0.000523s ]
INFO: [ view_parse ] --START--
INFO: [ template_filter ] --START--
INFO: Run Behavior\ContentReplaceBehavior [ RunTime:0.000425s ]
INFO: [ template_filter ] --END-- [ RunTime:0.000569s ]
NOTIC: [8] Undefined variable: user E:\Demo\ww\shop\Application\Runtime\Cache\Home\63839bc489ada1b251c78e0251f28b7d.php 第 23 行.
INFO: Run Behavior\ParseTemplateBehavior [ RunTime:0.029252s ]
INFO: [ view_parse ] --END-- [ RunTime:0.029433s ]
INFO: [ view_filter ] --START--
INFO: Run Behavior\WriteHtmlCacheBehavior [ RunTime:0.000436s ]
INFO: [ view_filter ] --END-- [ RunTime:0.000617s ]
INFO: [ app_end ] --START--
INFO: Run Behavior\ShowPageTraceBehavior [ RunTime:0.000805s ]
INFO: [ app_end ] --END-- [ RunTime:0.000989s ]

[ 2016-04-12T10:44:06+08:00 ] ::1 /ww/shop/index.php/Home/goods/index?value=4444444
INFO: [ app_begin ] --START--
INFO: Run Behavior\ReadHtmlCacheBehavior [ RunTime:0.000862s ]
INFO: [ app_begin ] --END-- [ RunTime:0.001579s ]
SQL: SHOW COLUMNS FROM `cz_category` [ RunTime:0.004345s ]
SQL: SELECT * FROM `cz_category`  [ RunTime:0.000858s ]
SQL: SHOW COLUMNS FROM `cz_goods` [ RunTime:0.003989s ]
SQL: SELECT `type_id` FROM `cz_goods` WHERE `goods_id` = 0 LIMIT 1   [ RunTime:0.000677s ]
SQL: SHOW COLUMNS FROM `cz_attribute` [ RunTime:0.003278s ]
SQL: SELECT * FROM `cz_attribute` WHERE `type_id` = null  [ RunTime:0.000722s ]
SQL: SHOW COLUMNS FROM `cz_goods` [ RunTime:0.004003s ]
SQL: SELECT * FROM `cz_goods` WHERE `goods_id` = 0 LIMIT 1   [ RunTime:0.000851s ]
SQL: SHOW COLUMNS FROM `cz_goods_attr` [ RunTime:0.003201s ]
SQL: SELECT * FROM `cz_goods_attr` WHERE `goods_id` = 0  [ RunTime:0.000674s ]
INFO: [ view_parse ] --START--
INFO: [ template_filter ] --START--
INFO: Run Behavior\ContentReplaceBehavior [ RunTime:0.000482s ]
INFO: [ template_filter ] --END-- [ RunTime:0.000823s ]
NOTIC: [8] Undefined variable: user E:\Demo\ww\shop\Application\Runtime\Cache\Home\63839bc489ada1b251c78e0251f28b7d.php 第 23 行.
INFO: Run Behavior\ParseTemplateBehavior [ RunTime:0.041377s ]
INFO: [ view_parse ] --END-- [ RunTime:0.041599s ]
INFO: [ view_filter ] --START--
INFO: Run Behavior\WriteHtmlCacheBehavior [ RunTime:0.000402s ]
INFO: [ view_filter ] --END-- [ RunTime:0.000589s ]
INFO: [ app_end ] --START--
INFO: Run Behavior\ShowPageTraceBehavior [ RunTime:0.000859s ]
INFO: [ app_end ] --END-- [ RunTime:0.001093s ]

[ 2016-04-12T10:45:42+08:00 ] ::1 /ww/shop/index.php/Home/goods/index?value=4444444
INFO: [ app_begin ] --START--
INFO: Run Behavior\ReadHtmlCacheBehavior [ RunTime:0.000889s ]
INFO: [ app_begin ] --END-- [ RunTime:0.001632s ]
SQL: SHOW COLUMNS FROM `cz_category` [ RunTime:0.003665s ]
SQL: SELECT * FROM `cz_category`  [ RunTime:0.000711s ]
SQL: SHOW COLUMNS FROM `cz_goods` [ RunTime:0.004468s ]
SQL: SELECT `type_id` FROM `cz_goods` WHERE `goods_id` = 0 LIMIT 1   [ RunTime:0.000529s ]
SQL: SHOW COLUMNS FROM `cz_attribute` [ RunTime:0.003700s ]
SQL: SELECT * FROM `cz_attribute` WHERE `type_id` = null  [ RunTime:0.000554s ]
SQL: SHOW COLUMNS FROM `cz_goods` [ RunTime:0.004273s ]
SQL: SELECT * FROM `cz_goods` WHERE `goods_id` = 0 LIMIT 1   [ RunTime:0.000724s ]
SQL: SHOW COLUMNS FROM `cz_goods_attr` [ RunTime:0.003438s ]
SQL: SELECT * FROM `cz_goods_attr` WHERE `goods_id` = 0  [ RunTime:0.000691s ]
INFO: [ view_parse ] --START--
INFO: [ template_filter ] --START--
INFO: Run Behavior\ContentReplaceBehavior [ RunTime:0.000295s ]
INFO: [ template_filter ] --END-- [ RunTime:0.000434s ]
NOTIC: [8] Undefined variable: user E:\Demo\ww\shop\Application\Runtime\Cache\Home\63839bc489ada1b251c78e0251f28b7d.php 第 23 行.
INFO: Run Behavior\ParseTemplateBehavior [ RunTime:0.038429s ]
INFO: [ view_parse ] --END-- [ RunTime:0.038604s ]
INFO: [ view_filter ] --START--
INFO: Run Behavior\WriteHtmlCacheBehavior [ RunTime:0.000261s ]
INFO: [ view_filter ] --END-- [ RunTime:0.000369s ]
INFO: [ app_end ] --START--
INFO: Run Behavior\ShowPageTraceBehavior [ RunTime:0.000546s ]
INFO: [ app_end ] --END-- [ RunTime:0.000659s ]

[ 2016-04-12T10:45:46+08:00 ] ::1 /ww/shop/index.php/Home/goods/index?value=4444444
INFO: [ app_begin ] --START--
INFO: Run Behavior\ReadHtmlCacheBehavior [ RunTime:0.002262s ]
INFO: [ app_begin ] --END-- [ RunTime:0.003583s ]
SQL: SHOW COLUMNS FROM `cz_category` [ RunTime:0.003869s ]
SQL: SELECT * FROM `cz_category`  [ RunTime:0.000930s ]
SQL: SHOW COLUMNS FROM `cz_goods` [ RunTime:0.004434s ]
SQL: SELECT `type_id` FROM `cz_goods` WHERE `goods_id` = 0 LIMIT 1   [ RunTime:0.000755s ]
SQL: SHOW COLUMNS FROM `cz_attribute` [ RunTime:0.004005s ]
SQL: SELECT * FROM `cz_attribute` WHERE `type_id` = null  [ RunTime:0.000872s ]
SQL: SHOW COLUMNS FROM `cz_goods` [ RunTime:0.004800s ]
SQL: SELECT * FROM `cz_goods` WHERE `goods_id` = 0 LIMIT 1   [ RunTime:0.000953s ]
SQL: SHOW COLUMNS FROM `cz_goods_attr` [ RunTime:0.003636s ]
SQL: SELECT * FROM `cz_goods_attr` WHERE `goods_id` = 0  [ RunTime:0.001162s ]
INFO: [ view_parse ] --START--
INFO: [ template_filter ] --START--
INFO: Run Behavior\ContentReplaceBehavior [ RunTime:0.000481s ]
INFO: [ template_filter ] --END-- [ RunTime:0.000695s ]
NOTIC: [8] Undefined variable: user E:\Demo\ww\shop\Application\Runtime\Cache\Home\63839bc489ada1b251c78e0251f28b7d.php 第 23 行.
INFO: Run Behavior\ParseTemplateBehavior [ RunTime:0.040804s ]
INFO: [ view_parse ] --END-- [ RunTime:0.040977s ]
INFO: [ view_filter ] --START--
INFO: Run Behavior\WriteHtmlCacheBehavior [ RunTime:0.000261s ]
INFO: [ view_filter ] --END-- [ RunTime:0.000369s ]
INFO: [ app_end ] --START--
INFO: Run Behavior\ShowPageTraceBehavior [ RunTime:0.000545s ]
INFO: [ app_end ] --END-- [ RunTime:0.000655s ]

[ 2016-04-12T10:45:47+08:00 ] ::1 /ww/shop/index.php/Home/goods/index?value=4444444
INFO: [ app_begin ] --START--
INFO: Run Behavior\ReadHtmlCacheBehavior [ RunTime:0.001567s ]
INFO: [ app_begin ] --END-- [ RunTime:0.002909s ]
SQL: SHOW COLUMNS FROM `cz_category` [ RunTime:0.006276s ]
SQL: SELECT * FROM `cz_category`  [ RunTime:0.000904s ]
SQL: SHOW COLUMNS FROM `cz_goods` [ RunTime:0.007147s ]
SQL: SELECT `type_id` FROM `cz_goods` WHERE `goods_id` = 0 LIMIT 1   [ RunTime:0.000538s ]
SQL: SHOW COLUMNS FROM `cz_attribute` [ RunTime:0.003864s ]
SQL: SELECT * FROM `cz_attribute` WHERE `type_id` = null  [ RunTime:0.000437s ]
SQL: SHOW COLUMNS FROM `cz_goods` [ RunTime:0.004094s ]
SQL: SELECT * FROM `cz_goods` WHERE `goods_id` = 0 LIMIT 1   [ RunTime:0.000797s ]
SQL: SHOW COLUMNS FROM `cz_goods_attr` [ RunTime:0.003158s ]
SQL: SELECT * FROM `cz_goods_attr` WHERE `goods_id` = 0  [ RunTime:0.000461s ]
INFO: [ view_parse ] --START--
INFO: [ template_filter ] --START--
INFO: Run Behavior\ContentReplaceBehavior [ RunTime:0.000481s ]
INFO: [ template_filter ] --END-- [ RunTime:0.000696s ]
NOTIC: [8] Undefined variable: user E:\Demo\ww\shop\Application\Runtime\Cache\Home\63839bc489ada1b251c78e0251f28b7d.php 第 23 行.
INFO: Run Behavior\ParseTemplateBehavior [ RunTime:0.043566s ]
INFO: [ view_parse ] --END-- [ RunTime:0.043782s ]
INFO: [ view_filter ] --START--
INFO: Run Behavior\WriteHtmlCacheBehavior [ RunTime:0.000462s ]
INFO: [ view_filter ] --END-- [ RunTime:0.000785s ]
INFO: [ app_end ] --START--
INFO: Run Behavior\ShowPageTraceBehavior [ RunTime:0.002612s ]
INFO: [ app_end ] --END-- [ RunTime:0.002975s ]

[ 2016-04-12T10:45:47+08:00 ] ::1 /ww/shop/index.php/Home/goods/index?value=4444444
INFO: [ app_begin ] --START--
INFO: Run Behavior\ReadHtmlCacheBehavior [ RunTime:0.000676s ]
INFO: [ app_begin ] --END-- [ RunTime:0.001144s ]
SQL: SHOW COLUMNS FROM `cz_category` [ RunTime:0.002596s ]
SQL: SELECT * FROM `cz_category`  [ RunTime:0.000716s ]
SQL: SHOW COLUMNS FROM `cz_goods` [ RunTime:0.003077s ]
SQL: SELECT `type_id` FROM `cz_goods` WHERE `goods_id` = 0 LIMIT 1   [ RunTime:0.000630s ]
SQL: SHOW COLUMNS FROM `cz_attribute` [ RunTime:0.002486s ]
SQL: SELECT * FROM `cz_attribute` WHERE `type_id` = null  [ RunTime:0.000503s ]
SQL: SHOW COLUMNS FROM `cz_goods` [ RunTime:0.002707s ]
SQL: SELECT * FROM `cz_goods` WHERE `goods_id` = 0 LIMIT 1   [ RunTime:0.000648s ]
SQL: SHOW COLUMNS FROM `cz_goods_attr` [ RunTime:0.002624s ]
SQL: SELECT * FROM `cz_goods_attr` WHERE `goods_id` = 0  [ RunTime:0.000606s ]
INFO: [ view_parse ] --START--
INFO: [ template_filter ] --START--
INFO: Run Behavior\ContentReplaceBehavior [ RunTime:0.000301s ]
INFO: [ template_filter ] --END-- [ RunTime:0.000450s ]
NOTIC: [8] Undefined variable: user E:\Demo\ww\shop\Application\Runtime\Cache\Home\63839bc489ada1b251c78e0251f28b7d.php 第 23 行.
INFO: Run Behavior\ParseTemplateBehavior [ RunTime:0.027742s ]
INFO: [ view_parse ] --END-- [ RunTime:0.027884s ]
INFO: [ view_filter ] --START--
INFO: Run Behavior\WriteHtmlCacheBehavior [ RunTime:0.000349s ]
INFO: [ view_filter ] --END-- [ RunTime:0.000470s ]
INFO: [ app_end ] --START--
INFO: Run Behavior\ShowPageTraceBehavior [ RunTime:0.000634s ]
INFO: [ app_end ] --END-- [ RunTime:0.000753s ]

[ 2016-04-12T10:46:04+08:00 ] ::1 /ww/shop/index.php/Home/goods/index?value=4444444
INFO: [ app_begin ] --START--
INFO: Run Behavior\ReadHtmlCacheBehavior [ RunTime:0.000900s ]
INFO: [ app_begin ] --END-- [ RunTime:0.001594s ]
SQL: SHOW COLUMNS FROM `cz_category` [ RunTime:0.003836s ]
SQL: SELECT * FROM `cz_category`  [ RunTime:0.000732s ]
SQL: SHOW COLUMNS FROM `cz_goods` [ RunTime:0.002939s ]
SQL: SELECT `type_id` FROM `cz_goods` WHERE `goods_id` = 0 LIMIT 1   [ RunTime:0.000431s ]
SQL: SHOW COLUMNS FROM `cz_attribute` [ RunTime:0.002319s ]
SQL: SELECT * FROM `cz_attribute` WHERE `type_id` = null  [ RunTime:0.000380s ]
SQL: SHOW COLUMNS FROM `cz_goods` [ RunTime:0.002689s ]
SQL: SELECT * FROM `cz_goods` WHERE `goods_id` = 0 LIMIT 1   [ RunTime:0.000617s ]
SQL: SHOW COLUMNS FROM `cz_goods_attr` [ RunTime:0.002340s ]
SQL: SELECT * FROM `cz_goods_attr` WHERE `goods_id` = 0  [ RunTime:0.000439s ]
INFO: [ view_parse ] --START--
INFO: [ template_filter ] --START--
INFO: Run Behavior\ContentReplaceBehavior [ RunTime:0.000314s ]
INFO: [ template_filter ] --END-- [ RunTime:0.000469s ]
NOTIC: [8] Undefined variable: user E:\Demo\ww\shop\Application\Runtime\Cache\Home\63839bc489ada1b251c78e0251f28b7d.php 第 23 行.
INFO: Run Behavior\ParseTemplateBehavior [ RunTime:0.034555s ]
INFO: [ view_parse ] --END-- [ RunTime:0.034738s ]
INFO: [ view_filter ] --START--
INFO: Run Behavior\WriteHtmlCacheBehavior [ RunTime:0.000305s ]
INFO: [ view_filter ] --END-- [ RunTime:0.000427s ]
INFO: [ app_end ] --START--
INFO: Run Behavior\ShowPageTraceBehavior [ RunTime:0.000556s ]
INFO: [ app_end ] --END-- [ RunTime:0.000676s ]

[ 2016-04-12T10:46:04+08:00 ] ::1 /ww/shop/index.php/Home/goods/index?value=4444444
INFO: [ app_begin ] --START--
INFO: Run Behavior\ReadHtmlCacheBehavior [ RunTime:0.001143s ]
INFO: [ app_begin ] --END-- [ RunTime:0.002076s ]
SQL: SHOW COLUMNS FROM `cz_category` [ RunTime:0.004339s ]
SQL: SELECT * FROM `cz_category`  [ RunTime:0.001077s ]
SQL: SHOW COLUMNS FROM `cz_goods` [ RunTime:0.005145s ]
SQL: SELECT `type_id` FROM `cz_goods` WHERE `goods_id` = 0 LIMIT 1   [ RunTime:0.000990s ]
SQL: SHOW COLUMNS FROM `cz_attribute` [ RunTime:0.004212s ]
SQL: SELECT * FROM `cz_attribute` WHERE `type_id` = null  [ RunTime:0.001120s ]
SQL: SHOW COLUMNS FROM `cz_goods` [ RunTime:0.006246s ]
SQL: SELECT * FROM `cz_goods` WHERE `goods_id` = 0 LIMIT 1   [ RunTime:0.001622s ]
SQL: SHOW COLUMNS FROM `cz_goods_attr` [ RunTime:0.008241s ]
SQL: SELECT * FROM `cz_goods_attr` WHERE `goods_id` = 0  [ RunTime:0.000984s ]
INFO: [ view_parse ] --START--
INFO: [ template_filter ] --START--
INFO: Run Behavior\ContentReplaceBehavior [ RunTime:0.000539s ]
INFO: [ template_filter ] --END-- [ RunTime:0.000839s ]
NOTIC: [8] Undefined variable: user E:\Demo\ww\shop\Application\Runtime\Cache\Home\63839bc489ada1b251c78e0251f28b7d.php 第 23 行.
INFO: Run Behavior\ParseTemplateBehavior [ RunTime:0.045924s ]
INFO: [ view_parse ] --END-- [ RunTime:0.046177s ]
INFO: [ view_filter ] --START--
INFO: Run Behavior\WriteHtmlCacheBehavior [ RunTime:0.000639s ]
INFO: [ view_filter ] --END-- [ RunTime:0.000870s ]
INFO: [ app_end ] --START--
INFO: Run Behavior\ShowPageTraceBehavior [ RunTime:0.001177s ]
INFO: [ app_end ] --END-- [ RunTime:0.001436s ]

[ 2016-04-12T10:46:05+08:00 ] ::1 /ww/shop/index.php/Home/goods/index?value=4444444
INFO: [ app_begin ] --START--
INFO: Run Behavior\ReadHtmlCacheBehavior [ RunTime:0.001172s ]
INFO: [ app_begin ] --END-- [ RunTime:0.001993s ]
SQL: SHOW COLUMNS FROM `cz_category` [ RunTime:0.006278s ]
SQL: SELECT * FROM `cz_category`  [ RunTime:0.001228s ]
SQL: SHOW COLUMNS FROM `cz_goods` [ RunTime:0.005209s ]
SQL: SELECT `type_id` FROM `cz_goods` WHERE `goods_id` = 0 LIMIT 1   [ RunTime:0.001292s ]
SQL: SHOW COLUMNS FROM `cz_attribute` [ RunTime:0.004790s ]
SQL: SELECT * FROM `cz_attribute` WHERE `type_id` = null  [ RunTime:0.001375s ]
SQL: SHOW COLUMNS FROM `cz_goods` [ RunTime:0.005802s ]
SQL: SELECT * FROM `cz_goods` WHERE `goods_id` = 0 LIMIT 1   [ RunTime:0.001105s ]
SQL: SHOW COLUMNS FROM `cz_goods_attr` [ RunTime:0.004422s ]
SQL: SELECT * FROM `cz_goods_attr` WHERE `goods_id` = 0  [ RunTime:0.001057s ]
INFO: [ view_parse ] --START--
INFO: [ template_filter ] --START--
INFO: Run Behavior\ContentReplaceBehavior [ RunTime:0.000576s ]
INFO: [ template_filter ] --END-- [ RunTime:0.000916s ]
NOTIC: [8] Undefined variable: user E:\Demo\ww\shop\Application\Runtime\Cache\Home\63839bc489ada1b251c78e0251f28b7d.php 第 23 行.
INFO: Run Behavior\ParseTemplateBehavior [ RunTime:0.046005s ]
INFO: [ view_parse ] --END-- [ RunTime:0.046301s ]
INFO: [ view_filter ] --START--
INFO: Run Behavior\WriteHtmlCacheBehavior [ RunTime:0.000661s ]
INFO: [ view_filter ] --END-- [ RunTime:0.000929s ]
INFO: [ app_end ] --START--
INFO: Run Behavior\ShowPageTraceBehavior [ RunTime:0.001131s ]
INFO: [ app_end ] --END-- [ RunTime:0.001412s ]

[ 2016-04-12T10:46:05+08:00 ] ::1 /ww/shop/index.php/Home/goods/index?value=4444444
INFO: [ app_begin ] --START--
INFO: Run Behavior\ReadHtmlCacheBehavior [ RunTime:0.000549s ]
INFO: [ app_begin ] --END-- [ RunTime:0.000992s ]
SQL: SHOW COLUMNS FROM `cz_category` [ RunTime:0.002719s ]
SQL: SELECT * FROM `cz_category`  [ RunTime:0.000894s ]
SQL: SHOW COLUMNS FROM `cz_goods` [ RunTime:0.003091s ]
SQL: SELECT `type_id` FROM `cz_goods` WHERE `goods_id` = 0 LIMIT 1   [ RunTime:0.000566s ]
SQL: SHOW COLUMNS FROM `cz_attribute` [ RunTime:0.002565s ]
SQL: SELECT * FROM `cz_attribute` WHERE `type_id` = null  [ RunTime:0.000546s ]
SQL: SHOW COLUMNS FROM `cz_goods` [ RunTime:0.003103s ]
SQL: SELECT * FROM `cz_goods` WHERE `goods_id` = 0 LIMIT 1   [ RunTime:0.000688s ]
SQL: SHOW COLUMNS FROM `cz_goods_attr` [ RunTime:0.002491s ]
SQL: SELECT * FROM `cz_goods_attr` WHERE `goods_id` = 0  [ RunTime:0.000725s ]
INFO: [ view_parse ] --START--
INFO: [ template_filter ] --START--
INFO: Run Behavior\ContentReplaceBehavior [ RunTime:0.000326s ]
INFO: [ template_filter ] --END-- [ RunTime:0.000516s ]
NOTIC: [8] Undefined variable: user E:\Demo\ww\shop\Application\Runtime\Cache\Home\63839bc489ada1b251c78e0251f28b7d.php 第 23 行.
INFO: Run Behavior\ParseTemplateBehavior [ RunTime:0.028488s ]
INFO: [ view_parse ] --END-- [ RunTime:0.028633s ]
INFO: [ view_filter ] --START--
INFO: Run Behavior\WriteHtmlCacheBehavior [ RunTime:0.000284s ]
INFO: [ view_filter ] --END-- [ RunTime:0.000399s ]
INFO: [ app_end ] --START--
INFO: Run Behavior\ShowPageTraceBehavior [ RunTime:0.000547s ]
INFO: [ app_end ] --END-- [ RunTime:0.000665s ]

[ 2016-04-12T10:46:08+08:00 ] ::1 /ww/shop/index.php/Home/goods/index?value=4444444
INFO: [ app_begin ] --START--
INFO: Run Behavior\ReadHtmlCacheBehavior [ RunTime:0.000883s ]
INFO: [ app_begin ] --END-- [ RunTime:0.001569s ]
SQL: SHOW COLUMNS FROM `cz_category` [ RunTime:0.003813s ]
SQL: SELECT * FROM `cz_category`  [ RunTime:0.000804s ]
SQL: SHOW COLUMNS FROM `cz_goods` [ RunTime:0.002878s ]
SQL: SELECT `type_id` FROM `cz_goods` WHERE `goods_id` = 0 LIMIT 1   [ RunTime:0.000480s ]
SQL: SHOW COLUMNS FROM `cz_attribute` [ RunTime:0.002393s ]
SQL: SELECT * FROM `cz_attribute` WHERE `type_id` = null  [ RunTime:0.000485s ]
SQL: SHOW COLUMNS FROM `cz_goods` [ RunTime:0.003050s ]
SQL: SELECT * FROM `cz_goods` WHERE `goods_id` = 0 LIMIT 1   [ RunTime:0.000614s ]
SQL: SHOW COLUMNS FROM `cz_goods_attr` [ RunTime:0.002504s ]
SQL: SELECT * FROM `cz_goods_attr` WHERE `goods_id` = 0  [ RunTime:0.000523s ]
INFO: [ view_parse ] --START--
INFO: [ template_filter ] --START--
INFO: Run Behavior\ContentReplaceBehavior [ RunTime:0.000523s ]
INFO: [ template_filter ] --END-- [ RunTime:0.000782s ]
NOTIC: [8] Undefined variable: user E:\Demo\ww\shop\Application\Runtime\Cache\Home\63839bc489ada1b251c78e0251f28b7d.php 第 23 行.
INFO: Run Behavior\ParseTemplateBehavior [ RunTime:0.030316s ]
INFO: [ view_parse ] --END-- [ RunTime:0.030459s ]
INFO: [ view_filter ] --START--
INFO: Run Behavior\WriteHtmlCacheBehavior [ RunTime:0.000279s ]
INFO: [ view_filter ] --END-- [ RunTime:0.000397s ]
INFO: [ app_end ] --START--
INFO: Run Behavior\ShowPageTraceBehavior [ RunTime:0.000554s ]
INFO: [ app_end ] --END-- [ RunTime:0.000672s ]

[ 2016-04-12T10:46:09+08:00 ] ::1 /ww/shop/index.php/Home/goods/index?value=4444444
INFO: [ app_begin ] --START--
INFO: Run Behavior\ReadHtmlCacheBehavior [ RunTime:0.001031s ]
INFO: [ app_begin ] --END-- [ RunTime:0.001732s ]
SQL: SHOW COLUMNS FROM `cz_category` [ RunTime:0.003602s ]
SQL: SELECT * FROM `cz_category`  [ RunTime:0.000638s ]
SQL: SHOW COLUMNS FROM `cz_goods` [ RunTime:0.004869s ]
SQL: SELECT `type_id` FROM `cz_goods` WHERE `goods_id` = 0 LIMIT 1   [ RunTime:0.000545s ]
SQL: SHOW COLUMNS FROM `cz_attribute` [ RunTime:0.004167s ]
SQL: SELECT * FROM `cz_attribute` WHERE `type_id` = null  [ RunTime:0.000650s ]
SQL: SHOW COLUMNS FROM `cz_goods` [ RunTime:0.004342s ]
SQL: SELECT * FROM `cz_goods` WHERE `goods_id` = 0 LIMIT 1   [ RunTime:0.000784s ]
SQL: SHOW COLUMNS FROM `cz_goods_attr` [ RunTime:0.003400s ]
SQL: SELECT * FROM `cz_goods_attr` WHERE `goods_id` = 0  [ RunTime:0.000655s ]
INFO: [ view_parse ] --START--
INFO: [ template_filter ] --START--
INFO: Run Behavior\ContentReplaceBehavior [ RunTime:0.000490s ]
INFO: [ template_filter ] --END-- [ RunTime:0.000735s ]
NOTIC: [8] Undefined variable: user E:\Demo\ww\shop\Application\Runtime\Cache\Home\63839bc489ada1b251c78e0251f28b7d.php 第 23 行.
INFO: Run Behavior\ParseTemplateBehavior [ RunTime:0.049447s ]
INFO: [ view_parse ] --END-- [ RunTime:0.049675s ]
INFO: [ view_filter ] --START--
INFO: Run Behavior\WriteHtmlCacheBehavior [ RunTime:0.000550s ]
INFO: [ view_filter ] --END-- [ RunTime:0.000880s ]
INFO: [ app_end ] --START--
INFO: Run Behavior\ShowPageTraceBehavior [ RunTime:0.001019s ]
INFO: [ app_end ] --END-- [ RunTime:0.001227s ]

[ 2016-04-12T10:47:32+08:00 ] ::1 /ww/shop/index.php/Home/goods/index?value=4444444
INFO: [ app_begin ] --START--
INFO: Run Behavior\ReadHtmlCacheBehavior [ RunTime:0.000540s ]
INFO: [ app_begin ] --END-- [ RunTime:0.000958s ]
SQL: SHOW COLUMNS FROM `cz_category` [ RunTime:0.002582s ]
SQL: SELECT * FROM `cz_category`  [ RunTime:0.000538s ]
SQL: SHOW COLUMNS FROM `cz_goods` [ RunTime:0.002951s ]
SQL: SELECT `type_id` FROM `cz_goods` WHERE `goods_id` = 0 LIMIT 1   [ RunTime:0.000480s ]
SQL: SHOW COLUMNS FROM `cz_attribute` [ RunTime:0.002700s ]
SQL: SELECT * FROM `cz_attribute` WHERE `type_id` = null  [ RunTime:0.000514s ]
SQL: SHOW COLUMNS FROM `cz_goods` [ RunTime:0.002704s ]
SQL: SELECT * FROM `cz_goods` WHERE `goods_id` = 0 LIMIT 1   [ RunTime:0.000552s ]
SQL: SHOW COLUMNS FROM `cz_goods_attr` [ RunTime:0.002194s ]
SQL: SELECT * FROM `cz_goods_attr` WHERE `goods_id` = 0  [ RunTime:0.000479s ]
INFO: [ view_parse ] --START--
INFO: [ template_filter ] --START--
INFO: Run Behavior\ContentReplaceBehavior [ RunTime:0.000301s ]
INFO: [ template_filter ] --END-- [ RunTime:0.000454s ]
NOTIC: [8] Undefined variable: user E:\Demo\ww\shop\Application\Runtime\Cache\Home\63839bc489ada1b251c78e0251f28b7d.php 第 23 行.
INFO: Run Behavior\ParseTemplateBehavior [ RunTime:0.028538s ]
INFO: [ view_parse ] --END-- [ RunTime:0.028679s ]
INFO: [ view_filter ] --START--
INFO: Run Behavior\WriteHtmlCacheBehavior [ RunTime:0.000266s ]
INFO: [ view_filter ] --END-- [ RunTime:0.000379s ]
INFO: [ app_end ] --START--
INFO: Run Behavior\ShowPageTraceBehavior [ RunTime:0.000553s ]
INFO: [ app_end ] --END-- [ RunTime:0.000671s ]

[ 2016-04-12T10:47:35+08:00 ] ::1 /ww/shop/index.php/Home/goods/index?value=4444444
INFO: [ app_begin ] --START--
INFO: Run Behavior\ReadHtmlCacheBehavior [ RunTime:0.000917s ]
INFO: [ app_begin ] --END-- [ RunTime:0.001709s ]
SQL: SHOW COLUMNS FROM `cz_category` [ RunTime:0.003575s ]
SQL: SELECT * FROM `cz_category`  [ RunTime:0.000694s ]
SQL: SHOW COLUMNS FROM `cz_goods` [ RunTime:0.004444s ]
SQL: SELECT `type_id` FROM `cz_goods` WHERE `goods_id` = 0 LIMIT 1   [ RunTime:0.000633s ]
SQL: SHOW COLUMNS FROM `cz_attribute` [ RunTime:0.004050s ]
SQL: SELECT * FROM `cz_attribute` WHERE `type_id` = null  [ RunTime:0.000675s ]
SQL: SHOW COLUMNS FROM `cz_goods` [ RunTime:0.004210s ]
SQL: SELECT * FROM `cz_goods` WHERE `goods_id` = 0 LIMIT 1   [ RunTime:0.000791s ]
SQL: SHOW COLUMNS FROM `cz_goods_attr` [ RunTime:0.003536s ]
SQL: SELECT * FROM `cz_goods_attr` WHERE `goods_id` = 0  [ RunTime:0.000693s ]
INFO: [ view_parse ] --START--
INFO: [ template_filter ] --START--
INFO: Run Behavior\ContentReplaceBehavior [ RunTime:0.000835s ]
INFO: [ template_filter ] --END-- [ RunTime:0.001057s ]
NOTIC: [8] Undefined variable: user E:\Demo\ww\shop\Application\Runtime\Cache\Home\63839bc489ada1b251c78e0251f28b7d.php 第 23 行.
INFO: Run Behavior\ParseTemplateBehavior [ RunTime:0.043728s ]
INFO: [ view_parse ] --END-- [ RunTime:0.043914s ]
INFO: [ view_filter ] --START--
INFO: Run Behavior\WriteHtmlCacheBehavior [ RunTime:0.000346s ]
INFO: [ view_filter ] --END-- [ RunTime:0.000462s ]
INFO: [ app_end ] --START--
INFO: Run Behavior\ShowPageTraceBehavior [ RunTime:0.000580s ]
INFO: [ app_end ] --END-- [ RunTime:0.000702s ]

[ 2016-04-12T10:47:35+08:00 ] ::1 /ww/shop/index.php/Home/goods/index?value=4444444
INFO: [ app_begin ] --START--
INFO: Run Behavior\ReadHtmlCacheBehavior [ RunTime:0.000543s ]
INFO: [ app_begin ] --END-- [ RunTime:0.001015s ]
SQL: SHOW COLUMNS FROM `cz_category` [ RunTime:0.002514s ]
SQL: SELECT * FROM `cz_category`  [ RunTime:0.000512s ]
SQL: SHOW COLUMNS FROM `cz_goods` [ RunTime:0.002674s ]
SQL: SELECT `type_id` FROM `cz_goods` WHERE `goods_id` = 0 LIMIT 1   [ RunTime:0.000489s ]
SQL: SHOW COLUMNS FROM `cz_attribute` [ RunTime:0.002820s ]
SQL: SELECT * FROM `cz_attribute` WHERE `type_id` = null  [ RunTime:0.000555s ]
SQL: SHOW COLUMNS FROM `cz_goods` [ RunTime:0.003052s ]
SQL: SELECT * FROM `cz_goods` WHERE `goods_id` = 0 LIMIT 1   [ RunTime:0.000830s ]
SQL: SHOW COLUMNS FROM `cz_goods_attr` [ RunTime:0.002543s ]
SQL: SELECT * FROM `cz_goods_attr` WHERE `goods_id` = 0  [ RunTime:0.000714s ]
INFO: [ view_parse ] --START--
INFO: [ template_filter ] --START--
INFO: Run Behavior\ContentReplaceBehavior [ RunTime:0.000298s ]
INFO: [ template_filter ] --END-- [ RunTime:0.000438s ]
NOTIC: [8] Undefined variable: user E:\Demo\ww\shop\Application\Runtime\Cache\Home\63839bc489ada1b251c78e0251f28b7d.php 第 23 行.
INFO: Run Behavior\ParseTemplateBehavior [ RunTime:0.030903s ]
INFO: [ view_parse ] --END-- [ RunTime:0.031080s ]
INFO: [ view_filter ] --START--
INFO: Run Behavior\WriteHtmlCacheBehavior [ RunTime:0.000265s ]
INFO: [ view_filter ] --END-- [ RunTime:0.000372s ]
INFO: [ app_end ] --START--
INFO: Run Behavior\ShowPageTraceBehavior [ RunTime:0.000546s ]
INFO: [ app_end ] --END-- [ RunTime:0.000655s ]

[ 2016-04-12T10:47:35+08:00 ] ::1 /ww/shop/index.php/Home/goods/index?value=4444444
INFO: [ app_begin ] --START--
INFO: Run Behavior\ReadHtmlCacheBehavior [ RunTime:0.001054s ]
INFO: [ app_begin ] --END-- [ RunTime:0.001952s ]
SQL: SHOW COLUMNS FROM `cz_category` [ RunTime:0.003232s ]
SQL: SELECT * FROM `cz_category`  [ RunTime:0.000729s ]
SQL: SHOW COLUMNS FROM `cz_goods` [ RunTime:0.004133s ]
SQL: SELECT `type_id` FROM `cz_goods` WHERE `goods_id` = 0 LIMIT 1   [ RunTime:0.000724s ]
SQL: SHOW COLUMNS FROM `cz_attribute` [ RunTime:0.003548s ]
SQL: SELECT * FROM `cz_attribute` WHERE `type_id` = null  [ RunTime:0.000713s ]
SQL: SHOW COLUMNS FROM `cz_goods` [ RunTime:0.003787s ]
SQL: SELECT * FROM `cz_goods` WHERE `goods_id` = 0 LIMIT 1   [ RunTime:0.000860s ]
SQL: SHOW COLUMNS FROM `cz_goods_attr` [ RunTime:0.002983s ]
SQL: SELECT * FROM `cz_goods_attr` WHERE `goods_id` = 0  [ RunTime:0.000765s ]
INFO: [ view_parse ] --START--
INFO: [ template_filter ] --START--
INFO: Run Behavior\ContentReplaceBehavior [ RunTime:0.000387s ]
INFO: [ template_filter ] --END-- [ RunTime:0.000565s ]
NOTIC: [8] Undefined variable: user E:\Demo\ww\shop\Application\Runtime\Cache\Home\63839bc489ada1b251c78e0251f28b7d.php 第 23 行.
INFO: Run Behavior\ParseTemplateBehavior [ RunTime:0.038954s ]
INFO: [ view_parse ] --END-- [ RunTime:0.039193s ]
INFO: [ view_filter ] --START--
INFO: Run Behavior\WriteHtmlCacheBehavior [ RunTime:0.000509s ]
INFO: [ view_filter ] --END-- [ RunTime:0.000771s ]
INFO: [ app_end ] --START--
INFO: Run Behavior\ShowPageTraceBehavior [ RunTime:0.001128s ]
INFO: [ app_end ] --END-- [ RunTime:0.001899s ]

[ 2016-04-12T11:03:58+08:00 ] ::1 /ww/shop/index.php/Home/goods/index?value=4444444
INFO: [ app_begin ] --START--
INFO: Run Behavior\ReadHtmlCacheBehavior [ RunTime:0.000545s ]
INFO: [ app_begin ] --END-- [ RunTime:0.001003s ]
SQL: SHOW COLUMNS FROM `cz_category` [ RunTime:0.002315s ]
SQL: SELECT * FROM `cz_category`  [ RunTime:0.000471s ]

[ 2016-04-12T11:09:04+08:00 ] ::1 /ww/shop/index.php/Home/goods/index?value=4444444
INFO: [ app_begin ] --START--
INFO: Run Behavior\ReadHtmlCacheBehavior [ RunTime:0.001255s ]
INFO: [ app_begin ] --END-- [ RunTime:0.002354s ]

[ 2016-04-12T11:09:05+08:00 ] ::1 /ww/shop/index.php/Home/goods/index?value=4444444
INFO: [ app_begin ] --START--
INFO: Run Behavior\ReadHtmlCacheBehavior [ RunTime:0.000573s ]
INFO: [ app_begin ] --END-- [ RunTime:0.001051s ]

[ 2016-04-12T11:09:05+08:00 ] ::1 /ww/shop/index.php/Home/goods/index?value=4444444
INFO: [ app_begin ] --START--
INFO: Run Behavior\ReadHtmlCacheBehavior [ RunTime:0.000574s ]
INFO: [ app_begin ] --END-- [ RunTime:0.001033s ]

[ 2016-04-12T11:09:06+08:00 ] ::1 /ww/shop/index.php/Home/goods/index?value=4444444
INFO: [ app_begin ] --START--
INFO: Run Behavior\ReadHtmlCacheBehavior [ RunTime:0.000557s ]
INFO: [ app_begin ] --END-- [ RunTime:0.001036s ]

[ 2016-04-12T11:09:10+08:00 ] ::1 /ww/shop/index.php/Home/goods/index?value=4444444
INFO: [ app_begin ] --START--
INFO: Run Behavior\ReadHtmlCacheBehavior [ RunTime:0.000568s ]
INFO: [ app_begin ] --END-- [ RunTime:0.001049s ]

[ 2016-04-12T11:09:10+08:00 ] ::1 /ww/shop/index.php/Home/goods/index?value=4444444
INFO: [ app_begin ] --START--
INFO: Run Behavior\ReadHtmlCacheBehavior [ RunTime:0.000554s ]
INFO: [ app_begin ] --END-- [ RunTime:0.001051s ]

[ 2016-04-12T11:09:10+08:00 ] ::1 /ww/shop/index.php/Home/goods/index?value=4444444
INFO: [ app_begin ] --START--
INFO: Run Behavior\ReadHtmlCacheBehavior [ RunTime:0.000721s ]
INFO: [ app_begin ] --END-- [ RunTime:0.002457s ]

[ 2016-04-12T11:09:10+08:00 ] ::1 /ww/shop/index.php/Home/goods/index?value=4444444
INFO: [ app_begin ] --START--
INFO: Run Behavior\ReadHtmlCacheBehavior [ RunTime:0.000929s ]
INFO: [ app_begin ] --END-- [ RunTime:0.001778s ]

[ 2016-04-12T11:21:18+08:00 ] ::1 /ww/shop/index.php/Home/goods/read?value=4444444
INFO: [ app_begin ] --START--
INFO: Run Behavior\ReadHtmlCacheBehavior [ RunTime:0.000567s ]
INFO: [ app_begin ] --END-- [ RunTime:0.001066s ]
INFO: [ app_end ] --START--
INFO: Run Behavior\ShowPageTraceBehavior [ RunTime:0.000599s ]
INFO: [ app_end ] --END-- [ RunTime:0.000723s ]

[ 2016-04-12T11:21:59+08:00 ] ::1 /ww/shop/index.php/Home/goods/read
INFO: [ app_begin ] --START--
INFO: Run Behavior\ReadHtmlCacheBehavior [ RunTime:0.001241s ]
INFO: [ app_begin ] --END-- [ RunTime:0.002341s ]
ERR: 非法操作:read

[ 2016-04-12T11:23:00+08:00 ] ::1 /ww/shop/index.php/Home/goods/index
INFO: [ app_begin ] --START--
INFO: Run Behavior\ReadHtmlCacheBehavior [ RunTime:0.000554s ]
INFO: [ app_begin ] --END-- [ RunTime:0.001028s ]

[ 2016-04-12T11:34:57+08:00 ] ::1 /ww/shop/index.php/Home/goods/index
INFO: [ app_begin ] --START--
INFO: Run Behavior\ReadHtmlCacheBehavior [ RunTime:0.000546s ]
INFO: [ app_begin ] --END-- [ RunTime:0.001047s ]
SQL: SHOW COLUMNS FROM `cz_goods` [ RunTime:0.003228s ]
SQL: SELECT `type_id` FROM `cz_goods` WHERE `goods_id` = 0 LIMIT 1   [ RunTime:0.000451s ]
SQL: SHOW COLUMNS FROM `cz_attribute` [ RunTime:0.003319s ]
SQL: SELECT * FROM `cz_attribute` WHERE `type_id` = null  [ RunTime:0.000408s ]
SQL: SHOW COLUMNS FROM `cz_category` [ RunTime:0.002480s ]
SQL: SHOW COLUMNS FROM `cz_goods` [ RunTime:0.003710s ]
SQL: SELECT * FROM `cz_goods` WHERE `goods_id` = 0 LIMIT 1   [ RunTime:0.000731s ]
SQL: SHOW COLUMNS FROM `cz_goods_attr` [ RunTime:0.002649s ]
SQL: SELECT * FROM `cz_goods_attr` WHERE `goods_id` = 0  [ RunTime:0.000447s ]
INFO: [ view_parse ] --START--
INFO: [ template_filter ] --START--
INFO: Run Behavior\ContentReplaceBehavior [ RunTime:0.000275s ]
INFO: [ template_filter ] --END-- [ RunTime:0.000428s ]
NOTIC: [8] Undefined variable: user E:\Demo\ww\shop\Application\Runtime\Cache\Home\63839bc489ada1b251c78e0251f28b7d.php 第 23 行.
NOTIC: [8] Undefined variable: index E:\Demo\ww\shop\Application\Runtime\Cache\Home\63839bc489ada1b251c78e0251f28b7d.php 第 133 行.
NOTIC: [8] Undefined variable: index E:\Demo\ww\shop\Application\Runtime\Cache\Home\63839bc489ada1b251c78e0251f28b7d.php 第 133 行.
NOTIC: [8] Undefined variable: cats E:\Demo\ww\shop\Application\Runtime\Cache\Home\63839bc489ada1b251c78e0251f28b7d.php 第 138 行.
NOTIC: [8] Undefined variable: now E:\Demo\ww\shop\Application\Runtime\Cache\Home\63839bc489ada1b251c78e0251f28b7d.php 第 249 行.
INFO: Run Behavior\ParseTemplateBehavior [ RunTime:0.028371s ]
INFO: [ view_parse ] --END-- [ RunTime:0.028504s ]
INFO: [ view_filter ] --START--
INFO: Run Behavior\WriteHtmlCacheBehavior [ RunTime:0.000305s ]
INFO: [ view_filter ] --END-- [ RunTime:0.000411s ]
INFO: [ app_end ] --START--
INFO: Run Behavior\ShowPageTraceBehavior [ RunTime:0.000565s ]
INFO: [ app_end ] --END-- [ RunTime:0.000698s ]

[ 2016-04-12T11:37:50+08:00 ] ::1 /ww/shop/index.php/Home/goods/index
INFO: [ app_begin ] --START--
INFO: Run Behavior\ReadHtmlCacheBehavior [ RunTime:0.000711s ]
INFO: [ app_begin ] --END-- [ RunTime:0.001184s ]
SQL: SHOW COLUMNS FROM `cz_goods` [ RunTime:0.003386s ]
SQL: SELECT `type_id` FROM `cz_goods` WHERE `goods_id` = 0 LIMIT 1   [ RunTime:0.000821s ]
SQL: SHOW COLUMNS FROM `cz_attribute` [ RunTime:0.003038s ]
SQL: SELECT * FROM `cz_attribute` WHERE `type_id` = null  [ RunTime:0.000583s ]
SQL: SHOW COLUMNS FROM `cz_category` [ RunTime:0.003778s ]
SQL: SHOW COLUMNS FROM `cz_goods` [ RunTime:0.003248s ]
SQL: SELECT * FROM `cz_goods` WHERE `goods_id` = 0 LIMIT 1   [ RunTime:0.000648s ]
SQL: SHOW COLUMNS FROM `cz_goods_attr` [ RunTime:0.002890s ]
SQL: SELECT * FROM `cz_goods_attr` WHERE `goods_id` = 0  [ RunTime:0.000970s ]
INFO: [ view_parse ] --START--
INFO: [ template_filter ] --START--
INFO: Run Behavior\ContentReplaceBehavior [ RunTime:0.000296s ]
INFO: [ template_filter ] --END-- [ RunTime:0.000466s ]
NOTIC: [8] Undefined variable: user E:\Demo\ww\shop\Application\Runtime\Cache\Home\63839bc489ada1b251c78e0251f28b7d.php 第 23 行.
NOTIC: [8] Undefined variable: index E:\Demo\ww\shop\Application\Runtime\Cache\Home\63839bc489ada1b251c78e0251f28b7d.php 第 133 行.
NOTIC: [8] Undefined variable: index E:\Demo\ww\shop\Application\Runtime\Cache\Home\63839bc489ada1b251c78e0251f28b7d.php 第 133 行.
NOTIC: [8] Undefined variable: cats E:\Demo\ww\shop\Application\Runtime\Cache\Home\63839bc489ada1b251c78e0251f28b7d.php 第 138 行.
NOTIC: [8] Undefined variable: now E:\Demo\ww\shop\Application\Runtime\Cache\Home\63839bc489ada1b251c78e0251f28b7d.php 第 249 行.
INFO: Run Behavior\ParseTemplateBehavior [ RunTime:0.030059s ]
INFO: [ view_parse ] --END-- [ RunTime:0.030192s ]
INFO: [ view_filter ] --START--
INFO: Run Behavior\WriteHtmlCacheBehavior [ RunTime:0.000386s ]
INFO: [ view_filter ] --END-- [ RunTime:0.000507s ]
INFO: [ app_end ] --START--
INFO: Run Behavior\ShowPageTraceBehavior [ RunTime:0.000635s ]
INFO: [ app_end ] --END-- [ RunTime:0.000762s ]

[ 2016-04-12T11:39:57+08:00 ] ::1 /ww/shop/index.php/Home/goods/index
INFO: [ app_begin ] --START--
INFO: Run Behavior\ReadHtmlCacheBehavior [ RunTime:0.000957s ]
INFO: [ app_begin ] --END-- [ RunTime:0.002012s ]
SQL: SHOW COLUMNS FROM `cz_goods` [ RunTime:0.004150s ]
SQL: SELECT `type_id` FROM `cz_goods` WHERE `goods_id` = 0 LIMIT 1   [ RunTime:0.000629s ]
SQL: SHOW COLUMNS FROM `cz_attribute` [ RunTime:0.003715s ]
SQL: SELECT * FROM `cz_attribute` WHERE `type_id` = null  [ RunTime:0.000893s ]
SQL: SHOW COLUMNS FROM `cz_category` [ RunTime:0.003603s ]
SQL: SHOW COLUMNS FROM `cz_goods` [ RunTime:0.004068s ]
SQL: SELECT * FROM `cz_goods` WHERE `goods_id` = 0 LIMIT 1   [ RunTime:0.000850s ]
SQL: SHOW COLUMNS FROM `cz_goods_attr` [ RunTime:0.003450s ]
SQL: SELECT * FROM `cz_goods_attr` WHERE `goods_id` = 0  [ RunTime:0.000596s ]
INFO: [ view_parse ] --START--
INFO: [ template_filter ] --START--
INFO: Run Behavior\ContentReplaceBehavior [ RunTime:0.000460s ]
INFO: [ template_filter ] --END-- [ RunTime:0.000714s ]
NOTIC: [8] Undefined variable: user E:\Demo\ww\shop\Application\Runtime\Cache\Home\63839bc489ada1b251c78e0251f28b7d.php 第 23 行.
NOTIC: [8] Undefined variable: index E:\Demo\ww\shop\Application\Runtime\Cache\Home\63839bc489ada1b251c78e0251f28b7d.php 第 133 行.
NOTIC: [8] Undefined variable: index E:\Demo\ww\shop\Application\Runtime\Cache\Home\63839bc489ada1b251c78e0251f28b7d.php 第 133 行.
NOTIC: [8] Undefined variable: cats E:\Demo\ww\shop\Application\Runtime\Cache\Home\63839bc489ada1b251c78e0251f28b7d.php 第 138 行.
NOTIC: [8] Undefined variable: now E:\Demo\ww\shop\Application\Runtime\Cache\Home\63839bc489ada1b251c78e0251f28b7d.php 第 249 行.
INFO: Run Behavior\ParseTemplateBehavior [ RunTime:0.048609s ]
INFO: [ view_parse ] --END-- [ RunTime:0.048831s ]
INFO: [ view_filter ] --START--
INFO: Run Behavior\WriteHtmlCacheBehavior [ RunTime:0.000623s ]
INFO: [ view_filter ] --END-- [ RunTime:0.000833s ]
INFO: [ app_end ] --START--
INFO: Run Behavior\ShowPageTraceBehavior [ RunTime:0.000985s ]
INFO: [ app_end ] --END-- [ RunTime:0.001754s ]

[ 2016-04-12T11:40:32+08:00 ] ::1 /ww/shop/index.php/Home/goods/index
INFO: [ app_begin ] --START--
INFO: Run Behavior\ReadHtmlCacheBehavior [ RunTime:0.000541s ]
INFO: [ app_begin ] --END-- [ RunTime:0.001035s ]
SQL: SHOW COLUMNS FROM `cz_goods` [ RunTime:0.003038s ]
SQL: SELECT `type_id` FROM `cz_goods` WHERE `goods_id` = 0 LIMIT 1   [ RunTime:0.000431s ]
SQL: SHOW COLUMNS FROM `cz_attribute` [ RunTime:0.002648s ]
SQL: SELECT * FROM `cz_attribute` WHERE `type_id` = null  [ RunTime:0.000466s ]
SQL: SHOW COLUMNS FROM `cz_category` [ RunTime:0.002708s ]
SQL: SHOW COLUMNS FROM `cz_goods` [ RunTime:0.003758s ]
SQL: SELECT * FROM `cz_goods` WHERE `goods_id` = 0 LIMIT 1   [ RunTime:0.000496s ]
SQL: SHOW COLUMNS FROM `cz_goods_attr` [ RunTime:0.002170s ]
SQL: SELECT * FROM `cz_goods_attr` WHERE `goods_id` = 0  [ RunTime:0.000380s ]
INFO: [ view_parse ] --START--
INFO: [ template_filter ] --START--
INFO: Run Behavior\ContentReplaceBehavior [ RunTime:0.000297s ]
INFO: [ template_filter ] --END-- [ RunTime:0.000452s ]
NOTIC: [8] Undefined variable: user E:\Demo\ww\shop\Application\Runtime\Cache\Home\63839bc489ada1b251c78e0251f28b7d.php 第 23 行.
NOTIC: [8] Undefined variable: index E:\Demo\ww\shop\Application\Runtime\Cache\Home\63839bc489ada1b251c78e0251f28b7d.php 第 133 行.
NOTIC: [8] Undefined variable: index E:\Demo\ww\shop\Application\Runtime\Cache\Home\63839bc489ada1b251c78e0251f28b7d.php 第 133 行.
NOTIC: [8] Undefined variable: cats E:\Demo\ww\shop\Application\Runtime\Cache\Home\63839bc489ada1b251c78e0251f28b7d.php 第 138 行.
NOTIC: [8] Undefined variable: now E:\Demo\ww\shop\Application\Runtime\Cache\Home\63839bc489ada1b251c78e0251f28b7d.php 第 249 行.
INFO: Run Behavior\ParseTemplateBehavior [ RunTime:0.030012s ]
INFO: [ view_parse ] --END-- [ RunTime:0.030155s ]
INFO: [ view_filter ] --START--
INFO: Run Behavior\WriteHtmlCacheBehavior [ RunTime:0.000322s ]
INFO: [ view_filter ] --END-- [ RunTime:0.000447s ]
INFO: [ app_end ] --START--
INFO: Run Behavior\ShowPageTraceBehavior [ RunTime:0.000617s ]
INFO: [ app_end ] --END-- [ RunTime:0.000749s ]

[ 2016-04-12T11:41:04+08:00 ] ::1 /ww/shop/index.php/Home/goods/index
INFO: [ app_begin ] --START--
INFO: Run Behavior\ReadHtmlCacheBehavior [ RunTime:0.001252s ]
INFO: [ app_begin ] --END-- [ RunTime:0.005481s ]
SQL: SHOW COLUMNS FROM `cz_goods` [ RunTime:0.004654s ]
SQL: SELECT `type_id` FROM `cz_goods` WHERE `goods_id` = 0 LIMIT 1   [ RunTime:0.001514s ]
SQL: SHOW COLUMNS FROM `cz_attribute` [ RunTime:0.006582s ]
SQL: SELECT * FROM `cz_attribute` WHERE `type_id` = null  [ RunTime:0.002303s ]
SQL: SHOW COLUMNS FROM `cz_category` [ RunTime:0.008388s ]
SQL: SHOW COLUMNS FROM `cz_goods` [ RunTime:0.013445s ]
SQL: SELECT * FROM `cz_goods` WHERE `goods_id` = 0 LIMIT 1   [ RunTime:0.005357s ]
SQL: SHOW COLUMNS FROM `cz_goods_attr` [ RunTime:0.006847s ]
SQL: SELECT * FROM `cz_goods_attr` WHERE `goods_id` = 0  [ RunTime:0.001596s ]
INFO: [ view_parse ] --START--
INFO: [ template_filter ] --START--
INFO: Run Behavior\ContentReplaceBehavior [ RunTime:0.000621s ]
INFO: [ template_filter ] --END-- [ RunTime:0.001120s ]
NOTIC: [8] Undefined variable: user E:\Demo\ww\shop\Application\Runtime\Cache\Home\63839bc489ada1b251c78e0251f28b7d.php 第 23 行.
NOTIC: [8] Undefined variable: index E:\Demo\ww\shop\Application\Runtime\Cache\Home\63839bc489ada1b251c78e0251f28b7d.php 第 133 行.
NOTIC: [8] Undefined variable: index E:\Demo\ww\shop\Application\Runtime\Cache\Home\63839bc489ada1b251c78e0251f28b7d.php 第 133 行.
NOTIC: [8] Undefined variable: cats E:\Demo\ww\shop\Application\Runtime\Cache\Home\63839bc489ada1b251c78e0251f28b7d.php 第 138 行.
NOTIC: [8] Undefined variable: now E:\Demo\ww\shop\Application\Runtime\Cache\Home\63839bc489ada1b251c78e0251f28b7d.php 第 249 行.
INFO: Run Behavior\ParseTemplateBehavior [ RunTime:0.057665s ]
INFO: [ view_parse ] --END-- [ RunTime:0.057946s ]
INFO: [ view_filter ] --START--
INFO: Run Behavior\WriteHtmlCacheBehavior [ RunTime:0.000878s ]
INFO: [ view_filter ] --END-- [ RunTime:0.001484s ]
INFO: [ app_end ] --START--
INFO: Run Behavior\ShowPageTraceBehavior [ RunTime:0.001408s ]
INFO: [ app_end ] --END-- [ RunTime:0.001692s ]

[ 2016-04-12T11:41:09+08:00 ] ::1 /ww/shop/index.php/Home/goods/index
INFO: [ app_begin ] --START--
INFO: Run Behavior\ReadHtmlCacheBehavior [ RunTime:0.000648s ]
INFO: [ app_begin ] --END-- [ RunTime:0.001195s ]
SQL: SHOW COLUMNS FROM `cz_goods` [ RunTime:0.003490s ]
SQL: SELECT `type_id` FROM `cz_goods` WHERE `goods_id` = 0 LIMIT 1   [ RunTime:0.000609s ]
SQL: SHOW COLUMNS FROM `cz_attribute` [ RunTime:0.004471s ]
SQL: SELECT * FROM `cz_attribute` WHERE `type_id` = null  [ RunTime:0.001408s ]
SQL: SHOW COLUMNS FROM `cz_category` [ RunTime:0.003528s ]
SQL: SHOW COLUMNS FROM `cz_goods` [ RunTime:0.002946s ]
SQL: SELECT * FROM `cz_goods` WHERE `goods_id` = 0 LIMIT 1   [ RunTime:0.000604s ]
SQL: SHOW COLUMNS FROM `cz_goods_attr` [ RunTime:0.002361s ]
SQL: SELECT * FROM `cz_goods_attr` WHERE `goods_id` = 0  [ RunTime:0.000553s ]
INFO: [ view_parse ] --START--
INFO: [ template_filter ] --START--
INFO: Run Behavior\ContentReplaceBehavior [ RunTime:0.000298s ]
INFO: [ template_filter ] --END-- [ RunTime:0.000452s ]
NOTIC: [8] Undefined variable: user E:\Demo\ww\shop\Application\Runtime\Cache\Home\63839bc489ada1b251c78e0251f28b7d.php 第 23 行.
NOTIC: [8] Undefined variable: index E:\Demo\ww\shop\Application\Runtime\Cache\Home\63839bc489ada1b251c78e0251f28b7d.php 第 133 行.
NOTIC: [8] Undefined variable: index E:\Demo\ww\shop\Application\Runtime\Cache\Home\63839bc489ada1b251c78e0251f28b7d.php 第 133 行.
NOTIC: [8] Undefined variable: cats E:\Demo\ww\shop\Application\Runtime\Cache\Home\63839bc489ada1b251c78e0251f28b7d.php 第 138 行.
NOTIC: [8] Undefined variable: now E:\Demo\ww\shop\Application\Runtime\Cache\Home\63839bc489ada1b251c78e0251f28b7d.php 第 249 行.
INFO: Run Behavior\ParseTemplateBehavior [ RunTime:0.029648s ]
INFO: [ view_parse ] --END-- [ RunTime:0.029786s ]
INFO: [ view_filter ] --START--
INFO: Run Behavior\WriteHtmlCacheBehavior [ RunTime:0.000290s ]
INFO: [ view_filter ] --END-- [ RunTime:0.000412s ]
INFO: [ app_end ] --START--
INFO: Run Behavior\ShowPageTraceBehavior [ RunTime:0.000575s ]
INFO: [ app_end ] --END-- [ RunTime:0.000700s ]

[ 2016-04-12T11:41:51+08:00 ] ::1 /ww/shop/index.php/Home/goods/shopCar
INFO: [ app_begin ] --START--
INFO: Run Behavior\ReadHtmlCacheBehavior [ RunTime:0.000641s ]
INFO: [ app_begin ] --END-- [ RunTime:0.001221s ]
SQL: SHOW COLUMNS FROM `cz_cart` [ RunTime:0.002600s ]

[ 2016-04-12T11:42:20+08:00 ] ::1 /ww/shop/index.php/Home/goods/shopCar
INFO: [ app_begin ] --START--
INFO: Run Behavior\ReadHtmlCacheBehavior [ RunTime:0.000653s ]
INFO: [ app_begin ] --END-- [ RunTime:0.001235s ]
SQL: SHOW COLUMNS FROM `cz_cart` [ RunTime:0.003130s ]
SQL: INSERT INTO `cz_cart` (`user_id`,`goods_id`,`goods_name`,`goods_attr`,`goods_number`,`market_price`,`goods_price`,`subtotal`) VALUES (1,2,'3','4',5,'6','7','8') [ RunTime:0.089515s ]

[ 2016-04-12T12:48:47+08:00 ] ::1 /ww/shop/index.php/Home/goods/shopCar
INFO: [ app_begin ] --START--
INFO: Run Behavior\ReadHtmlCacheBehavior [ RunTime:0.000562s ]
INFO: [ app_begin ] --END-- [ RunTime:0.001104s ]
SQL: SHOW COLUMNS FROM `cz_cart` [ RunTime:0.002787s ]
SQL: INSERT INTO `cz_cart` (`user_id`,`goods_id`,`goods_name`,`goods_attr`,`goods_number`,`market_price`,`goods_price`,`subtotal`) VALUES (1,2,'3','4',5,'6','7','8') [ RunTime:0.000843s ]

[ 2016-04-12T12:57:57+08:00 ] ::1 /ww/shop/index.php/Home/goods/shopCar
INFO: [ app_begin ] --START--
INFO: Run Behavior\ReadHtmlCacheBehavior [ RunTime:0.000540s ]
INFO: [ app_begin ] --END-- [ RunTime:0.001001s ]
SQL: SHOW COLUMNS FROM `cz_cart` [ RunTime:0.002283s ]
SQL: INSERT INTO `cz_cart` (`user_id`,`goods_id`,`goods_name`,`goods_attr`,`goods_number`,`market_price`,`goods_price`,`subtotal`) VALUES (1,2,'3','4',5,'6','7','8') [ RunTime:0.000392s ]

[ 2016-04-12T14:49:51+08:00 ] ::1 /ww/shop/index.php/Home/goods/shopCar
INFO: [ app_begin ] --START--
INFO: Run Behavior\ReadHtmlCacheBehavior [ RunTime:0.000596s ]
INFO: [ app_begin ] --END-- [ RunTime:0.001065s ]
SQL: SHOW COLUMNS FROM `cz_cart` [ RunTime:0.002786s ]
SQL: INSERT INTO `cz_cart` (`user_id`,`goods_id`,`goods_name`,`sell_number`,`shop_price`,`subtotal`) VALUES (0,16,'高领秋衣女',0,'',0) [ RunTime:0.000740s ]

[ 2016-04-12T14:50:52+08:00 ] ::1 /ww/shop/index.php/Home/goods/shopCar
INFO: [ app_begin ] --START--
INFO: Run Behavior\ReadHtmlCacheBehavior [ RunTime:0.001012s ]
INFO: [ app_begin ] --END-- [ RunTime:0.001856s ]
SQL: SHOW COLUMNS FROM `cz_cart` [ RunTime:0.003554s ]
SQL: INSERT INTO `cz_cart` (`user_id`,`goods_id`,`goods_name`,`sell_number`,`shop_price`,`subtotal`) VALUES (0,16,'高领秋衣女',0,'',0) [ RunTime:0.000760s ]

[ 2016-04-12T14:51:08+08:00 ] ::1 /ww/shop/index.php/Home/goods/shopCar
INFO: [ app_begin ] --START--
INFO: Run Behavior\ReadHtmlCacheBehavior [ RunTime:0.001051s ]
INFO: [ app_begin ] --END-- [ RunTime:0.001826s ]
SQL: SHOW COLUMNS FROM `cz_cart` [ RunTime:0.003535s ]
SQL: INSERT INTO `cz_cart` (`user_id`,`goods_id`,`goods_name`,`sell_number`,`shop_price`,`subtotal`) VALUES (0,16,'高领秋衣女',0,'',0) [ RunTime:0.000768s ]

[ 2016-04-12T14:51:54+08:00 ] ::1 /ww/shop/index.php/Home/goods/shopCar
INFO: [ app_begin ] --START--
INFO: Run Behavior\ReadHtmlCacheBehavior [ RunTime:0.000566s ]
INFO: [ app_begin ] --END-- [ RunTime:0.001049s ]
SQL: SHOW COLUMNS FROM `cz_cart` [ RunTime:0.002774s ]
SQL: INSERT INTO `cz_cart` (`user_id`,`goods_id`,`goods_name`,`sell_number`,`shop_price`,`subtotal`) VALUES (0,16,'高领秋衣女',0,'',0) [ RunTime:0.000816s ]

[ 2016-04-12T14:52:15+08:00 ] ::1 /ww/shop/index.php/Home/goods/shopCar
INFO: [ app_begin ] --START--
INFO: Run Behavior\ReadHtmlCacheBehavior [ RunTime:0.000576s ]
INFO: [ app_begin ] --END-- [ RunTime:0.001062s ]
SQL: SHOW COLUMNS FROM `cz_cart` [ RunTime:0.002323s ]
SQL: INSERT INTO `cz_cart` (`user_id`,`goods_id`,`goods_name`,`sell_number`,`shop_price`,`subtotal`) VALUES (0,16,'高领秋衣女',0,'',0) [ RunTime:0.000365s ]

[ 2016-04-12T14:53:02+08:00 ] ::1 /ww/shop/index.php/Home/goods/shopCar
INFO: [ app_begin ] --START--
INFO: Run Behavior\ReadHtmlCacheBehavior [ RunTime:0.000724s ]
INFO: [ app_begin ] --END-- [ RunTime:0.001542s ]
SQL: SHOW COLUMNS FROM `cz_cart` [ RunTime:0.002762s ]
SQL: INSERT INTO `cz_cart` (`user_id`,`goods_id`,`goods_name`,`sell_number`,`shop_price`,`subtotal`) VALUES (0,16,'高领秋衣女',0,'',0) [ RunTime:0.000372s ]

[ 2016-04-12T14:53:45+08:00 ] ::1 /ww/shop/index.php/Home/goods/shopCar
INFO: [ app_begin ] --START--
INFO: Run Behavior\ReadHtmlCacheBehavior [ RunTime:0.000618s ]
INFO: [ app_begin ] --END-- [ RunTime:0.001312s ]
SQL: SHOW COLUMNS FROM `cz_cart` [ RunTime:0.002624s ]
SQL: INSERT INTO `cz_cart` (`user_id`,`goods_id`,`goods_name`,`sell_number`,`shop_price`,`subtotal`) VALUES (0,16,'高领秋衣女',0,'',0) [ RunTime:0.000492s ]

[ 2016-04-12T14:58:16+08:00 ] ::1 /ww/shop/index.php/Home/goods/shopCar
INFO: [ app_begin ] --START--
INFO: Run Behavior\ReadHtmlCacheBehavior [ RunTime:0.000753s ]
INFO: [ app_begin ] --END-- [ RunTime:0.001280s ]
SQL: SHOW COLUMNS FROM `cz_cart` [ RunTime:0.002365s ]
SQL: INSERT INTO `cz_cart` (`user_id`,`goods_id`,`goods_name`,`sell_number`,`shop_price`,`subtotal`) VALUES (0,13,'苹果6',0,'',0) [ RunTime:0.000413s ]

[ 2016-04-12T15:04:43+08:00 ] ::1 /ww/shop/index.php/Home/goods/shopCar
INFO: [ app_begin ] --START--
INFO: Run Behavior\ReadHtmlCacheBehavior [ RunTime:0.000664s ]
INFO: [ app_begin ] --END-- [ RunTime:0.001182s ]
SQL: SHOW COLUMNS FROM `cz_cart` [ RunTime:0.002659s ]
SQL: INSERT INTO `cz_cart` (`user_id`,`goods_id`,`goods_name`,`sell_number`,`shop_price`,`subtotal`) VALUES (1,13,'苹果6',0,'',0) [ RunTime:0.000580s ]

[ 2016-04-12T15:06:25+08:00 ] ::1 /ww/shop/index.php/Home/goods/shopCar
INFO: [ app_begin ] --START--
INFO: Run Behavior\ReadHtmlCacheBehavior [ RunTime:0.000710s ]
INFO: [ app_begin ] --END-- [ RunTime:0.001215s ]
SQL: SHOW COLUMNS FROM `cz_cart` [ RunTime:0.003420s ]
SQL: INSERT INTO `cz_cart` (`user_id`,`goods_id`,`goods_name`,`sell_number`,`shop_price`,`subtotal`) VALUES (1,13,'苹果6',0,'',0) [ RunTime:0.000770s ]

[ 2016-04-12T15:07:02+08:00 ] ::1 /ww/shop/index.php/Home/goods/shopCar
INFO: [ app_begin ] --START--
INFO: Run Behavior\ReadHtmlCacheBehavior [ RunTime:0.000563s ]
INFO: [ app_begin ] --END-- [ RunTime:0.001054s ]
SQL: SHOW COLUMNS FROM `cz_cart` [ RunTime:0.002847s ]
SQL: INSERT INTO `cz_cart` (`user_id`,`goods_id`,`goods_name`,`sell_number`,`shop_price`,`subtotal`) VALUES (1,13,'苹果6',1,'4999.00',4999) [ RunTime:0.000351s ]

[ 2016-04-12T15:13:09+08:00 ] ::1 /ww/shop/index.php/Home/goods/shopCar
INFO: [ app_begin ] --START--
INFO: Run Behavior\ReadHtmlCacheBehavior [ RunTime:0.000539s ]
INFO: [ app_begin ] --END-- [ RunTime:0.001010s ]
SQL: SHOW COLUMNS FROM `cz_cart` [ RunTime:0.002635s ]
SQL: INSERT INTO `cz_cart` (`user_id`,`goods_id`,`goods_name`,`sell_number`,`shop_price`,`subtotal`) VALUES (1,13,'苹果6',1,'4999.00',4999) [ RunTime:0.000699s ]

[ 2016-04-12T15:14:39+08:00 ] ::1 /ww/shop/index.php/Home/goods/shopCar
INFO: [ app_begin ] --START--
INFO: Run Behavior\ReadHtmlCacheBehavior [ RunTime:0.000552s ]
INFO: [ app_begin ] --END-- [ RunTime:0.001027s ]
SQL: SHOW COLUMNS FROM `cz_cart` [ RunTime:0.002513s ]
SQL: INSERT INTO `cz_cart` (`user_id`,`goods_id`,`goods_name`,`sell_number`,`shop_price`,`subtotal`) VALUES (1,13,'苹果6',1,'4999.00',4999) [ RunTime:0.000548s ]

[ 2016-04-12T15:15:44+08:00 ] ::1 /ww/shop/index.php/Home/goods/shopCar
INFO: [ app_begin ] --START--
INFO: Run Behavior\ReadHtmlCacheBehavior [ RunTime:0.000907s ]
INFO: [ app_begin ] --END-- [ RunTime:0.001853s ]
SQL: SHOW COLUMNS FROM `cz_cart` [ RunTime:0.002652s ]
SQL: INSERT INTO `cz_cart` (`user_id`,`goods_id`,`goods_name`,`sell_number`,`shop_price`,`subtotal`) VALUES (1,13,'苹果6',1,'4999.00',4999) [ RunTime:0.000494s ]

[ 2016-04-12T15:16:04+08:00 ] ::1 /ww/shop/index.php/Home/goods/shopCar
INFO: [ app_begin ] --START--
INFO: Run Behavior\ReadHtmlCacheBehavior [ RunTime:0.000636s ]
INFO: [ app_begin ] --END-- [ RunTime:0.001169s ]
SQL: SHOW COLUMNS FROM `cz_cart` [ RunTime:0.002164s ]
SQL: INSERT INTO `cz_cart` (`user_id`,`goods_id`,`goods_name`,`sell_number`,`shop_price`,`subtotal`) VALUES (1,13,'苹果6',1,'4999.00',4999) [ RunTime:0.000473s ]

[ 2016-04-12T15:21:34+08:00 ] ::1 /ww/shop/index.php/Home/index/user_id/
ERR: 非法操作:user_id

[ 2016-04-12T15:22:07+08:00 ] ::1 /ww/shop/index.php/Home/index/user_id/
ERR: 非法操作:user_id

[ 2016-04-12T15:22:13+08:00 ] ::1 /ww/shop/index.php/Home/index/user_id/
ERR: 非法操作:user_id

[ 2016-04-12T15:22:36+08:00 ] ::1 /ww/shop/index.php/Home/index/user_id/
ERR: 非法操作:user_id

[ 2016-04-12T16:08:07+08:00 ] ::1 /ww/shop/index.php/Home/goods/shopCar
INFO: [ app_begin ] --START--
INFO: Run Behavior\ReadHtmlCacheBehavior [ RunTime:0.000545s ]
INFO: [ app_begin ] --END-- [ RunTime:0.001025s ]
SQL: SHOW COLUMNS FROM `cz_category` [ RunTime:0.002459s ]
SQL: SELECT * FROM `cz_category`  [ RunTime:0.000652s ]
SQL: SHOW COLUMNS FROM `cz_cart` [ RunTime:0.002661s ]
SQL: INSERT INTO `cz_cart` (`user_id`,`goods_id`,`goods_name`,`sell_number`,`shop_price`,`goods_img`,`subtotal`) VALUES (1,10,'联想98',1,'1200.00','/ww/shop./Public/Uploads/2016-04-08/57076d9d1dbd7.jpg',1200) [ RunTime:0.000602s ]

[ 2016-04-12T17:41:34+08:00 ] ::1 /ww/shop/index.php/Home/goods/shopCar
INFO: [ app_begin ] --START--
INFO: Run Behavior\ReadHtmlCacheBehavior [ RunTime:0.000620s ]
INFO: [ app_begin ] --END-- [ RunTime:0.001229s ]
SQL: SHOW COLUMNS FROM `cz_category` [ RunTime:0.002594s ]
SQL: SELECT * FROM `cz_category`  [ RunTime:0.000483s ]
SQL: SHOW COLUMNS FROM `cz_cart` [ RunTime:0.002380s ]
SQL: INSERT INTO `cz_cart` (`user_id`,`goods_id`,`goods_name`,`sell_number`,`shop_price`,`goods_img`,`subtotal`) VALUES (1,10,'联想98',1,'1200.00','/ww/shop./Public/Uploads/2016-04-08/57076d9d1dbd7.jpg',1200) [ RunTime:0.000555s ]

[ 2016-04-12T22:25:30+08:00 ] ::1 /ww/shop/index.php/Home/add?user_id=1&consignee=%E7%8E%8B%E6%B3%A2&province=%E5%9B%9B%E5%B7%9D&city=%E5%86%85%E6%B1%9F&district=%E4%B8%9C%E5%85%B4&zipcode=%E6%B0%B8%E4%B8%9C&mobile=15189766113
ERR: 无法加载控制器:Add

[ 2016-04-12T22:26:04+08:00 ] ::1 /ww/shop/index.php/Home/add?user_id=1&consignee=%E7%8E%8B%E6%B3%A2&province=%E5%9B%9B%E5%B7%9D&city=%E5%86%85%E6%B1%9F&district=%E4%B8%9C%E5%85%B4&zipcode=%E6%B0%B8%E4%B8%9C&mobile=15189766113
ERR: 无法加载控制器:Add

[ 2016-04-12T22:26:07+08:00 ] ::1 /ww/shop/index.php/Home/add?user_id=1&consignee=%E7%8E%8B%E6%B3%A2&province=%E5%9B%9B%E5%B7%9D&city=%E5%86%85%E6%B1%9F&district=%E4%B8%9C%E5%85%B4&zipcode=%E6%B0%B8%E4%B8%9C&mobile=15189766113
ERR: 无法加载控制器:Add

[ 2016-04-12T23:21:32+08:00 ] ::1 /ww/shop/index.php/Home/goods/shopCar
INFO: [ app_begin ] --START--
INFO: Run Behavior\ReadHtmlCacheBehavior [ RunTime:0.000540s ]
INFO: [ app_begin ] --END-- [ RunTime:0.001026s ]
SQL: SHOW COLUMNS FROM `cz_category` [ RunTime:0.002237s ]
SQL: SELECT * FROM `cz_category`  [ RunTime:0.000457s ]
SQL: SHOW COLUMNS FROM `cz_cart` [ RunTime:0.002314s ]
SQL: INSERT INTO `cz_cart` (`user_id`,`goods_id`,`goods_name`,`sell_number`,`shop_price`,`goods_img`,`subtotal`) VALUES (1,0,'',0,'','',0) [ RunTime:0.000622s ]

[ 2016-04-12T23:22:09+08:00 ] ::1 /ww/shop/index.php/Home/goods/shopCar
INFO: [ app_begin ] --START--
INFO: Run Behavior\ReadHtmlCacheBehavior [ RunTime:0.000650s ]
INFO: [ app_begin ] --END-- [ RunTime:0.001141s ]
SQL: SHOW COLUMNS FROM `cz_category` [ RunTime:0.002366s ]
SQL: SELECT * FROM `cz_category`  [ RunTime:0.000472s ]
SQL: SHOW COLUMNS FROM `cz_cart` [ RunTime:0.002309s ]
SQL: INSERT INTO `cz_cart` (`user_id`,`goods_id`,`goods_name`,`sell_number`,`shop_price`,`goods_img`,`subtotal`) VALUES (1,0,'',0,'','',0) [ RunTime:0.000420s ]

[ 2016-04-12T23:23:37+08:00 ] ::1 /ww/shop/index.php/Home/goods/add
INFO: [ app_begin ] --START--
INFO: Run Behavior\ReadHtmlCacheBehavior [ RunTime:0.000554s ]
INFO: [ app_begin ] --END-- [ RunTime:0.001039s ]
SQL: SHOW COLUMNS FROM `cz_category` [ RunTime:0.002195s ]
SQL: SELECT * FROM `cz_category`  [ RunTime:0.000381s ]
ERR: 非法操作:add

[ 2016-04-12T23:26:20+08:00 ] ::1 /ww/shop/index.php/Home/goods/add
INFO: [ app_begin ] --START--
INFO: Run Behavior\ReadHtmlCacheBehavior [ RunTime:0.000552s ]
INFO: [ app_begin ] --END-- [ RunTime:0.001019s ]
SQL: SHOW COLUMNS FROM `cz_category` [ RunTime:0.002773s ]
SQL: SELECT * FROM `cz_category`  [ RunTime:0.000492s ]
ERR: 非法操作:add

[ 2016-04-12T23:26:25+08:00 ] ::1 /ww/shop/index.php/Home/goods/add
INFO: [ app_begin ] --START--
INFO: Run Behavior\ReadHtmlCacheBehavior [ RunTime:0.000546s ]
INFO: [ app_begin ] --END-- [ RunTime:0.001010s ]
SQL: SHOW COLUMNS FROM `cz_category` [ RunTime:0.002452s ]
SQL: SELECT * FROM `cz_category`  [ RunTime:0.000821s ]
ERR: 非法操作:add

[ 2016-04-12T23:29:09+08:00 ] ::1 /ww/shop/index.php/Home/goods/add
INFO: [ app_begin ] --START--
INFO: Run Behavior\ReadHtmlCacheBehavior [ RunTime:0.000692s ]
INFO: [ app_begin ] --END-- [ RunTime:0.001371s ]
SQL: SHOW COLUMNS FROM `cz_category` [ RunTime:0.002886s ]
SQL: SELECT * FROM `cz_category`  [ RunTime:0.000576s ]
ERR: 非法操作:add

[ 2016-04-12T23:34:39+08:00 ] ::1 /ww/shop/index.php/Home/goods/add
INFO: [ app_begin ] --START--
INFO: Run Behavior\ReadHtmlCacheBehavior [ RunTime:0.000545s ]
INFO: [ app_begin ] --END-- [ RunTime:0.000990s ]
SQL: SHOW COLUMNS FROM `cz_category` [ RunTime:0.002879s ]
SQL: SELECT * FROM `cz_category`  [ RunTime:0.000495s ]
ERR: 非法操作:add

[ 2016-04-12T23:51:42+08:00 ] ::1 /ww/shop/index.php/Home/goods/add
INFO: [ app_begin ] --START--
INFO: Run Behavior\ReadHtmlCacheBehavior [ RunTime:0.000645s ]
INFO: [ app_begin ] --END-- [ RunTime:0.001116s ]
SQL: SHOW COLUMNS FROM `cz_category` [ RunTime:0.002438s ]
SQL: SELECT * FROM `cz_category`  [ RunTime:0.000603s ]
ERR: 非法操作:add

[ 2016-04-12T23:55:55+08:00 ] ::1 /ww/shop/index.php/Home/goods/add
INFO: [ app_begin ] --START--
INFO: Run Behavior\ReadHtmlCacheBehavior [ RunTime:0.000643s ]
INFO: [ app_begin ] --END-- [ RunTime:0.001187s ]
SQL: SHOW COLUMNS FROM `cz_category` [ RunTime:0.002633s ]
SQL: SELECT * FROM `cz_category`  [ RunTime:0.000643s ]
ERR: 非法操作:add

