[ 2016-04-15T10:44:58+08:00 ] ::1 /ww/shop/index.php/Home/goods/shopCar
INFO: [ app_begin ] --START--
INFO: Run Behavior\ReadHtmlCacheBehavior [ RunTime:0.000864s ]
INFO: [ app_begin ] --END-- [ RunTime:0.001618s ]
SQL: SHOW COLUMNS FROM `cz_category` [ RunTime:0.003665s ]
SQL: SELECT * FROM `cz_category`  [ RunTime:0.000742s ]
SQL: SHOW COLUMNS FROM `cz_cart` [ RunTime:0.003691s ]
SQL: INSERT INTO `cz_cart` (`user_id`,`goods_id`,`goods_name`,`sell_number`,`shop_price`,`goods_img`,`subtotal`) VALUES (1,10,'联想98',1,'1200.00','/ww/shop./Public/Uploads/2016-04-08/57076d9d1dbd7.jpg',1200) [ RunTime:0.000951s ]

[ 2016-04-15T11:25:34+08:00 ] ::1 /ww/shop/index.php/Home/cart/delete
INFO: [ app_begin ] --START--
INFO: Run Behavior\ReadHtmlCacheBehavior [ RunTime:0.000650s ]
INFO: [ app_begin ] --END-- [ RunTime:0.001123s ]
SQL: SHOW COLUMNS FROM `cz_category` [ RunTime:0.002659s ]
SQL: SELECT * FROM `cz_category`  [ RunTime:0.000444s ]
SQL: SHOW COLUMNS FROM `cz_cart` [ RunTime:0.002268s ]
SQL: DELETE FROM `cz_cart` WHERE `cart_id` = 35 [ RunTime:0.000480s ]

[ 2016-04-15T11:25:34+08:00 ] ::1 /ww/shop/index.php/Home/cart/submitOrder
INFO: [ app_begin ] --START--
INFO: Run Behavior\ReadHtmlCacheBehavior [ RunTime:0.000650s ]
INFO: [ app_begin ] --END-- [ RunTime:0.001118s ]
SQL: SHOW COLUMNS FROM `cz_category` [ RunTime:0.002404s ]
SQL: SELECT * FROM `cz_category`  [ RunTime:0.000490s ]
SQL: SHOW COLUMNS FROM `cz_order` [ RunTime:0.002354s ]
SQL: INSERT INTO `cz_order` (`user_id`,`address_id`,`order_amount`,`order_time`) VALUES (1,18,'1200.00','2016-4-15 11:25:11') [ RunTime:0.000477s ]

[ 2016-04-15T11:28:12+08:00 ] ::1 /ww/shop/index.php/Home/goods/shopCar
INFO: [ app_begin ] --START--
INFO: Run Behavior\ReadHtmlCacheBehavior [ RunTime:0.000557s ]
INFO: [ app_begin ] --END-- [ RunTime:0.001003s ]
SQL: SHOW COLUMNS FROM `cz_category` [ RunTime:0.003110s ]
SQL: SELECT * FROM `cz_category`  [ RunTime:0.000581s ]
SQL: SHOW COLUMNS FROM `cz_cart` [ RunTime:0.002705s ]
SQL: INSERT INTO `cz_cart` (`user_id`,`goods_id`,`goods_name`,`sell_number`,`shop_price`,`goods_img`,`subtotal`) VALUES (1,10,'联想98',1,'1200.00','/ww/shop./Public/Uploads/2016-04-08/57076d9d1dbd7.jpg',1200) [ RunTime:0.000779s ]

[ 2016-04-15T11:29:17+08:00 ] ::1 /ww/shop/index.php/Home/cart/delete
INFO: [ app_begin ] --START--
INFO: Run Behavior\ReadHtmlCacheBehavior [ RunTime:0.000549s ]
INFO: [ app_begin ] --END-- [ RunTime:0.001004s ]
SQL: SHOW COLUMNS FROM `cz_category` [ RunTime:0.002202s ]
SQL: SELECT * FROM `cz_category`  [ RunTime:0.000465s ]
SQL: SHOW COLUMNS FROM `cz_cart` [ RunTime:0.002073s ]
SQL: DELETE FROM `cz_cart` WHERE `cart_id` = 36 [ RunTime:0.000464s ]

[ 2016-04-15T11:29:17+08:00 ] ::1 /ww/shop/index.php/Home/cart/submitOrder
INFO: [ app_begin ] --START--
INFO: Run Behavior\ReadHtmlCacheBehavior [ RunTime:0.000799s ]
INFO: [ app_begin ] --END-- [ RunTime:0.001398s ]
SQL: SHOW COLUMNS FROM `cz_category` [ RunTime:0.002457s ]
SQL: SELECT * FROM `cz_category`  [ RunTime:0.000505s ]

[ 2016-04-15T11:34:40+08:00 ] ::1 /ww/shop/index.php/Home/goods/shopCar
INFO: [ app_begin ] --START--
INFO: Run Behavior\ReadHtmlCacheBehavior [ RunTime:0.000539s ]
INFO: [ app_begin ] --END-- [ RunTime:0.000999s ]
SQL: SHOW COLUMNS FROM `cz_category` [ RunTime:0.002587s ]
SQL: SELECT * FROM `cz_category`  [ RunTime:0.000638s ]
SQL: SHOW COLUMNS FROM `cz_cart` [ RunTime:0.002676s ]
SQL: INSERT INTO `cz_cart` (`user_id`,`goods_id`,`goods_name`,`sell_number`,`shop_price`,`goods_img`,`subtotal`) VALUES (1,10,'联想98',1,'1200.00','/ww/shop./Public/Uploads/2016-04-08/57076d9d1dbd7.jpg',1200) [ RunTime:0.000509s ]

[ 2016-04-15T11:34:47+08:00 ] ::1 /ww/shop/index.php/Home/cart/delete
INFO: [ app_begin ] --START--
INFO: Run Behavior\ReadHtmlCacheBehavior [ RunTime:0.000691s ]
INFO: [ app_begin ] --END-- [ RunTime:0.001240s ]
SQL: SHOW COLUMNS FROM `cz_category` [ RunTime:0.002681s ]
SQL: SELECT * FROM `cz_category`  [ RunTime:0.000563s ]
SQL: SHOW COLUMNS FROM `cz_cart` [ RunTime:0.003174s ]
SQL: DELETE FROM `cz_cart` WHERE `cart_id` = 37 [ RunTime:0.000604s ]

[ 2016-04-15T11:34:47+08:00 ] ::1 /ww/shop/index.php/Home/cart/submitOrder
INFO: [ app_begin ] --START--
INFO: Run Behavior\ReadHtmlCacheBehavior [ RunTime:0.000651s ]
INFO: [ app_begin ] --END-- [ RunTime:0.001137s ]
SQL: SHOW COLUMNS FROM `cz_category` [ RunTime:0.002582s ]
SQL: SELECT * FROM `cz_category`  [ RunTime:0.000527s ]
SQL: SHOW COLUMNS FROM `cz_order` [ RunTime:0.002309s ]
SQL: INSERT INTO `cz_order` (`user_id`,`user_name`,`address_id`,`order_amount`,`order_time`) VALUES (1,'wb',17,'1200.00','2016-4-15 11:34:43') [ RunTime:0.000548s ]

[ 2016-04-15T12:24:26+08:00 ] ::1 /ww/shop/index.php/Home/goods/shopCar
INFO: [ app_begin ] --START--
INFO: Run Behavior\ReadHtmlCacheBehavior [ RunTime:0.000533s ]
INFO: [ app_begin ] --END-- [ RunTime:0.000957s ]
SQL: SHOW COLUMNS FROM `cz_category` [ RunTime:0.002331s ]
SQL: SELECT * FROM `cz_category`  [ RunTime:0.000542s ]
SQL: SHOW COLUMNS FROM `cz_cart` [ RunTime:0.002426s ]
SQL: INSERT INTO `cz_cart` (`user_id`,`goods_id`,`goods_name`,`sell_number`,`shop_price`,`goods_img`,`subtotal`) VALUES (null,10,'联想98',1,'1200.00','/ww/shop./Public/Uploads/2016-04-08/57076d9d1dbd7.jpg',1200) [ RunTime:0.000470s ]
ERR: 1048:Column 'user_id' cannot be null
 [ SQL语句 ] : INSERT INTO `cz_cart` (`user_id`,`goods_id`,`goods_name`,`sell_number`,`shop_price`,`goods_img`,`subtotal`) VALUES (null,10,'联想98',1,'1200.00','/ww/shop./Public/Uploads/2016-04-08/57076d9d1dbd7.jpg',1200)

[ 2016-04-15T12:24:50+08:00 ] ::1 /ww/shop/index.php/Home/goods/shopCar
INFO: [ app_begin ] --START--
INFO: Run Behavior\ReadHtmlCacheBehavior [ RunTime:0.000538s ]
INFO: [ app_begin ] --END-- [ RunTime:0.000978s ]
SQL: SHOW COLUMNS FROM `cz_category` [ RunTime:0.033744s ]
SQL: SELECT * FROM `cz_category`  [ RunTime:0.000408s ]
SQL: SHOW COLUMNS FROM `cz_cart` [ RunTime:0.002351s ]
SQL: INSERT INTO `cz_cart` (`user_id`,`goods_id`,`goods_name`,`sell_number`,`shop_price`,`goods_img`,`subtotal`) VALUES (null,10,'联想98',1,'1200.00','/ww/shop./Public/Uploads/2016-04-08/57076d9d1dbd7.jpg',1200) [ RunTime:0.000347s ]
ERR: 1048:Column 'user_id' cannot be null
 [ SQL语句 ] : INSERT INTO `cz_cart` (`user_id`,`goods_id`,`goods_name`,`sell_number`,`shop_price`,`goods_img`,`subtotal`) VALUES (null,10,'联想98',1,'1200.00','/ww/shop./Public/Uploads/2016-04-08/57076d9d1dbd7.jpg',1200)

[ 2016-04-15T12:26:06+08:00 ] ::1 /ww/shop/index.php/Home/goods/shopCar
INFO: [ app_begin ] --START--
INFO: Run Behavior\ReadHtmlCacheBehavior [ RunTime:0.000707s ]
INFO: [ app_begin ] --END-- [ RunTime:0.001332s ]
SQL: SHOW COLUMNS FROM `cz_category` [ RunTime:0.002723s ]
SQL: SELECT * FROM `cz_category`  [ RunTime:0.000680s ]
SQL: SHOW COLUMNS FROM `cz_cart` [ RunTime:0.002606s ]
SQL: INSERT INTO `cz_cart` (`user_id`,`goods_id`,`goods_name`,`sell_number`,`shop_price`,`goods_img`,`subtotal`) VALUES (1,10,'联想98',1,'1200.00','/ww/shop./Public/Uploads/2016-04-08/57076d9d1dbd7.jpg',1200) [ RunTime:0.000650s ]

[ 2016-04-15T13:05:38+08:00 ] ::1 /ww/shop/index.php/Home/goods/shopCar
INFO: [ app_begin ] --START--
INFO: Run Behavior\ReadHtmlCacheBehavior [ RunTime:0.000680s ]
INFO: [ app_begin ] --END-- [ RunTime:0.001267s ]
SQL: SHOW COLUMNS FROM `cz_category` [ RunTime:0.002946s ]
SQL: SELECT * FROM `cz_category`  [ RunTime:0.000880s ]
SQL: SHOW COLUMNS FROM `cz_cart` [ RunTime:0.003176s ]
SQL: INSERT INTO `cz_cart` (`user_id`,`goods_id`,`goods_name`,`sell_number`,`shop_price`,`goods_img`,`subtotal`) VALUES (1,16,'高领秋衣女',0,'98.00','/ww/shop',0) [ RunTime:0.000862s ]

[ 2016-04-15T15:48:37+08:00 ] ::1 /ww/shop/index.php/Home/goods/shopCar
INFO: [ app_begin ] --START--
INFO: Run Behavior\ReadHtmlCacheBehavior [ RunTime:0.000595s ]
INFO: [ app_begin ] --END-- [ RunTime:0.001205s ]
SQL: SHOW COLUMNS FROM `cz_category` [ RunTime:0.002287s ]
SQL: SELECT * FROM `cz_category`  [ RunTime:0.000407s ]
SQL: SHOW COLUMNS FROM `cz_cart` [ RunTime:0.002553s ]
SQL: INSERT INTO `cz_cart` (`user_id`,`goods_id`,`goods_name`,`sell_number`,`shop_price`,`goods_img`,`subtotal`) VALUES (1,16,'高领秋衣女',8,'98.00','/ww/shop',784) [ RunTime:0.000536s ]

[ 2016-04-15T15:49:33+08:00 ] ::1 /ww/shop/index.php/Home/goods/shopCar
INFO: [ app_begin ] --START--
INFO: Run Behavior\ReadHtmlCacheBehavior [ RunTime:0.000534s ]
INFO: [ app_begin ] --END-- [ RunTime:0.001006s ]
SQL: SHOW COLUMNS FROM `cz_category` [ RunTime:0.002314s ]
SQL: SELECT * FROM `cz_category`  [ RunTime:0.000555s ]
SQL: SHOW COLUMNS FROM `cz_cart` [ RunTime:0.002458s ]
SQL: INSERT INTO `cz_cart` (`user_id`,`goods_id`,`goods_name`,`sell_number`,`shop_price`,`goods_img`,`subtotal`) VALUES (1,16,'高领秋衣女',6,'98.00','/ww/shop',588) [ RunTime:0.000590s ]

[ 2016-04-15T17:24:34+08:00 ] ::1 /ww/shop/index.php/Home/goods/shopCar
INFO: [ app_begin ] --START--
INFO: Run Behavior\ReadHtmlCacheBehavior [ RunTime:0.000693s ]
INFO: [ app_begin ] --END-- [ RunTime:0.001299s ]
SQL: SHOW COLUMNS FROM `cz_category` [ RunTime:0.002477s ]
SQL: SELECT * FROM `cz_category`  [ RunTime:0.000551s ]
SQL: SHOW COLUMNS FROM `cz_cart` [ RunTime:0.002542s ]
SQL: INSERT INTO `cz_cart` (`user_id`,`goods_id`,`goods_name`,`sell_number`,`shop_price`,`goods_img`,`subtotal`) VALUES (1,15,'女士皮衣',0,'300.00','/ww/shop',0) [ RunTime:0.000574s ]

[ 2016-04-15T17:24:34+08:00 ] ::1 /ww/shop/index.php/Home/goods/edit
INFO: [ app_begin ] --START--
INFO: Run Behavior\ReadHtmlCacheBehavior [ RunTime:0.000654s ]
INFO: [ app_begin ] --END-- [ RunTime:0.001170s ]
SQL: SHOW COLUMNS FROM `cz_category` [ RunTime:0.002993s ]
SQL: SELECT * FROM `cz_category`  [ RunTime:0.000883s ]
SQL: SHOW COLUMNS FROM `cz_goods` [ RunTime:0.004613s ]
SQL: SELECT `click_count` FROM `cz_goods` WHERE ( $map ) LIMIT 1   [ RunTime:0.000684s ]
ERR: 1054:Unknown column '$map' in 'where clause'
 [ SQL语句 ] : SELECT `click_count` FROM `cz_goods` WHERE ( $map ) LIMIT 1  
SQL: SELECT `goods_number` FROM `cz_goods` WHERE ( $map ) LIMIT 1   [ RunTime:0.000434s ]
ERR: 1054:Unknown column '$map' in 'where clause'
 [ SQL语句 ] : SELECT `goods_number` FROM `cz_goods` WHERE ( $map ) LIMIT 1  
ERR: 非法数据对象！:[0=>click_count]

[ 2016-04-15T17:25:05+08:00 ] ::1 /ww/shop/index.php/Home/goods/shopCar
INFO: [ app_begin ] --START--
INFO: Run Behavior\ReadHtmlCacheBehavior [ RunTime:0.000613s ]
INFO: [ app_begin ] --END-- [ RunTime:0.001104s ]
SQL: SHOW COLUMNS FROM `cz_category` [ RunTime:0.002666s ]
SQL: SELECT * FROM `cz_category`  [ RunTime:0.000298s ]
SQL: SHOW COLUMNS FROM `cz_cart` [ RunTime:0.002259s ]
SQL: INSERT INTO `cz_cart` (`user_id`,`goods_id`,`goods_name`,`sell_number`,`shop_price`,`goods_img`,`subtotal`) VALUES (1,15,'女士皮衣',0,'300.00','/ww/shop',0) [ RunTime:0.000301s ]

[ 2016-04-15T17:25:05+08:00 ] ::1 /ww/shop/index.php/Home/goods/edit
INFO: [ app_begin ] --START--
INFO: Run Behavior\ReadHtmlCacheBehavior [ RunTime:0.000974s ]
INFO: [ app_begin ] --END-- [ RunTime:0.001594s ]
SQL: SHOW COLUMNS FROM `cz_category` [ RunTime:0.002810s ]
SQL: SELECT * FROM `cz_category`  [ RunTime:0.000513s ]

[ 2016-04-15T17:25:45+08:00 ] ::1 /ww/shop/index.php/Home/goods/shopCar
INFO: [ app_begin ] --START--
INFO: Run Behavior\ReadHtmlCacheBehavior [ RunTime:0.000981s ]
INFO: [ app_begin ] --END-- [ RunTime:0.001638s ]
SQL: SHOW COLUMNS FROM `cz_category` [ RunTime:0.003244s ]
SQL: SELECT * FROM `cz_category`  [ RunTime:0.000520s ]
SQL: SHOW COLUMNS FROM `cz_cart` [ RunTime:0.003176s ]
SQL: INSERT INTO `cz_cart` (`user_id`,`goods_id`,`goods_name`,`sell_number`,`shop_price`,`goods_img`,`subtotal`) VALUES (1,15,'女士皮衣',0,'300.00','/ww/shop',0) [ RunTime:0.000855s ]

[ 2016-04-15T17:25:45+08:00 ] ::1 /ww/shop/index.php/Home/goods/edit
INFO: [ app_begin ] --START--
INFO: Run Behavior\ReadHtmlCacheBehavior [ RunTime:0.000784s ]
INFO: [ app_begin ] --END-- [ RunTime:0.001536s ]
SQL: SHOW COLUMNS FROM `cz_category` [ RunTime:0.003460s ]
SQL: SELECT * FROM `cz_category`  [ RunTime:0.000624s ]
SQL: SHOW COLUMNS FROM `cz_goods` [ RunTime:0.003729s ]
SQL: SELECT `click_count` FROM `cz_goods` WHERE ( $map ) LIMIT 1   [ RunTime:0.000432s ]
ERR: 1054:Unknown column '$map' in 'where clause'
 [ SQL语句 ] : SELECT `click_count` FROM `cz_goods` WHERE ( $map ) LIMIT 1  
SQL: SELECT `goods_number` FROM `cz_goods` WHERE ( $map ) LIMIT 1   [ RunTime:0.000296s ]
ERR: 1054:Unknown column '$map' in 'where clause'
 [ SQL语句 ] : SELECT `goods_number` FROM `cz_goods` WHERE ( $map ) LIMIT 1  
ERR: 非法数据对象！:[0=>click_count]

[ 2016-04-15T17:26:37+08:00 ] ::1 /ww/shop/index.php/Home/goods/shopCar
INFO: [ app_begin ] --START--
INFO: Run Behavior\ReadHtmlCacheBehavior [ RunTime:0.000971s ]
INFO: [ app_begin ] --END-- [ RunTime:0.001758s ]
SQL: SHOW COLUMNS FROM `cz_category` [ RunTime:0.004198s ]
SQL: SELECT * FROM `cz_category`  [ RunTime:0.001546s ]
SQL: SHOW COLUMNS FROM `cz_cart` [ RunTime:0.005217s ]
SQL: INSERT INTO `cz_cart` (`user_id`,`goods_id`,`goods_name`,`sell_number`,`shop_price`,`goods_img`,`subtotal`) VALUES (1,15,'女士皮衣',0,'300.00','/ww/shop',0) [ RunTime:0.001300s ]

[ 2016-04-15T17:26:37+08:00 ] ::1 /ww/shop/index.php/Home/goods/edit
INFO: [ app_begin ] --START--
INFO: Run Behavior\ReadHtmlCacheBehavior [ RunTime:0.001461s ]
INFO: [ app_begin ] --END-- [ RunTime:0.002579s ]
SQL: SHOW COLUMNS FROM `cz_category` [ RunTime:0.007059s ]
SQL: SELECT * FROM `cz_category`  [ RunTime:0.002203s ]

[ 2016-04-15T17:27:29+08:00 ] ::1 /ww/shop/index.php/Home/goods/shopCar
INFO: [ app_begin ] --START--
INFO: Run Behavior\ReadHtmlCacheBehavior [ RunTime:0.000992s ]
INFO: [ app_begin ] --END-- [ RunTime:0.001814s ]
SQL: SHOW COLUMNS FROM `cz_category` [ RunTime:0.002849s ]
SQL: SELECT * FROM `cz_category`  [ RunTime:0.000499s ]
SQL: SHOW COLUMNS FROM `cz_cart` [ RunTime:0.002773s ]
SQL: INSERT INTO `cz_cart` (`user_id`,`goods_id`,`goods_name`,`sell_number`,`shop_price`,`goods_img`,`subtotal`) VALUES (1,15,'女士皮衣',2,'300.00','/ww/shop',600) [ RunTime:0.000386s ]

[ 2016-04-15T17:27:29+08:00 ] ::1 /ww/shop/index.php/Home/goods/edit
INFO: [ app_begin ] --START--
INFO: Run Behavior\ReadHtmlCacheBehavior [ RunTime:0.000578s ]
INFO: [ app_begin ] --END-- [ RunTime:0.001083s ]
SQL: SHOW COLUMNS FROM `cz_category` [ RunTime:0.003435s ]
SQL: SELECT * FROM `cz_category`  [ RunTime:0.000580s ]

[ 2016-04-15T17:28:23+08:00 ] ::1 /ww/shop/index.php/Home/goods/shopCar
INFO: [ app_begin ] --START--
INFO: Run Behavior\ReadHtmlCacheBehavior [ RunTime:0.000534s ]
INFO: [ app_begin ] --END-- [ RunTime:0.001002s ]
SQL: SHOW COLUMNS FROM `cz_category` [ RunTime:0.002773s ]
SQL: SELECT * FROM `cz_category`  [ RunTime:0.000430s ]
SQL: SHOW COLUMNS FROM `cz_cart` [ RunTime:0.002318s ]
SQL: INSERT INTO `cz_cart` (`user_id`,`goods_id`,`goods_name`,`sell_number`,`shop_price`,`goods_img`,`subtotal`) VALUES (1,15,'女士皮衣',1,'300.00','/ww/shop',300) [ RunTime:0.000384s ]

[ 2016-04-15T17:28:23+08:00 ] ::1 /ww/shop/index.php/Home/goods/edit
INFO: [ app_begin ] --START--
INFO: Run Behavior\ReadHtmlCacheBehavior [ RunTime:0.000690s ]
INFO: [ app_begin ] --END-- [ RunTime:0.001269s ]
SQL: SHOW COLUMNS FROM `cz_category` [ RunTime:0.002417s ]
SQL: SELECT * FROM `cz_category`  [ RunTime:0.000373s ]
SQL: SHOW COLUMNS FROM `cz_goods` [ RunTime:0.002727s ]
SQL: SELECT `click_count` FROM `cz_goods` WHERE ( $map ) LIMIT 1   [ RunTime:0.000357s ]
ERR: 1054:Unknown column '$map' in 'where clause'
 [ SQL语句 ] : SELECT `click_count` FROM `cz_goods` WHERE ( $map ) LIMIT 1  

[ 2016-04-15T17:28:29+08:00 ] ::1 /ww/shop/index.php/Home/goods/shopCar
INFO: [ app_begin ] --START--
INFO: Run Behavior\ReadHtmlCacheBehavior [ RunTime:0.000791s ]
INFO: [ app_begin ] --END-- [ RunTime:0.001375s ]
SQL: SHOW COLUMNS FROM `cz_category` [ RunTime:0.002730s ]
SQL: SELECT * FROM `cz_category`  [ RunTime:0.000579s ]
SQL: SHOW COLUMNS FROM `cz_cart` [ RunTime:0.002661s ]
SQL: INSERT INTO `cz_cart` (`user_id`,`goods_id`,`goods_name`,`sell_number`,`shop_price`,`goods_img`,`subtotal`) VALUES (1,15,'女士皮衣',1,'300.00','/ww/shop',300) [ RunTime:0.000516s ]

[ 2016-04-15T17:28:29+08:00 ] ::1 /ww/shop/index.php/Home/goods/edit
INFO: [ app_begin ] --START--
INFO: Run Behavior\ReadHtmlCacheBehavior [ RunTime:0.000886s ]
INFO: [ app_begin ] --END-- [ RunTime:0.001623s ]
SQL: SHOW COLUMNS FROM `cz_category` [ RunTime:0.002577s ]
SQL: SELECT * FROM `cz_category`  [ RunTime:0.000411s ]
SQL: SHOW COLUMNS FROM `cz_goods` [ RunTime:0.002461s ]
SQL: SELECT `click_count` FROM `cz_goods` WHERE ( $map ) LIMIT 1   [ RunTime:0.000332s ]
ERR: 1054:Unknown column '$map' in 'where clause'
 [ SQL语句 ] : SELECT `click_count` FROM `cz_goods` WHERE ( $map ) LIMIT 1  

[ 2016-04-15T17:30:05+08:00 ] ::1 /ww/shop/index.php/Home/goods/shopCar
INFO: [ app_begin ] --START--
INFO: Run Behavior\ReadHtmlCacheBehavior [ RunTime:0.000545s ]
INFO: [ app_begin ] --END-- [ RunTime:0.001040s ]
SQL: SHOW COLUMNS FROM `cz_category` [ RunTime:0.002538s ]
SQL: SELECT * FROM `cz_category`  [ RunTime:0.000545s ]
SQL: SHOW COLUMNS FROM `cz_cart` [ RunTime:0.002700s ]
SQL: INSERT INTO `cz_cart` (`user_id`,`goods_id`,`goods_name`,`sell_number`,`shop_price`,`goods_img`,`subtotal`) VALUES (1,15,'女士皮衣',2,'300.00','/ww/shop',600) [ RunTime:0.001436s ]

[ 2016-04-15T17:30:05+08:00 ] ::1 /ww/shop/index.php/Home/goods/edit
INFO: [ app_begin ] --START--
INFO: Run Behavior\ReadHtmlCacheBehavior [ RunTime:0.000880s ]
INFO: [ app_begin ] --END-- [ RunTime:0.001374s ]
SQL: SHOW COLUMNS FROM `cz_category` [ RunTime:0.002865s ]
SQL: SELECT * FROM `cz_category`  [ RunTime:0.000558s ]
SQL: SHOW COLUMNS FROM `cz_goods` [ RunTime:0.003276s ]
SQL: SELECT `click_count` FROM `cz_goods` WHERE ( $map ) LIMIT 1   [ RunTime:0.000515s ]
ERR: 1054:Unknown column '$map' in 'where clause'
 [ SQL语句 ] : SELECT `click_count` FROM `cz_goods` WHERE ( $map ) LIMIT 1  

[ 2016-04-15T17:30:51+08:00 ] ::1 /ww/shop/index.php/Home/goods/shopCar
INFO: [ app_begin ] --START--
INFO: Run Behavior\ReadHtmlCacheBehavior [ RunTime:0.000690s ]
INFO: [ app_begin ] --END-- [ RunTime:0.001428s ]
SQL: SHOW COLUMNS FROM `cz_category` [ RunTime:0.002410s ]
SQL: SELECT * FROM `cz_category`  [ RunTime:0.000735s ]
SQL: SHOW COLUMNS FROM `cz_cart` [ RunTime:0.002403s ]
SQL: INSERT INTO `cz_cart` (`user_id`,`goods_id`,`goods_name`,`sell_number`,`shop_price`,`goods_img`,`subtotal`) VALUES (1,15,'女士皮衣',1,'300.00','/ww/shop',300) [ RunTime:0.000435s ]

[ 2016-04-15T17:30:51+08:00 ] ::1 /ww/shop/index.php/Home/goods/edit
INFO: [ app_begin ] --START--
INFO: Run Behavior\ReadHtmlCacheBehavior [ RunTime:0.000642s ]
INFO: [ app_begin ] --END-- [ RunTime:0.001199s ]
SQL: SHOW COLUMNS FROM `cz_category` [ RunTime:0.002713s ]
SQL: SELECT * FROM `cz_category`  [ RunTime:0.000645s ]
SQL: SHOW COLUMNS FROM `cz_goods` [ RunTime:0.003050s ]
SQL: SELECT `click_count` FROM `cz_goods` WHERE `goods_id` = 15 LIMIT 1   [ RunTime:0.000542s ]

[ 2016-04-15T17:31:22+08:00 ] ::1 /ww/shop/index.php/Home/goods/shopCar
INFO: [ app_begin ] --START--
INFO: Run Behavior\ReadHtmlCacheBehavior [ RunTime:0.000541s ]
INFO: [ app_begin ] --END-- [ RunTime:0.001015s ]
SQL: SHOW COLUMNS FROM `cz_category` [ RunTime:0.002399s ]
SQL: SELECT * FROM `cz_category`  [ RunTime:0.000628s ]
SQL: SHOW COLUMNS FROM `cz_cart` [ RunTime:0.002641s ]
SQL: INSERT INTO `cz_cart` (`user_id`,`goods_id`,`goods_name`,`sell_number`,`shop_price`,`goods_img`,`subtotal`) VALUES (1,15,'女士皮衣',1,'300.00','/ww/shop',300) [ RunTime:0.000500s ]

[ 2016-04-15T17:31:22+08:00 ] ::1 /ww/shop/index.php/Home/goods/edit
INFO: [ app_begin ] --START--
INFO: Run Behavior\ReadHtmlCacheBehavior [ RunTime:0.000708s ]
INFO: [ app_begin ] --END-- [ RunTime:0.001251s ]
SQL: SHOW COLUMNS FROM `cz_category` [ RunTime:0.002575s ]
SQL: SELECT * FROM `cz_category`  [ RunTime:0.000827s ]
SQL: SHOW COLUMNS FROM `cz_goods` [ RunTime:0.003521s ]
SQL: SELECT `click_count` FROM `cz_goods` WHERE `goods_id` = 15 LIMIT 1   [ RunTime:0.000710s ]
SQL: SELECT `goods_number` FROM `cz_goods` WHERE `goods_id` = 15 LIMIT 1   [ RunTime:0.000424s ]
ERR: 非法数据对象！:[0=>click_count]

[ 2016-04-15T17:31:42+08:00 ] ::1 /ww/shop/index.php/Home/goods/shopCar
INFO: [ app_begin ] --START--
INFO: Run Behavior\ReadHtmlCacheBehavior [ RunTime:0.000539s ]
INFO: [ app_begin ] --END-- [ RunTime:0.001008s ]
SQL: SHOW COLUMNS FROM `cz_category` [ RunTime:0.002879s ]
SQL: SELECT * FROM `cz_category`  [ RunTime:0.000473s ]
SQL: SHOW COLUMNS FROM `cz_cart` [ RunTime:0.002305s ]
SQL: INSERT INTO `cz_cart` (`user_id`,`goods_id`,`goods_name`,`sell_number`,`shop_price`,`goods_img`,`subtotal`) VALUES (1,15,'女士皮衣',1,'300.00','/ww/shop',300) [ RunTime:0.000413s ]

[ 2016-04-15T17:31:42+08:00 ] ::1 /ww/shop/index.php/Home/goods/edit
INFO: [ app_begin ] --START--
INFO: Run Behavior\ReadHtmlCacheBehavior [ RunTime:0.000557s ]
INFO: [ app_begin ] --END-- [ RunTime:0.001033s ]
SQL: SHOW COLUMNS FROM `cz_category` [ RunTime:0.002496s ]
SQL: SELECT * FROM `cz_category`  [ RunTime:0.000410s ]
SQL: SHOW COLUMNS FROM `cz_goods` [ RunTime:0.002649s ]
SQL: SELECT `click_count` FROM `cz_goods` WHERE `goods_id` = 15 LIMIT 1   [ RunTime:0.000357s ]
SQL: SELECT `goods_number` FROM `cz_goods` WHERE `goods_id` = 15 LIMIT 1   [ RunTime:0.000257s ]
ERR: 非法数据对象！:[0=>click_count]

[ 2016-04-15T17:32:05+08:00 ] ::1 /ww/shop/index.php/Home/goods/shopCar
INFO: [ app_begin ] --START--
INFO: Run Behavior\ReadHtmlCacheBehavior [ RunTime:0.000694s ]
INFO: [ app_begin ] --END-- [ RunTime:0.001305s ]
SQL: SHOW COLUMNS FROM `cz_category` [ RunTime:0.003059s ]
SQL: SELECT * FROM `cz_category`  [ RunTime:0.000346s ]
SQL: SHOW COLUMNS FROM `cz_cart` [ RunTime:0.002247s ]
SQL: INSERT INTO `cz_cart` (`user_id`,`goods_id`,`goods_name`,`sell_number`,`shop_price`,`goods_img`,`subtotal`) VALUES (1,15,'女士皮衣',1,'300.00','/ww/shop',300) [ RunTime:0.000299s ]

[ 2016-04-15T17:32:05+08:00 ] ::1 /ww/shop/index.php/Home/goods/edit
INFO: [ app_begin ] --START--
INFO: Run Behavior\ReadHtmlCacheBehavior [ RunTime:0.000580s ]
INFO: [ app_begin ] --END-- [ RunTime:0.001255s ]
SQL: SHOW COLUMNS FROM `cz_category` [ RunTime:0.002710s ]
SQL: SELECT * FROM `cz_category`  [ RunTime:0.000816s ]
SQL: SHOW COLUMNS FROM `cz_goods` [ RunTime:0.004194s ]
SQL: SELECT `click_count` FROM `cz_goods` WHERE `goods_id` = 15 LIMIT 1   [ RunTime:0.000990s ]
SQL: SELECT `goods_number` FROM `cz_goods` WHERE `goods_id` = 15 LIMIT 1   [ RunTime:0.000642s ]

[ 2016-04-15T17:32:30+08:00 ] ::1 /ww/shop/index.php/Home/goods/shopCar
INFO: [ app_begin ] --START--
INFO: Run Behavior\ReadHtmlCacheBehavior [ RunTime:0.000548s ]
INFO: [ app_begin ] --END-- [ RunTime:0.001081s ]
SQL: SHOW COLUMNS FROM `cz_category` [ RunTime:0.002136s ]
SQL: SELECT * FROM `cz_category`  [ RunTime:0.000491s ]
SQL: SHOW COLUMNS FROM `cz_cart` [ RunTime:0.002102s ]
SQL: INSERT INTO `cz_cart` (`user_id`,`goods_id`,`goods_name`,`sell_number`,`shop_price`,`goods_img`,`subtotal`) VALUES (1,15,'女士皮衣',1,'300.00','/ww/shop',300) [ RunTime:0.000278s ]

[ 2016-04-15T17:32:30+08:00 ] ::1 /ww/shop/index.php/Home/goods/edit
INFO: [ app_begin ] --START--
INFO: Run Behavior\ReadHtmlCacheBehavior [ RunTime:0.000530s ]
INFO: [ app_begin ] --END-- [ RunTime:0.000974s ]
SQL: SHOW COLUMNS FROM `cz_category` [ RunTime:0.003306s ]
SQL: SELECT * FROM `cz_category`  [ RunTime:0.001150s ]
SQL: SHOW COLUMNS FROM `cz_goods` [ RunTime:0.003627s ]
SQL: SELECT `click_count` FROM `cz_goods` WHERE `goods_id` = 15 LIMIT 1   [ RunTime:0.000709s ]
SQL: SELECT `goods_number` FROM `cz_goods` WHERE `goods_id` = 15 LIMIT 1   [ RunTime:0.000490s ]

[ 2016-04-15T17:33:01+08:00 ] ::1 /ww/shop/index.php/Home/goods/shopCar
INFO: [ app_begin ] --START--
INFO: Run Behavior\ReadHtmlCacheBehavior [ RunTime:0.000603s ]
INFO: [ app_begin ] --END-- [ RunTime:0.001133s ]
SQL: SHOW COLUMNS FROM `cz_category` [ RunTime:0.002463s ]
SQL: SELECT * FROM `cz_category`  [ RunTime:0.000530s ]
SQL: SHOW COLUMNS FROM `cz_cart` [ RunTime:0.002438s ]
SQL: INSERT INTO `cz_cart` (`user_id`,`goods_id`,`goods_name`,`sell_number`,`shop_price`,`goods_img`,`subtotal`) VALUES (1,15,'女士皮衣',1,'300.00','/ww/shop',300) [ RunTime:0.000765s ]

[ 2016-04-15T17:33:01+08:00 ] ::1 /ww/shop/index.php/Home/goods/edit
INFO: [ app_begin ] --START--
INFO: Run Behavior\ReadHtmlCacheBehavior [ RunTime:0.000547s ]
INFO: [ app_begin ] --END-- [ RunTime:0.001020s ]
SQL: SHOW COLUMNS FROM `cz_category` [ RunTime:0.002941s ]
SQL: SELECT * FROM `cz_category`  [ RunTime:0.000678s ]
SQL: SHOW COLUMNS FROM `cz_goods` [ RunTime:0.002926s ]
SQL: SELECT `click_count` FROM `cz_goods` WHERE `goods_id` = 15 LIMIT 1   [ RunTime:0.000523s ]
SQL: SELECT `goods_number` FROM `cz_goods` WHERE `goods_id` = 15 LIMIT 1   [ RunTime:0.000907s ]
ERR: 非法数据对象！:[0=>click_count]

[ 2016-04-15T17:34:02+08:00 ] ::1 /ww/shop/index.php/Home/goods/shopCar
INFO: [ app_begin ] --START--
INFO: Run Behavior\ReadHtmlCacheBehavior [ RunTime:0.000787s ]
INFO: [ app_begin ] --END-- [ RunTime:0.001358s ]
SQL: SHOW COLUMNS FROM `cz_category` [ RunTime:0.002180s ]
SQL: SELECT * FROM `cz_category`  [ RunTime:0.000340s ]
SQL: SHOW COLUMNS FROM `cz_cart` [ RunTime:0.002498s ]
SQL: INSERT INTO `cz_cart` (`user_id`,`goods_id`,`goods_name`,`sell_number`,`shop_price`,`goods_img`,`subtotal`) VALUES (1,15,'女士皮衣',1,'300.00','/ww/shop',300) [ RunTime:0.000318s ]

[ 2016-04-15T17:34:02+08:00 ] ::1 /ww/shop/index.php/Home/goods/edit
INFO: [ app_begin ] --START--
INFO: Run Behavior\ReadHtmlCacheBehavior [ RunTime:0.000639s ]
INFO: [ app_begin ] --END-- [ RunTime:0.001187s ]
SQL: SHOW COLUMNS FROM `cz_category` [ RunTime:0.002663s ]
SQL: SELECT * FROM `cz_category`  [ RunTime:0.000483s ]
SQL: SHOW COLUMNS FROM `cz_goods` [ RunTime:0.002888s ]
SQL: SELECT `click_count` FROM `cz_goods` WHERE `goods_id` = 15 LIMIT 1   [ RunTime:0.000439s ]
SQL: SELECT `goods_number` FROM `cz_goods` WHERE `goods_id` = 15 LIMIT 1   [ RunTime:0.000394s ]
ERR: 非法数据对象！:[0=>click_count]

[ 2016-04-15T17:34:48+08:00 ] ::1 /ww/shop/index.php/Home/goods/shopCar
INFO: [ app_begin ] --START--
INFO: Run Behavior\ReadHtmlCacheBehavior [ RunTime:0.000610s ]
INFO: [ app_begin ] --END-- [ RunTime:0.001139s ]
SQL: SHOW COLUMNS FROM `cz_category` [ RunTime:0.002417s ]
SQL: SELECT * FROM `cz_category`  [ RunTime:0.000603s ]
SQL: SHOW COLUMNS FROM `cz_cart` [ RunTime:0.002700s ]
SQL: INSERT INTO `cz_cart` (`user_id`,`goods_id`,`goods_name`,`sell_number`,`shop_price`,`goods_img`,`subtotal`) VALUES (1,15,'女士皮衣',1,'300.00','/ww/shop',300) [ RunTime:0.000552s ]

[ 2016-04-15T17:34:48+08:00 ] ::1 /ww/shop/index.php/Home/goods/edit
INFO: [ app_begin ] --START--
INFO: Run Behavior\ReadHtmlCacheBehavior [ RunTime:0.000800s ]
INFO: [ app_begin ] --END-- [ RunTime:0.001343s ]
SQL: SHOW COLUMNS FROM `cz_category` [ RunTime:0.002552s ]
SQL: SELECT * FROM `cz_category`  [ RunTime:0.000654s ]
SQL: SHOW COLUMNS FROM `cz_goods` [ RunTime:0.002722s ]
SQL: SELECT `click_count` FROM `cz_goods` WHERE `goods_id` = 15 LIMIT 1   [ RunTime:0.000626s ]
SQL: SELECT `goods_number` FROM `cz_goods` WHERE `goods_id` = 15 LIMIT 1   [ RunTime:0.000405s ]
ERR: 非法数据对象！:[0=>click_count]

[ 2016-04-15T17:35:21+08:00 ] ::1 /ww/shop/index.php/Home/goods/shopCar
INFO: [ app_begin ] --START--
INFO: Run Behavior\ReadHtmlCacheBehavior [ RunTime:0.000563s ]
INFO: [ app_begin ] --END-- [ RunTime:0.001042s ]
SQL: SHOW COLUMNS FROM `cz_category` [ RunTime:0.002515s ]
SQL: SELECT * FROM `cz_category`  [ RunTime:0.000552s ]
SQL: SHOW COLUMNS FROM `cz_cart` [ RunTime:0.002953s ]
SQL: INSERT INTO `cz_cart` (`user_id`,`goods_id`,`goods_name`,`sell_number`,`shop_price`,`goods_img`,`subtotal`) VALUES (1,15,'女士皮衣',1,'300.00','/ww/shop',300) [ RunTime:0.000469s ]

[ 2016-04-15T17:35:21+08:00 ] ::1 /ww/shop/index.php/Home/goods/edit
INFO: [ app_begin ] --START--
INFO: Run Behavior\ReadHtmlCacheBehavior [ RunTime:0.000770s ]
INFO: [ app_begin ] --END-- [ RunTime:0.001375s ]
SQL: SHOW COLUMNS FROM `cz_category` [ RunTime:0.003987s ]
SQL: SELECT * FROM `cz_category`  [ RunTime:0.000935s ]
SQL: SHOW COLUMNS FROM `cz_goods` [ RunTime:0.003882s ]
SQL: SELECT `click_count` FROM `cz_goods` WHERE `goods_id` = 15 LIMIT 1   [ RunTime:0.000907s ]
SQL: SELECT `goods_number` FROM `cz_goods` WHERE `goods_id` = 15 LIMIT 1   [ RunTime:0.001250s ]
ERR: 非法数据对象！:[0=>click_count]

[ 2016-04-15T17:37:21+08:00 ] ::1 /ww/shop/index.php/Home/goods/shopCar
INFO: [ app_begin ] --START--
INFO: Run Behavior\ReadHtmlCacheBehavior [ RunTime:0.000636s ]
INFO: [ app_begin ] --END-- [ RunTime:0.001170s ]
SQL: SHOW COLUMNS FROM `cz_category` [ RunTime:0.002277s ]
SQL: SELECT * FROM `cz_category`  [ RunTime:0.000443s ]
SQL: SHOW COLUMNS FROM `cz_cart` [ RunTime:0.002299s ]
SQL: INSERT INTO `cz_cart` (`user_id`,`goods_id`,`goods_name`,`sell_number`,`shop_price`,`goods_img`,`subtotal`) VALUES (1,15,'女士皮衣',1,'300.00','/ww/shop',300) [ RunTime:0.000544s ]

[ 2016-04-15T17:37:21+08:00 ] ::1 /ww/shop/index.php/Home/goods/edit
INFO: [ app_begin ] --START--
INFO: Run Behavior\ReadHtmlCacheBehavior [ RunTime:0.000919s ]
INFO: [ app_begin ] --END-- [ RunTime:0.001480s ]
SQL: SHOW COLUMNS FROM `cz_category` [ RunTime:0.002550s ]
SQL: SELECT * FROM `cz_category`  [ RunTime:0.000745s ]
SQL: SHOW COLUMNS FROM `cz_goods` [ RunTime:0.002930s ]
SQL: SELECT `click_count` FROM `cz_goods` WHERE `goods_id` = 15 LIMIT 1   [ RunTime:0.000619s ]
SQL: SELECT `goods_number` FROM `cz_goods` WHERE `goods_id` = 15 LIMIT 1   [ RunTime:0.000501s ]
ERR: 非法数据对象！:[0=>click_count]

[ 2016-04-15T17:38:01+08:00 ] ::1 /ww/shop/index.php/Home/goods/shopCar
INFO: [ app_begin ] --START--
INFO: Run Behavior\ReadHtmlCacheBehavior [ RunTime:0.000546s ]
INFO: [ app_begin ] --END-- [ RunTime:0.000983s ]
SQL: SHOW COLUMNS FROM `cz_category` [ RunTime:0.004314s ]
SQL: SELECT * FROM `cz_category`  [ RunTime:0.000663s ]
SQL: SHOW COLUMNS FROM `cz_cart` [ RunTime:0.002747s ]
SQL: INSERT INTO `cz_cart` (`user_id`,`goods_id`,`goods_name`,`sell_number`,`shop_price`,`goods_img`,`subtotal`) VALUES (1,15,'女士皮衣',1,'300.00','/ww/shop',300) [ RunTime:0.000528s ]

[ 2016-04-15T17:38:01+08:00 ] ::1 /ww/shop/index.php/Home/goods/edit
INFO: [ app_begin ] --START--
INFO: Run Behavior\ReadHtmlCacheBehavior [ RunTime:0.000734s ]
INFO: [ app_begin ] --END-- [ RunTime:0.001297s ]
SQL: SHOW COLUMNS FROM `cz_category` [ RunTime:0.003281s ]
SQL: SELECT * FROM `cz_category`  [ RunTime:0.000532s ]
SQL: SHOW COLUMNS FROM `cz_goods` [ RunTime:0.003428s ]
SQL: SELECT `click_count` FROM `cz_goods` WHERE `goods_id` = 15 LIMIT 1   [ RunTime:0.000381s ]
SQL: SELECT `goods_number` FROM `cz_goods` WHERE `goods_id` = 15 LIMIT 1   [ RunTime:0.000259s ]

[ 2016-04-15T17:39:03+08:00 ] ::1 /ww/shop/index.php/Home/goods/shopCar
INFO: [ app_begin ] --START--
INFO: Run Behavior\ReadHtmlCacheBehavior [ RunTime:0.000546s ]
INFO: [ app_begin ] --END-- [ RunTime:0.000979s ]
SQL: SHOW COLUMNS FROM `cz_category` [ RunTime:0.002242s ]
SQL: SELECT * FROM `cz_category`  [ RunTime:0.000300s ]
SQL: SHOW COLUMNS FROM `cz_cart` [ RunTime:0.002152s ]
SQL: INSERT INTO `cz_cart` (`user_id`,`goods_id`,`goods_name`,`sell_number`,`shop_price`,`goods_img`,`subtotal`) VALUES (1,15,'女士皮衣',1,'300.00','/ww/shop',300) [ RunTime:0.000269s ]

[ 2016-04-15T17:39:03+08:00 ] ::1 /ww/shop/index.php/Home/goods/edit
INFO: [ app_begin ] --START--
INFO: Run Behavior\ReadHtmlCacheBehavior [ RunTime:0.000701s ]
INFO: [ app_begin ] --END-- [ RunTime:0.001381s ]
SQL: SHOW COLUMNS FROM `cz_category` [ RunTime:0.002599s ]
SQL: SELECT * FROM `cz_category`  [ RunTime:0.000884s ]
SQL: SHOW COLUMNS FROM `cz_goods` [ RunTime:0.002979s ]
SQL: SELECT `click_count` FROM `cz_goods` WHERE `goods_id` = 15 LIMIT 1   [ RunTime:0.000477s ]
SQL: SELECT `goods_number` FROM `cz_goods` WHERE `goods_id` = 15 LIMIT 1   [ RunTime:0.000566s ]
SQL: SHOW COLUMNS FROM `cz_goods` [ RunTime:0.003035s ]
ERR: 非法数据对象！:[0=>click_count]

[ 2016-04-15T17:40:28+08:00 ] ::1 /ww/shop/index.php/Home/goods/shopCar
INFO: [ app_begin ] --START--
INFO: Run Behavior\ReadHtmlCacheBehavior [ RunTime:0.000799s ]
INFO: [ app_begin ] --END-- [ RunTime:0.001476s ]
SQL: SHOW COLUMNS FROM `cz_category` [ RunTime:0.003425s ]
SQL: SELECT * FROM `cz_category`  [ RunTime:0.000606s ]
SQL: SHOW COLUMNS FROM `cz_cart` [ RunTime:0.002743s ]
SQL: INSERT INTO `cz_cart` (`user_id`,`goods_id`,`goods_name`,`sell_number`,`shop_price`,`goods_img`,`subtotal`) VALUES (1,15,'女士皮衣',1,'300.00','/ww/shop',300) [ RunTime:0.000414s ]

[ 2016-04-15T17:40:28+08:00 ] ::1 /ww/shop/index.php/Home/goods/edit
INFO: [ app_begin ] --START--
INFO: Run Behavior\ReadHtmlCacheBehavior [ RunTime:0.000673s ]
INFO: [ app_begin ] --END-- [ RunTime:0.001167s ]
SQL: SHOW COLUMNS FROM `cz_category` [ RunTime:0.003130s ]
SQL: SELECT * FROM `cz_category`  [ RunTime:0.000811s ]
SQL: SHOW COLUMNS FROM `cz_goods` [ RunTime:0.003517s ]
SQL: SELECT `click_count` FROM `cz_goods` WHERE `goods_id` = 15 LIMIT 1   [ RunTime:0.000561s ]
SQL: SELECT `goods_number` FROM `cz_goods` WHERE `goods_id` = 15 LIMIT 1   [ RunTime:0.000416s ]
SQL: SHOW COLUMNS FROM `cz_goods` [ RunTime:0.003114s ]
SQL: UPDATE `cz_goods` SET `click_count`=0 WHERE `goods_id` = 15 [ RunTime:0.059672s ]

[ 2016-04-15T17:41:29+08:00 ] ::1 /ww/shop/index.php/Home/goods/shopCar
INFO: [ app_begin ] --START--
INFO: Run Behavior\ReadHtmlCacheBehavior [ RunTime:0.000682s ]
INFO: [ app_begin ] --END-- [ RunTime:0.001227s ]
SQL: SHOW COLUMNS FROM `cz_category` [ RunTime:0.003171s ]
SQL: SELECT * FROM `cz_category`  [ RunTime:0.000699s ]
SQL: SHOW COLUMNS FROM `cz_cart` [ RunTime:0.003338s ]
SQL: INSERT INTO `cz_cart` (`user_id`,`goods_id`,`goods_name`,`sell_number`,`shop_price`,`goods_img`,`subtotal`) VALUES (1,15,'女士皮衣',1,'300.00','/ww/shop',300) [ RunTime:0.000566s ]

[ 2016-04-15T17:41:29+08:00 ] ::1 /ww/shop/index.php/Home/goods/edit
INFO: [ app_begin ] --START--
INFO: Run Behavior\ReadHtmlCacheBehavior [ RunTime:0.000629s ]
INFO: [ app_begin ] --END-- [ RunTime:0.001158s ]
SQL: SHOW COLUMNS FROM `cz_category` [ RunTime:0.002683s ]
SQL: SELECT * FROM `cz_category`  [ RunTime:0.000426s ]
SQL: SHOW COLUMNS FROM `cz_goods` [ RunTime:0.002996s ]
SQL: SELECT `click_count` FROM `cz_goods` WHERE `goods_id` = 15 LIMIT 1   [ RunTime:0.000521s ]
SQL: SELECT `goods_number` FROM `cz_goods` WHERE `goods_id` = 15 LIMIT 1   [ RunTime:0.000528s ]
SQL: SHOW COLUMNS FROM `cz_goods` [ RunTime:0.003032s ]
ERR: 非法数据对象！:[0=>click_count]

[ 2016-04-15T17:42:04+08:00 ] ::1 /ww/shop/index.php/Home/goods/shopCar
INFO: [ app_begin ] --START--
INFO: Run Behavior\ReadHtmlCacheBehavior [ RunTime:0.000569s ]
INFO: [ app_begin ] --END-- [ RunTime:0.001018s ]
SQL: SHOW COLUMNS FROM `cz_category` [ RunTime:0.004269s ]
SQL: SELECT * FROM `cz_category`  [ RunTime:0.000747s ]
SQL: SHOW COLUMNS FROM `cz_cart` [ RunTime:0.002680s ]
SQL: INSERT INTO `cz_cart` (`user_id`,`goods_id`,`goods_name`,`sell_number`,`shop_price`,`goods_img`,`subtotal`) VALUES (1,15,'女士皮衣',1,'300.00','/ww/shop',300) [ RunTime:0.000438s ]

[ 2016-04-15T17:42:04+08:00 ] ::1 /ww/shop/index.php/Home/goods/edit
INFO: [ app_begin ] --START--
INFO: Run Behavior\ReadHtmlCacheBehavior [ RunTime:0.000986s ]
INFO: [ app_begin ] --END-- [ RunTime:0.002646s ]
SQL: SHOW COLUMNS FROM `cz_category` [ RunTime:0.002899s ]
SQL: SELECT * FROM `cz_category`  [ RunTime:0.000569s ]
SQL: SHOW COLUMNS FROM `cz_goods` [ RunTime:0.004294s ]
SQL: SELECT `click_count` FROM `cz_goods` WHERE `goods_id` = 15 LIMIT 1   [ RunTime:0.000677s ]
SQL: SELECT `goods_number` FROM `cz_goods` WHERE `goods_id` = 15 LIMIT 1   [ RunTime:0.001113s ]
SQL: UPDATE `cz_goods` SET `click_count`=0 WHERE `goods_id` = 15 [ RunTime:0.000999s ]

[ 2016-04-15T17:44:06+08:00 ] ::1 /ww/shop/index.php/Home/goods/edit
INFO: [ app_begin ] --START--
INFO: Run Behavior\ReadHtmlCacheBehavior [ RunTime:0.000751s ]
INFO: [ app_begin ] --END-- [ RunTime:0.001311s ]
SQL: SHOW COLUMNS FROM `cz_category` [ RunTime:0.003001s ]
SQL: SELECT * FROM `cz_category`  [ RunTime:0.000624s ]
SQL: SHOW COLUMNS FROM `cz_goods` [ RunTime:0.003322s ]
SQL: SELECT `click_count` FROM `cz_goods` WHERE `goods_id` = 15 LIMIT 1   [ RunTime:0.000703s ]
SQL: SELECT `goods_number` FROM `cz_goods` WHERE `goods_id` = 15 LIMIT 1   [ RunTime:0.000456s ]
SQL: UPDATE `cz_goods` SET `click_count`=0 WHERE `goods_id` = 15 [ RunTime:0.000453s ]
SQL: UPDATE `cz_goods` SET `goods_number`=0 WHERE `goods_id` = 15 [ RunTime:0.000914s ]

[ 2016-04-15T17:44:06+08:00 ] ::1 /ww/shop/index.php/Home/goods/shopCar
INFO: [ app_begin ] --START--
INFO: Run Behavior\ReadHtmlCacheBehavior [ RunTime:0.000993s ]
INFO: [ app_begin ] --END-- [ RunTime:0.004922s ]
SQL: SHOW COLUMNS FROM `cz_category` [ RunTime:0.003001s ]
SQL: SELECT * FROM `cz_category`  [ RunTime:0.000487s ]
SQL: SHOW COLUMNS FROM `cz_cart` [ RunTime:0.003946s ]
SQL: INSERT INTO `cz_cart` (`user_id`,`goods_id`,`goods_name`,`sell_number`,`shop_price`,`goods_img`,`subtotal`) VALUES (1,15,'女士皮衣',1,'300.00','/ww/shop',300) [ RunTime:0.000765s ]

[ 2016-04-15T17:44:17+08:00 ] ::1 /ww/shop/index.php/Home/goods/shopCar
INFO: [ app_begin ] --START--
INFO: Run Behavior\ReadHtmlCacheBehavior [ RunTime:0.000643s ]
INFO: [ app_begin ] --END-- [ RunTime:0.001144s ]
SQL: SHOW COLUMNS FROM `cz_category` [ RunTime:0.002719s ]
SQL: SELECT * FROM `cz_category`  [ RunTime:0.000545s ]
SQL: SHOW COLUMNS FROM `cz_cart` [ RunTime:0.002788s ]
SQL: INSERT INTO `cz_cart` (`user_id`,`goods_id`,`goods_name`,`sell_number`,`shop_price`,`goods_img`,`subtotal`) VALUES (1,15,'女士皮衣',2,'300.00','/ww/shop',600) [ RunTime:0.000544s ]

[ 2016-04-15T17:44:17+08:00 ] ::1 /ww/shop/index.php/Home/goods/edit
INFO: [ app_begin ] --START--
INFO: Run Behavior\ReadHtmlCacheBehavior [ RunTime:0.000616s ]
INFO: [ app_begin ] --END-- [ RunTime:0.001423s ]
SQL: SHOW COLUMNS FROM `cz_category` [ RunTime:0.002570s ]
SQL: SELECT * FROM `cz_category`  [ RunTime:0.000533s ]
SQL: SHOW COLUMNS FROM `cz_goods` [ RunTime:0.003019s ]
SQL: SELECT `click_count` FROM `cz_goods` WHERE `goods_id` = 15 LIMIT 1   [ RunTime:0.000426s ]
SQL: SELECT `goods_number` FROM `cz_goods` WHERE `goods_id` = 15 LIMIT 1   [ RunTime:0.000295s ]
SQL: UPDATE `cz_goods` SET `click_count`=0 WHERE `goods_id` = 15 [ RunTime:0.000311s ]
SQL: UPDATE `cz_goods` SET `goods_number`=0 WHERE `goods_id` = 15 [ RunTime:0.000275s ]

[ 2016-04-15T17:45:27+08:00 ] ::1 /ww/shop/index.php/Home/goods/shopCar
INFO: [ app_begin ] --START--
INFO: Run Behavior\ReadHtmlCacheBehavior [ RunTime:0.000763s ]
INFO: [ app_begin ] --END-- [ RunTime:0.001392s ]
SQL: SHOW COLUMNS FROM `cz_category` [ RunTime:0.006554s ]
SQL: SELECT * FROM `cz_category`  [ RunTime:0.001414s ]
SQL: SHOW COLUMNS FROM `cz_cart` [ RunTime:0.005180s ]
SQL: INSERT INTO `cz_cart` (`user_id`,`goods_id`,`goods_name`,`sell_number`,`shop_price`,`goods_img`,`subtotal`) VALUES (1,15,'女士皮衣',1,'300.00','/ww/shop',300) [ RunTime:0.001390s ]

[ 2016-04-15T17:45:27+08:00 ] ::1 /ww/shop/index.php/Home/goods/edit
INFO: [ app_begin ] --START--
INFO: Run Behavior\ReadHtmlCacheBehavior [ RunTime:0.001416s ]
INFO: [ app_begin ] --END-- [ RunTime:0.002637s ]
SQL: SHOW COLUMNS FROM `cz_category` [ RunTime:0.004454s ]
SQL: SELECT * FROM `cz_category`  [ RunTime:0.000946s ]
SQL: SHOW COLUMNS FROM `cz_goods` [ RunTime:0.003307s ]
SQL: SELECT `click_count` FROM `cz_goods` WHERE `goods_id` = 15 LIMIT 1   [ RunTime:0.000400s ]
SQL: SELECT `goods_number` FROM `cz_goods` WHERE `goods_id` = 15 LIMIT 1   [ RunTime:0.000265s ]
SQL: SHOW COLUMNS FROM `cz_goods` [ RunTime:0.002574s ]
SQL: UPDATE `cz_goods` SET `click_count`=0 WHERE `goods_id` = 15 [ RunTime:0.000337s ]
SQL: UPDATE `cz_goods` SET `goods_number`=0 WHERE `goods_id` = 15 [ RunTime:0.000222s ]

[ 2016-04-15T17:45:54+08:00 ] ::1 /ww/shop/index.php/Home/goods/shopCar
INFO: [ app_begin ] --START--
INFO: Run Behavior\ReadHtmlCacheBehavior [ RunTime:0.000798s ]
INFO: [ app_begin ] --END-- [ RunTime:0.001408s ]
SQL: SHOW COLUMNS FROM `cz_category` [ RunTime:0.003425s ]
SQL: SELECT * FROM `cz_category`  [ RunTime:0.000905s ]
SQL: SHOW COLUMNS FROM `cz_cart` [ RunTime:0.002611s ]
SQL: INSERT INTO `cz_cart` (`user_id`,`goods_id`,`goods_name`,`sell_number`,`shop_price`,`goods_img`,`subtotal`) VALUES (1,15,'女士皮衣',1,'300.00','/ww/shop',300) [ RunTime:0.000581s ]

[ 2016-04-15T17:45:54+08:00 ] ::1 /ww/shop/index.php/Home/goods/edit
INFO: [ app_begin ] --START--
INFO: Run Behavior\ReadHtmlCacheBehavior [ RunTime:0.000628s ]
INFO: [ app_begin ] --END-- [ RunTime:0.001119s ]
SQL: SHOW COLUMNS FROM `cz_category` [ RunTime:0.002475s ]
SQL: SELECT * FROM `cz_category`  [ RunTime:0.000680s ]
SQL: SHOW COLUMNS FROM `cz_goods` [ RunTime:0.002668s ]
SQL: SELECT `click_count` FROM `cz_goods` WHERE `goods_id` = 15 LIMIT 1   [ RunTime:0.000576s ]
SQL: SELECT `goods_number` FROM `cz_goods` WHERE `goods_id` = 15 LIMIT 1   [ RunTime:0.000470s ]
SQL: SHOW COLUMNS FROM `cz_goods` [ RunTime:0.003069s ]
SQL: UPDATE `cz_goods` SET `click_count`=0 WHERE `goods_id` = 15 [ RunTime:0.000395s ]
SQL: UPDATE `cz_goods` SET `goods_number`=0 WHERE `goods_id` = 15 [ RunTime:0.000267s ]

[ 2016-04-15T17:46:13+08:00 ] ::1 /ww/shop/index.php/Home/goods/shopCar
INFO: [ app_begin ] --START--
INFO: Run Behavior\ReadHtmlCacheBehavior [ RunTime:0.000602s ]
INFO: [ app_begin ] --END-- [ RunTime:0.001098s ]
SQL: SHOW COLUMNS FROM `cz_category` [ RunTime:0.002765s ]
SQL: SELECT * FROM `cz_category`  [ RunTime:0.000584s ]
SQL: SHOW COLUMNS FROM `cz_cart` [ RunTime:0.002787s ]
SQL: INSERT INTO `cz_cart` (`user_id`,`goods_id`,`goods_name`,`sell_number`,`shop_price`,`goods_img`,`subtotal`) VALUES (1,15,'女士皮衣',1,'300.00','/ww/shop',300) [ RunTime:0.000574s ]

[ 2016-04-15T17:46:13+08:00 ] ::1 /ww/shop/index.php/Home/goods/edit
INFO: [ app_begin ] --START--
INFO: Run Behavior\ReadHtmlCacheBehavior [ RunTime:0.000978s ]
INFO: [ app_begin ] --END-- [ RunTime:0.001963s ]
SQL: SHOW COLUMNS FROM `cz_category` [ RunTime:0.002923s ]
SQL: SELECT * FROM `cz_category`  [ RunTime:0.000874s ]
SQL: SHOW COLUMNS FROM `cz_goods` [ RunTime:0.003111s ]
SQL: SELECT `click_count` FROM `cz_goods` WHERE `goods_id` = 15 LIMIT 1   [ RunTime:0.000617s ]
SQL: SELECT `goods_number` FROM `cz_goods` WHERE `goods_id` = 15 LIMIT 1   [ RunTime:0.000632s ]
SQL: SHOW COLUMNS FROM `cz_goods` [ RunTime:0.003889s ]
SQL: UPDATE `cz_goods` SET `click_count`=0 WHERE `goods_id` = 15 [ RunTime:0.000651s ]
SQL: UPDATE `cz_goods` SET `goods_number`=0 WHERE `goods_id` = 15 [ RunTime:0.000448s ]

[ 2016-04-15T17:46:29+08:00 ] ::1 /ww/shop/index.php/Home/goods/shopCar
INFO: [ app_begin ] --START--
INFO: Run Behavior\ReadHtmlCacheBehavior [ RunTime:0.000889s ]
INFO: [ app_begin ] --END-- [ RunTime:0.001720s ]
SQL: SHOW COLUMNS FROM `cz_category` [ RunTime:0.002805s ]
SQL: SELECT * FROM `cz_category`  [ RunTime:0.000586s ]
SQL: SHOW COLUMNS FROM `cz_cart` [ RunTime:0.002612s ]
SQL: INSERT INTO `cz_cart` (`user_id`,`goods_id`,`goods_name`,`sell_number`,`shop_price`,`goods_img`,`subtotal`) VALUES (1,15,'女士皮衣',1,'300.00','/ww/shop',300) [ RunTime:0.000750s ]

[ 2016-04-15T17:46:29+08:00 ] ::1 /ww/shop/index.php/Home/goods/edit
INFO: [ app_begin ] --START--
INFO: Run Behavior\ReadHtmlCacheBehavior [ RunTime:0.000602s ]
INFO: [ app_begin ] --END-- [ RunTime:0.001080s ]
SQL: SHOW COLUMNS FROM `cz_category` [ RunTime:0.002256s ]
SQL: SELECT * FROM `cz_category`  [ RunTime:0.000743s ]
SQL: SHOW COLUMNS FROM `cz_goods` [ RunTime:0.002722s ]
SQL: SELECT `click_count` FROM `cz_goods` WHERE `goods_id` = 15 LIMIT 1   [ RunTime:0.000513s ]
SQL: SELECT `goods_number` FROM `cz_goods` WHERE `goods_id` = 15 LIMIT 1   [ RunTime:0.000403s ]
SQL: SHOW COLUMNS FROM `cz_goods` [ RunTime:0.002976s ]
SQL: UPDATE `cz_goods` SET `click_count`=0 WHERE `goods_id` = 15 [ RunTime:0.001003s ]
SQL: UPDATE `cz_goods` SET `goods_number`=0 WHERE `goods_id` = 15 [ RunTime:0.001108s ]

[ 2016-04-15T17:47:03+08:00 ] ::1 /ww/shop/index.php/Home/goods/shopCar
INFO: [ app_begin ] --START--
INFO: Run Behavior\ReadHtmlCacheBehavior [ RunTime:0.000667s ]
INFO: [ app_begin ] --END-- [ RunTime:0.001330s ]
SQL: SHOW COLUMNS FROM `cz_category` [ RunTime:0.003481s ]
SQL: SELECT * FROM `cz_category`  [ RunTime:0.000665s ]
SQL: SHOW COLUMNS FROM `cz_cart` [ RunTime:0.003607s ]
SQL: INSERT INTO `cz_cart` (`user_id`,`goods_id`,`goods_name`,`sell_number`,`shop_price`,`goods_img`,`subtotal`) VALUES (1,15,'女士皮衣',1,'300.00','/ww/shop',300) [ RunTime:0.000936s ]

[ 2016-04-15T17:47:03+08:00 ] ::1 /ww/shop/index.php/Home/goods/edit
INFO: [ app_begin ] --START--
INFO: Run Behavior\ReadHtmlCacheBehavior [ RunTime:0.001003s ]
INFO: [ app_begin ] --END-- [ RunTime:0.001734s ]
SQL: SHOW COLUMNS FROM `cz_category` [ RunTime:0.004378s ]
SQL: SELECT * FROM `cz_category`  [ RunTime:0.001529s ]
SQL: SHOW COLUMNS FROM `cz_goods` [ RunTime:0.003946s ]
SQL: SELECT `click_count` FROM `cz_goods` WHERE `goods_id` = 15 LIMIT 1   [ RunTime:0.001719s ]
SQL: SELECT `goods_number` FROM `cz_goods` WHERE `goods_id` = 15 LIMIT 1   [ RunTime:0.000992s ]
SQL: SHOW COLUMNS FROM `cz_goods` [ RunTime:0.004776s ]
SQL: UPDATE `cz_goods` SET `click_count`=0 WHERE `goods_id` = 15 [ RunTime:0.000784s ]
SQL: UPDATE `cz_goods` SET `goods_number`=0 WHERE `goods_id` = 15 [ RunTime:0.000826s ]

[ 2016-04-15T17:47:39+08:00 ] ::1 /ww/shop/index.php/Home/goods/shopCar
INFO: [ app_begin ] --START--
INFO: Run Behavior\ReadHtmlCacheBehavior [ RunTime:0.000600s ]
INFO: [ app_begin ] --END-- [ RunTime:0.001081s ]
SQL: SHOW COLUMNS FROM `cz_category` [ RunTime:0.002669s ]
SQL: SELECT * FROM `cz_category`  [ RunTime:0.000474s ]
SQL: SHOW COLUMNS FROM `cz_cart` [ RunTime:0.003098s ]
SQL: INSERT INTO `cz_cart` (`user_id`,`goods_id`,`goods_name`,`sell_number`,`shop_price`,`goods_img`,`subtotal`) VALUES (1,15,'女士皮衣',1,'300.00','/ww/shop',300) [ RunTime:0.000659s ]

[ 2016-04-15T17:47:39+08:00 ] ::1 /ww/shop/index.php/Home/goods/edit
INFO: [ app_begin ] --START--
INFO: Run Behavior\ReadHtmlCacheBehavior [ RunTime:0.000578s ]
INFO: [ app_begin ] --END-- [ RunTime:0.001028s ]
SQL: SHOW COLUMNS FROM `cz_category` [ RunTime:0.002927s ]
SQL: SELECT * FROM `cz_category`  [ RunTime:0.000434s ]
SQL: SHOW COLUMNS FROM `cz_goods` [ RunTime:0.004577s ]
SQL: SELECT `click_count` FROM `cz_goods` WHERE `goods_id` = 15 LIMIT 1   [ RunTime:0.000695s ]
SQL: SELECT `goods_number` FROM `cz_goods` WHERE `goods_id` = 15 LIMIT 1   [ RunTime:0.000623s ]
SQL: SHOW COLUMNS FROM `cz_goods` [ RunTime:0.003688s ]
SQL: UPDATE `cz_goods` SET `click_count`=0 WHERE `goods_id` = 15 [ RunTime:0.000680s ]
SQL: UPDATE `cz_goods` SET `goods_number`=0 WHERE `goods_id` = 15 [ RunTime:0.000482s ]

[ 2016-04-15T17:57:36+08:00 ] ::1 /ww/shop/index.php/Home/goods/shopCar
INFO: [ app_begin ] --START--
INFO: Run Behavior\ReadHtmlCacheBehavior [ RunTime:0.000546s ]
INFO: [ app_begin ] --END-- [ RunTime:0.000979s ]
SQL: SHOW COLUMNS FROM `cz_category` [ RunTime:0.002626s ]
SQL: SELECT * FROM `cz_category`  [ RunTime:0.000639s ]
SQL: SHOW COLUMNS FROM `cz_cart` [ RunTime:0.002682s ]
SQL: INSERT INTO `cz_cart` (`user_id`,`goods_id`,`goods_name`,`sell_number`,`shop_price`,`goods_img`,`subtotal`) VALUES (1,15,'女士皮衣',1,'300.00','/ww/shop',300) [ RunTime:0.000608s ]

[ 2016-04-15T17:57:36+08:00 ] ::1 /ww/shop/index.php/Home/goods/edit
INFO: [ app_begin ] --START--
INFO: Run Behavior\ReadHtmlCacheBehavior [ RunTime:0.000719s ]
INFO: [ app_begin ] --END-- [ RunTime:0.001271s ]
SQL: SHOW COLUMNS FROM `cz_category` [ RunTime:0.002310s ]
SQL: SELECT * FROM `cz_category`  [ RunTime:0.000406s ]
SQL: SHOW COLUMNS FROM `cz_goods` [ RunTime:0.003693s ]
SQL: SELECT `click_count` FROM `cz_goods` WHERE `goods_id` = 15 LIMIT 1   [ RunTime:0.001027s ]
SQL: SELECT `goods_number` FROM `cz_goods` WHERE `goods_id` = 15 LIMIT 1   [ RunTime:0.000654s ]
SQL: SHOW COLUMNS FROM `cz_goods` [ RunTime:0.003955s ]
SQL: UPDATE `cz_goods` SET `click_count`=0,`goods_number`=0 WHERE `goods_id` = 15 [ RunTime:0.000676s ]

[ 2016-04-15T17:58:51+08:00 ] ::1 /ww/shop/index.php/Home/goods/shopCar
INFO: [ app_begin ] --START--
INFO: Run Behavior\ReadHtmlCacheBehavior [ RunTime:0.000910s ]
INFO: [ app_begin ] --END-- [ RunTime:0.001648s ]
SQL: SHOW COLUMNS FROM `cz_category` [ RunTime:0.003645s ]
SQL: SELECT * FROM `cz_category`  [ RunTime:0.000746s ]
SQL: SHOW COLUMNS FROM `cz_cart` [ RunTime:0.003879s ]
SQL: INSERT INTO `cz_cart` (`user_id`,`goods_id`,`goods_name`,`sell_number`,`shop_price`,`goods_img`,`subtotal`) VALUES (1,15,'女士皮衣',1,'300.00','/ww/shop',300) [ RunTime:0.000812s ]

[ 2016-04-15T17:58:51+08:00 ] ::1 /ww/shop/index.php/Home/goods/edit
INFO: [ app_begin ] --START--
INFO: Run Behavior\ReadHtmlCacheBehavior [ RunTime:0.000909s ]
INFO: [ app_begin ] --END-- [ RunTime:0.001725s ]
SQL: SHOW COLUMNS FROM `cz_category` [ RunTime:0.003171s ]
SQL: SELECT * FROM `cz_category`  [ RunTime:0.000514s ]
SQL: SHOW COLUMNS FROM `cz_goods` [ RunTime:0.005206s ]
SQL: SELECT `click_count` FROM `cz_goods` WHERE `goods_id` = 15 LIMIT 1   [ RunTime:0.000820s ]
SQL: SELECT `goods_number` FROM `cz_goods` WHERE `goods_id` = 15 LIMIT 1   [ RunTime:0.001055s ]
SQL: SHOW COLUMNS FROM `cz_goods` [ RunTime:0.005996s ]

[ 2016-04-15T17:59:47+08:00 ] ::1 /ww/shop/index.php/Home/goods/shopCar
INFO: [ app_begin ] --START--
INFO: Run Behavior\ReadHtmlCacheBehavior [ RunTime:0.000872s ]
INFO: [ app_begin ] --END-- [ RunTime:0.001409s ]
SQL: SHOW COLUMNS FROM `cz_category` [ RunTime:0.007054s ]
SQL: SELECT * FROM `cz_category`  [ RunTime:0.002159s ]
SQL: SHOW COLUMNS FROM `cz_cart` [ RunTime:0.005914s ]
SQL: INSERT INTO `cz_cart` (`user_id`,`goods_id`,`goods_name`,`sell_number`,`shop_price`,`goods_img`,`subtotal`) VALUES (1,16,'高领秋衣女',1,'98.00','/ww/shop',98) [ RunTime:0.002090s ]

[ 2016-04-15T17:59:47+08:00 ] ::1 /ww/shop/index.php/Home/goods/edit
INFO: [ app_begin ] --START--
INFO: Run Behavior\ReadHtmlCacheBehavior [ RunTime:0.000914s ]
INFO: [ app_begin ] --END-- [ RunTime:0.001639s ]
SQL: SHOW COLUMNS FROM `cz_category` [ RunTime:0.006914s ]
SQL: SELECT * FROM `cz_category`  [ RunTime:0.001476s ]
SQL: SHOW COLUMNS FROM `cz_goods` [ RunTime:0.006561s ]
SQL: SELECT `click_count` FROM `cz_goods` WHERE `goods_id` = 16 LIMIT 1   [ RunTime:0.002638s ]
SQL: SELECT `goods_number` FROM `cz_goods` WHERE `goods_id` = 16 LIMIT 1   [ RunTime:0.001277s ]
SQL: SHOW COLUMNS FROM `cz_goods` [ RunTime:0.005958s ]

[ 2016-04-15T18:00:21+08:00 ] ::1 /ww/shop/index.php/Home/goods/shopCar
INFO: [ app_begin ] --START--
INFO: Run Behavior\ReadHtmlCacheBehavior [ RunTime:0.000675s ]
INFO: [ app_begin ] --END-- [ RunTime:0.001296s ]
SQL: SHOW COLUMNS FROM `cz_category` [ RunTime:0.002438s ]
SQL: SELECT * FROM `cz_category`  [ RunTime:0.000459s ]
SQL: SHOW COLUMNS FROM `cz_cart` [ RunTime:0.002297s ]
SQL: INSERT INTO `cz_cart` (`user_id`,`goods_id`,`goods_name`,`sell_number`,`shop_price`,`goods_img`,`subtotal`) VALUES (1,16,'高领秋衣女',2,'98.00','/ww/shop',196) [ RunTime:0.000336s ]

[ 2016-04-15T18:00:21+08:00 ] ::1 /ww/shop/index.php/Home/goods/edit
INFO: [ app_begin ] --START--
INFO: Run Behavior\ReadHtmlCacheBehavior [ RunTime:0.000754s ]
INFO: [ app_begin ] --END-- [ RunTime:0.001241s ]
SQL: SHOW COLUMNS FROM `cz_category` [ RunTime:0.002371s ]
SQL: SELECT * FROM `cz_category`  [ RunTime:0.000809s ]
SQL: SHOW COLUMNS FROM `cz_goods` [ RunTime:0.004522s ]
SQL: SELECT `click_count` FROM `cz_goods` WHERE `goods_id` = 16 LIMIT 1   [ RunTime:0.000595s ]
SQL: SELECT `goods_number` FROM `cz_goods` WHERE `goods_id` = 16 LIMIT 1   [ RunTime:0.000612s ]
SQL: SHOW COLUMNS FROM `cz_goods` [ RunTime:0.003200s ]

[ 2016-04-15T18:00:45+08:00 ] ::1 /ww/shop/index.php/Home/goods/shopCar
INFO: [ app_begin ] --START--
INFO: Run Behavior\ReadHtmlCacheBehavior [ RunTime:0.000571s ]
INFO: [ app_begin ] --END-- [ RunTime:0.001015s ]
SQL: SHOW COLUMNS FROM `cz_category` [ RunTime:0.002330s ]
SQL: SELECT * FROM `cz_category`  [ RunTime:0.000411s ]
SQL: SHOW COLUMNS FROM `cz_cart` [ RunTime:0.002347s ]
SQL: INSERT INTO `cz_cart` (`user_id`,`goods_id`,`goods_name`,`sell_number`,`shop_price`,`goods_img`,`subtotal`) VALUES (1,16,'高领秋衣女',1,'98.00','/ww/shop',98) [ RunTime:0.000377s ]

[ 2016-04-15T18:00:45+08:00 ] ::1 /ww/shop/index.php/Home/goods/edit
INFO: [ app_begin ] --START--
INFO: Run Behavior\ReadHtmlCacheBehavior [ RunTime:0.000846s ]
INFO: [ app_begin ] --END-- [ RunTime:0.001393s ]
SQL: SHOW COLUMNS FROM `cz_category` [ RunTime:0.002412s ]
SQL: SELECT * FROM `cz_category`  [ RunTime:0.000472s ]
SQL: SHOW COLUMNS FROM `cz_goods` [ RunTime:0.002682s ]
SQL: SELECT `click_count` FROM `cz_goods` WHERE `goods_id` = 16 LIMIT 1   [ RunTime:0.000462s ]
SQL: SELECT `goods_number` FROM `cz_goods` WHERE `goods_id` = 16 LIMIT 1   [ RunTime:0.000357s ]
SQL: SHOW COLUMNS FROM `cz_goods` [ RunTime:0.003464s ]
SQL: UPDATE `cz_goods` SET `click_count`=0,`goods_number`=0 WHERE `goods_id` = 16 [ RunTime:0.000986s ]

[ 2016-04-15T18:01:40+08:00 ] ::1 /ww/shop/index.php/Home/goods/shopCar
INFO: [ app_begin ] --START--
INFO: Run Behavior\ReadHtmlCacheBehavior [ RunTime:0.000722s ]
INFO: [ app_begin ] --END-- [ RunTime:0.001280s ]
SQL: SHOW COLUMNS FROM `cz_category` [ RunTime:0.002710s ]
SQL: SELECT * FROM `cz_category`  [ RunTime:0.000421s ]
SQL: SHOW COLUMNS FROM `cz_cart` [ RunTime:0.002489s ]
SQL: INSERT INTO `cz_cart` (`user_id`,`goods_id`,`goods_name`,`sell_number`,`shop_price`,`goods_img`,`subtotal`) VALUES (1,16,'高领秋衣女',1,'98.00','/ww/shop',98) [ RunTime:0.000420s ]

[ 2016-04-15T18:01:40+08:00 ] ::1 /ww/shop/index.php/Home/goods/edit
INFO: [ app_begin ] --START--
INFO: Run Behavior\ReadHtmlCacheBehavior [ RunTime:0.000539s ]
INFO: [ app_begin ] --END-- [ RunTime:0.000984s ]
SQL: SHOW COLUMNS FROM `cz_category` [ RunTime:0.004282s ]
SQL: SELECT * FROM `cz_category`  [ RunTime:0.000646s ]
SQL: SHOW COLUMNS FROM `cz_goods` [ RunTime:0.004429s ]
SQL: SELECT `click_count` FROM `cz_goods` WHERE `goods_id` = 16 LIMIT 1   [ RunTime:0.000499s ]
SQL: SELECT `goods_number` FROM `cz_goods` WHERE `goods_id` = 16 LIMIT 1   [ RunTime:0.000317s ]

[ 2016-04-15T18:02:37+08:00 ] ::1 /ww/shop/index.php/Home/goods/shopCar
INFO: [ app_begin ] --START--
INFO: Run Behavior\ReadHtmlCacheBehavior [ RunTime:0.000872s ]
INFO: [ app_begin ] --END-- [ RunTime:0.001578s ]
SQL: SHOW COLUMNS FROM `cz_category` [ RunTime:0.003438s ]
SQL: SELECT * FROM `cz_category`  [ RunTime:0.000751s ]
SQL: SHOW COLUMNS FROM `cz_cart` [ RunTime:0.003663s ]
SQL: INSERT INTO `cz_cart` (`user_id`,`goods_id`,`goods_name`,`sell_number`,`shop_price`,`goods_img`,`subtotal`) VALUES (1,16,'高领秋衣女',1,'98.00','/ww/shop',98) [ RunTime:0.000696s ]

[ 2016-04-15T18:02:37+08:00 ] ::1 /ww/shop/index.php/Home/goods/edit
INFO: [ app_begin ] --START--
INFO: Run Behavior\ReadHtmlCacheBehavior [ RunTime:0.000850s ]
INFO: [ app_begin ] --END-- [ RunTime:0.001503s ]
SQL: SHOW COLUMNS FROM `cz_category` [ RunTime:0.005190s ]
SQL: SELECT * FROM `cz_category`  [ RunTime:0.000709s ]
SQL: SHOW COLUMNS FROM `cz_goods` [ RunTime:0.004408s ]
SQL: SELECT `click_count` FROM `cz_goods` WHERE `goods_id` = 16 LIMIT 1   [ RunTime:0.000683s ]
SQL: SELECT `goods_number` FROM `cz_goods` WHERE `goods_id` = 16 LIMIT 1   [ RunTime:0.000478s ]
SQL: SHOW COLUMNS FROM `cz_goods` [ RunTime:0.004267s ]
SQL: UPDATE `cz_goods` SET `click_count`=0,`goods_number`=0 WHERE `goods_id` = 16 [ RunTime:0.000992s ]

[ 2016-04-15T18:03:21+08:00 ] ::1 /ww/shop/index.php/Home/goods/shopCar
INFO: [ app_begin ] --START--
INFO: Run Behavior\ReadHtmlCacheBehavior [ RunTime:0.000839s ]
INFO: [ app_begin ] --END-- [ RunTime:0.001506s ]
SQL: SHOW COLUMNS FROM `cz_category` [ RunTime:0.003710s ]
SQL: SELECT * FROM `cz_category`  [ RunTime:0.000851s ]
SQL: SHOW COLUMNS FROM `cz_cart` [ RunTime:0.003802s ]
SQL: INSERT INTO `cz_cart` (`user_id`,`goods_id`,`goods_name`,`sell_number`,`shop_price`,`goods_img`,`subtotal`) VALUES (1,16,'高领秋衣女',1,'98.00','/ww/shop',98) [ RunTime:0.001109s ]

[ 2016-04-15T18:03:21+08:00 ] ::1 /ww/shop/index.php/Home/goods/edit
INFO: [ app_begin ] --START--
INFO: Run Behavior\ReadHtmlCacheBehavior [ RunTime:0.000854s ]
INFO: [ app_begin ] --END-- [ RunTime:0.001634s ]
SQL: SHOW COLUMNS FROM `cz_category` [ RunTime:0.003755s ]
SQL: SELECT * FROM `cz_category`  [ RunTime:0.001890s ]
SQL: SHOW COLUMNS FROM `cz_goods` [ RunTime:0.004290s ]
SQL: SELECT `click_count` FROM `cz_goods` WHERE `goods_id` = 16 LIMIT 1   [ RunTime:0.000916s ]
SQL: SELECT `goods_number` FROM `cz_goods` WHERE `goods_id` = 16 LIMIT 1   [ RunTime:0.000892s ]
SQL: SHOW COLUMNS FROM `cz_goods` [ RunTime:0.004296s ]
SQL: UPDATE `cz_goods` SET `click_count`=1,`goods_number`=9 WHERE `goods_id` = 16 [ RunTime:0.000927s ]

[ 2016-04-15T18:03:39+08:00 ] ::1 /ww/shop/index.php/Home/goods/shopCar
INFO: [ app_begin ] --START--
INFO: Run Behavior\ReadHtmlCacheBehavior [ RunTime:0.000735s ]
INFO: [ app_begin ] --END-- [ RunTime:0.001277s ]
SQL: SHOW COLUMNS FROM `cz_category` [ RunTime:0.002461s ]
SQL: SELECT * FROM `cz_category`  [ RunTime:0.000557s ]
SQL: SHOW COLUMNS FROM `cz_cart` [ RunTime:0.002494s ]
SQL: INSERT INTO `cz_cart` (`user_id`,`goods_id`,`goods_name`,`sell_number`,`shop_price`,`goods_img`,`subtotal`) VALUES (1,16,'高领秋衣女',4,'98.00','/ww/shop',392) [ RunTime:0.000566s ]

[ 2016-04-15T18:03:39+08:00 ] ::1 /ww/shop/index.php/Home/goods/edit
INFO: [ app_begin ] --START--
INFO: Run Behavior\ReadHtmlCacheBehavior [ RunTime:0.000909s ]
INFO: [ app_begin ] --END-- [ RunTime:0.001827s ]
SQL: SHOW COLUMNS FROM `cz_category` [ RunTime:0.002706s ]
SQL: SELECT * FROM `cz_category`  [ RunTime:0.000564s ]
SQL: SHOW COLUMNS FROM `cz_goods` [ RunTime:0.002802s ]
SQL: SELECT `click_count` FROM `cz_goods` WHERE `goods_id` = 16 LIMIT 1   [ RunTime:0.000503s ]
SQL: SELECT `goods_number` FROM `cz_goods` WHERE `goods_id` = 16 LIMIT 1   [ RunTime:0.000376s ]
SQL: SHOW COLUMNS FROM `cz_goods` [ RunTime:0.002564s ]
SQL: UPDATE `cz_goods` SET `click_count`=5,`goods_number`=5 WHERE `goods_id` = 16 [ RunTime:0.000815s ]

[ 2016-04-15T19:37:36+08:00 ] ::1 /ww/shop/index.php/Home/User/reg
ERR: 错误的查询条件:[user=>ee]

[ 2016-04-15T19:38:34+08:00 ] ::1 /ww/shop/index.php/Home/User/reg
ERR: 错误的查询条件:[user=>ee]

[ 2016-04-15T19:40:35+08:00 ] ::1 /ww/shop/index.php/Home/User/reg
ERR: 错误的查询条件:[user=>ee]

[ 2016-04-15T19:41:46+08:00 ] ::1 /ww/shop/index.php/Home/User/reg
ERR: 错误的查询条件:[user=>ee]

[ 2016-04-15T19:41:47+08:00 ] ::1 /ww/shop/index.php/Home/User/reg
ERR: 错误的查询条件:[user=>ee]

[ 2016-04-15T19:41:50+08:00 ] ::1 /ww/shop/index.php/Home/User/reg
ERR: 错误的查询条件:[user=>ee]

[ 2016-04-15T19:42:00+08:00 ] ::1 /ww/shop/index.php/Home/User/reg
ERR: 错误的查询条件:[user=>33]

[ 2016-04-15T19:49:06+08:00 ] ::1 /ww/shop/index.php/Home/User/reg
ERR: 错误的查询条件:[username=>33]

[ 2016-04-15T19:49:07+08:00 ] ::1 /ww/shop/index.php/Home/User/reg
ERR: 错误的查询条件:[username=>33]

[ 2016-04-15T19:57:37+08:00 ] ::1 /ww/shop/index.php/Home/User/reg
ERR: 非法数据对象！:[repassword=>ee]

[ 2016-04-15T20:11:36+08:00 ] ::1 /ww/shop/index.php/Home/goods/shopCar
INFO: [ app_begin ] --START--
INFO: Run Behavior\ReadHtmlCacheBehavior [ RunTime:0.000552s ]
INFO: [ app_begin ] --END-- [ RunTime:0.001036s ]
SQL: SHOW COLUMNS FROM `cz_category` [ RunTime:0.002543s ]
SQL: SELECT * FROM `cz_category`  [ RunTime:0.000368s ]
SQL: SHOW COLUMNS FROM `cz_cart` [ RunTime:0.002278s ]
SQL: INSERT INTO `cz_cart` (`user_id`,`goods_id`,`goods_name`,`sell_number`,`shop_price`,`goods_img`,`subtotal`) VALUES (null,14,'以纯春季嘻哈风格男衣',1,'90.00','/ww/shop',90) [ RunTime:0.000384s ]
ERR: 1048:Column 'user_id' cannot be null
 [ SQL语句 ] : INSERT INTO `cz_cart` (`user_id`,`goods_id`,`goods_name`,`sell_number`,`shop_price`,`goods_img`,`subtotal`) VALUES (null,14,'以纯春季嘻哈风格男衣',1,'90.00','/ww/shop',90)

[ 2016-04-15T20:11:36+08:00 ] ::1 /ww/shop/index.php/Home/goods/edit
INFO: [ app_begin ] --START--
INFO: Run Behavior\ReadHtmlCacheBehavior [ RunTime:0.000557s ]
INFO: [ app_begin ] --END-- [ RunTime:0.001033s ]
SQL: SHOW COLUMNS FROM `cz_category` [ RunTime:0.003218s ]
SQL: SELECT * FROM `cz_category`  [ RunTime:0.000440s ]
SQL: SHOW COLUMNS FROM `cz_goods` [ RunTime:0.003015s ]
SQL: SELECT `click_count` FROM `cz_goods` WHERE `goods_id` = 14 LIMIT 1   [ RunTime:0.000425s ]
SQL: SELECT `goods_number` FROM `cz_goods` WHERE `goods_id` = 14 LIMIT 1   [ RunTime:0.000248s ]
SQL: SHOW COLUMNS FROM `cz_goods` [ RunTime:0.003359s ]
SQL: UPDATE `cz_goods` SET `click_count`=1,`goods_number`=3 WHERE `goods_id` = 14 [ RunTime:0.001262s ]

[ 2016-04-15T21:15:16+08:00 ] ::1 /ww/shop/index.php/Home/admin
ERR: 无法加载控制器:Admin

[ 2016-04-15T23:01:24+08:00 ] ::1 /ww/shop/index.php/Home/goods/shopCar
INFO: [ app_begin ] --START--
INFO: Run Behavior\ReadHtmlCacheBehavior [ RunTime:0.001319s ]
INFO: [ app_begin ] --END-- [ RunTime:0.002416s ]
SQL: SHOW COLUMNS FROM `cz_category` [ RunTime:0.005735s ]
SQL: SELECT * FROM `cz_category`  [ RunTime:0.001770s ]
SQL: SHOW COLUMNS FROM `cz_cart` [ RunTime:0.005708s ]
SQL: INSERT INTO `cz_cart` (`user_id`,`goods_id`,`goods_name`,`sell_number`,`shop_price`,`goods_img`,`subtotal`) VALUES (null,15,'女士皮衣',1,'300.00','/ww/shop',300) [ RunTime:0.001483s ]
ERR: 1048:Column 'user_id' cannot be null
 [ SQL语句 ] : INSERT INTO `cz_cart` (`user_id`,`goods_id`,`goods_name`,`sell_number`,`shop_price`,`goods_img`,`subtotal`) VALUES (null,15,'女士皮衣',1,'300.00','/ww/shop',300)

[ 2016-04-15T23:01:24+08:00 ] ::1 /ww/shop/index.php/Home/goods/edit
INFO: [ app_begin ] --START--
INFO: Run Behavior\ReadHtmlCacheBehavior [ RunTime:0.001040s ]
INFO: [ app_begin ] --END-- [ RunTime:0.001972s ]
SQL: SHOW COLUMNS FROM `cz_category` [ RunTime:0.005307s ]
SQL: SELECT * FROM `cz_category`  [ RunTime:0.001546s ]
SQL: SHOW COLUMNS FROM `cz_goods` [ RunTime:0.005536s ]
SQL: SELECT `click_count` FROM `cz_goods` WHERE `goods_id` = 15 LIMIT 1   [ RunTime:0.001542s ]
SQL: SELECT `goods_number` FROM `cz_goods` WHERE `goods_id` = 15 LIMIT 1   [ RunTime:0.001937s ]
SQL: SHOW COLUMNS FROM `cz_goods` [ RunTime:0.006792s ]
SQL: UPDATE `cz_goods` SET `click_count`=2,`goods_number`=9 WHERE `goods_id` = 15 [ RunTime:0.001653s ]

[ 2016-04-15T23:02:52+08:00 ] ::1 /ww/shop/index.php/Home/goods/shopCar
INFO: [ app_begin ] --START--
INFO: Run Behavior\ReadHtmlCacheBehavior [ RunTime:0.000960s ]
INFO: [ app_begin ] --END-- [ RunTime:0.001789s ]
SQL: SHOW COLUMNS FROM `cz_category` [ RunTime:0.003550s ]
SQL: SELECT * FROM `cz_category`  [ RunTime:0.000997s ]
SQL: SHOW COLUMNS FROM `cz_cart` [ RunTime:0.003849s ]
SQL: INSERT INTO `cz_cart` (`user_id`,`goods_id`,`goods_name`,`sell_number`,`shop_price`,`goods_img`,`subtotal`) VALUES (1,15,'女士皮衣',1,'300.00','/ww/shop',300) [ RunTime:0.001185s ]

[ 2016-04-15T23:02:52+08:00 ] ::1 /ww/shop/index.php/Home/goods/edit
INFO: [ app_begin ] --START--
INFO: Run Behavior\ReadHtmlCacheBehavior [ RunTime:0.000802s ]
INFO: [ app_begin ] --END-- [ RunTime:0.001577s ]
SQL: SHOW COLUMNS FROM `cz_category` [ RunTime:0.003443s ]
SQL: SELECT * FROM `cz_category`  [ RunTime:0.000626s ]
SQL: SHOW COLUMNS FROM `cz_goods` [ RunTime:0.003420s ]
SQL: SELECT `click_count` FROM `cz_goods` WHERE `goods_id` = 15 LIMIT 1   [ RunTime:0.000669s ]
SQL: SELECT `goods_number` FROM `cz_goods` WHERE `goods_id` = 15 LIMIT 1   [ RunTime:0.000463s ]
SQL: SHOW COLUMNS FROM `cz_goods` [ RunTime:0.004847s ]
SQL: UPDATE `cz_goods` SET `click_count`=3,`goods_number`=8 WHERE `goods_id` = 15 [ RunTime:0.000856s ]

[ 2016-04-15T23:02:56+08:00 ] ::1 /ww/shop/index.php/Home/goods/shopCar
INFO: [ app_begin ] --START--
INFO: Run Behavior\ReadHtmlCacheBehavior [ RunTime:0.000600s ]
INFO: [ app_begin ] --END-- [ RunTime:0.001258s ]
SQL: SHOW COLUMNS FROM `cz_category` [ RunTime:0.002659s ]
SQL: SELECT * FROM `cz_category`  [ RunTime:0.000571s ]
SQL: SHOW COLUMNS FROM `cz_cart` [ RunTime:0.002762s ]
SQL: INSERT INTO `cz_cart` (`user_id`,`goods_id`,`goods_name`,`sell_number`,`shop_price`,`goods_img`,`subtotal`) VALUES (1,15,'女士皮衣',1,'300.00','/ww/shop',300) [ RunTime:0.000443s ]

[ 2016-04-15T23:02:56+08:00 ] ::1 /ww/shop/index.php/Home/goods/edit
INFO: [ app_begin ] --START--
INFO: Run Behavior\ReadHtmlCacheBehavior [ RunTime:0.000569s ]
INFO: [ app_begin ] --END-- [ RunTime:0.001025s ]
SQL: SHOW COLUMNS FROM `cz_category` [ RunTime:0.002995s ]
SQL: SELECT * FROM `cz_category`  [ RunTime:0.000823s ]
SQL: SHOW COLUMNS FROM `cz_goods` [ RunTime:0.003702s ]
SQL: SELECT `click_count` FROM `cz_goods` WHERE `goods_id` = 15 LIMIT 1   [ RunTime:0.001160s ]
SQL: SELECT `goods_number` FROM `cz_goods` WHERE `goods_id` = 15 LIMIT 1   [ RunTime:0.000935s ]
SQL: SHOW COLUMNS FROM `cz_goods` [ RunTime:0.003581s ]
SQL: UPDATE `cz_goods` SET `click_count`=4,`goods_number`=7 WHERE `goods_id` = 15 [ RunTime:0.001203s ]

[ 2016-04-15T23:03:03+08:00 ] ::1 /ww/shop/index.php/Home/cart/delete
INFO: [ app_begin ] --START--
INFO: Run Behavior\ReadHtmlCacheBehavior [ RunTime:0.000614s ]
INFO: [ app_begin ] --END-- [ RunTime:0.001095s ]
SQL: SHOW COLUMNS FROM `cz_category` [ RunTime:0.003012s ]
SQL: SELECT * FROM `cz_category`  [ RunTime:0.000681s ]
SQL: SHOW COLUMNS FROM `cz_cart` [ RunTime:0.002775s ]
SQL: DELETE FROM `cz_cart` WHERE `cart_id` = 49 [ RunTime:0.000759s ]

[ 2016-04-15T23:03:04+08:00 ] ::1 /ww/shop/index.php/Home/cart/submitOrder
INFO: [ app_begin ] --START--
INFO: Run Behavior\ReadHtmlCacheBehavior [ RunTime:0.000656s ]
INFO: [ app_begin ] --END-- [ RunTime:0.001179s ]
SQL: SHOW COLUMNS FROM `cz_category` [ RunTime:0.002905s ]
SQL: SELECT * FROM `cz_category`  [ RunTime:0.000568s ]
SQL: SHOW COLUMNS FROM `cz_order` [ RunTime:0.002542s ]
SQL: INSERT INTO `cz_order` (`user_id`,`user_name`,`address_id`,`order_amount`,`order_time`) VALUES (1,'wb',0,'600.00','2016-4-15 23:2:59') [ RunTime:0.000592s ]

[ 2016-04-15T23:03:08+08:00 ] ::1 /ww/shop/index.php/Home/cart/delete
INFO: [ app_begin ] --START--
INFO: Run Behavior\ReadHtmlCacheBehavior [ RunTime:0.000586s ]
INFO: [ app_begin ] --END-- [ RunTime:0.001077s ]
SQL: SHOW COLUMNS FROM `cz_category` [ RunTime:0.002503s ]
SQL: SELECT * FROM `cz_category`  [ RunTime:0.001434s ]
SQL: SHOW COLUMNS FROM `cz_cart` [ RunTime:0.003736s ]
SQL: DELETE FROM `cz_cart` WHERE `cart_id` = 49 [ RunTime:0.000363s ]

[ 2016-04-15T23:03:08+08:00 ] ::1 /ww/shop/index.php/Home/cart/submitOrder
INFO: [ app_begin ] --START--
INFO: Run Behavior\ReadHtmlCacheBehavior [ RunTime:0.000592s ]
INFO: [ app_begin ] --END-- [ RunTime:0.001131s ]
SQL: SHOW COLUMNS FROM `cz_category` [ RunTime:0.002297s ]
SQL: SELECT * FROM `cz_category`  [ RunTime:0.000465s ]
SQL: SHOW COLUMNS FROM `cz_order` [ RunTime:0.002952s ]
SQL: INSERT INTO `cz_order` (`user_id`,`user_name`,`address_id`,`order_amount`,`order_time`) VALUES (1,'wb',0,'600.00','2016-4-15 23:2:59') [ RunTime:0.000572s ]

[ 2016-04-15T23:03:13+08:00 ] ::1 /ww/shop/index.php/Home/cart/delete
INFO: [ app_begin ] --START--
INFO: Run Behavior\ReadHtmlCacheBehavior [ RunTime:0.000574s ]
INFO: [ app_begin ] --END-- [ RunTime:0.001068s ]
SQL: SHOW COLUMNS FROM `cz_category` [ RunTime:0.002492s ]
SQL: SELECT * FROM `cz_category`  [ RunTime:0.000452s ]
SQL: SHOW COLUMNS FROM `cz_cart` [ RunTime:0.002475s ]
SQL: DELETE FROM `cz_cart` WHERE `cart_id` = 49 [ RunTime:0.000280s ]

[ 2016-04-15T23:03:13+08:00 ] ::1 /ww/shop/index.php/Home/cart/submitOrder
INFO: [ app_begin ] --START--
INFO: Run Behavior\ReadHtmlCacheBehavior [ RunTime:0.000572s ]
INFO: [ app_begin ] --END-- [ RunTime:0.001067s ]
SQL: SHOW COLUMNS FROM `cz_category` [ RunTime:0.002567s ]
SQL: SELECT * FROM `cz_category`  [ RunTime:0.000651s ]
SQL: SHOW COLUMNS FROM `cz_order` [ RunTime:0.002602s ]
SQL: INSERT INTO `cz_order` (`user_id`,`user_name`,`address_id`,`order_amount`,`order_time`) VALUES (1,'wb',17,'600.00','2016-4-15 23:2:59') [ RunTime:0.001055s ]

[ 2016-04-15T23:03:17+08:00 ] ::1 /ww/shop/index.php/Home/cart/delete
INFO: [ app_begin ] --START--
INFO: Run Behavior\ReadHtmlCacheBehavior [ RunTime:0.000722s ]
INFO: [ app_begin ] --END-- [ RunTime:0.001287s ]
SQL: SHOW COLUMNS FROM `cz_category` [ RunTime:0.002391s ]
SQL: SELECT * FROM `cz_category`  [ RunTime:0.000375s ]
SQL: SHOW COLUMNS FROM `cz_cart` [ RunTime:0.002271s ]
SQL: DELETE FROM `cz_cart` WHERE `cart_id` = 49 [ RunTime:0.000321s ]

[ 2016-04-15T23:03:17+08:00 ] ::1 /ww/shop/index.php/Home/cart/submitOrder
INFO: [ app_begin ] --START--
INFO: Run Behavior\ReadHtmlCacheBehavior [ RunTime:0.000577s ]
INFO: [ app_begin ] --END-- [ RunTime:0.001060s ]
SQL: SHOW COLUMNS FROM `cz_category` [ RunTime:0.002479s ]
SQL: SELECT * FROM `cz_category`  [ RunTime:0.000512s ]
SQL: SHOW COLUMNS FROM `cz_order` [ RunTime:0.002385s ]
SQL: INSERT INTO `cz_order` (`user_id`,`user_name`,`address_id`,`order_amount`,`order_time`) VALUES (1,'wb',18,'600.00','2016-4-15 23:2:59') [ RunTime:0.000484s ]

