[ 2016-04-16T09:38:35+08:00 ] ::1 /ww/shop/index.php/Home/goods/shopCar
INFO: [ app_begin ] --START--
INFO: Run Behavior\ReadHtmlCacheBehavior [ RunTime:0.000817s ]
INFO: [ app_begin ] --END-- [ RunTime:0.001491s ]
SQL: SHOW COLUMNS FROM `cz_category` [ RunTime:0.004503s ]
SQL: SELECT * FROM `cz_category`  [ RunTime:0.000852s ]

[ 2016-04-16T09:38:35+08:00 ] ::1 /ww/shop/index.php/Home/goods/edit
INFO: [ app_begin ] --START--
INFO: Run Behavior\ReadHtmlCacheBehavior [ RunTime:0.000972s ]
INFO: [ app_begin ] --END-- [ RunTime:0.001708s ]
SQL: SHOW COLUMNS FROM `cz_category` [ RunTime:0.003062s ]
SQL: SELECT * FROM `cz_category`  [ RunTime:0.000647s ]
SQL: SHOW COLUMNS FROM `cz_goods` [ RunTime:0.003496s ]
SQL: SELECT `click_count` FROM `cz_goods` WHERE `goods_id` = 15 LIMIT 1   [ RunTime:0.000871s ]
SQL: SELECT `goods_number` FROM `cz_goods` WHERE `goods_id` = 15 LIMIT 1   [ RunTime:0.000414s ]
SQL: SHOW COLUMNS FROM `cz_goods` [ RunTime:0.003489s ]
SQL: UPDATE `cz_goods` SET `click_count`=5,`goods_number`=6 WHERE `goods_id` = 15 [ RunTime:0.000746s ]

[ 2016-04-16T09:39:18+08:00 ] ::1 /ww/shop/index.php/Home/goods/shopCar
INFO: [ app_begin ] --START--
INFO: Run Behavior\ReadHtmlCacheBehavior [ RunTime:0.000893s ]
INFO: [ app_begin ] --END-- [ RunTime:0.001573s ]
SQL: SHOW COLUMNS FROM `cz_category` [ RunTime:0.002748s ]
SQL: SELECT * FROM `cz_category`  [ RunTime:0.000539s ]

[ 2016-04-16T09:39:18+08:00 ] ::1 /ww/shop/index.php/Home/goods/edit
INFO: [ app_begin ] --START--
INFO: Run Behavior\ReadHtmlCacheBehavior [ RunTime:0.000870s ]
INFO: [ app_begin ] --END-- [ RunTime:0.001480s ]
SQL: SHOW COLUMNS FROM `cz_category` [ RunTime:0.002298s ]
SQL: SELECT * FROM `cz_category`  [ RunTime:0.000534s ]
SQL: SHOW COLUMNS FROM `cz_goods` [ RunTime:0.002551s ]
SQL: SELECT `click_count` FROM `cz_goods` WHERE `goods_id` = 15 LIMIT 1   [ RunTime:0.000516s ]
SQL: SELECT `goods_number` FROM `cz_goods` WHERE `goods_id` = 15 LIMIT 1   [ RunTime:0.000339s ]
SQL: SHOW COLUMNS FROM `cz_goods` [ RunTime:0.002494s ]
SQL: UPDATE `cz_goods` SET `click_count`=6,`goods_number`=5 WHERE `goods_id` = 15 [ RunTime:0.000588s ]

[ 2016-04-16T09:39:21+08:00 ] ::1 /ww/shop/index.php/Home/goods/shopCar
INFO: [ app_begin ] --START--
INFO: Run Behavior\ReadHtmlCacheBehavior [ RunTime:0.000867s ]
INFO: [ app_begin ] --END-- [ RunTime:0.001541s ]
SQL: SHOW COLUMNS FROM `cz_category` [ RunTime:0.002870s ]
SQL: SELECT * FROM `cz_category`  [ RunTime:0.000396s ]

[ 2016-04-16T09:39:21+08:00 ] ::1 /ww/shop/index.php/Home/goods/edit
INFO: [ app_begin ] --START--
INFO: Run Behavior\ReadHtmlCacheBehavior [ RunTime:0.000881s ]
INFO: [ app_begin ] --END-- [ RunTime:0.001510s ]
SQL: SHOW COLUMNS FROM `cz_category` [ RunTime:0.002501s ]
SQL: SELECT * FROM `cz_category`  [ RunTime:0.000468s ]
SQL: SHOW COLUMNS FROM `cz_goods` [ RunTime:0.002978s ]
SQL: SELECT `click_count` FROM `cz_goods` WHERE `goods_id` = 15 LIMIT 1   [ RunTime:0.000482s ]
SQL: SELECT `goods_number` FROM `cz_goods` WHERE `goods_id` = 15 LIMIT 1   [ RunTime:0.000407s ]
SQL: SHOW COLUMNS FROM `cz_goods` [ RunTime:0.002851s ]
SQL: UPDATE `cz_goods` SET `click_count`=7,`goods_number`=4 WHERE `goods_id` = 15 [ RunTime:0.000603s ]

[ 2016-04-16T09:39:21+08:00 ] ::1 /ww/shop/index.php/Home/goods/shopCar
INFO: [ app_begin ] --START--
INFO: Run Behavior\ReadHtmlCacheBehavior [ RunTime:0.000871s ]
INFO: [ app_begin ] --END-- [ RunTime:0.001577s ]
SQL: SHOW COLUMNS FROM `cz_category` [ RunTime:0.005194s ]
SQL: SELECT * FROM `cz_category`  [ RunTime:0.000712s ]

[ 2016-04-16T09:39:21+08:00 ] ::1 /ww/shop/index.php/Home/goods/edit
INFO: [ app_begin ] --START--
INFO: Run Behavior\ReadHtmlCacheBehavior [ RunTime:0.000530s ]
INFO: [ app_begin ] --END-- [ RunTime:0.000952s ]
SQL: SHOW COLUMNS FROM `cz_category` [ RunTime:0.003347s ]
SQL: SELECT * FROM `cz_category`  [ RunTime:0.000798s ]
SQL: SHOW COLUMNS FROM `cz_goods` [ RunTime:0.004202s ]
SQL: SELECT `click_count` FROM `cz_goods` WHERE `goods_id` = 15 LIMIT 1   [ RunTime:0.000583s ]
SQL: SELECT `goods_number` FROM `cz_goods` WHERE `goods_id` = 15 LIMIT 1   [ RunTime:0.000436s ]
SQL: SHOW COLUMNS FROM `cz_goods` [ RunTime:0.003376s ]
SQL: UPDATE `cz_goods` SET `click_count`=8,`goods_number`=3 WHERE `goods_id` = 15 [ RunTime:0.000420s ]

[ 2016-04-16T09:39:21+08:00 ] ::1 /ww/shop/index.php/Home/goods/shopCar
INFO: [ app_begin ] --START--
INFO: Run Behavior\ReadHtmlCacheBehavior [ RunTime:0.000794s ]
INFO: [ app_begin ] --END-- [ RunTime:0.001403s ]
SQL: SHOW COLUMNS FROM `cz_category` [ RunTime:0.002451s ]
SQL: SELECT * FROM `cz_category`  [ RunTime:0.000438s ]

[ 2016-04-16T09:39:21+08:00 ] ::1 /ww/shop/index.php/Home/goods/edit
INFO: [ app_begin ] --START--
INFO: Run Behavior\ReadHtmlCacheBehavior [ RunTime:0.000781s ]
INFO: [ app_begin ] --END-- [ RunTime:0.001401s ]
SQL: SHOW COLUMNS FROM `cz_category` [ RunTime:0.002461s ]
SQL: SELECT * FROM `cz_category`  [ RunTime:0.000552s ]
SQL: SHOW COLUMNS FROM `cz_goods` [ RunTime:0.002887s ]
SQL: SELECT `click_count` FROM `cz_goods` WHERE `goods_id` = 15 LIMIT 1   [ RunTime:0.000584s ]
SQL: SELECT `goods_number` FROM `cz_goods` WHERE `goods_id` = 15 LIMIT 1   [ RunTime:0.000489s ]
SQL: SHOW COLUMNS FROM `cz_goods` [ RunTime:0.002848s ]
SQL: UPDATE `cz_goods` SET `click_count`=9,`goods_number`=2 WHERE `goods_id` = 15 [ RunTime:0.001021s ]

[ 2016-04-16T09:39:22+08:00 ] ::1 /ww/shop/index.php/Home/goods/shopCar
INFO: [ app_begin ] --START--
INFO: Run Behavior\ReadHtmlCacheBehavior [ RunTime:0.000869s ]
INFO: [ app_begin ] --END-- [ RunTime:0.001576s ]
SQL: SHOW COLUMNS FROM `cz_category` [ RunTime:0.002844s ]
SQL: SELECT * FROM `cz_category`  [ RunTime:0.000647s ]

[ 2016-04-16T09:39:22+08:00 ] ::1 /ww/shop/index.php/Home/goods/edit
INFO: [ app_begin ] --START--
INFO: Run Behavior\ReadHtmlCacheBehavior [ RunTime:0.000842s ]
INFO: [ app_begin ] --END-- [ RunTime:0.001441s ]
SQL: SHOW COLUMNS FROM `cz_category` [ RunTime:0.002999s ]
SQL: SELECT * FROM `cz_category`  [ RunTime:0.000575s ]
SQL: SHOW COLUMNS FROM `cz_goods` [ RunTime:0.002762s ]
SQL: SELECT `click_count` FROM `cz_goods` WHERE `goods_id` = 15 LIMIT 1   [ RunTime:0.000542s ]
SQL: SELECT `goods_number` FROM `cz_goods` WHERE `goods_id` = 15 LIMIT 1   [ RunTime:0.000361s ]
SQL: SHOW COLUMNS FROM `cz_goods` [ RunTime:0.002774s ]
SQL: UPDATE `cz_goods` SET `click_count`=10,`goods_number`=1 WHERE `goods_id` = 15 [ RunTime:0.000552s ]

[ 2016-04-16T09:39:32+08:00 ] ::1 /ww/shop/index.php/Home/goods/shopCar
INFO: [ app_begin ] --START--
INFO: Run Behavior\ReadHtmlCacheBehavior [ RunTime:0.000560s ]
INFO: [ app_begin ] --END-- [ RunTime:0.001021s ]
SQL: SHOW COLUMNS FROM `cz_category` [ RunTime:0.002824s ]
SQL: SELECT * FROM `cz_category`  [ RunTime:0.000790s ]

[ 2016-04-16T09:39:32+08:00 ] ::1 /ww/shop/index.php/Home/goods/edit
INFO: [ app_begin ] --START--
INFO: Run Behavior\ReadHtmlCacheBehavior [ RunTime:0.000788s ]
INFO: [ app_begin ] --END-- [ RunTime:0.001241s ]
SQL: SHOW COLUMNS FROM `cz_category` [ RunTime:0.002623s ]
SQL: SELECT * FROM `cz_category`  [ RunTime:0.000621s ]
SQL: SHOW COLUMNS FROM `cz_goods` [ RunTime:0.003045s ]
SQL: SELECT `click_count` FROM `cz_goods` WHERE `goods_id` = 15 LIMIT 1   [ RunTime:0.000623s ]
SQL: SELECT `goods_number` FROM `cz_goods` WHERE `goods_id` = 15 LIMIT 1   [ RunTime:0.000542s ]
SQL: SHOW COLUMNS FROM `cz_goods` [ RunTime:0.003425s ]
SQL: UPDATE `cz_goods` SET `click_count`=11,`goods_number`=0 WHERE `goods_id` = 15 [ RunTime:0.000790s ]

[ 2016-04-16T09:39:45+08:00 ] ::1 /ww/shop/index.php/Home/goods/shopCar
INFO: [ app_begin ] --START--
INFO: Run Behavior\ReadHtmlCacheBehavior [ RunTime:0.000782s ]
INFO: [ app_begin ] --END-- [ RunTime:0.001385s ]
SQL: SHOW COLUMNS FROM `cz_category` [ RunTime:0.003806s ]
SQL: SELECT * FROM `cz_category`  [ RunTime:0.005170s ]

[ 2016-04-16T09:39:45+08:00 ] ::1 /ww/shop/index.php/Home/goods/edit
INFO: [ app_begin ] --START--
INFO: Run Behavior\ReadHtmlCacheBehavior [ RunTime:0.000778s ]
INFO: [ app_begin ] --END-- [ RunTime:0.001398s ]
SQL: SHOW COLUMNS FROM `cz_category` [ RunTime:0.003874s ]
SQL: SELECT * FROM `cz_category`  [ RunTime:0.000850s ]
SQL: SHOW COLUMNS FROM `cz_goods` [ RunTime:0.004200s ]
SQL: SELECT `click_count` FROM `cz_goods` WHERE `goods_id` = 15 LIMIT 1   [ RunTime:0.000781s ]
SQL: SELECT `goods_number` FROM `cz_goods` WHERE `goods_id` = 15 LIMIT 1   [ RunTime:0.000679s ]
SQL: SHOW COLUMNS FROM `cz_goods` [ RunTime:0.004129s ]
SQL: UPDATE `cz_goods` SET `click_count`=12,`goods_number`=-1 WHERE `goods_id` = 15 [ RunTime:0.000950s ]

[ 2016-04-16T09:39:46+08:00 ] ::1 /ww/shop/index.php/Home/goods/shopCar
INFO: [ app_begin ] --START--
INFO: Run Behavior\ReadHtmlCacheBehavior [ RunTime:0.001136s ]
INFO: [ app_begin ] --END-- [ RunTime:0.001826s ]
SQL: SHOW COLUMNS FROM `cz_category` [ RunTime:0.002610s ]
SQL: SELECT * FROM `cz_category`  [ RunTime:0.000357s ]

[ 2016-04-16T09:39:46+08:00 ] ::1 /ww/shop/index.php/Home/goods/edit
INFO: [ app_begin ] --START--
INFO: Run Behavior\ReadHtmlCacheBehavior [ RunTime:0.000549s ]
INFO: [ app_begin ] --END-- [ RunTime:0.001035s ]
SQL: SHOW COLUMNS FROM `cz_category` [ RunTime:0.002522s ]
SQL: SELECT * FROM `cz_category`  [ RunTime:0.000440s ]
SQL: SHOW COLUMNS FROM `cz_goods` [ RunTime:0.002727s ]
SQL: SELECT `click_count` FROM `cz_goods` WHERE `goods_id` = 15 LIMIT 1   [ RunTime:0.000439s ]
SQL: SELECT `goods_number` FROM `cz_goods` WHERE `goods_id` = 15 LIMIT 1   [ RunTime:0.000300s ]
SQL: SHOW COLUMNS FROM `cz_goods` [ RunTime:0.002659s ]
SQL: UPDATE `cz_goods` SET `click_count`=13,`goods_number`=-1 WHERE `goods_id` = 15 [ RunTime:0.000439s ]

[ 2016-04-16T09:39:46+08:00 ] ::1 /ww/shop/index.php/Home/goods/shopCar
INFO: [ app_begin ] --START--
INFO: Run Behavior\ReadHtmlCacheBehavior [ RunTime:0.001151s ]
INFO: [ app_begin ] --END-- [ RunTime:0.001952s ]
SQL: SHOW COLUMNS FROM `cz_category` [ RunTime:0.002358s ]
SQL: SELECT * FROM `cz_category`  [ RunTime:0.000554s ]

[ 2016-04-16T09:39:46+08:00 ] ::1 /ww/shop/index.php/Home/goods/edit
INFO: [ app_begin ] --START--
INFO: Run Behavior\ReadHtmlCacheBehavior [ RunTime:0.000662s ]
INFO: [ app_begin ] --END-- [ RunTime:0.001176s ]
SQL: SHOW COLUMNS FROM `cz_category` [ RunTime:0.003315s ]
SQL: SELECT * FROM `cz_category`  [ RunTime:0.000789s ]
SQL: SHOW COLUMNS FROM `cz_goods` [ RunTime:0.003397s ]
SQL: SELECT `click_count` FROM `cz_goods` WHERE `goods_id` = 15 LIMIT 1   [ RunTime:0.000754s ]
SQL: SELECT `goods_number` FROM `cz_goods` WHERE `goods_id` = 15 LIMIT 1   [ RunTime:0.000672s ]
SQL: SHOW COLUMNS FROM `cz_goods` [ RunTime:0.013229s ]
SQL: UPDATE `cz_goods` SET `click_count`=14,`goods_number`=-1 WHERE `goods_id` = 15 [ RunTime:0.000701s ]

[ 2016-04-16T09:39:46+08:00 ] ::1 /ww/shop/index.php/Home/goods/shopCar
INFO: [ app_begin ] --START--
INFO: Run Behavior\ReadHtmlCacheBehavior [ RunTime:0.000683s ]
INFO: [ app_begin ] --END-- [ RunTime:0.001213s ]
SQL: SHOW COLUMNS FROM `cz_category` [ RunTime:0.003082s ]
SQL: SELECT * FROM `cz_category`  [ RunTime:0.000459s ]

[ 2016-04-16T09:39:46+08:00 ] ::1 /ww/shop/index.php/Home/goods/edit
INFO: [ app_begin ] --START--
INFO: Run Behavior\ReadHtmlCacheBehavior [ RunTime:0.000828s ]
INFO: [ app_begin ] --END-- [ RunTime:0.001645s ]
SQL: SHOW COLUMNS FROM `cz_category` [ RunTime:0.002389s ]
SQL: SELECT * FROM `cz_category`  [ RunTime:0.000438s ]
SQL: SHOW COLUMNS FROM `cz_goods` [ RunTime:0.002684s ]
SQL: SELECT `click_count` FROM `cz_goods` WHERE `goods_id` = 15 LIMIT 1   [ RunTime:0.000425s ]
SQL: SELECT `goods_number` FROM `cz_goods` WHERE `goods_id` = 15 LIMIT 1   [ RunTime:0.000316s ]
SQL: SHOW COLUMNS FROM `cz_goods` [ RunTime:0.002594s ]
SQL: UPDATE `cz_goods` SET `click_count`=15,`goods_number`=-1 WHERE `goods_id` = 15 [ RunTime:0.000460s ]

[ 2016-04-16T09:40:08+08:00 ] ::1 /ww/shop/index.php/Home/goods/shopCar
INFO: [ app_begin ] --START--
INFO: Run Behavior\ReadHtmlCacheBehavior [ RunTime:0.000542s ]
INFO: [ app_begin ] --END-- [ RunTime:0.000985s ]
SQL: SHOW COLUMNS FROM `cz_category` [ RunTime:0.002516s ]
SQL: SELECT * FROM `cz_category`  [ RunTime:0.000524s ]

[ 2016-04-16T09:40:08+08:00 ] ::1 /ww/shop/index.php/Home/goods/edit
INFO: [ app_begin ] --START--
INFO: Run Behavior\ReadHtmlCacheBehavior [ RunTime:0.000550s ]
INFO: [ app_begin ] --END-- [ RunTime:0.001009s ]
SQL: SHOW COLUMNS FROM `cz_category` [ RunTime:0.002765s ]
SQL: SELECT * FROM `cz_category`  [ RunTime:0.000485s ]
SQL: SHOW COLUMNS FROM `cz_goods` [ RunTime:0.002925s ]
SQL: SELECT `click_count` FROM `cz_goods` WHERE `goods_id` = 10 LIMIT 1   [ RunTime:0.000472s ]
SQL: SELECT `goods_number` FROM `cz_goods` WHERE `goods_id` = 10 LIMIT 1   [ RunTime:0.000405s ]
SQL: SHOW COLUMNS FROM `cz_goods` [ RunTime:0.002743s ]
SQL: UPDATE `cz_goods` SET `click_count`=1,`goods_number`=3 WHERE `goods_id` = 10 [ RunTime:0.001028s ]

[ 2016-04-16T09:41:28+08:00 ] ::1 /ww/shop/index.php/Home/goods/shopCar
INFO: [ app_begin ] --START--
INFO: Run Behavior\ReadHtmlCacheBehavior [ RunTime:0.000532s ]
INFO: [ app_begin ] --END-- [ RunTime:0.000952s ]
SQL: SHOW COLUMNS FROM `cz_category` [ RunTime:0.003457s ]
SQL: SELECT * FROM `cz_category`  [ RunTime:0.000607s ]

[ 2016-04-16T09:41:28+08:00 ] ::1 /ww/shop/index.php/Home/goods/edit
INFO: [ app_begin ] --START--
INFO: Run Behavior\ReadHtmlCacheBehavior [ RunTime:0.000719s ]
INFO: [ app_begin ] --END-- [ RunTime:0.001440s ]
SQL: SHOW COLUMNS FROM `cz_category` [ RunTime:0.002528s ]
SQL: SELECT * FROM `cz_category`  [ RunTime:0.000713s ]
SQL: SHOW COLUMNS FROM `cz_goods` [ RunTime:0.003456s ]
SQL: SELECT `click_count` FROM `cz_goods` WHERE `goods_id` = 10 LIMIT 1   [ RunTime:0.000787s ]
SQL: SELECT `goods_number` FROM `cz_goods` WHERE `goods_id` = 10 LIMIT 1   [ RunTime:0.000580s ]
SQL: SHOW COLUMNS FROM `cz_goods` [ RunTime:0.004211s ]
SQL: UPDATE `cz_goods` SET `click_count`=2,`goods_number`=2 WHERE `goods_id` = 10 [ RunTime:0.000681s ]

[ 2016-04-16T09:41:51+08:00 ] ::1 /ww/shop/index.php/Home/goods/shopCar
INFO: [ app_begin ] --START--
INFO: Run Behavior\ReadHtmlCacheBehavior [ RunTime:0.000895s ]
INFO: [ app_begin ] --END-- [ RunTime:0.001591s ]
SQL: SHOW COLUMNS FROM `cz_category` [ RunTime:0.002292s ]
SQL: SELECT * FROM `cz_category`  [ RunTime:0.000376s ]

[ 2016-04-16T09:41:51+08:00 ] ::1 /ww/shop/index.php/Home/goods/edit
INFO: [ app_begin ] --START--
INFO: Run Behavior\ReadHtmlCacheBehavior [ RunTime:0.000537s ]
INFO: [ app_begin ] --END-- [ RunTime:0.000958s ]
SQL: SHOW COLUMNS FROM `cz_category` [ RunTime:0.002475s ]
SQL: SELECT * FROM `cz_category`  [ RunTime:0.000411s ]
SQL: SHOW COLUMNS FROM `cz_goods` [ RunTime:0.002772s ]
SQL: SELECT `click_count` FROM `cz_goods` WHERE `goods_id` = 10 LIMIT 1   [ RunTime:0.000402s ]
SQL: SELECT `goods_number` FROM `cz_goods` WHERE `goods_id` = 10 LIMIT 1   [ RunTime:0.000638s ]
SQL: SHOW COLUMNS FROM `cz_goods` [ RunTime:0.003197s ]
SQL: UPDATE `cz_goods` SET `click_count`=3,`goods_number`=1 WHERE `goods_id` = 10 [ RunTime:0.000454s ]

[ 2016-04-16T09:42:28+08:00 ] ::1 /ww/shop/index.php/Home/goods/shopCar
INFO: [ app_begin ] --START--
INFO: Run Behavior\ReadHtmlCacheBehavior [ RunTime:0.000621s ]
INFO: [ app_begin ] --END-- [ RunTime:0.001104s ]
SQL: SHOW COLUMNS FROM `cz_category` [ RunTime:0.002781s ]
SQL: SELECT * FROM `cz_category`  [ RunTime:0.000434s ]

[ 2016-04-16T09:42:28+08:00 ] ::1 /ww/shop/index.php/Home/goods/edit
INFO: [ app_begin ] --START--
INFO: Run Behavior\ReadHtmlCacheBehavior [ RunTime:0.000615s ]
INFO: [ app_begin ] --END-- [ RunTime:0.001092s ]
SQL: SHOW COLUMNS FROM `cz_category` [ RunTime:0.002936s ]
SQL: SELECT * FROM `cz_category`  [ RunTime:0.000528s ]
SQL: SHOW COLUMNS FROM `cz_goods` [ RunTime:0.003084s ]
SQL: SELECT `click_count` FROM `cz_goods` WHERE `goods_id` = 10 LIMIT 1   [ RunTime:0.000503s ]
SQL: SELECT `goods_number` FROM `cz_goods` WHERE `goods_id` = 10 LIMIT 1   [ RunTime:0.000494s ]
SQL: SHOW COLUMNS FROM `cz_goods` [ RunTime:0.003741s ]
SQL: UPDATE `cz_goods` SET `click_count`=4,`goods_number`=0 WHERE `goods_id` = 10 [ RunTime:0.000902s ]

[ 2016-04-16T09:44:37+08:00 ] ::1 /ww/shop/index.php/Home/goods/shopCar
INFO: [ app_begin ] --START--
INFO: Run Behavior\ReadHtmlCacheBehavior [ RunTime:0.000829s ]
INFO: [ app_begin ] --END-- [ RunTime:0.001481s ]
SQL: SHOW COLUMNS FROM `cz_category` [ RunTime:0.003476s ]
SQL: SELECT * FROM `cz_category`  [ RunTime:0.000877s ]

[ 2016-04-16T09:44:37+08:00 ] ::1 /ww/shop/index.php/Home/goods/edit
INFO: [ app_begin ] --START--
INFO: Run Behavior\ReadHtmlCacheBehavior [ RunTime:0.000643s ]
INFO: [ app_begin ] --END-- [ RunTime:0.001102s ]
SQL: SHOW COLUMNS FROM `cz_category` [ RunTime:0.002892s ]
SQL: SELECT * FROM `cz_category`  [ RunTime:0.000372s ]
SQL: SHOW COLUMNS FROM `cz_goods` [ RunTime:0.003735s ]
SQL: SELECT `click_count` FROM `cz_goods` WHERE `goods_id` = 10 LIMIT 1   [ RunTime:0.000444s ]
SQL: SELECT `goods_number` FROM `cz_goods` WHERE `goods_id` = 10 LIMIT 1   [ RunTime:0.000270s ]
SQL: SHOW COLUMNS FROM `cz_goods` [ RunTime:0.003444s ]
SQL: UPDATE `cz_goods` SET `click_count`=5,`goods_number`=-1 WHERE `goods_id` = 10 [ RunTime:0.000440s ]

[ 2016-04-16T09:46:06+08:00 ] ::1 /ww/shop/index.php/Home/goods/shopCar
INFO: [ app_begin ] --START--
INFO: Run Behavior\ReadHtmlCacheBehavior [ RunTime:0.000882s ]
INFO: [ app_begin ] --END-- [ RunTime:0.001570s ]
SQL: SHOW COLUMNS FROM `cz_category` [ RunTime:0.002514s ]
SQL: SELECT * FROM `cz_category`  [ RunTime:0.000542s ]

[ 2016-04-16T09:46:06+08:00 ] ::1 /ww/shop/index.php/Home/goods/edit
INFO: [ app_begin ] --START--
INFO: Run Behavior\ReadHtmlCacheBehavior [ RunTime:0.000786s ]
INFO: [ app_begin ] --END-- [ RunTime:0.001421s ]
SQL: SHOW COLUMNS FROM `cz_category` [ RunTime:0.002477s ]
SQL: SELECT * FROM `cz_category`  [ RunTime:0.000530s ]
SQL: SHOW COLUMNS FROM `cz_goods` [ RunTime:0.002779s ]
SQL: SELECT `click_count` FROM `cz_goods` WHERE `goods_id` = 10 LIMIT 1   [ RunTime:0.001037s ]
SQL: SELECT `goods_number` FROM `cz_goods` WHERE `goods_id` = 10 LIMIT 1   [ RunTime:0.001232s ]
SQL: SHOW COLUMNS FROM `cz_goods` [ RunTime:0.003865s ]
SQL: UPDATE `cz_goods` SET `click_count`=6,`goods_number`=79 WHERE `goods_id` = 10 [ RunTime:0.000723s ]

[ 2016-04-16T09:47:00+08:00 ] ::1 /ww/shop/index.php/Home/goods/shopCar
INFO: [ app_begin ] --START--
INFO: Run Behavior\ReadHtmlCacheBehavior [ RunTime:0.000867s ]
INFO: [ app_begin ] --END-- [ RunTime:0.001564s ]
SQL: SHOW COLUMNS FROM `cz_category` [ RunTime:0.002313s ]
SQL: SELECT * FROM `cz_category`  [ RunTime:0.000434s ]

[ 2016-04-16T09:47:00+08:00 ] ::1 /ww/shop/index.php/Home/goods/edit
INFO: [ app_begin ] --START--
INFO: Run Behavior\ReadHtmlCacheBehavior [ RunTime:0.000635s ]
INFO: [ app_begin ] --END-- [ RunTime:0.001091s ]
SQL: SHOW COLUMNS FROM `cz_category` [ RunTime:0.005464s ]
SQL: SELECT * FROM `cz_category`  [ RunTime:0.000814s ]
SQL: SHOW COLUMNS FROM `cz_goods` [ RunTime:0.004075s ]
SQL: SELECT `click_count` FROM `cz_goods` WHERE `goods_id` = 10 LIMIT 1   [ RunTime:0.000598s ]
SQL: SELECT `goods_number` FROM `cz_goods` WHERE `goods_id` = 10 LIMIT 1   [ RunTime:0.000419s ]
SQL: SHOW COLUMNS FROM `cz_goods` [ RunTime:0.004024s ]
SQL: UPDATE `cz_goods` SET `click_count`=7,`goods_number`=78 WHERE `goods_id` = 10 [ RunTime:0.000592s ]

[ 2016-04-16T09:47:33+08:00 ] ::1 /ww/shop/index.php/Home/goods/shopCar
INFO: [ app_begin ] --START--
INFO: Run Behavior\ReadHtmlCacheBehavior [ RunTime:0.000595s ]
INFO: [ app_begin ] --END-- [ RunTime:0.001068s ]
SQL: SHOW COLUMNS FROM `cz_category` [ RunTime:0.003048s ]
SQL: SELECT * FROM `cz_category`  [ RunTime:0.000694s ]

[ 2016-04-16T09:47:33+08:00 ] ::1 /ww/shop/index.php/Home/goods/edit
INFO: [ app_begin ] --START--
INFO: Run Behavior\ReadHtmlCacheBehavior [ RunTime:0.000796s ]
INFO: [ app_begin ] --END-- [ RunTime:0.001371s ]
SQL: SHOW COLUMNS FROM `cz_category` [ RunTime:0.002600s ]
SQL: SELECT * FROM `cz_category`  [ RunTime:0.000433s ]
SQL: SHOW COLUMNS FROM `cz_goods` [ RunTime:0.002599s ]
SQL: SELECT `click_count` FROM `cz_goods` WHERE `goods_id` = 10 LIMIT 1   [ RunTime:0.000413s ]
SQL: SELECT `goods_number` FROM `cz_goods` WHERE `goods_id` = 10 LIMIT 1   [ RunTime:0.000345s ]
SQL: SHOW COLUMNS FROM `cz_goods` [ RunTime:0.002495s ]
SQL: UPDATE `cz_goods` SET `click_count`=8,`goods_number`=77 WHERE `goods_id` = 10 [ RunTime:0.000432s ]

[ 2016-04-16T09:48:08+08:00 ] ::1 /ww/shop/index.php/Home/goods/shopCar
INFO: [ app_begin ] --START--
INFO: Run Behavior\ReadHtmlCacheBehavior [ RunTime:0.000543s ]
INFO: [ app_begin ] --END-- [ RunTime:0.000982s ]
SQL: SHOW COLUMNS FROM `cz_category` [ RunTime:0.002386s ]
SQL: SELECT * FROM `cz_category`  [ RunTime:0.000525s ]

[ 2016-04-16T09:48:08+08:00 ] ::1 /ww/shop/index.php/Home/goods/edit
INFO: [ app_begin ] --START--
INFO: Run Behavior\ReadHtmlCacheBehavior [ RunTime:0.000631s ]
INFO: [ app_begin ] --END-- [ RunTime:0.001137s ]
SQL: SHOW COLUMNS FROM `cz_category` [ RunTime:0.002332s ]
SQL: SELECT * FROM `cz_category`  [ RunTime:0.000488s ]
SQL: SHOW COLUMNS FROM `cz_goods` [ RunTime:0.002669s ]
SQL: SELECT `click_count` FROM `cz_goods` WHERE `goods_id` = 10 LIMIT 1   [ RunTime:0.000489s ]
SQL: SELECT `goods_number` FROM `cz_goods` WHERE `goods_id` = 10 LIMIT 1   [ RunTime:0.000401s ]
SQL: SHOW COLUMNS FROM `cz_goods` [ RunTime:0.002598s ]
SQL: UPDATE `cz_goods` SET `click_count`=9,`goods_number`=76 WHERE `goods_id` = 10 [ RunTime:0.000629s ]

[ 2016-04-16T09:48:09+08:00 ] ::1 /ww/shop/index.php/Home/goods/shopCar
INFO: [ app_begin ] --START--
INFO: Run Behavior\ReadHtmlCacheBehavior [ RunTime:0.000878s ]
INFO: [ app_begin ] --END-- [ RunTime:0.001828s ]
SQL: SHOW COLUMNS FROM `cz_category` [ RunTime:0.002369s ]
SQL: SELECT * FROM `cz_category`  [ RunTime:0.000461s ]

[ 2016-04-16T09:48:09+08:00 ] ::1 /ww/shop/index.php/Home/goods/edit
INFO: [ app_begin ] --START--
INFO: Run Behavior\ReadHtmlCacheBehavior [ RunTime:0.000635s ]
INFO: [ app_begin ] --END-- [ RunTime:0.001223s ]
SQL: SHOW COLUMNS FROM `cz_category` [ RunTime:0.003566s ]
SQL: SELECT * FROM `cz_category`  [ RunTime:0.000723s ]
SQL: SHOW COLUMNS FROM `cz_goods` [ RunTime:0.003103s ]
SQL: SELECT `click_count` FROM `cz_goods` WHERE `goods_id` = 10 LIMIT 1   [ RunTime:0.000483s ]
SQL: SELECT `goods_number` FROM `cz_goods` WHERE `goods_id` = 10 LIMIT 1   [ RunTime:0.000379s ]
SQL: SHOW COLUMNS FROM `cz_goods` [ RunTime:0.002918s ]
SQL: UPDATE `cz_goods` SET `click_count`=10,`goods_number`=75 WHERE `goods_id` = 10 [ RunTime:0.000510s ]

[ 2016-04-16T09:50:25+08:00 ] ::1 /ww/shop/index.php/Home/goods/shopCar
INFO: [ app_begin ] --START--
INFO: Run Behavior\ReadHtmlCacheBehavior [ RunTime:0.000873s ]
INFO: [ app_begin ] --END-- [ RunTime:0.001569s ]
SQL: SHOW COLUMNS FROM `cz_category` [ RunTime:0.002919s ]
SQL: SELECT * FROM `cz_category`  [ RunTime:0.000645s ]

[ 2016-04-16T09:50:25+08:00 ] ::1 /ww/shop/index.php/Home/goods/edit
INFO: [ app_begin ] --START--
INFO: Run Behavior\ReadHtmlCacheBehavior [ RunTime:0.000625s ]
INFO: [ app_begin ] --END-- [ RunTime:0.001082s ]
SQL: SHOW COLUMNS FROM `cz_category` [ RunTime:0.003144s ]
SQL: SELECT * FROM `cz_category`  [ RunTime:0.000584s ]
SQL: SHOW COLUMNS FROM `cz_goods` [ RunTime:0.003121s ]
SQL: SELECT `click_count` FROM `cz_goods` WHERE `goods_id` = 10 LIMIT 1   [ RunTime:0.000586s ]
SQL: SELECT `goods_number` FROM `cz_goods` WHERE `goods_id` = 10 LIMIT 1   [ RunTime:0.000485s ]
SQL: SHOW COLUMNS FROM `cz_goods` [ RunTime:0.003835s ]
SQL: UPDATE `cz_goods` SET `click_count`=11,`goods_number`=74 WHERE `goods_id` = 10 [ RunTime:0.000645s ]

[ 2016-04-16T09:51:24+08:00 ] ::1 /ww/shop/index.php/Home/goods/shopCar
INFO: [ app_begin ] --START--
INFO: Run Behavior\ReadHtmlCacheBehavior [ RunTime:0.000555s ]
INFO: [ app_begin ] --END-- [ RunTime:0.001033s ]
SQL: SHOW COLUMNS FROM `cz_category` [ RunTime:0.002671s ]
SQL: SELECT * FROM `cz_category`  [ RunTime:0.000563s ]

[ 2016-04-16T09:51:24+08:00 ] ::1 /ww/shop/index.php/Home/goods/edit
INFO: [ app_begin ] --START--
INFO: Run Behavior\ReadHtmlCacheBehavior [ RunTime:0.000546s ]
INFO: [ app_begin ] --END-- [ RunTime:0.000993s ]
SQL: SHOW COLUMNS FROM `cz_category` [ RunTime:0.002226s ]
SQL: SELECT * FROM `cz_category`  [ RunTime:0.000520s ]
SQL: SHOW COLUMNS FROM `cz_goods` [ RunTime:0.004268s ]
SQL: SELECT `click_count` FROM `cz_goods` WHERE `goods_id` = 10 LIMIT 1   [ RunTime:0.000675s ]
SQL: SELECT `goods_number` FROM `cz_goods` WHERE `goods_id` = 10 LIMIT 1   [ RunTime:0.000391s ]
SQL: SHOW COLUMNS FROM `cz_goods` [ RunTime:0.002671s ]
SQL: UPDATE `cz_goods` SET `click_count`=12,`goods_number`=73 WHERE `goods_id` = 10 [ RunTime:0.000548s ]

[ 2016-04-16T09:51:54+08:00 ] ::1 /ww/shop/index.php/Home/goods/shopCar
INFO: [ app_begin ] --START--
INFO: Run Behavior\ReadHtmlCacheBehavior [ RunTime:0.000863s ]
INFO: [ app_begin ] --END-- [ RunTime:0.001543s ]
SQL: SHOW COLUMNS FROM `cz_category` [ RunTime:0.002461s ]
SQL: SELECT * FROM `cz_category`  [ RunTime:0.000523s ]

[ 2016-04-16T09:51:54+08:00 ] ::1 /ww/shop/index.php/Home/goods/edit
INFO: [ app_begin ] --START--
INFO: Run Behavior\ReadHtmlCacheBehavior [ RunTime:0.000760s ]
INFO: [ app_begin ] --END-- [ RunTime:0.001322s ]
SQL: SHOW COLUMNS FROM `cz_category` [ RunTime:0.002247s ]
SQL: SELECT * FROM `cz_category`  [ RunTime:0.000463s ]
SQL: SHOW COLUMNS FROM `cz_goods` [ RunTime:0.002560s ]
SQL: SELECT `click_count` FROM `cz_goods` WHERE `goods_id` = 10 LIMIT 1   [ RunTime:0.000457s ]
SQL: SELECT `goods_number` FROM `cz_goods` WHERE `goods_id` = 10 LIMIT 1   [ RunTime:0.000326s ]
SQL: SHOW COLUMNS FROM `cz_goods` [ RunTime:0.002455s ]
SQL: UPDATE `cz_goods` SET `click_count`=13,`goods_number`=72 WHERE `goods_id` = 10 [ RunTime:0.000480s ]

[ 2016-04-16T09:52:23+08:00 ] ::1 /ww/shop/index.php/Home/goods/shopCar
INFO: [ app_begin ] --START--
INFO: Run Behavior\ReadHtmlCacheBehavior [ RunTime:0.000909s ]
INFO: [ app_begin ] --END-- [ RunTime:0.001623s ]
SQL: SHOW COLUMNS FROM `cz_category` [ RunTime:0.002386s ]
SQL: SELECT * FROM `cz_category`  [ RunTime:0.000512s ]

[ 2016-04-16T09:52:23+08:00 ] ::1 /ww/shop/index.php/Home/goods/edit
INFO: [ app_begin ] --START--
INFO: Run Behavior\ReadHtmlCacheBehavior [ RunTime:0.001173s ]
INFO: [ app_begin ] --END-- [ RunTime:0.001929s ]
SQL: SHOW COLUMNS FROM `cz_category` [ RunTime:0.003512s ]
SQL: SELECT * FROM `cz_category`  [ RunTime:0.000716s ]
SQL: SHOW COLUMNS FROM `cz_goods` [ RunTime:0.004096s ]
SQL: SELECT `click_count` FROM `cz_goods` WHERE `goods_id` = 10 LIMIT 1   [ RunTime:0.001971s ]
SQL: SELECT `goods_number` FROM `cz_goods` WHERE `goods_id` = 10 LIMIT 1   [ RunTime:0.000955s ]
SQL: SHOW COLUMNS FROM `cz_goods` [ RunTime:0.004435s ]
SQL: UPDATE `cz_goods` SET `click_count`=14,`goods_number`=71 WHERE `goods_id` = 10 [ RunTime:0.000815s ]

[ 2016-04-16T09:53:08+08:00 ] ::1 /ww/shop/index.php/Home/goods/shopCar
INFO: [ app_begin ] --START--
INFO: Run Behavior\ReadHtmlCacheBehavior [ RunTime:0.000538s ]
INFO: [ app_begin ] --END-- [ RunTime:0.000960s ]
SQL: SHOW COLUMNS FROM `cz_category` [ RunTime:0.002811s ]
SQL: SELECT * FROM `cz_category`  [ RunTime:0.000632s ]

[ 2016-04-16T09:53:08+08:00 ] ::1 /ww/shop/index.php/Home/goods/edit
INFO: [ app_begin ] --START--
INFO: Run Behavior\ReadHtmlCacheBehavior [ RunTime:0.000661s ]
INFO: [ app_begin ] --END-- [ RunTime:0.001150s ]
SQL: SHOW COLUMNS FROM `cz_category` [ RunTime:0.003319s ]
SQL: SELECT * FROM `cz_category`  [ RunTime:0.000796s ]
SQL: SHOW COLUMNS FROM `cz_goods` [ RunTime:0.003987s ]
SQL: SELECT `click_count` FROM `cz_goods` WHERE `goods_id` = 10 LIMIT 1   [ RunTime:0.000471s ]
SQL: SELECT `goods_number` FROM `cz_goods` WHERE `goods_id` = 10 LIMIT 1   [ RunTime:0.000341s ]
SQL: SHOW COLUMNS FROM `cz_goods` [ RunTime:0.002999s ]
SQL: UPDATE `cz_goods` SET `click_count`=15,`goods_number`=70 WHERE `goods_id` = 10 [ RunTime:0.000694s ]

[ 2016-04-16T09:55:27+08:00 ] ::1 /ww/shop/index.php/Home/goods/shopCar
INFO: [ app_begin ] --START--
INFO: Run Behavior\ReadHtmlCacheBehavior [ RunTime:0.000880s ]
INFO: [ app_begin ] --END-- [ RunTime:0.001598s ]
SQL: SHOW COLUMNS FROM `cz_category` [ RunTime:0.003259s ]
SQL: SELECT * FROM `cz_category`  [ RunTime:0.000931s ]

[ 2016-04-16T09:55:27+08:00 ] ::1 /ww/shop/index.php/Home/goods/edit
INFO: [ app_begin ] --START--
INFO: Run Behavior\ReadHtmlCacheBehavior [ RunTime:0.001010s ]
INFO: [ app_begin ] --END-- [ RunTime:0.001815s ]
SQL: SHOW COLUMNS FROM `cz_category` [ RunTime:0.004942s ]
SQL: SELECT * FROM `cz_category`  [ RunTime:0.000574s ]
SQL: SHOW COLUMNS FROM `cz_goods` [ RunTime:0.003412s ]
SQL: SELECT `click_count` FROM `cz_goods` WHERE `goods_id` = 10 LIMIT 1   [ RunTime:0.000503s ]
SQL: SELECT `goods_number` FROM `cz_goods` WHERE `goods_id` = 10 LIMIT 1   [ RunTime:0.000458s ]
SQL: SHOW COLUMNS FROM `cz_goods` [ RunTime:0.004782s ]
SQL: UPDATE `cz_goods` SET `click_count`=16,`goods_number`=69 WHERE `goods_id` = 10 [ RunTime:0.000755s ]

[ 2016-04-16T10:00:47+08:00 ] ::1 /ww/shop/index.php/Home/goods/shopCar
INFO: [ app_begin ] --START--
INFO: Run Behavior\ReadHtmlCacheBehavior [ RunTime:0.000894s ]
INFO: [ app_begin ] --END-- [ RunTime:0.001670s ]
SQL: SHOW COLUMNS FROM `cz_category` [ RunTime:0.002275s ]
SQL: SELECT * FROM `cz_category`  [ RunTime:0.000394s ]

[ 2016-04-16T10:00:47+08:00 ] ::1 /ww/shop/index.php/Home/goods/edit
INFO: [ app_begin ] --START--
INFO: Run Behavior\ReadHtmlCacheBehavior [ RunTime:0.000639s ]
INFO: [ app_begin ] --END-- [ RunTime:0.001093s ]
SQL: SHOW COLUMNS FROM `cz_category` [ RunTime:0.003506s ]
SQL: SELECT * FROM `cz_category`  [ RunTime:0.001017s ]
SQL: SHOW COLUMNS FROM `cz_goods` [ RunTime:0.003627s ]
SQL: SELECT `click_count` FROM `cz_goods` WHERE `goods_id` = 10 LIMIT 1   [ RunTime:0.000607s ]
SQL: SELECT `goods_number` FROM `cz_goods` WHERE `goods_id` = 10 LIMIT 1   [ RunTime:0.000390s ]
SQL: SHOW COLUMNS FROM `cz_goods` [ RunTime:0.003653s ]
SQL: UPDATE `cz_goods` SET `click_count`=17,`goods_number`=68 WHERE `goods_id` = 10 [ RunTime:0.001125s ]

[ 2016-04-16T10:00:51+08:00 ] ::1 /ww/shop/index.php/Home/goods/shopCar
INFO: [ app_begin ] --START--
INFO: Run Behavior\ReadHtmlCacheBehavior [ RunTime:0.000876s ]
INFO: [ app_begin ] --END-- [ RunTime:0.001593s ]
SQL: SHOW COLUMNS FROM `cz_category` [ RunTime:0.004062s ]
SQL: SELECT * FROM `cz_category`  [ RunTime:0.000697s ]

[ 2016-04-16T10:00:51+08:00 ] ::1 /ww/shop/index.php/Home/goods/edit
INFO: [ app_begin ] --START--
INFO: Run Behavior\ReadHtmlCacheBehavior [ RunTime:0.000890s ]
INFO: [ app_begin ] --END-- [ RunTime:0.001661s ]
SQL: SHOW COLUMNS FROM `cz_category` [ RunTime:0.002591s ]
SQL: SELECT * FROM `cz_category`  [ RunTime:0.000823s ]
SQL: SHOW COLUMNS FROM `cz_goods` [ RunTime:0.003483s ]
SQL: SELECT `click_count` FROM `cz_goods` WHERE `goods_id` = 10 LIMIT 1   [ RunTime:0.000721s ]
SQL: SELECT `goods_number` FROM `cz_goods` WHERE `goods_id` = 10 LIMIT 1   [ RunTime:0.000645s ]
SQL: SHOW COLUMNS FROM `cz_goods` [ RunTime:0.003551s ]
SQL: UPDATE `cz_goods` SET `click_count`=18,`goods_number`=67 WHERE `goods_id` = 10 [ RunTime:0.000676s ]

[ 2016-04-16T10:00:53+08:00 ] ::1 /ww/shop/index.php/Home/goods/shopCar
INFO: [ app_begin ] --START--
INFO: Run Behavior\ReadHtmlCacheBehavior [ RunTime:0.000553s ]
INFO: [ app_begin ] --END-- [ RunTime:0.001056s ]
SQL: SHOW COLUMNS FROM `cz_category` [ RunTime:0.002405s ]
SQL: SELECT * FROM `cz_category`  [ RunTime:0.000460s ]

[ 2016-04-16T10:00:53+08:00 ] ::1 /ww/shop/index.php/Home/goods/edit
INFO: [ app_begin ] --START--
INFO: Run Behavior\ReadHtmlCacheBehavior [ RunTime:0.000535s ]
INFO: [ app_begin ] --END-- [ RunTime:0.000946s ]
SQL: SHOW COLUMNS FROM `cz_category` [ RunTime:0.002932s ]
SQL: SELECT * FROM `cz_category`  [ RunTime:0.000768s ]
SQL: SHOW COLUMNS FROM `cz_goods` [ RunTime:0.004028s ]
SQL: SELECT `click_count` FROM `cz_goods` WHERE `goods_id` = 10 LIMIT 1   [ RunTime:0.000480s ]
SQL: SELECT `goods_number` FROM `cz_goods` WHERE `goods_id` = 10 LIMIT 1   [ RunTime:0.000462s ]
SQL: SHOW COLUMNS FROM `cz_goods` [ RunTime:0.003030s ]
SQL: UPDATE `cz_goods` SET `click_count`=19,`goods_number`=66 WHERE `goods_id` = 10 [ RunTime:0.000831s ]

[ 2016-04-16T10:02:03+08:00 ] ::1 /ww/shop/index.php/Home/goods/shopCar
INFO: [ app_begin ] --START--
INFO: Run Behavior\ReadHtmlCacheBehavior [ RunTime:0.000867s ]
INFO: [ app_begin ] --END-- [ RunTime:0.001573s ]
SQL: SHOW COLUMNS FROM `cz_category` [ RunTime:0.002777s ]
SQL: SELECT * FROM `cz_category`  [ RunTime:0.000475s ]
SQL: SHOW COLUMNS FROM `cz_cart` [ RunTime:0.072543s ]
SQL: INSERT INTO `cz_cart` (`user_id`,`goods_id`,`goods_name`,`sell_number`,`shop_price`,`goods_img`,`subtotal`) VALUES (21,10,'联想98',1,'1200.00','/ww/shop./Public/Uploads/2016-04-08/57076d9d1dbd7.jpg',1200) [ RunTime:0.008523s ]

[ 2016-04-16T10:02:03+08:00 ] ::1 /ww/shop/index.php/Home/goods/edit
INFO: [ app_begin ] --START--
INFO: Run Behavior\ReadHtmlCacheBehavior [ RunTime:0.000791s ]
INFO: [ app_begin ] --END-- [ RunTime:0.001451s ]
SQL: SHOW COLUMNS FROM `cz_category` [ RunTime:0.007257s ]
SQL: SELECT * FROM `cz_category`  [ RunTime:0.001409s ]
SQL: SHOW COLUMNS FROM `cz_goods` [ RunTime:0.009366s ]
SQL: SELECT `click_count` FROM `cz_goods` WHERE `goods_id` = 10 LIMIT 1   [ RunTime:0.001598s ]
SQL: SELECT `goods_number` FROM `cz_goods` WHERE `goods_id` = 10 LIMIT 1   [ RunTime:0.001301s ]
SQL: SHOW COLUMNS FROM `cz_goods` [ RunTime:0.007818s ]
SQL: UPDATE `cz_goods` SET `click_count`=20,`goods_number`=65 WHERE `goods_id` = 10 [ RunTime:0.001538s ]

[ 2016-04-16T10:13:59+08:00 ] ::1 /ww/shop/index.php/Home/goods/shopCar
INFO: [ app_begin ] --START--
INFO: Run Behavior\ReadHtmlCacheBehavior [ RunTime:0.000810s ]
INFO: [ app_begin ] --END-- [ RunTime:0.001481s ]
SQL: SHOW COLUMNS FROM `cz_category` [ RunTime:0.003630s ]
SQL: SELECT * FROM `cz_category`  [ RunTime:0.000870s ]
SQL: SHOW COLUMNS FROM `cz_cart` [ RunTime:0.014850s ]
SQL: INSERT INTO `cz_cart` (`user_id`,`goods_id`,`goods_name`,`sell_number`,`shop_price`,`goods_img`,`subtotal`) VALUES (21,10,'联想98',1,'1200.00','/ww/shop./Public/Uploads/2016-04-08/57076d9d1dbd7.jpg',1200) [ RunTime:0.001030s ]

[ 2016-04-16T10:13:59+08:00 ] ::1 /ww/shop/index.php/Home/goods/edit
INFO: [ app_begin ] --START--
INFO: Run Behavior\ReadHtmlCacheBehavior [ RunTime:0.000998s ]
INFO: [ app_begin ] --END-- [ RunTime:0.001709s ]
SQL: SHOW COLUMNS FROM `cz_category` [ RunTime:0.004351s ]
SQL: SELECT * FROM `cz_category`  [ RunTime:0.000502s ]
SQL: SHOW COLUMNS FROM `cz_goods` [ RunTime:0.003422s ]
SQL: SELECT `click_count` FROM `cz_goods` WHERE `goods_id` = 10 LIMIT 1   [ RunTime:0.000497s ]
SQL: SELECT `goods_number` FROM `cz_goods` WHERE `goods_id` = 10 LIMIT 1   [ RunTime:0.000373s ]
SQL: SHOW COLUMNS FROM `cz_goods` [ RunTime:0.003318s ]
SQL: UPDATE `cz_goods` SET `click_count`=21,`goods_number`=64 WHERE `goods_id` = 10 [ RunTime:0.000642s ]

[ 2016-04-16T10:14:22+08:00 ] ::1 /ww/shop/index.php/Home/goods/shopCar
INFO: [ app_begin ] --START--
INFO: Run Behavior\ReadHtmlCacheBehavior [ RunTime:0.000599s ]
INFO: [ app_begin ] --END-- [ RunTime:0.001126s ]
SQL: SHOW COLUMNS FROM `cz_category` [ RunTime:0.003396s ]
SQL: SELECT * FROM `cz_category`  [ RunTime:0.000362s ]
SQL: SHOW COLUMNS FROM `cz_cart` [ RunTime:0.002191s ]
SQL: INSERT INTO `cz_cart` (`user_id`,`goods_id`,`goods_name`,`sell_number`,`shop_price`,`goods_img`,`subtotal`) VALUES (21,10,'联想98',1,'1200.00','/ww/shop./Public/Uploads/2016-04-08/57076d9d1dbd7.jpg',1200) [ RunTime:0.000338s ]

[ 2016-04-16T10:14:22+08:00 ] ::1 /ww/shop/index.php/Home/goods/edit
INFO: [ app_begin ] --START--
INFO: Run Behavior\ReadHtmlCacheBehavior [ RunTime:0.000539s ]
INFO: [ app_begin ] --END-- [ RunTime:0.000964s ]
SQL: SHOW COLUMNS FROM `cz_category` [ RunTime:0.003716s ]
SQL: SELECT * FROM `cz_category`  [ RunTime:0.001004s ]
SQL: SHOW COLUMNS FROM `cz_goods` [ RunTime:0.003478s ]
SQL: SELECT `click_count` FROM `cz_goods` WHERE `goods_id` = 10 LIMIT 1   [ RunTime:0.000774s ]
SQL: SELECT `goods_number` FROM `cz_goods` WHERE `goods_id` = 10 LIMIT 1   [ RunTime:0.000970s ]
SQL: SHOW COLUMNS FROM `cz_goods` [ RunTime:0.003473s ]
SQL: UPDATE `cz_goods` SET `click_count`=22,`goods_number`=63 WHERE `goods_id` = 10 [ RunTime:0.000554s ]

[ 2016-04-16T10:14:34+08:00 ] ::1 /ww/shop/index.php/Home/goods/shopCar
INFO: [ app_begin ] --START--
INFO: Run Behavior\ReadHtmlCacheBehavior [ RunTime:0.001063s ]
INFO: [ app_begin ] --END-- [ RunTime:0.001952s ]
SQL: SHOW COLUMNS FROM `cz_category` [ RunTime:0.002993s ]
SQL: SELECT * FROM `cz_category`  [ RunTime:0.000517s ]
SQL: SHOW COLUMNS FROM `cz_cart` [ RunTime:0.002700s ]
SQL: INSERT INTO `cz_cart` (`user_id`,`goods_id`,`goods_name`,`sell_number`,`shop_price`,`goods_img`,`subtotal`) VALUES (21,10,'联想98',1,'1200.00','/ww/shop./Public/Uploads/2016-04-08/57076d9d1dbd7.jpg',1200) [ RunTime:0.000642s ]

[ 2016-04-16T10:14:34+08:00 ] ::1 /ww/shop/index.php/Home/goods/edit
INFO: [ app_begin ] --START--
INFO: Run Behavior\ReadHtmlCacheBehavior [ RunTime:0.000542s ]
INFO: [ app_begin ] --END-- [ RunTime:0.000962s ]
SQL: SHOW COLUMNS FROM `cz_category` [ RunTime:0.002775s ]
SQL: SELECT * FROM `cz_category`  [ RunTime:0.000500s ]
SQL: SHOW COLUMNS FROM `cz_goods` [ RunTime:0.003156s ]
SQL: SELECT `click_count` FROM `cz_goods` WHERE `goods_id` = 10 LIMIT 1   [ RunTime:0.000838s ]
SQL: SELECT `goods_number` FROM `cz_goods` WHERE `goods_id` = 10 LIMIT 1   [ RunTime:0.000853s ]
SQL: SHOW COLUMNS FROM `cz_goods` [ RunTime:0.003898s ]
SQL: UPDATE `cz_goods` SET `click_count`=23,`goods_number`=62 WHERE `goods_id` = 10 [ RunTime:0.000740s ]

[ 2016-04-16T10:14:44+08:00 ] ::1 /ww/shop/index.php/Home/cart/delete
INFO: [ app_begin ] --START--
INFO: Run Behavior\ReadHtmlCacheBehavior [ RunTime:0.000590s ]
INFO: [ app_begin ] --END-- [ RunTime:0.001022s ]
SQL: SHOW COLUMNS FROM `cz_category` [ RunTime:0.002475s ]
SQL: SELECT * FROM `cz_category`  [ RunTime:0.000351s ]
SQL: SHOW COLUMNS FROM `cz_cart` [ RunTime:0.002269s ]
SQL: DELETE FROM `cz_cart` WHERE `cart_id` = 84 [ RunTime:0.000752s ]

[ 2016-04-16T10:14:44+08:00 ] ::1 /ww/shop/index.php/Home/cart/submitOrder
INFO: [ app_begin ] --START--
INFO: Run Behavior\ReadHtmlCacheBehavior [ RunTime:0.000552s ]
INFO: [ app_begin ] --END-- [ RunTime:0.001002s ]
SQL: SHOW COLUMNS FROM `cz_category` [ RunTime:0.002394s ]
SQL: SELECT * FROM `cz_category`  [ RunTime:0.000521s ]
SQL: SHOW COLUMNS FROM `cz_order` [ RunTime:0.002463s ]
SQL: INSERT INTO `cz_order` (`user_id`,`user_name`,`address_id`,`order_amount`,`order_time`) VALUES (21,'12',17,'1200.00','2016-4-16 10:14:36') [ RunTime:0.000630s ]

[ 2016-04-16T10:15:24+08:00 ] ::1 /ww/shop/index.php/Home/cart/delete
INFO: [ app_begin ] --START--
INFO: Run Behavior\ReadHtmlCacheBehavior [ RunTime:0.000626s ]
INFO: [ app_begin ] --END-- [ RunTime:0.001065s ]
SQL: SHOW COLUMNS FROM `cz_category` [ RunTime:0.004464s ]
SQL: SELECT * FROM `cz_category`  [ RunTime:0.000477s ]
SQL: SHOW COLUMNS FROM `cz_cart` [ RunTime:0.002381s ]
SQL: DELETE FROM `cz_cart` WHERE `cart_id` = 85 [ RunTime:0.000423s ]

[ 2016-04-16T10:15:24+08:00 ] ::1 /ww/shop/index.php/Home/cart/submitOrder
INFO: [ app_begin ] --START--
INFO: Run Behavior\ReadHtmlCacheBehavior [ RunTime:0.001020s ]
INFO: [ app_begin ] --END-- [ RunTime:0.001893s ]
SQL: SHOW COLUMNS FROM `cz_category` [ RunTime:0.003284s ]
SQL: SELECT * FROM `cz_category`  [ RunTime:0.000809s ]
SQL: SHOW COLUMNS FROM `cz_order` [ RunTime:0.002428s ]
SQL: INSERT INTO `cz_order` (`user_id`,`user_name`,`address_id`,`order_amount`,`order_time`) VALUES (21,'12',17,'1200.00','2016-4-16 10:15:18') [ RunTime:0.000485s ]

