[ 2016-03-03T18:55:11+08:00 ] ::1 /ww/shop/index.php/Admin/Index/order.php?act=list
ERR: 非法操作:order.php

[ 2016-03-03T18:55:11+08:00 ] ::1 /ww/shop/index.php/Admin/Index/order.php?act=add
ERR: 非法操作:order.php

[ 2016-03-03T18:55:12+08:00 ] ::1 /ww/shop/index.php/Admin/Index/order.php?act=list
ERR: 非法操作:order.php

[ 2016-03-03T18:55:13+08:00 ] ::1 /ww/shop/index.php/Admin/Index/order.php?act=list
ERR: 非法操作:order.php

[ 2016-03-03T18:55:14+08:00 ] ::1 /ww/shop/index.php/Admin/Index/order.php?act=add
ERR: 非法操作:order.php

[ 2016-03-03T18:55:15+08:00 ] ::1 /ww/shop/index.php/Admin/Index/order.php?act=list
ERR: 非法操作:order.php

[ 2016-03-03T18:55:15+08:00 ] ::1 /ww/shop/index.php/Admin/Index/order.php?act=add
ERR: 非法操作:order.php

[ 2016-03-03T18:55:16+08:00 ] ::1 /ww/shop/index.php/Admin/Index/order.php?act=delivery_list
ERR: 非法操作:order.php

[ 2016-03-03T18:55:16+08:00 ] ::1 /ww/shop/index.php/Admin/Index/order.php?act=back_list
ERR: 非法操作:order.php

[ 2016-03-03T18:55:17+08:00 ] ::1 /ww/shop/index.php/Admin/Index/order.php?act=delivery_list
ERR: 非法操作:order.php

[ 2016-03-03T18:55:18+08:00 ] ::1 /ww/shop/index.php/Admin/Index/order.php?act=list
ERR: 非法操作:order.php

[ 2016-03-03T18:55:18+08:00 ] ::1 /ww/shop/index.php/Admin/Index/order.php?act=list
ERR: 非法操作:order.php

[ 2016-03-03T18:55:18+08:00 ] ::1 /ww/shop/index.php/Admin/Index/order.php?act=add
ERR: 非法操作:order.php

[ 2016-03-03T18:55:19+08:00 ] ::1 /ww/shop/index.php/Admin/Index/order.php?act=delivery_list
ERR: 非法操作:order.php

[ 2016-03-03T18:55:19+08:00 ] ::1 /ww/shop/index.php/Admin/Index/order.php?act=back_list
ERR: 非法操作:order.php

[ 2016-03-03T18:55:20+08:00 ] ::1 /ww/shop/index.php/Admin/Index/order.php?act=add
ERR: 非法操作:order.php

[ 2016-03-03T18:55:20+08:00 ] ::1 /ww/shop/index.php/Admin/Index/order.php?act=list
ERR: 非法操作:order.php

[ 2016-03-03T18:55:21+08:00 ] ::1 /ww/shop/index.php/Admin/Index/order.php?act=add
ERR: 非法操作:order.php

[ 2016-03-03T18:55:21+08:00 ] ::1 /ww/shop/index.php/Admin/Index/order.php?act=delivery_list
ERR: 非法操作:order.php

[ 2016-03-03T18:55:21+08:00 ] ::1 /ww/shop/index.php/Admin/Index/order.php?act=delivery_list
ERR: 非法操作:order.php

[ 2016-03-03T18:55:22+08:00 ] ::1 /ww/shop/index.php/Admin/Index/order.php?act=delivery_list
ERR: 非法操作:order.php

[ 2016-03-03T18:55:22+08:00 ] ::1 /ww/shop/index.php/Admin/Index/order.php?act=list
ERR: 非法操作:order.php

[ 2016-03-03T18:55:23+08:00 ] ::1 /ww/shop/index.php/Admin/Index/order.php?act=delivery_list
ERR: 非法操作:order.php

[ 2016-03-03T18:55:23+08:00 ] ::1 /ww/shop/index.php/Admin/Index/order.php?act=back_list
ERR: 非法操作:order.php

[ 2016-03-03T18:55:23+08:00 ] ::1 /ww/shop/index.php/Admin/Index/order.php?act=delivery_list
ERR: 非法操作:order.php

[ 2016-03-03T18:55:24+08:00 ] ::1 /ww/shop/index.php/Admin/Index/order.php?act=list
ERR: 非法操作:order.php

[ 2016-03-03T18:55:26+08:00 ] ::1 /ww/shop/index.php/Admin/Index/order.php?act=add
ERR: 非法操作:order.php

[ 2016-03-03T18:55:27+08:00 ] ::1 /ww/shop/index.php/Admin/Index/order.php?act=delivery_list
ERR: 非法操作:order.php

[ 2016-03-03T18:55:28+08:00 ] ::1 /ww/shop/index.php/Admin/Index/order.php?act=back_list
ERR: 非法操作:order.php

[ 2016-03-03T20:34:02+08:00 ] ::1 /ww/shop/index.php/Admin/Index/index.php?act=first
ERR: 非法操作:index.php

[ 2016-03-03T20:34:04+08:00 ] ::1 /ww/shop/index.php/Admin/Index/index.php?act=first
ERR: 非法操作:index.php

[ 2016-03-03T20:34:05+08:00 ] ::1 /ww/shop/index.php/Admin/Index/privilege.php?act=modif
ERR: 非法操作:privilege.php

[ 2016-03-03T20:34:05+08:00 ] ::1 /ww/shop/index.php/Admin/Index/message.php?act=list
ERR: 非法操作:message.php

[ 2016-03-03T20:34:16+08:00 ] ::1 /ww/shop/index.php/Admin/Index/index.php?act=clear_cache
ERR: 非法操作:index.php

[ 2016-03-03T20:54:35+08:00 ] ::1 /ww/shop/index.php/Admin/band/add
ERR: 无法加载控制器:Band

[ 2016-03-03T20:55:56+08:00 ] ::1 /ww/shop/index.php/Admin/band/add
ERR: 无法加载控制器:Band

[ 2016-03-03T21:39:44+08:00 ] ::1 /ww/shop/index.php/Admin/Goods/goods.php?act=edit&goods_id=32
ERR: 非法操作:goods.php

