[ 2016-04-07T10:56:34+08:00 ] ::1 /ww/shop/index.php/Admin/Index/order.php?act=add
ERR: 非法操作:order.php

[ 2016-04-07T10:57:07+08:00 ] ::1 /ww/shop/index.php/Admin/Index/order.php?act=list
ERR: 非法操作:order.php

[ 2016-04-07T23:34:11+08:00 ] ::1 /ww/shop/index.php/Admin/Category/goods.php?act=list&cat_id=1
ERR: 非法操作:goods.php

[ 2016-04-07T23:34:16+08:00 ] ::1 /ww/shop/index.php/Admin/Category/goods.php?act=list&cat_id=1
ERR: 非法操作:goods.php

[ 2016-04-07T23:34:58+08:00 ] ::1 /ww/shop/index.php/Admin/Attribute/getAttrs?type_id=1
INFO: [ app_begin ] --START--
INFO: Run Behavior\ReadHtmlCacheBehavior [ RunTime:0.000562s ]
INFO: [ app_begin ] --END-- [ RunTime:0.001029s ]
SQL: SHOW COLUMNS FROM `cz_attribute` [ RunTime:0.029173s ]
SQL: SELECT * FROM `cz_attribute` WHERE `type_id` = 1  [ RunTime:0.015676s ]

[ 2016-04-07T23:37:43+08:00 ] ::1 /ww/shop/index.php/Admin/Goods/index.php?p=admin&c=goods&a=index
ERR: 非法操作:index.php

[ 2016-04-07T23:37:56+08:00 ] ::1 /ww/shop/index.php/Admin/Goods/index.php?p=admin&c=goods&a=index
ERR: 非法操作:index.php

[ 2016-04-07T23:40:28+08:00 ] ::1 /ww/shop/index.php/Admin/Goods/index.php?p=admin&c=goods&a=index
ERR: 非法操作:index.php

