[ 2016-04-09T11:33:41+08:00 ] ::1 /ww/shop/index.php/Admin/Index/order.php?act=list
ERR: 非法操作:order.php

[ 2016-04-09T12:18:00+08:00 ] ::1 /ww/shop/index.php/Admin/goods/index
INFO: [ app_begin ] --START--
INFO: Run Behavior\ReadHtmlCacheBehavior [ RunTime:0.000588s ]
INFO: [ app_begin ] --END-- [ RunTime:0.001118s ]
NOTIC: [8] Undefined variable: POST E:\Demo\ww\shop\Application\Admin\Controller\GoodsController.class.php 第 8 行.
SQL: SHOW COLUMNS FROM `cz_category` [ RunTime:0.003262s ]
SQL: SELECT * FROM `cz_category`  [ RunTime:0.000547s ]
SQL: SHOW COLUMNS FROM `cz_brand` [ RunTime:0.002569s ]
SQL: SELECT * FROM `cz_brand` ORDER BY sort_order asc  [ RunTime:0.000999s ]
SQL: SHOW COLUMNS FROM `cz_goods` [ RunTime:0.003459s ]
SQL: SELECT * FROM `cz_goods`  [ RunTime:0.000673s ]
SQL: SELECT COUNT(*) AS tp_count FROM `cz_goods` LIMIT 1   [ RunTime:0.000343s ]
SQL: SELECT * FROM `cz_goods` LIMIT 0,5   [ RunTime:0.000626s ]
INFO: [ view_parse ] --START--
INFO: [ template_filter ] --START--
INFO: Run Behavior\ContentReplaceBehavior [ RunTime:0.000148s ]
INFO: [ template_filter ] --END-- [ RunTime:0.000286s ]
NOTIC: [8] Undefined index: level E:\Demo\ww\shop\Application\Runtime\Cache\Admin\7460c3bd08e8aaf3e719467d6ea19bd3.php 第 48 行.
NOTIC: [8] Undefined index: level E:\Demo\ww\shop\Application\Runtime\Cache\Admin\7460c3bd08e8aaf3e719467d6ea19bd3.php 第 48 行.
NOTIC: [8] Undefined index: level E:\Demo\ww\shop\Application\Runtime\Cache\Admin\7460c3bd08e8aaf3e719467d6ea19bd3.php 第 48 行.
NOTIC: [8] Undefined index: level E:\Demo\ww\shop\Application\Runtime\Cache\Admin\7460c3bd08e8aaf3e719467d6ea19bd3.php 第 48 行.
NOTIC: [8] Undefined index: level E:\Demo\ww\shop\Application\Runtime\Cache\Admin\7460c3bd08e8aaf3e719467d6ea19bd3.php 第 48 行.
INFO: Run Behavior\ParseTemplateBehavior [ RunTime:0.020836s ]
INFO: [ view_parse ] --END-- [ RunTime:0.021016s ]
INFO: [ view_filter ] --START--
INFO: Run Behavior\WriteHtmlCacheBehavior [ RunTime:0.000301s ]
INFO: [ view_filter ] --END-- [ RunTime:0.000451s ]
INFO: [ app_end ] --START--
INFO: Run Behavior\ShowPageTraceBehavior [ RunTime:0.000701s ]
INFO: [ app_end ] --END-- [ RunTime:0.000814s ]

[ 2016-04-09T12:18:30+08:00 ] ::1 /ww/shop/index.php/Admin/goods/index
INFO: [ app_begin ] --START--
INFO: Run Behavior\ReadHtmlCacheBehavior [ RunTime:0.000639s ]
INFO: [ app_begin ] --END-- [ RunTime:0.001355s ]
NOTIC: [8] Undefined variable: POST E:\Demo\ww\shop\Application\Admin\Controller\GoodsController.class.php 第 8 行.
SQL: SHOW COLUMNS FROM `cz_category` [ RunTime:0.003609s ]
SQL: SELECT * FROM `cz_category`  [ RunTime:0.000750s ]
SQL: SHOW COLUMNS FROM `cz_brand` [ RunTime:0.003121s ]
SQL: SELECT * FROM `cz_brand` ORDER BY sort_order asc  [ RunTime:0.000975s ]
SQL: SHOW COLUMNS FROM `cz_goods` [ RunTime:0.005060s ]
SQL: SELECT * FROM `cz_goods`  [ RunTime:0.000704s ]
SQL: SELECT COUNT(*) AS tp_count FROM `cz_goods` LIMIT 1   [ RunTime:0.000385s ]
SQL: SELECT * FROM `cz_goods` LIMIT 0,5   [ RunTime:0.000586s ]
INFO: [ view_parse ] --START--
INFO: [ template_filter ] --START--
INFO: Run Behavior\ContentReplaceBehavior [ RunTime:0.000148s ]
INFO: [ template_filter ] --END-- [ RunTime:0.000295s ]
NOTIC: [8] Undefined index: level E:\Demo\ww\shop\Application\Runtime\Cache\Admin\7460c3bd08e8aaf3e719467d6ea19bd3.php 第 48 行.
NOTIC: [8] Undefined index: level E:\Demo\ww\shop\Application\Runtime\Cache\Admin\7460c3bd08e8aaf3e719467d6ea19bd3.php 第 48 行.
NOTIC: [8] Undefined index: level E:\Demo\ww\shop\Application\Runtime\Cache\Admin\7460c3bd08e8aaf3e719467d6ea19bd3.php 第 48 行.
NOTIC: [8] Undefined index: level E:\Demo\ww\shop\Application\Runtime\Cache\Admin\7460c3bd08e8aaf3e719467d6ea19bd3.php 第 48 行.
NOTIC: [8] Undefined index: level E:\Demo\ww\shop\Application\Runtime\Cache\Admin\7460c3bd08e8aaf3e719467d6ea19bd3.php 第 48 行.
INFO: Run Behavior\ParseTemplateBehavior [ RunTime:0.022107s ]
INFO: [ view_parse ] --END-- [ RunTime:0.022240s ]
INFO: [ view_filter ] --START--
INFO: Run Behavior\WriteHtmlCacheBehavior [ RunTime:0.000307s ]
INFO: [ view_filter ] --END-- [ RunTime:0.000433s ]
INFO: [ app_end ] --START--
INFO: Run Behavior\ShowPageTraceBehavior [ RunTime:0.000804s ]
INFO: [ app_end ] --END-- [ RunTime:0.000957s ]

[ 2016-04-09T12:21:06+08:00 ] ::1 /ww/shop/index.php/Admin/goods/index
INFO: [ app_begin ] --START--
INFO: Run Behavior\ReadHtmlCacheBehavior [ RunTime:0.000707s ]
INFO: [ app_begin ] --END-- [ RunTime:0.001208s ]
NOTIC: [8] Undefined variable: POST E:\Demo\ww\shop\Application\Admin\Controller\GoodsController.class.php 第 8 行.
SQL: SHOW COLUMNS FROM `cz_category` [ RunTime:0.002907s ]
SQL: SELECT * FROM `cz_category`  [ RunTime:0.000405s ]
SQL: SHOW COLUMNS FROM `cz_brand` [ RunTime:0.002489s ]
SQL: SELECT * FROM `cz_brand` ORDER BY sort_order asc  [ RunTime:0.000417s ]
SQL: SHOW COLUMNS FROM `cz_goods` [ RunTime:0.002958s ]
SQL: SELECT * FROM `cz_goods`  [ RunTime:0.000451s ]
SQL: SELECT COUNT(*) AS tp_count FROM `cz_goods` LIMIT 1   [ RunTime:0.000222s ]
SQL: SELECT * FROM `cz_goods` LIMIT 0,5   [ RunTime:0.000568s ]
INFO: [ view_parse ] --START--
INFO: [ template_filter ] --START--
INFO: Run Behavior\ContentReplaceBehavior [ RunTime:0.000160s ]
INFO: [ template_filter ] --END-- [ RunTime:0.000305s ]
NOTIC: [8] Undefined index: level E:\Demo\ww\shop\Application\Runtime\Cache\Admin\7460c3bd08e8aaf3e719467d6ea19bd3.php 第 48 行.
NOTIC: [8] Undefined index: level E:\Demo\ww\shop\Application\Runtime\Cache\Admin\7460c3bd08e8aaf3e719467d6ea19bd3.php 第 48 行.
NOTIC: [8] Undefined index: level E:\Demo\ww\shop\Application\Runtime\Cache\Admin\7460c3bd08e8aaf3e719467d6ea19bd3.php 第 48 行.
NOTIC: [8] Undefined index: level E:\Demo\ww\shop\Application\Runtime\Cache\Admin\7460c3bd08e8aaf3e719467d6ea19bd3.php 第 48 行.
NOTIC: [8] Undefined index: level E:\Demo\ww\shop\Application\Runtime\Cache\Admin\7460c3bd08e8aaf3e719467d6ea19bd3.php 第 48 行.
INFO: Run Behavior\ParseTemplateBehavior [ RunTime:0.020492s ]
INFO: [ view_parse ] --END-- [ RunTime:0.020664s ]
INFO: [ view_filter ] --START--
INFO: Run Behavior\WriteHtmlCacheBehavior [ RunTime:0.000386s ]
INFO: [ view_filter ] --END-- [ RunTime:0.000503s ]
INFO: [ app_end ] --START--
INFO: Run Behavior\ShowPageTraceBehavior [ RunTime:0.000715s ]
INFO: [ app_end ] --END-- [ RunTime:0.000830s ]

[ 2016-04-09T12:21:42+08:00 ] ::1 /ww/shop/index.php/Admin/goods/index
INFO: [ app_begin ] --START--
INFO: Run Behavior\ReadHtmlCacheBehavior [ RunTime:0.000638s ]
INFO: [ app_begin ] --END-- [ RunTime:0.001115s ]
NOTIC: [8] Undefined variable: POST E:\Demo\ww\shop\Application\Admin\Controller\GoodsController.class.php 第 8 行.
SQL: SHOW COLUMNS FROM `cz_category` [ RunTime:0.003556s ]
SQL: SELECT * FROM `cz_category`  [ RunTime:0.000847s ]
SQL: SHOW COLUMNS FROM `cz_brand` [ RunTime:0.003537s ]
SQL: SELECT * FROM `cz_brand` ORDER BY sort_order asc  [ RunTime:0.000848s ]
SQL: SHOW COLUMNS FROM `cz_goods` [ RunTime:0.003503s ]
SQL: SELECT * FROM `cz_goods`  [ RunTime:0.000533s ]
SQL: SELECT COUNT(*) AS tp_count FROM `cz_goods` LIMIT 1   [ RunTime:0.000265s ]
SQL: SELECT * FROM `cz_goods` LIMIT 0,5   [ RunTime:0.000466s ]
INFO: [ view_parse ] --START--
INFO: [ template_filter ] --START--
INFO: Run Behavior\ContentReplaceBehavior [ RunTime:0.000144s ]
INFO: [ template_filter ] --END-- [ RunTime:0.000283s ]
NOTIC: [8] Undefined index: level E:\Demo\ww\shop\Application\Runtime\Cache\Admin\7460c3bd08e8aaf3e719467d6ea19bd3.php 第 48 行.
NOTIC: [8] Undefined index: level E:\Demo\ww\shop\Application\Runtime\Cache\Admin\7460c3bd08e8aaf3e719467d6ea19bd3.php 第 48 行.
NOTIC: [8] Undefined index: level E:\Demo\ww\shop\Application\Runtime\Cache\Admin\7460c3bd08e8aaf3e719467d6ea19bd3.php 第 48 行.
NOTIC: [8] Undefined index: level E:\Demo\ww\shop\Application\Runtime\Cache\Admin\7460c3bd08e8aaf3e719467d6ea19bd3.php 第 48 行.
NOTIC: [8] Undefined index: level E:\Demo\ww\shop\Application\Runtime\Cache\Admin\7460c3bd08e8aaf3e719467d6ea19bd3.php 第 48 行.
INFO: Run Behavior\ParseTemplateBehavior [ RunTime:0.021059s ]
INFO: [ view_parse ] --END-- [ RunTime:0.021253s ]
INFO: [ view_filter ] --START--
INFO: Run Behavior\WriteHtmlCacheBehavior [ RunTime:0.000491s ]
INFO: [ view_filter ] --END-- [ RunTime:0.000646s ]
INFO: [ app_end ] --START--
INFO: Run Behavior\ShowPageTraceBehavior [ RunTime:0.000761s ]
INFO: [ app_end ] --END-- [ RunTime:0.000883s ]

[ 2016-04-09T12:24:26+08:00 ] ::1 /ww/shop/index.php/Admin/goods/index
INFO: [ app_begin ] --START--
INFO: Run Behavior\ReadHtmlCacheBehavior [ RunTime:0.000742s ]
INFO: [ app_begin ] --END-- [ RunTime:0.001257s ]
NOTIC: [8] Undefined index: data E:\Demo\ww\shop\Application\Admin\Controller\GoodsController.class.php 第 8 行.
SQL: SHOW COLUMNS FROM `cz_category` [ RunTime:0.004020s ]
SQL: SELECT * FROM `cz_category`  [ RunTime:0.001009s ]
SQL: SHOW COLUMNS FROM `cz_brand` [ RunTime:0.004087s ]
SQL: SELECT * FROM `cz_brand` ORDER BY sort_order asc  [ RunTime:0.000770s ]
SQL: SHOW COLUMNS FROM `cz_goods` [ RunTime:0.004111s ]
SQL: SELECT * FROM `cz_goods`  [ RunTime:0.000719s ]
SQL: SELECT COUNT(*) AS tp_count FROM `cz_goods` LIMIT 1   [ RunTime:0.000597s ]
SQL: SELECT * FROM `cz_goods` LIMIT 0,5   [ RunTime:0.000650s ]
INFO: [ view_parse ] --START--
INFO: [ template_filter ] --START--
INFO: Run Behavior\ContentReplaceBehavior [ RunTime:0.000146s ]
INFO: [ template_filter ] --END-- [ RunTime:0.000289s ]
NOTIC: [8] Undefined index: level E:\Demo\ww\shop\Application\Runtime\Cache\Admin\7460c3bd08e8aaf3e719467d6ea19bd3.php 第 48 行.
NOTIC: [8] Undefined index: level E:\Demo\ww\shop\Application\Runtime\Cache\Admin\7460c3bd08e8aaf3e719467d6ea19bd3.php 第 48 行.
NOTIC: [8] Undefined index: level E:\Demo\ww\shop\Application\Runtime\Cache\Admin\7460c3bd08e8aaf3e719467d6ea19bd3.php 第 48 行.
NOTIC: [8] Undefined index: level E:\Demo\ww\shop\Application\Runtime\Cache\Admin\7460c3bd08e8aaf3e719467d6ea19bd3.php 第 48 行.
NOTIC: [8] Undefined index: level E:\Demo\ww\shop\Application\Runtime\Cache\Admin\7460c3bd08e8aaf3e719467d6ea19bd3.php 第 48 行.
INFO: Run Behavior\ParseTemplateBehavior [ RunTime:0.021731s ]
INFO: [ view_parse ] --END-- [ RunTime:0.021864s ]
INFO: [ view_filter ] --START--
INFO: Run Behavior\WriteHtmlCacheBehavior [ RunTime:0.000286s ]
INFO: [ view_filter ] --END-- [ RunTime:0.000403s ]
INFO: [ app_end ] --START--
INFO: Run Behavior\ShowPageTraceBehavior [ RunTime:0.000709s ]
INFO: [ app_end ] --END-- [ RunTime:0.000826s ]

[ 2016-04-09T12:25:01+08:00 ] ::1 /ww/shop/index.php/Admin/goods/index
INFO: [ app_begin ] --START--
INFO: Run Behavior\ReadHtmlCacheBehavior [ RunTime:0.000721s ]
INFO: [ app_begin ] --END-- [ RunTime:0.001364s ]
NOTIC: [8] Undefined index: data E:\Demo\ww\shop\Application\Admin\Controller\GoodsController.class.php 第 8 行.
SQL: SHOW COLUMNS FROM `cz_category` [ RunTime:0.002596s ]
SQL: SELECT * FROM `cz_category`  [ RunTime:0.000688s ]
SQL: SHOW COLUMNS FROM `cz_brand` [ RunTime:0.003027s ]
SQL: SELECT * FROM `cz_brand` ORDER BY sort_order asc  [ RunTime:0.000634s ]
SQL: SHOW COLUMNS FROM `cz_goods` [ RunTime:0.003117s ]
SQL: SELECT * FROM `cz_goods`  [ RunTime:0.000600s ]
SQL: SELECT COUNT(*) AS tp_count FROM `cz_goods` LIMIT 1   [ RunTime:0.000280s ]
SQL: SELECT * FROM `cz_goods` LIMIT 0,5   [ RunTime:0.000513s ]
INFO: [ view_parse ] --START--
INFO: [ template_filter ] --START--
INFO: Run Behavior\ContentReplaceBehavior [ RunTime:0.000148s ]
INFO: [ template_filter ] --END-- [ RunTime:0.000303s ]
NOTIC: [8] Undefined index: level E:\Demo\ww\shop\Application\Runtime\Cache\Admin\7460c3bd08e8aaf3e719467d6ea19bd3.php 第 48 行.
NOTIC: [8] Undefined index: level E:\Demo\ww\shop\Application\Runtime\Cache\Admin\7460c3bd08e8aaf3e719467d6ea19bd3.php 第 48 行.
NOTIC: [8] Undefined index: level E:\Demo\ww\shop\Application\Runtime\Cache\Admin\7460c3bd08e8aaf3e719467d6ea19bd3.php 第 48 行.
NOTIC: [8] Undefined index: level E:\Demo\ww\shop\Application\Runtime\Cache\Admin\7460c3bd08e8aaf3e719467d6ea19bd3.php 第 48 行.
NOTIC: [8] Undefined index: level E:\Demo\ww\shop\Application\Runtime\Cache\Admin\7460c3bd08e8aaf3e719467d6ea19bd3.php 第 48 行.
INFO: Run Behavior\ParseTemplateBehavior [ RunTime:0.026842s ]
INFO: [ view_parse ] --END-- [ RunTime:0.026977s ]
INFO: [ view_filter ] --START--
INFO: Run Behavior\WriteHtmlCacheBehavior [ RunTime:0.000292s ]
INFO: [ view_filter ] --END-- [ RunTime:0.000412s ]
INFO: [ app_end ] --START--
INFO: Run Behavior\ShowPageTraceBehavior [ RunTime:0.000700s ]
INFO: [ app_end ] --END-- [ RunTime:0.000820s ]

[ 2016-04-09T12:28:35+08:00 ] ::1 /ww/shop/index.php/Admin/goods/index?cate_id=%E7%94%B5%E8%84%91
INFO: [ app_begin ] --START--
INFO: Run Behavior\ReadHtmlCacheBehavior [ RunTime:0.000622s ]
INFO: [ app_begin ] --END-- [ RunTime:0.001276s ]
NOTIC: [8] Undefined index: data E:\Demo\ww\shop\Application\Admin\Controller\GoodsController.class.php 第 8 行.
SQL: SHOW COLUMNS FROM `cz_category` [ RunTime:0.003603s ]
SQL: SELECT * FROM `cz_category`  [ RunTime:0.000523s ]
SQL: SHOW COLUMNS FROM `cz_brand` [ RunTime:0.003646s ]
SQL: SELECT * FROM `cz_brand` ORDER BY sort_order asc  [ RunTime:0.000788s ]
SQL: SHOW COLUMNS FROM `cz_goods` [ RunTime:0.003775s ]
SQL: SELECT * FROM `cz_goods`  [ RunTime:0.000512s ]
SQL: SELECT COUNT(*) AS tp_count FROM `cz_goods` LIMIT 1   [ RunTime:0.000252s ]
SQL: SELECT * FROM `cz_goods` LIMIT 0,5   [ RunTime:0.001128s ]
INFO: [ view_parse ] --START--
INFO: [ template_filter ] --START--
INFO: Run Behavior\ContentReplaceBehavior [ RunTime:0.000247s ]
INFO: [ template_filter ] --END-- [ RunTime:0.000553s ]
NOTIC: [8] Undefined index: level E:\Demo\ww\shop\Application\Runtime\Cache\Admin\7460c3bd08e8aaf3e719467d6ea19bd3.php 第 48 行.
NOTIC: [8] Undefined index: level E:\Demo\ww\shop\Application\Runtime\Cache\Admin\7460c3bd08e8aaf3e719467d6ea19bd3.php 第 48 行.
NOTIC: [8] Undefined index: level E:\Demo\ww\shop\Application\Runtime\Cache\Admin\7460c3bd08e8aaf3e719467d6ea19bd3.php 第 48 行.
NOTIC: [8] Undefined index: level E:\Demo\ww\shop\Application\Runtime\Cache\Admin\7460c3bd08e8aaf3e719467d6ea19bd3.php 第 48 行.
NOTIC: [8] Undefined index: level E:\Demo\ww\shop\Application\Runtime\Cache\Admin\7460c3bd08e8aaf3e719467d6ea19bd3.php 第 48 行.
INFO: Run Behavior\ParseTemplateBehavior [ RunTime:0.023193s ]
INFO: [ view_parse ] --END-- [ RunTime:0.023339s ]
INFO: [ view_filter ] --START--
INFO: Run Behavior\WriteHtmlCacheBehavior [ RunTime:0.000299s ]
INFO: [ view_filter ] --END-- [ RunTime:0.000420s ]
INFO: [ app_end ] --START--
INFO: Run Behavior\ShowPageTraceBehavior [ RunTime:0.000718s ]
INFO: [ app_end ] --END-- [ RunTime:0.000843s ]

[ 2016-04-09T12:30:35+08:00 ] ::1 /ww/shop/index.php/Admin/goods/index?cate_id=%E7%94%B5%E8%84%91
INFO: [ app_begin ] --START--
INFO: Run Behavior\ReadHtmlCacheBehavior [ RunTime:0.000839s ]
INFO: [ app_begin ] --END-- [ RunTime:0.001641s ]
SQL: SHOW COLUMNS FROM `cz_category` [ RunTime:0.002847s ]
SQL: SELECT * FROM `cz_category`  [ RunTime:0.000620s ]
SQL: SHOW COLUMNS FROM `cz_brand` [ RunTime:0.004578s ]
SQL: SELECT * FROM `cz_brand` ORDER BY sort_order asc  [ RunTime:0.000728s ]
SQL: SHOW COLUMNS FROM `cz_goods` [ RunTime:0.003551s ]
SQL: SELECT * FROM `cz_goods`  [ RunTime:0.000732s ]
SQL: SELECT COUNT(*) AS tp_count FROM `cz_goods` LIMIT 1   [ RunTime:0.000573s ]
SQL: SELECT * FROM `cz_goods` LIMIT 0,5   [ RunTime:0.000899s ]
INFO: [ view_parse ] --START--
INFO: [ template_filter ] --START--
INFO: Run Behavior\ContentReplaceBehavior [ RunTime:0.000161s ]
INFO: [ template_filter ] --END-- [ RunTime:0.000321s ]
NOTIC: [8] Undefined index: level E:\Demo\ww\shop\Application\Runtime\Cache\Admin\7460c3bd08e8aaf3e719467d6ea19bd3.php 第 48 行.
NOTIC: [8] Undefined index: level E:\Demo\ww\shop\Application\Runtime\Cache\Admin\7460c3bd08e8aaf3e719467d6ea19bd3.php 第 48 行.
NOTIC: [8] Undefined index: level E:\Demo\ww\shop\Application\Runtime\Cache\Admin\7460c3bd08e8aaf3e719467d6ea19bd3.php 第 48 行.
NOTIC: [8] Undefined index: level E:\Demo\ww\shop\Application\Runtime\Cache\Admin\7460c3bd08e8aaf3e719467d6ea19bd3.php 第 48 行.
NOTIC: [8] Undefined index: level E:\Demo\ww\shop\Application\Runtime\Cache\Admin\7460c3bd08e8aaf3e719467d6ea19bd3.php 第 48 行.
INFO: Run Behavior\ParseTemplateBehavior [ RunTime:0.025219s ]
INFO: [ view_parse ] --END-- [ RunTime:0.025361s ]
INFO: [ view_filter ] --START--
INFO: Run Behavior\WriteHtmlCacheBehavior [ RunTime:0.000328s ]
INFO: [ view_filter ] --END-- [ RunTime:0.000462s ]
INFO: [ app_end ] --START--
INFO: Run Behavior\ShowPageTraceBehavior [ RunTime:0.000782s ]
INFO: [ app_end ] --END-- [ RunTime:0.000911s ]

[ 2016-04-09T12:31:17+08:00 ] ::1 /ww/shop/index.php/Admin/goods/index?cate_id=&nbsp;&nbsp;%E8%8B%B9%E6%9E%9C
INFO: [ app_begin ] --START--
INFO: Run Behavior\ReadHtmlCacheBehavior [ RunTime:0.000592s ]
INFO: [ app_begin ] --END-- [ RunTime:0.001127s ]
SQL: SHOW COLUMNS FROM `cz_category` [ RunTime:0.003216s ]
SQL: SELECT * FROM `cz_category`  [ RunTime:0.000815s ]
SQL: SHOW COLUMNS FROM `cz_brand` [ RunTime:0.004029s ]
SQL: SELECT * FROM `cz_brand` ORDER BY sort_order asc  [ RunTime:0.001105s ]
SQL: SHOW COLUMNS FROM `cz_goods` [ RunTime:0.003308s ]
SQL: SELECT * FROM `cz_goods`  [ RunTime:0.000701s ]
SQL: SELECT COUNT(*) AS tp_count FROM `cz_goods` LIMIT 1   [ RunTime:0.000438s ]
SQL: SELECT * FROM `cz_goods` LIMIT 0,5   [ RunTime:0.000697s ]
INFO: [ view_parse ] --START--
INFO: [ template_filter ] --START--
INFO: Run Behavior\ContentReplaceBehavior [ RunTime:0.000149s ]
INFO: [ template_filter ] --END-- [ RunTime:0.000296s ]
NOTIC: [8] Undefined index: level E:\Demo\ww\shop\Application\Runtime\Cache\Admin\7460c3bd08e8aaf3e719467d6ea19bd3.php 第 48 行.
NOTIC: [8] Undefined index: level E:\Demo\ww\shop\Application\Runtime\Cache\Admin\7460c3bd08e8aaf3e719467d6ea19bd3.php 第 48 行.
NOTIC: [8] Undefined index: level E:\Demo\ww\shop\Application\Runtime\Cache\Admin\7460c3bd08e8aaf3e719467d6ea19bd3.php 第 48 行.
NOTIC: [8] Undefined index: level E:\Demo\ww\shop\Application\Runtime\Cache\Admin\7460c3bd08e8aaf3e719467d6ea19bd3.php 第 48 行.
NOTIC: [8] Undefined index: level E:\Demo\ww\shop\Application\Runtime\Cache\Admin\7460c3bd08e8aaf3e719467d6ea19bd3.php 第 48 行.
INFO: Run Behavior\ParseTemplateBehavior [ RunTime:0.023089s ]
INFO: [ view_parse ] --END-- [ RunTime:0.023225s ]
INFO: [ view_filter ] --START--
INFO: Run Behavior\WriteHtmlCacheBehavior [ RunTime:0.000302s ]
INFO: [ view_filter ] --END-- [ RunTime:0.000421s ]
INFO: [ app_end ] --START--
INFO: Run Behavior\ShowPageTraceBehavior [ RunTime:0.000700s ]
INFO: [ app_end ] --END-- [ RunTime:0.000813s ]

[ 2016-04-09T12:36:21+08:00 ] ::1 /ww/shop/index.php/Admin/Goods/index?cate_id=%E7%94%B5%E8%84%91
INFO: [ app_begin ] --START--
INFO: Run Behavior\ReadHtmlCacheBehavior [ RunTime:0.000716s ]
INFO: [ app_begin ] --END-- [ RunTime:0.003094s ]
SQL: SHOW COLUMNS FROM `cz_category` [ RunTime:0.002576s ]
SQL: SELECT * FROM `cz_category`  [ RunTime:0.000628s ]
SQL: SHOW COLUMNS FROM `cz_brand` [ RunTime:0.002435s ]
SQL: SELECT * FROM `cz_brand` ORDER BY sort_order asc  [ RunTime:0.000609s ]
SQL: SHOW COLUMNS FROM `cz_goods` [ RunTime:0.003550s ]
SQL: SELECT * FROM `cz_goods`  [ RunTime:0.000956s ]
SQL: SELECT COUNT(*) AS tp_count FROM `cz_goods` LIMIT 1   [ RunTime:0.000452s ]
SQL: SELECT * FROM `cz_goods` LIMIT 0,5   [ RunTime:0.000956s ]
INFO: [ view_parse ] --START--
INFO: [ template_filter ] --START--
INFO: Run Behavior\ContentReplaceBehavior [ RunTime:0.000170s ]
INFO: [ template_filter ] --END-- [ RunTime:0.000315s ]
NOTIC: [8] Undefined index: level E:\Demo\ww\shop\Application\Runtime\Cache\Admin\7460c3bd08e8aaf3e719467d6ea19bd3.php 第 48 行.
NOTIC: [8] Undefined index: level E:\Demo\ww\shop\Application\Runtime\Cache\Admin\7460c3bd08e8aaf3e719467d6ea19bd3.php 第 48 行.
NOTIC: [8] Undefined index: level E:\Demo\ww\shop\Application\Runtime\Cache\Admin\7460c3bd08e8aaf3e719467d6ea19bd3.php 第 48 行.
NOTIC: [8] Undefined index: level E:\Demo\ww\shop\Application\Runtime\Cache\Admin\7460c3bd08e8aaf3e719467d6ea19bd3.php 第 48 行.
NOTIC: [8] Undefined index: level E:\Demo\ww\shop\Application\Runtime\Cache\Admin\7460c3bd08e8aaf3e719467d6ea19bd3.php 第 48 行.
INFO: Run Behavior\ParseTemplateBehavior [ RunTime:0.022629s ]
INFO: [ view_parse ] --END-- [ RunTime:0.022807s ]
INFO: [ view_filter ] --START--
INFO: Run Behavior\WriteHtmlCacheBehavior [ RunTime:0.000353s ]
INFO: [ view_filter ] --END-- [ RunTime:0.000469s ]
INFO: [ app_end ] --START--
INFO: Run Behavior\ShowPageTraceBehavior [ RunTime:0.000598s ]
INFO: [ app_end ] --END-- [ RunTime:0.000713s ]

[ 2016-04-09T12:38:06+08:00 ] ::1 /ww/shop/index.php/Admin/Goods/index?cate_id=%E7%94%B5%E8%84%91
INFO: [ app_begin ] --START--
INFO: Run Behavior\ReadHtmlCacheBehavior [ RunTime:0.000598s ]
INFO: [ app_begin ] --END-- [ RunTime:0.001092s ]
SQL: SHOW COLUMNS FROM `cz_category` [ RunTime:0.003000s ]
SQL: SELECT * FROM `cz_category`  [ RunTime:0.000714s ]
SQL: SHOW COLUMNS FROM `cz_brand` [ RunTime:0.002375s ]
SQL: SELECT * FROM `cz_brand` ORDER BY sort_order asc  [ RunTime:0.000996s ]
SQL: SHOW COLUMNS FROM `cz_goods` [ RunTime:0.003238s ]
SQL: SELECT * FROM `cz_goods`  [ RunTime:0.000732s ]
SQL: SELECT COUNT(*) AS tp_count FROM `cz_goods` LIMIT 1   [ RunTime:0.000314s ]
SQL: SELECT * FROM `cz_goods` LIMIT 0,5   [ RunTime:0.000512s ]
INFO: [ view_parse ] --START--
INFO: [ template_filter ] --START--
INFO: Run Behavior\ContentReplaceBehavior [ RunTime:0.000150s ]
INFO: [ template_filter ] --END-- [ RunTime:0.000299s ]
NOTIC: [8] Undefined index: level E:\Demo\ww\shop\Application\Runtime\Cache\Admin\7460c3bd08e8aaf3e719467d6ea19bd3.php 第 48 行.
NOTIC: [8] Undefined index: level E:\Demo\ww\shop\Application\Runtime\Cache\Admin\7460c3bd08e8aaf3e719467d6ea19bd3.php 第 48 行.
NOTIC: [8] Undefined index: level E:\Demo\ww\shop\Application\Runtime\Cache\Admin\7460c3bd08e8aaf3e719467d6ea19bd3.php 第 48 行.
NOTIC: [8] Undefined index: level E:\Demo\ww\shop\Application\Runtime\Cache\Admin\7460c3bd08e8aaf3e719467d6ea19bd3.php 第 48 行.
NOTIC: [8] Undefined index: level E:\Demo\ww\shop\Application\Runtime\Cache\Admin\7460c3bd08e8aaf3e719467d6ea19bd3.php 第 48 行.
INFO: Run Behavior\ParseTemplateBehavior [ RunTime:0.021182s ]
INFO: [ view_parse ] --END-- [ RunTime:0.021402s ]
INFO: [ view_filter ] --START--
INFO: Run Behavior\WriteHtmlCacheBehavior [ RunTime:0.000480s ]
INFO: [ view_filter ] --END-- [ RunTime:0.000697s ]
INFO: [ app_end ] --START--
INFO: Run Behavior\ShowPageTraceBehavior [ RunTime:0.000705s ]
INFO: [ app_end ] --END-- [ RunTime:0.000836s ]

[ 2016-04-09T12:41:18+08:00 ] ::1 /ww/shop/index.php/Admin/Goods/index?cate_id=&nbsp;&nbsp;%E8%8B%B9%E6%9E%9C
INFO: [ app_begin ] --START--
INFO: Run Behavior\ReadHtmlCacheBehavior [ RunTime:0.000601s ]
INFO: [ app_begin ] --END-- [ RunTime:0.001145s ]
SQL: SHOW COLUMNS FROM `cz_category` [ RunTime:0.002354s ]
SQL: SELECT * FROM `cz_category`  [ RunTime:0.000347s ]
SQL: SHOW COLUMNS FROM `cz_brand` [ RunTime:0.003041s ]
SQL: SELECT * FROM `cz_brand` ORDER BY sort_order asc  [ RunTime:0.000939s ]
SQL: SHOW COLUMNS FROM `cz_goods` [ RunTime:0.004140s ]
SQL: SELECT * FROM `cz_goods`  [ RunTime:0.000525s ]
SQL: SELECT COUNT(*) AS tp_count FROM `cz_goods` LIMIT 1   [ RunTime:0.000380s ]
SQL: SELECT * FROM `cz_goods` LIMIT 0,5   [ RunTime:0.000858s ]
INFO: [ view_parse ] --START--
INFO: [ template_filter ] --START--
INFO: Run Behavior\ContentReplaceBehavior [ RunTime:0.000161s ]
INFO: [ template_filter ] --END-- [ RunTime:0.000315s ]
NOTIC: [8] Undefined index: level E:\Demo\ww\shop\Application\Runtime\Cache\Admin\7460c3bd08e8aaf3e719467d6ea19bd3.php 第 48 行.
NOTIC: [8] Undefined index: level E:\Demo\ww\shop\Application\Runtime\Cache\Admin\7460c3bd08e8aaf3e719467d6ea19bd3.php 第 48 行.
NOTIC: [8] Undefined index: level E:\Demo\ww\shop\Application\Runtime\Cache\Admin\7460c3bd08e8aaf3e719467d6ea19bd3.php 第 48 行.
NOTIC: [8] Undefined index: level E:\Demo\ww\shop\Application\Runtime\Cache\Admin\7460c3bd08e8aaf3e719467d6ea19bd3.php 第 48 行.
NOTIC: [8] Undefined index: level E:\Demo\ww\shop\Application\Runtime\Cache\Admin\7460c3bd08e8aaf3e719467d6ea19bd3.php 第 48 行.
INFO: Run Behavior\ParseTemplateBehavior [ RunTime:0.021977s ]
INFO: [ view_parse ] --END-- [ RunTime:0.022123s ]
INFO: [ view_filter ] --START--
INFO: Run Behavior\WriteHtmlCacheBehavior [ RunTime:0.000309s ]
INFO: [ view_filter ] --END-- [ RunTime:0.000430s ]
INFO: [ app_end ] --START--
INFO: Run Behavior\ShowPageTraceBehavior [ RunTime:0.000704s ]
INFO: [ app_end ] --END-- [ RunTime:0.000826s ]

[ 2016-04-09T12:43:50+08:00 ] ::1 /ww/shop/index.php/Admin/Goods/text?cate_id=&nbsp;&nbsp;%E8%8B%B9%E6%9E%9C
INFO: [ app_begin ] --START--
INFO: Run Behavior\ReadHtmlCacheBehavior [ RunTime:0.000806s ]
INFO: [ app_begin ] --END-- [ RunTime:0.002290s ]
ERR: 非法操作:text

[ 2016-04-09T12:44:43+08:00 ] ::1 /ww/shop/index.php/Admin/Goods/test?cate_id=%E6%89%8B%E6%9C%BA
INFO: [ app_begin ] --START--
INFO: Run Behavior\ReadHtmlCacheBehavior [ RunTime:0.001901s ]
INFO: [ app_begin ] --END-- [ RunTime:0.002789s ]
INFO: [ app_end ] --START--
INFO: Run Behavior\ShowPageTraceBehavior [ RunTime:0.000821s ]
INFO: [ app_end ] --END-- [ RunTime:0.000987s ]

[ 2016-04-09T12:45:08+08:00 ] ::1 /ww/shop/index.php/Admin/Goods/test?cate_id=&nbsp;&nbsp;%E8%8B%B9%E6%9E%9C
INFO: [ app_begin ] --START--
INFO: Run Behavior\ReadHtmlCacheBehavior [ RunTime:0.000584s ]
INFO: [ app_begin ] --END-- [ RunTime:0.001055s ]
INFO: [ app_end ] --START--
INFO: Run Behavior\ShowPageTraceBehavior [ RunTime:0.000709s ]
INFO: [ app_end ] --END-- [ RunTime:0.000859s ]

[ 2016-04-09T12:45:45+08:00 ] ::1 /ww/shop/index.php/Admin/Goods/test?cate_id=%E7%94%B5%E8%84%91
INFO: [ app_begin ] --START--
INFO: Run Behavior\ReadHtmlCacheBehavior [ RunTime:0.003764s ]
INFO: [ app_begin ] --END-- [ RunTime:0.004874s ]
INFO: [ app_end ] --START--
INFO: Run Behavior\ShowPageTraceBehavior [ RunTime:0.001342s ]
INFO: [ app_end ] --END-- [ RunTime:0.001582s ]

[ 2016-04-09T12:46:04+08:00 ] ::1 /ww/shop/index.php/Admin/Attribute/getAttrs?type_id=1
INFO: [ app_begin ] --START--
INFO: Run Behavior\ReadHtmlCacheBehavior [ RunTime:0.000706s ]
INFO: [ app_begin ] --END-- [ RunTime:0.001249s ]
SQL: SHOW COLUMNS FROM `cz_attribute` [ RunTime:0.018493s ]
SQL: SELECT * FROM `cz_attribute` WHERE `type_id` = 1  [ RunTime:0.000747s ]

[ 2016-04-09T12:46:24+08:00 ] ::1 /ww/shop/index.php/Admin/Attribute/getAttrs?type_id=2
INFO: [ app_begin ] --START--
INFO: Run Behavior\ReadHtmlCacheBehavior [ RunTime:0.000619s ]
INFO: [ app_begin ] --END-- [ RunTime:0.001115s ]
SQL: SHOW COLUMNS FROM `cz_attribute` [ RunTime:0.002923s ]
SQL: SELECT * FROM `cz_attribute` WHERE `type_id` = 2  [ RunTime:0.000681s ]
NOTIC: [2] Invalid argument supplied for foreach() E:\Demo\ww\shop\Application\Admin\Model\AttributeModel.class.php 第 30 行.

[ 2016-04-09T12:46:30+08:00 ] ::1 /ww/shop/index.php/Admin/Attribute/getAttrs?type_id=3
INFO: [ app_begin ] --START--
INFO: Run Behavior\ReadHtmlCacheBehavior [ RunTime:0.000600s ]
INFO: [ app_begin ] --END-- [ RunTime:0.001116s ]
SQL: SHOW COLUMNS FROM `cz_attribute` [ RunTime:0.002315s ]
SQL: SELECT * FROM `cz_attribute` WHERE `type_id` = 3  [ RunTime:0.000619s ]

[ 2016-04-09T12:46:33+08:00 ] ::1 /ww/shop/index.php/Admin/Attribute/getAttrs?type_id=1
INFO: [ app_begin ] --START--
INFO: Run Behavior\ReadHtmlCacheBehavior [ RunTime:0.000787s ]
INFO: [ app_begin ] --END-- [ RunTime:0.001516s ]
SQL: SHOW COLUMNS FROM `cz_attribute` [ RunTime:0.002690s ]
SQL: SELECT * FROM `cz_attribute` WHERE `type_id` = 1  [ RunTime:0.000587s ]

[ 2016-04-09T12:46:35+08:00 ] ::1 /ww/shop/index.php/Admin/Attribute/getAttrs?type_id=3
INFO: [ app_begin ] --START--
INFO: Run Behavior\ReadHtmlCacheBehavior [ RunTime:0.000616s ]
INFO: [ app_begin ] --END-- [ RunTime:0.001154s ]
SQL: SHOW COLUMNS FROM `cz_attribute` [ RunTime:0.002312s ]
SQL: SELECT * FROM `cz_attribute` WHERE `type_id` = 3  [ RunTime:0.000545s ]

[ 2016-04-09T12:46:41+08:00 ] ::1 /ww/shop/index.php/Admin/Attribute/getAttrs?type_id=2
INFO: [ app_begin ] --START--
INFO: Run Behavior\ReadHtmlCacheBehavior [ RunTime:0.000677s ]
INFO: [ app_begin ] --END-- [ RunTime:0.001236s ]
SQL: SHOW COLUMNS FROM `cz_attribute` [ RunTime:0.003436s ]
SQL: SELECT * FROM `cz_attribute` WHERE `type_id` = 2  [ RunTime:0.000749s ]
NOTIC: [2] Invalid argument supplied for foreach() E:\Demo\ww\shop\Application\Admin\Model\AttributeModel.class.php 第 30 行.

[ 2016-04-09T12:46:45+08:00 ] ::1 /ww/shop/index.php/Admin/Attribute/getAttrs?type_id=3
INFO: [ app_begin ] --START--
INFO: Run Behavior\ReadHtmlCacheBehavior [ RunTime:0.000839s ]
INFO: [ app_begin ] --END-- [ RunTime:0.001523s ]
SQL: SHOW COLUMNS FROM `cz_attribute` [ RunTime:0.002677s ]
SQL: SELECT * FROM `cz_attribute` WHERE `type_id` = 3  [ RunTime:0.000769s ]

[ 2016-04-09T12:47:04+08:00 ] ::1 /ww/shop/index.php/Admin/Goods/test?cate_id=&nbsp;&nbsp;%E8%8B%B9%E6%9E%9C
INFO: [ app_begin ] --START--
INFO: Run Behavior\ReadHtmlCacheBehavior [ RunTime:0.000608s ]
INFO: [ app_begin ] --END-- [ RunTime:0.001077s ]
INFO: [ app_end ] --START--
INFO: Run Behavior\ShowPageTraceBehavior [ RunTime:0.000605s ]
INFO: [ app_end ] --END-- [ RunTime:0.000742s ]

[ 2016-04-09T12:48:20+08:00 ] ::1 /ww/shop/index.php/Admin/Goods/test?cate_id=&nbsp;&nbsp;%E8%8B%B9%E6%9E%9C
INFO: [ app_begin ] --START--
INFO: Run Behavior\ReadHtmlCacheBehavior [ RunTime:0.000588s ]
INFO: [ app_begin ] --END-- [ RunTime:0.001062s ]
INFO: [ app_end ] --START--
INFO: Run Behavior\ShowPageTraceBehavior [ RunTime:0.000743s ]
INFO: [ app_end ] --END-- [ RunTime:0.000898s ]

[ 2016-04-09T12:48:26+08:00 ] ::1 /ww/shop/index.php/Admin/Goods/test?cate_id=%E7%94%B5%E8%84%91
INFO: [ app_begin ] --START--
INFO: Run Behavior\ReadHtmlCacheBehavior [ RunTime:0.000612s ]
INFO: [ app_begin ] --END-- [ RunTime:0.001075s ]
INFO: [ app_end ] --START--
INFO: Run Behavior\ShowPageTraceBehavior [ RunTime:0.001774s ]
INFO: [ app_end ] --END-- [ RunTime:0.001918s ]

[ 2016-04-09T12:48:30+08:00 ] ::1 /ww/shop/index.php/Admin/Goods/test?cate_id=&nbsp;&nbsp;%E8%8B%B9%E6%9E%9C
INFO: [ app_begin ] --START--
INFO: Run Behavior\ReadHtmlCacheBehavior [ RunTime:0.000603s ]
INFO: [ app_begin ] --END-- [ RunTime:0.001144s ]
INFO: [ app_end ] --START--
INFO: Run Behavior\ShowPageTraceBehavior [ RunTime:0.000833s ]
INFO: [ app_end ] --END-- [ RunTime:0.000983s ]

[ 2016-04-09T12:50:27+08:00 ] ::1 /ww/shop/index.php/Admin/Goods/test
INFO: [ app_begin ] --START--
INFO: Run Behavior\ReadHtmlCacheBehavior [ RunTime:0.000625s ]
INFO: [ app_begin ] --END-- [ RunTime:0.001335s ]
INFO: [ app_end ] --START--
INFO: Run Behavior\ShowPageTraceBehavior [ RunTime:0.000738s ]
INFO: [ app_end ] --END-- [ RunTime:0.000890s ]

[ 2016-04-09T12:51:48+08:00 ] ::1 /ww/shop/index.php/Admin/Goods/index
INFO: [ app_begin ] --START--
INFO: Run Behavior\ReadHtmlCacheBehavior [ RunTime:0.000586s ]
INFO: [ app_begin ] --END-- [ RunTime:0.001087s ]
SQL: SHOW COLUMNS FROM `cz_category` [ RunTime:0.003567s ]
SQL: SELECT * FROM `cz_category`  [ RunTime:0.001729s ]
SQL: SHOW COLUMNS FROM `cz_brand` [ RunTime:0.003116s ]
SQL: SELECT * FROM `cz_brand` ORDER BY sort_order asc  [ RunTime:0.000652s ]
SQL: SHOW COLUMNS FROM `cz_goods` [ RunTime:0.003670s ]
SQL: SELECT * FROM `cz_goods`  [ RunTime:0.000963s ]
SQL: SELECT COUNT(*) AS tp_count FROM `cz_goods` LIMIT 1   [ RunTime:0.000486s ]
SQL: SELECT * FROM `cz_goods` LIMIT 0,5   [ RunTime:0.000823s ]
INFO: [ view_parse ] --START--
INFO: [ template_filter ] --START--
INFO: Run Behavior\ContentReplaceBehavior [ RunTime:0.000145s ]
INFO: [ template_filter ] --END-- [ RunTime:0.000294s ]
NOTIC: [8] Undefined index: level E:\Demo\ww\shop\Application\Runtime\Cache\Admin\7460c3bd08e8aaf3e719467d6ea19bd3.php 第 48 行.
NOTIC: [8] Undefined index: level E:\Demo\ww\shop\Application\Runtime\Cache\Admin\7460c3bd08e8aaf3e719467d6ea19bd3.php 第 48 行.
NOTIC: [8] Undefined index: level E:\Demo\ww\shop\Application\Runtime\Cache\Admin\7460c3bd08e8aaf3e719467d6ea19bd3.php 第 48 行.
NOTIC: [8] Undefined index: level E:\Demo\ww\shop\Application\Runtime\Cache\Admin\7460c3bd08e8aaf3e719467d6ea19bd3.php 第 48 行.
NOTIC: [8] Undefined index: level E:\Demo\ww\shop\Application\Runtime\Cache\Admin\7460c3bd08e8aaf3e719467d6ea19bd3.php 第 48 行.
INFO: Run Behavior\ParseTemplateBehavior [ RunTime:0.019998s ]
INFO: [ view_parse ] --END-- [ RunTime:0.020128s ]
INFO: [ view_filter ] --START--
INFO: Run Behavior\WriteHtmlCacheBehavior [ RunTime:0.000280s ]
INFO: [ view_filter ] --END-- [ RunTime:0.000395s ]
INFO: [ app_end ] --START--
INFO: Run Behavior\ShowPageTraceBehavior [ RunTime:0.000710s ]
INFO: [ app_end ] --END-- [ RunTime:0.000827s ]

[ 2016-04-09T12:52:31+08:00 ] ::1 /ww/shop/index.php/Admin/Goods/index
INFO: [ app_begin ] --START--
INFO: Run Behavior\ReadHtmlCacheBehavior [ RunTime:0.000573s ]
INFO: [ app_begin ] --END-- [ RunTime:0.003078s ]
SQL: SHOW COLUMNS FROM `cz_category` [ RunTime:0.002741s ]
SQL: SELECT * FROM `cz_category`  [ RunTime:0.000511s ]
SQL: SHOW COLUMNS FROM `cz_brand` [ RunTime:0.003420s ]
SQL: SELECT * FROM `cz_brand` ORDER BY sort_order asc  [ RunTime:0.001172s ]
SQL: SHOW COLUMNS FROM `cz_goods` [ RunTime:0.003181s ]
SQL: SELECT * FROM `cz_goods`  [ RunTime:0.000815s ]
SQL: SELECT COUNT(*) AS tp_count FROM `cz_goods` LIMIT 1   [ RunTime:0.000397s ]
SQL: SELECT * FROM `cz_goods` LIMIT 0,5   [ RunTime:0.000637s ]
INFO: [ view_parse ] --START--
INFO: [ template_filter ] --START--
INFO: Run Behavior\ContentReplaceBehavior [ RunTime:0.000150s ]
INFO: [ template_filter ] --END-- [ RunTime:0.000298s ]
NOTIC: [8] Undefined index: level E:\Demo\ww\shop\Application\Runtime\Cache\Admin\7460c3bd08e8aaf3e719467d6ea19bd3.php 第 48 行.
NOTIC: [8] Undefined index: level E:\Demo\ww\shop\Application\Runtime\Cache\Admin\7460c3bd08e8aaf3e719467d6ea19bd3.php 第 48 行.
NOTIC: [8] Undefined index: level E:\Demo\ww\shop\Application\Runtime\Cache\Admin\7460c3bd08e8aaf3e719467d6ea19bd3.php 第 48 行.
NOTIC: [8] Undefined index: level E:\Demo\ww\shop\Application\Runtime\Cache\Admin\7460c3bd08e8aaf3e719467d6ea19bd3.php 第 48 行.
NOTIC: [8] Undefined index: level E:\Demo\ww\shop\Application\Runtime\Cache\Admin\7460c3bd08e8aaf3e719467d6ea19bd3.php 第 48 行.
INFO: Run Behavior\ParseTemplateBehavior [ RunTime:0.019935s ]
INFO: [ view_parse ] --END-- [ RunTime:0.020130s ]
INFO: [ view_filter ] --START--
INFO: Run Behavior\WriteHtmlCacheBehavior [ RunTime:0.000382s ]
INFO: [ view_filter ] --END-- [ RunTime:0.000547s ]
INFO: [ app_end ] --START--
INFO: Run Behavior\ShowPageTraceBehavior [ RunTime:0.000760s ]
INFO: [ app_end ] --END-- [ RunTime:0.000878s ]

[ 2016-04-09T13:08:15+08:00 ] ::1 /ww/shop/index.php/Admin/Goods/index
INFO: [ app_begin ] --START--
INFO: Run Behavior\ReadHtmlCacheBehavior [ RunTime:0.000628s ]
INFO: [ app_begin ] --END-- [ RunTime:0.001198s ]
SQL: SHOW COLUMNS FROM `cz_category` [ RunTime:0.002849s ]
SQL: SELECT * FROM `cz_category`  [ RunTime:0.000555s ]
SQL: SHOW COLUMNS FROM `cz_brand` [ RunTime:0.002516s ]
SQL: SELECT * FROM `cz_brand` ORDER BY sort_order asc  [ RunTime:0.000472s ]
SQL: SHOW COLUMNS FROM `cz_goods` [ RunTime:0.002612s ]
SQL: SELECT * FROM `cz_goods`  [ RunTime:0.000462s ]
SQL: SELECT COUNT(*) AS tp_count FROM `cz_goods` LIMIT 1   [ RunTime:0.000249s ]
SQL: SELECT * FROM `cz_goods` LIMIT 0,5   [ RunTime:0.000519s ]
INFO: [ view_parse ] --START--
INFO: [ template_filter ] --START--
INFO: Run Behavior\ContentReplaceBehavior [ RunTime:0.000149s ]
INFO: [ template_filter ] --END-- [ RunTime:0.000292s ]
NOTIC: [8] Undefined index: level E:\Demo\ww\shop\Application\Runtime\Cache\Admin\7460c3bd08e8aaf3e719467d6ea19bd3.php 第 48 行.
NOTIC: [8] Undefined index: level E:\Demo\ww\shop\Application\Runtime\Cache\Admin\7460c3bd08e8aaf3e719467d6ea19bd3.php 第 48 行.
NOTIC: [8] Undefined index: level E:\Demo\ww\shop\Application\Runtime\Cache\Admin\7460c3bd08e8aaf3e719467d6ea19bd3.php 第 48 行.
NOTIC: [8] Undefined index: level E:\Demo\ww\shop\Application\Runtime\Cache\Admin\7460c3bd08e8aaf3e719467d6ea19bd3.php 第 48 行.
NOTIC: [8] Undefined index: level E:\Demo\ww\shop\Application\Runtime\Cache\Admin\7460c3bd08e8aaf3e719467d6ea19bd3.php 第 48 行.
INFO: Run Behavior\ParseTemplateBehavior [ RunTime:0.022182s ]
INFO: [ view_parse ] --END-- [ RunTime:0.022321s ]
INFO: [ view_filter ] --START--
INFO: Run Behavior\WriteHtmlCacheBehavior [ RunTime:0.000308s ]
INFO: [ view_filter ] --END-- [ RunTime:0.000428s ]
INFO: [ app_end ] --START--
INFO: Run Behavior\ShowPageTraceBehavior [ RunTime:0.000725s ]
INFO: [ app_end ] --END-- [ RunTime:0.000846s ]

[ 2016-04-09T13:12:09+08:00 ] ::1 /ww/shop/index.php/Admin/Goods/index?cate_id=11
INFO: [ app_begin ] --START--
INFO: Run Behavior\ReadHtmlCacheBehavior [ RunTime:0.000632s ]
INFO: [ app_begin ] --END-- [ RunTime:0.001245s ]
SQL: SHOW COLUMNS FROM `cz_category` [ RunTime:0.003113s ]
SQL: SELECT * FROM `cz_category`  [ RunTime:0.000594s ]
SQL: SHOW COLUMNS FROM `cz_brand` [ RunTime:0.003903s ]
SQL: SELECT * FROM `cz_brand` ORDER BY sort_order asc  [ RunTime:0.000780s ]
SQL: SHOW COLUMNS FROM `cz_goods` [ RunTime:0.002865s ]
SQL: SELECT * FROM `cz_goods`  [ RunTime:0.000637s ]
SQL: SELECT COUNT(*) AS tp_count FROM `cz_goods` LIMIT 1   [ RunTime:0.000278s ]
SQL: SELECT * FROM `cz_goods` LIMIT 0,5   [ RunTime:0.000747s ]
INFO: [ view_parse ] --START--
INFO: [ template_filter ] --START--
INFO: Run Behavior\ContentReplaceBehavior [ RunTime:0.000151s ]
INFO: [ template_filter ] --END-- [ RunTime:0.000292s ]
NOTIC: [8] Undefined index: level E:\Demo\ww\shop\Application\Runtime\Cache\Admin\7460c3bd08e8aaf3e719467d6ea19bd3.php 第 48 行.
NOTIC: [8] Undefined index: level E:\Demo\ww\shop\Application\Runtime\Cache\Admin\7460c3bd08e8aaf3e719467d6ea19bd3.php 第 48 行.
NOTIC: [8] Undefined index: level E:\Demo\ww\shop\Application\Runtime\Cache\Admin\7460c3bd08e8aaf3e719467d6ea19bd3.php 第 48 行.
NOTIC: [8] Undefined index: level E:\Demo\ww\shop\Application\Runtime\Cache\Admin\7460c3bd08e8aaf3e719467d6ea19bd3.php 第 48 行.
NOTIC: [8] Undefined index: level E:\Demo\ww\shop\Application\Runtime\Cache\Admin\7460c3bd08e8aaf3e719467d6ea19bd3.php 第 48 行.
INFO: Run Behavior\ParseTemplateBehavior [ RunTime:0.021028s ]
INFO: [ view_parse ] --END-- [ RunTime:0.021211s ]
INFO: [ view_filter ] --START--
INFO: Run Behavior\WriteHtmlCacheBehavior [ RunTime:0.000520s ]
INFO: [ view_filter ] --END-- [ RunTime:0.000715s ]
INFO: [ app_end ] --START--
INFO: Run Behavior\ShowPageTraceBehavior [ RunTime:0.002232s ]
INFO: [ app_end ] --END-- [ RunTime:0.002477s ]

[ 2016-04-09T13:30:50+08:00 ] ::1 /ww/shop/index.php/Admin/Goods/index?value=111
INFO: [ app_begin ] --START--
INFO: Run Behavior\ReadHtmlCacheBehavior [ RunTime:0.000593s ]
INFO: [ app_begin ] --END-- [ RunTime:0.001075s ]
SQL: SHOW COLUMNS FROM `cz_category` [ RunTime:0.003333s ]
SQL: SELECT * FROM `cz_category`  [ RunTime:0.000943s ]
SQL: SHOW COLUMNS FROM `cz_brand` [ RunTime:0.002693s ]
SQL: SELECT * FROM `cz_brand` ORDER BY sort_order asc  [ RunTime:0.000605s ]
SQL: SHOW COLUMNS FROM `cz_goods` [ RunTime:0.002787s ]
SQL: SELECT * FROM `cz_goods`  [ RunTime:0.000635s ]
SQL: SELECT COUNT(*) AS tp_count FROM `cz_goods` LIMIT 1   [ RunTime:0.000368s ]
SQL: SELECT * FROM `cz_goods` LIMIT 0,5   [ RunTime:0.000978s ]
INFO: [ view_parse ] --START--
INFO: [ template_filter ] --START--
INFO: Run Behavior\ContentReplaceBehavior [ RunTime:0.000156s ]
INFO: [ template_filter ] --END-- [ RunTime:0.000300s ]
NOTIC: [8] Undefined index: level E:\Demo\ww\shop\Application\Runtime\Cache\Admin\7460c3bd08e8aaf3e719467d6ea19bd3.php 第 48 行.
NOTIC: [8] Undefined index: level E:\Demo\ww\shop\Application\Runtime\Cache\Admin\7460c3bd08e8aaf3e719467d6ea19bd3.php 第 48 行.
NOTIC: [8] Undefined index: level E:\Demo\ww\shop\Application\Runtime\Cache\Admin\7460c3bd08e8aaf3e719467d6ea19bd3.php 第 48 行.
NOTIC: [8] Undefined index: level E:\Demo\ww\shop\Application\Runtime\Cache\Admin\7460c3bd08e8aaf3e719467d6ea19bd3.php 第 48 行.
NOTIC: [8] Undefined index: level E:\Demo\ww\shop\Application\Runtime\Cache\Admin\7460c3bd08e8aaf3e719467d6ea19bd3.php 第 48 行.
INFO: Run Behavior\ParseTemplateBehavior [ RunTime:0.021749s ]
INFO: [ view_parse ] --END-- [ RunTime:0.021915s ]
INFO: [ view_filter ] --START--
INFO: Run Behavior\WriteHtmlCacheBehavior [ RunTime:0.000278s ]
INFO: [ view_filter ] --END-- [ RunTime:0.000394s ]
INFO: [ app_end ] --START--
INFO: Run Behavior\ShowPageTraceBehavior [ RunTime:0.000880s ]
INFO: [ app_end ] --END-- [ RunTime:0.001000s ]

[ 2016-04-09T13:32:07+08:00 ] ::1 /ww/shop/index.php/Admin/Goods/index?value=111
INFO: [ app_begin ] --START--
INFO: Run Behavior\ReadHtmlCacheBehavior [ RunTime:0.000616s ]
INFO: [ app_begin ] --END-- [ RunTime:0.001284s ]
SQL: SHOW COLUMNS FROM `cz_category` [ RunTime:0.002373s ]
SQL: SELECT * FROM `cz_category`  [ RunTime:0.000353s ]
SQL: SHOW COLUMNS FROM `cz_brand` [ RunTime:0.002174s ]
SQL: SELECT * FROM `cz_brand` ORDER BY sort_order asc  [ RunTime:0.000389s ]
SQL: SHOW COLUMNS FROM `cz_goods` [ RunTime:0.002645s ]
SQL: SELECT * FROM `cz_goods`  [ RunTime:0.000560s ]
SQL: SELECT COUNT(*) AS tp_count FROM `cz_goods` LIMIT 1   [ RunTime:0.000237s ]
SQL: SELECT * FROM `cz_goods` LIMIT 0,5   [ RunTime:0.000424s ]
INFO: [ view_parse ] --START--
INFO: [ template_filter ] --START--
INFO: Run Behavior\ContentReplaceBehavior [ RunTime:0.000144s ]
INFO: [ template_filter ] --END-- [ RunTime:0.000286s ]
NOTIC: [8] Undefined index: level E:\Demo\ww\shop\Application\Runtime\Cache\Admin\7460c3bd08e8aaf3e719467d6ea19bd3.php 第 48 行.
NOTIC: [8] Undefined index: level E:\Demo\ww\shop\Application\Runtime\Cache\Admin\7460c3bd08e8aaf3e719467d6ea19bd3.php 第 48 行.
NOTIC: [8] Undefined index: level E:\Demo\ww\shop\Application\Runtime\Cache\Admin\7460c3bd08e8aaf3e719467d6ea19bd3.php 第 48 行.
NOTIC: [8] Undefined index: level E:\Demo\ww\shop\Application\Runtime\Cache\Admin\7460c3bd08e8aaf3e719467d6ea19bd3.php 第 48 行.
NOTIC: [8] Undefined index: level E:\Demo\ww\shop\Application\Runtime\Cache\Admin\7460c3bd08e8aaf3e719467d6ea19bd3.php 第 48 行.
INFO: Run Behavior\ParseTemplateBehavior [ RunTime:0.019158s ]
INFO: [ view_parse ] --END-- [ RunTime:0.019286s ]
INFO: [ view_filter ] --START--
INFO: Run Behavior\WriteHtmlCacheBehavior [ RunTime:0.000277s ]
INFO: [ view_filter ] --END-- [ RunTime:0.000391s ]
INFO: [ app_end ] --START--
INFO: Run Behavior\ShowPageTraceBehavior [ RunTime:0.000683s ]
INFO: [ app_end ] --END-- [ RunTime:0.000797s ]

[ 2016-04-09T13:33:11+08:00 ] ::1 /ww/shop/index.php/Admin/Goods/index
INFO: [ app_begin ] --START--
INFO: Run Behavior\ReadHtmlCacheBehavior [ RunTime:0.000692s ]
INFO: [ app_begin ] --END-- [ RunTime:0.001158s ]
SQL: SHOW COLUMNS FROM `cz_category` [ RunTime:0.004033s ]
SQL: SELECT * FROM `cz_category`  [ RunTime:0.000967s ]
SQL: SHOW COLUMNS FROM `cz_brand` [ RunTime:0.003002s ]
SQL: SELECT * FROM `cz_brand` ORDER BY sort_order asc  [ RunTime:0.000638s ]
SQL: SHOW COLUMNS FROM `cz_goods` [ RunTime:0.003264s ]
SQL: SELECT * FROM `cz_goods`  [ RunTime:0.000828s ]
SQL: SELECT COUNT(*) AS tp_count FROM `cz_goods` LIMIT 1   [ RunTime:0.000393s ]
SQL: SELECT * FROM `cz_goods` LIMIT 0,5   [ RunTime:0.000510s ]
NOTIC: [8] Undefined index: value E:\Demo\ww\shop\Application\Admin\Controller\GoodsController.class.php 第 22 行.
INFO: [ view_parse ] --START--
INFO: [ template_filter ] --START--
INFO: Run Behavior\ContentReplaceBehavior [ RunTime:0.000170s ]
INFO: [ template_filter ] --END-- [ RunTime:0.000323s ]
NOTIC: [8] Undefined index: level E:\Demo\ww\shop\Application\Runtime\Cache\Admin\7460c3bd08e8aaf3e719467d6ea19bd3.php 第 48 行.
NOTIC: [8] Undefined index: level E:\Demo\ww\shop\Application\Runtime\Cache\Admin\7460c3bd08e8aaf3e719467d6ea19bd3.php 第 48 行.
NOTIC: [8] Undefined index: level E:\Demo\ww\shop\Application\Runtime\Cache\Admin\7460c3bd08e8aaf3e719467d6ea19bd3.php 第 48 行.
NOTIC: [8] Undefined index: level E:\Demo\ww\shop\Application\Runtime\Cache\Admin\7460c3bd08e8aaf3e719467d6ea19bd3.php 第 48 行.
NOTIC: [8] Undefined index: level E:\Demo\ww\shop\Application\Runtime\Cache\Admin\7460c3bd08e8aaf3e719467d6ea19bd3.php 第 48 行.
INFO: Run Behavior\ParseTemplateBehavior [ RunTime:0.019746s ]
INFO: [ view_parse ] --END-- [ RunTime:0.019883s ]
INFO: [ view_filter ] --START--
INFO: Run Behavior\WriteHtmlCacheBehavior [ RunTime:0.000278s ]
INFO: [ view_filter ] --END-- [ RunTime:0.000392s ]
INFO: [ app_end ] --START--
INFO: Run Behavior\ShowPageTraceBehavior [ RunTime:0.000697s ]
INFO: [ app_end ] --END-- [ RunTime:0.000810s ]

[ 2016-04-09T13:34:26+08:00 ] ::1 /ww/shop/index.php/Admin/Goods/index
INFO: [ app_begin ] --START--
INFO: Run Behavior\ReadHtmlCacheBehavior [ RunTime:0.000821s ]
INFO: [ app_begin ] --END-- [ RunTime:0.001575s ]
SQL: SHOW COLUMNS FROM `cz_category` [ RunTime:0.002646s ]
SQL: SELECT * FROM `cz_category`  [ RunTime:0.000686s ]
SQL: SHOW COLUMNS FROM `cz_brand` [ RunTime:0.002617s ]
SQL: SELECT * FROM `cz_brand` ORDER BY sort_order asc  [ RunTime:0.000520s ]
SQL: SHOW COLUMNS FROM `cz_goods` [ RunTime:0.003069s ]
SQL: SELECT * FROM `cz_goods`  [ RunTime:0.000677s ]
SQL: SELECT COUNT(*) AS tp_count FROM `cz_goods` LIMIT 1   [ RunTime:0.000374s ]
SQL: SELECT * FROM `cz_goods` LIMIT 0,5   [ RunTime:0.000547s ]
INFO: [ view_parse ] --START--
INFO: [ template_filter ] --START--
INFO: Run Behavior\ContentReplaceBehavior [ RunTime:0.000220s ]
INFO: [ template_filter ] --END-- [ RunTime:0.000363s ]
NOTIC: [8] Undefined index: level E:\Demo\ww\shop\Application\Runtime\Cache\Admin\7460c3bd08e8aaf3e719467d6ea19bd3.php 第 48 行.
NOTIC: [8] Undefined index: level E:\Demo\ww\shop\Application\Runtime\Cache\Admin\7460c3bd08e8aaf3e719467d6ea19bd3.php 第 48 行.
NOTIC: [8] Undefined index: level E:\Demo\ww\shop\Application\Runtime\Cache\Admin\7460c3bd08e8aaf3e719467d6ea19bd3.php 第 48 行.
NOTIC: [8] Undefined index: level E:\Demo\ww\shop\Application\Runtime\Cache\Admin\7460c3bd08e8aaf3e719467d6ea19bd3.php 第 48 行.
NOTIC: [8] Undefined index: level E:\Demo\ww\shop\Application\Runtime\Cache\Admin\7460c3bd08e8aaf3e719467d6ea19bd3.php 第 48 行.
INFO: Run Behavior\ParseTemplateBehavior [ RunTime:0.019842s ]
INFO: [ view_parse ] --END-- [ RunTime:0.019973s ]
INFO: [ view_filter ] --START--
INFO: Run Behavior\WriteHtmlCacheBehavior [ RunTime:0.000341s ]
INFO: [ view_filter ] --END-- [ RunTime:0.000460s ]
INFO: [ app_end ] --START--
INFO: Run Behavior\ShowPageTraceBehavior [ RunTime:0.000810s ]
INFO: [ app_end ] --END-- [ RunTime:0.000929s ]

[ 2016-04-09T13:35:25+08:00 ] ::1 /ww/shop/index.php/Admin/Goods/index
INFO: [ app_begin ] --START--
INFO: Run Behavior\ReadHtmlCacheBehavior [ RunTime:0.000609s ]
INFO: [ app_begin ] --END-- [ RunTime:0.001258s ]
NOTIC: [8] Undefined variable: now E:\Demo\ww\shop\Application\Admin\Controller\GoodsController.class.php 第 23 行.
INFO: [ view_parse ] --START--
INFO: [ template_filter ] --START--
INFO: Run Behavior\ContentReplaceBehavior [ RunTime:0.000141s ]
INFO: [ template_filter ] --END-- [ RunTime:0.000299s ]
NOTIC: [8] Undefined variable: cats E:\Demo\ww\shop\Application\Runtime\Cache\Admin\7460c3bd08e8aaf3e719467d6ea19bd3.php 第 23 行.
NOTIC: [8] Undefined variable: brands E:\Demo\ww\shop\Application\Runtime\Cache\Admin\7460c3bd08e8aaf3e719467d6ea19bd3.php 第 47 行.
NOTIC: [8] Undefined variable: goods E:\Demo\ww\shop\Application\Runtime\Cache\Admin\7460c3bd08e8aaf3e719467d6ea19bd3.php 第 112 行.
NOTIC: [8] Undefined variable: page E:\Demo\ww\shop\Application\Runtime\Cache\Admin\7460c3bd08e8aaf3e719467d6ea19bd3.php 第 133 行.
INFO: Run Behavior\ParseTemplateBehavior [ RunTime:0.019524s ]
INFO: [ view_parse ] --END-- [ RunTime:0.019676s ]
INFO: [ view_filter ] --START--
INFO: Run Behavior\WriteHtmlCacheBehavior [ RunTime:0.000307s ]
INFO: [ view_filter ] --END-- [ RunTime:0.000423s ]
INFO: [ app_end ] --START--
INFO: Run Behavior\ShowPageTraceBehavior [ RunTime:0.000702s ]
INFO: [ app_end ] --END-- [ RunTime:0.000816s ]

[ 2016-04-09T13:35:44+08:00 ] ::1 /ww/shop/index.php/Admin/Goods/index
INFO: [ app_begin ] --START--
INFO: Run Behavior\ReadHtmlCacheBehavior [ RunTime:0.000572s ]
INFO: [ app_begin ] --END-- [ RunTime:0.001038s ]
INFO: [ view_parse ] --START--
INFO: [ template_filter ] --START--
INFO: Run Behavior\ContentReplaceBehavior [ RunTime:0.000145s ]
INFO: [ template_filter ] --END-- [ RunTime:0.000290s ]
NOTIC: [8] Undefined variable: cats E:\Demo\ww\shop\Application\Runtime\Cache\Admin\7460c3bd08e8aaf3e719467d6ea19bd3.php 第 23 行.
NOTIC: [8] Undefined variable: brands E:\Demo\ww\shop\Application\Runtime\Cache\Admin\7460c3bd08e8aaf3e719467d6ea19bd3.php 第 47 行.
NOTIC: [8] Undefined variable: goods E:\Demo\ww\shop\Application\Runtime\Cache\Admin\7460c3bd08e8aaf3e719467d6ea19bd3.php 第 112 行.
NOTIC: [8] Undefined variable: page E:\Demo\ww\shop\Application\Runtime\Cache\Admin\7460c3bd08e8aaf3e719467d6ea19bd3.php 第 133 行.
INFO: Run Behavior\ParseTemplateBehavior [ RunTime:0.022873s ]
INFO: [ view_parse ] --END-- [ RunTime:0.023054s ]
INFO: [ view_filter ] --START--
INFO: Run Behavior\WriteHtmlCacheBehavior [ RunTime:0.000466s ]
INFO: [ view_filter ] --END-- [ RunTime:0.000675s ]
INFO: [ app_end ] --START--
INFO: Run Behavior\ShowPageTraceBehavior [ RunTime:0.001118s ]
INFO: [ app_end ] --END-- [ RunTime:0.001338s ]

[ 2016-04-09T13:36:14+08:00 ] ::1 /ww/shop/index.php/Admin/Goods/index
INFO: [ app_begin ] --START--
INFO: Run Behavior\ReadHtmlCacheBehavior [ RunTime:0.000769s ]
INFO: [ app_begin ] --END-- [ RunTime:0.001333s ]
INFO: [ view_parse ] --START--
INFO: [ template_filter ] --START--
INFO: Run Behavior\ContentReplaceBehavior [ RunTime:0.000146s ]
INFO: [ template_filter ] --END-- [ RunTime:0.000290s ]
NOTIC: [8] Undefined variable: cats E:\Demo\ww\shop\Application\Runtime\Cache\Admin\7460c3bd08e8aaf3e719467d6ea19bd3.php 第 23 行.
NOTIC: [8] Undefined variable: brands E:\Demo\ww\shop\Application\Runtime\Cache\Admin\7460c3bd08e8aaf3e719467d6ea19bd3.php 第 47 行.
NOTIC: [8] Undefined variable: goods E:\Demo\ww\shop\Application\Runtime\Cache\Admin\7460c3bd08e8aaf3e719467d6ea19bd3.php 第 112 行.
NOTIC: [8] Undefined variable: page E:\Demo\ww\shop\Application\Runtime\Cache\Admin\7460c3bd08e8aaf3e719467d6ea19bd3.php 第 133 行.
INFO: Run Behavior\ParseTemplateBehavior [ RunTime:0.019574s ]
INFO: [ view_parse ] --END-- [ RunTime:0.019700s ]
INFO: [ view_filter ] --START--
INFO: Run Behavior\WriteHtmlCacheBehavior [ RunTime:0.000274s ]
INFO: [ view_filter ] --END-- [ RunTime:0.000388s ]
INFO: [ app_end ] --START--
INFO: Run Behavior\ShowPageTraceBehavior [ RunTime:0.000707s ]
INFO: [ app_end ] --END-- [ RunTime:0.000822s ]

[ 2016-04-09T13:36:58+08:00 ] ::1 /ww/shop/index.php/Admin/Goods/index
INFO: [ app_begin ] --START--
INFO: Run Behavior\ReadHtmlCacheBehavior [ RunTime:0.000614s ]
INFO: [ app_begin ] --END-- [ RunTime:0.001299s ]
INFO: [ view_parse ] --START--
INFO: [ template_filter ] --START--
INFO: Run Behavior\ContentReplaceBehavior [ RunTime:0.000148s ]
INFO: [ template_filter ] --END-- [ RunTime:0.000315s ]
NOTIC: [8] Undefined variable: cats E:\Demo\ww\shop\Application\Runtime\Cache\Admin\7460c3bd08e8aaf3e719467d6ea19bd3.php 第 23 行.
NOTIC: [8] Undefined variable: brands E:\Demo\ww\shop\Application\Runtime\Cache\Admin\7460c3bd08e8aaf3e719467d6ea19bd3.php 第 47 行.
NOTIC: [8] Undefined variable: goods E:\Demo\ww\shop\Application\Runtime\Cache\Admin\7460c3bd08e8aaf3e719467d6ea19bd3.php 第 112 行.
NOTIC: [8] Undefined variable: page E:\Demo\ww\shop\Application\Runtime\Cache\Admin\7460c3bd08e8aaf3e719467d6ea19bd3.php 第 133 行.
INFO: Run Behavior\ParseTemplateBehavior [ RunTime:0.020486s ]
INFO: [ view_parse ] --END-- [ RunTime:0.020630s ]
INFO: [ view_filter ] --START--
INFO: Run Behavior\WriteHtmlCacheBehavior [ RunTime:0.000310s ]
INFO: [ view_filter ] --END-- [ RunTime:0.000427s ]
INFO: [ app_end ] --START--
INFO: Run Behavior\ShowPageTraceBehavior [ RunTime:0.000704s ]
INFO: [ app_end ] --END-- [ RunTime:0.000942s ]

[ 2016-04-09T13:37:11+08:00 ] ::1 /ww/shop/index.php/Admin/Goods/index
INFO: [ app_begin ] --START--
INFO: Run Behavior\ReadHtmlCacheBehavior [ RunTime:0.000788s ]
INFO: [ app_begin ] --END-- [ RunTime:0.001375s ]
INFO: [ view_parse ] --START--
INFO: [ template_filter ] --START--
INFO: Run Behavior\ContentReplaceBehavior [ RunTime:0.000249s ]
INFO: [ template_filter ] --END-- [ RunTime:0.000575s ]
NOTIC: [8] Undefined variable: cats E:\Demo\ww\shop\Application\Runtime\Cache\Admin\7460c3bd08e8aaf3e719467d6ea19bd3.php 第 23 行.
NOTIC: [8] Undefined variable: brands E:\Demo\ww\shop\Application\Runtime\Cache\Admin\7460c3bd08e8aaf3e719467d6ea19bd3.php 第 47 行.
NOTIC: [8] Undefined variable: goods E:\Demo\ww\shop\Application\Runtime\Cache\Admin\7460c3bd08e8aaf3e719467d6ea19bd3.php 第 112 行.
NOTIC: [8] Undefined variable: page E:\Demo\ww\shop\Application\Runtime\Cache\Admin\7460c3bd08e8aaf3e719467d6ea19bd3.php 第 133 行.
INFO: Run Behavior\ParseTemplateBehavior [ RunTime:0.039668s ]
INFO: [ view_parse ] --END-- [ RunTime:0.039927s ]
INFO: [ view_filter ] --START--
INFO: Run Behavior\WriteHtmlCacheBehavior [ RunTime:0.000417s ]
INFO: [ view_filter ] --END-- [ RunTime:0.000625s ]
INFO: [ app_end ] --START--
INFO: Run Behavior\ShowPageTraceBehavior [ RunTime:0.001043s ]
INFO: [ app_end ] --END-- [ RunTime:0.001248s ]

[ 2016-04-09T13:38:41+08:00 ] ::1 /ww/shop/index.php/Admin/Goods/index
INFO: [ app_begin ] --START--
INFO: Run Behavior\ReadHtmlCacheBehavior [ RunTime:0.000563s ]
INFO: [ app_begin ] --END-- [ RunTime:0.001057s ]
INFO: [ view_parse ] --START--
INFO: [ template_filter ] --START--
INFO: Run Behavior\ContentReplaceBehavior [ RunTime:0.000237s ]
INFO: [ template_filter ] --END-- [ RunTime:0.000522s ]
NOTIC: [8] Undefined variable: cats E:\Demo\ww\shop\Application\Runtime\Cache\Admin\7460c3bd08e8aaf3e719467d6ea19bd3.php 第 23 行.
NOTIC: [8] Undefined variable: brands E:\Demo\ww\shop\Application\Runtime\Cache\Admin\7460c3bd08e8aaf3e719467d6ea19bd3.php 第 47 行.
NOTIC: [8] Undefined variable: goods E:\Demo\ww\shop\Application\Runtime\Cache\Admin\7460c3bd08e8aaf3e719467d6ea19bd3.php 第 112 行.
NOTIC: [8] Undefined variable: page E:\Demo\ww\shop\Application\Runtime\Cache\Admin\7460c3bd08e8aaf3e719467d6ea19bd3.php 第 133 行.
INFO: Run Behavior\ParseTemplateBehavior [ RunTime:0.022316s ]
INFO: [ view_parse ] --END-- [ RunTime:0.022480s ]
INFO: [ view_filter ] --START--
INFO: Run Behavior\WriteHtmlCacheBehavior [ RunTime:0.000471s ]
INFO: [ view_filter ] --END-- [ RunTime:0.000669s ]
INFO: [ app_end ] --START--
INFO: Run Behavior\ShowPageTraceBehavior [ RunTime:0.000734s ]
INFO: [ app_end ] --END-- [ RunTime:0.000851s ]

[ 2016-04-09T17:38:55+08:00 ] ::1 /ww/shop/index.php/Admin/Goods/index
INFO: [ app_begin ] --START--
INFO: Run Behavior\ReadHtmlCacheBehavior [ RunTime:0.001070s ]
INFO: [ app_begin ] --END-- [ RunTime:0.001780s ]
INFO: [ view_parse ] --START--
INFO: [ template_filter ] --START--
INFO: Run Behavior\ContentReplaceBehavior [ RunTime:0.000156s ]
INFO: [ template_filter ] --END-- [ RunTime:0.000314s ]
NOTIC: [8] Undefined variable: cats E:\Demo\ww\shop\Application\Runtime\Cache\Admin\7460c3bd08e8aaf3e719467d6ea19bd3.php 第 23 行.
NOTIC: [8] Undefined variable: brands E:\Demo\ww\shop\Application\Runtime\Cache\Admin\7460c3bd08e8aaf3e719467d6ea19bd3.php 第 47 行.
NOTIC: [8] Undefined variable: goods E:\Demo\ww\shop\Application\Runtime\Cache\Admin\7460c3bd08e8aaf3e719467d6ea19bd3.php 第 112 行.
NOTIC: [8] Undefined variable: page E:\Demo\ww\shop\Application\Runtime\Cache\Admin\7460c3bd08e8aaf3e719467d6ea19bd3.php 第 133 行.
INFO: Run Behavior\ParseTemplateBehavior [ RunTime:0.026652s ]
INFO: [ view_parse ] --END-- [ RunTime:0.026836s ]
INFO: [ view_filter ] --START--
INFO: Run Behavior\WriteHtmlCacheBehavior [ RunTime:0.000377s ]
INFO: [ view_filter ] --END-- [ RunTime:0.000507s ]
INFO: [ app_end ] --START--
INFO: Run Behavior\ShowPageTraceBehavior [ RunTime:0.000861s ]
INFO: [ app_end ] --END-- [ RunTime:0.000999s ]

[ 2016-04-09T17:39:27+08:00 ] ::1 /ww/shop/index.php/Admin/Goods/index
INFO: [ app_begin ] --START--
INFO: Run Behavior\ReadHtmlCacheBehavior [ RunTime:0.000833s ]
INFO: [ app_begin ] --END-- [ RunTime:0.001457s ]
SQL: SHOW COLUMNS FROM `cz_category` [ RunTime:0.002961s ]
SQL: SELECT * FROM `cz_category`  [ RunTime:0.000859s ]
SQL: SHOW COLUMNS FROM `cz_brand` [ RunTime:0.003647s ]
SQL: SELECT * FROM `cz_brand` ORDER BY sort_order asc  [ RunTime:0.000716s ]
SQL: SHOW COLUMNS FROM `cz_goods` [ RunTime:0.003444s ]
SQL: SELECT * FROM `cz_goods`  [ RunTime:0.000721s ]
SQL: SELECT COUNT(*) AS tp_count FROM `cz_goods` LIMIT 1   [ RunTime:0.000432s ]
SQL: SELECT * FROM `cz_goods` LIMIT 0,5   [ RunTime:0.000858s ]
INFO: [ view_parse ] --START--
INFO: [ template_filter ] --START--
INFO: Run Behavior\ContentReplaceBehavior [ RunTime:0.000152s ]
INFO: [ template_filter ] --END-- [ RunTime:0.000297s ]
NOTIC: [8] Undefined index: level E:\Demo\ww\shop\Application\Runtime\Cache\Admin\7460c3bd08e8aaf3e719467d6ea19bd3.php 第 48 行.
NOTIC: [8] Undefined index: level E:\Demo\ww\shop\Application\Runtime\Cache\Admin\7460c3bd08e8aaf3e719467d6ea19bd3.php 第 48 行.
NOTIC: [8] Undefined index: level E:\Demo\ww\shop\Application\Runtime\Cache\Admin\7460c3bd08e8aaf3e719467d6ea19bd3.php 第 48 行.
NOTIC: [8] Undefined index: level E:\Demo\ww\shop\Application\Runtime\Cache\Admin\7460c3bd08e8aaf3e719467d6ea19bd3.php 第 48 行.
NOTIC: [8] Undefined index: level E:\Demo\ww\shop\Application\Runtime\Cache\Admin\7460c3bd08e8aaf3e719467d6ea19bd3.php 第 48 行.
INFO: Run Behavior\ParseTemplateBehavior [ RunTime:0.025209s ]
INFO: [ view_parse ] --END-- [ RunTime:0.025378s ]
INFO: [ view_filter ] --START--
INFO: Run Behavior\WriteHtmlCacheBehavior [ RunTime:0.000314s ]
INFO: [ view_filter ] --END-- [ RunTime:0.000434s ]
INFO: [ app_end ] --START--
INFO: Run Behavior\ShowPageTraceBehavior [ RunTime:0.000756s ]
INFO: [ app_end ] --END-- [ RunTime:0.000875s ]

[ 2016-04-09T17:41:22+08:00 ] ::1 /ww/shop/index.php/Admin/Goods/index
INFO: [ app_begin ] --START--
INFO: Run Behavior\ReadHtmlCacheBehavior [ RunTime:0.000859s ]
INFO: [ app_begin ] --END-- [ RunTime:0.001592s ]
SQL: SHOW COLUMNS FROM `cz_category` [ RunTime:0.003247s ]
SQL: SELECT * FROM `cz_category`  [ RunTime:0.000980s ]
SQL: SHOW COLUMNS FROM `cz_brand` [ RunTime:0.003626s ]
SQL: SELECT * FROM `cz_brand` ORDER BY sort_order asc  [ RunTime:0.000927s ]
SQL: SHOW COLUMNS FROM `cz_goods` [ RunTime:0.003664s ]
SQL: SELECT * FROM `cz_goods`  [ RunTime:0.000842s ]
SQL: SELECT COUNT(*) AS tp_count FROM `cz_goods` LIMIT 1   [ RunTime:0.000590s ]
SQL: SELECT * FROM `cz_goods` LIMIT 0,5   [ RunTime:0.001004s ]
INFO: [ view_parse ] --START--
INFO: [ template_filter ] --START--
INFO: Run Behavior\ContentReplaceBehavior [ RunTime:0.000221s ]
INFO: [ template_filter ] --END-- [ RunTime:0.000455s ]
NOTIC: [8] Undefined index: level E:\Demo\ww\shop\Application\Runtime\Cache\Admin\7460c3bd08e8aaf3e719467d6ea19bd3.php 第 48 行.
NOTIC: [8] Undefined index: level E:\Demo\ww\shop\Application\Runtime\Cache\Admin\7460c3bd08e8aaf3e719467d6ea19bd3.php 第 48 行.
NOTIC: [8] Undefined index: level E:\Demo\ww\shop\Application\Runtime\Cache\Admin\7460c3bd08e8aaf3e719467d6ea19bd3.php 第 48 行.
NOTIC: [8] Undefined index: level E:\Demo\ww\shop\Application\Runtime\Cache\Admin\7460c3bd08e8aaf3e719467d6ea19bd3.php 第 48 行.
NOTIC: [8] Undefined index: level E:\Demo\ww\shop\Application\Runtime\Cache\Admin\7460c3bd08e8aaf3e719467d6ea19bd3.php 第 48 行.
INFO: Run Behavior\ParseTemplateBehavior [ RunTime:0.028076s ]
INFO: [ view_parse ] --END-- [ RunTime:0.028238s ]
INFO: [ view_filter ] --START--
INFO: Run Behavior\WriteHtmlCacheBehavior [ RunTime:0.000304s ]
INFO: [ view_filter ] --END-- [ RunTime:0.000426s ]
INFO: [ app_end ] --START--
INFO: Run Behavior\ShowPageTraceBehavior [ RunTime:0.000746s ]
INFO: [ app_end ] --END-- [ RunTime:0.000871s ]

[ 2016-04-09T17:49:29+08:00 ] ::1 /ww/shop/index.php/Admin/Goods/index
INFO: [ app_begin ] --START--
INFO: Run Behavior\ReadHtmlCacheBehavior [ RunTime:0.001015s ]
INFO: [ app_begin ] --END-- [ RunTime:0.001880s ]
SQL: SHOW COLUMNS FROM `cz_category` [ RunTime:0.003645s ]
SQL: SELECT * FROM `cz_category`  [ RunTime:0.001027s ]
SQL: SHOW COLUMNS FROM `cz_brand` [ RunTime:0.003472s ]
SQL: SELECT * FROM `cz_brand` ORDER BY sort_order asc  [ RunTime:0.001029s ]
SQL: SHOW COLUMNS FROM `cz_goods` [ RunTime:0.004300s ]
SQL: SELECT * FROM `cz_goods`  [ RunTime:0.001175s ]
SQL: SELECT COUNT(*) AS tp_count FROM `cz_goods` LIMIT 1   [ RunTime:0.000795s ]
SQL: SELECT * FROM `cz_goods` LIMIT 0,5   [ RunTime:0.001316s ]
INFO: [ view_parse ] --START--
INFO: [ template_filter ] --START--
INFO: Run Behavior\ContentReplaceBehavior [ RunTime:0.000241s ]
INFO: [ template_filter ] --END-- [ RunTime:0.000495s ]
NOTIC: [8] Undefined index: level E:\Demo\ww\shop\Application\Runtime\Cache\Admin\7460c3bd08e8aaf3e719467d6ea19bd3.php 第 48 行.
NOTIC: [8] Undefined index: level E:\Demo\ww\shop\Application\Runtime\Cache\Admin\7460c3bd08e8aaf3e719467d6ea19bd3.php 第 48 行.
NOTIC: [8] Undefined index: level E:\Demo\ww\shop\Application\Runtime\Cache\Admin\7460c3bd08e8aaf3e719467d6ea19bd3.php 第 48 行.
NOTIC: [8] Undefined index: level E:\Demo\ww\shop\Application\Runtime\Cache\Admin\7460c3bd08e8aaf3e719467d6ea19bd3.php 第 48 行.
NOTIC: [8] Undefined index: level E:\Demo\ww\shop\Application\Runtime\Cache\Admin\7460c3bd08e8aaf3e719467d6ea19bd3.php 第 48 行.
INFO: Run Behavior\ParseTemplateBehavior [ RunTime:0.027589s ]
INFO: [ view_parse ] --END-- [ RunTime:0.027779s ]
INFO: [ view_filter ] --START--
INFO: Run Behavior\WriteHtmlCacheBehavior [ RunTime:0.000360s ]
INFO: [ view_filter ] --END-- [ RunTime:0.000485s ]
INFO: [ app_end ] --START--
INFO: Run Behavior\ShowPageTraceBehavior [ RunTime:0.000833s ]
INFO: [ app_end ] --END-- [ RunTime:0.000964s ]

[ 2016-04-09T17:50:36+08:00 ] ::1 /ww/shop/index.php/Admin/Goods/index
INFO: [ app_begin ] --START--
INFO: Run Behavior\ReadHtmlCacheBehavior [ RunTime:0.001066s ]
INFO: [ app_begin ] --END-- [ RunTime:0.004361s ]
SQL: SHOW COLUMNS FROM `cz_category` [ RunTime:0.006432s ]
SQL: SELECT * FROM `cz_category`  [ RunTime:0.000648s ]
SQL: SHOW COLUMNS FROM `cz_brand` [ RunTime:0.003985s ]
SQL: SELECT * FROM `cz_brand` ORDER BY sort_order asc  [ RunTime:0.000933s ]
SQL: SHOW COLUMNS FROM `cz_goods` [ RunTime:0.004545s ]
SQL: SELECT * FROM `cz_goods`  [ RunTime:0.000999s ]
SQL: SELECT COUNT(*) AS tp_count FROM `cz_goods` LIMIT 1   [ RunTime:0.000487s ]
SQL: SELECT * FROM `cz_goods` LIMIT 0,5   [ RunTime:0.000954s ]
INFO: [ view_parse ] --START--
INFO: [ template_filter ] --START--
INFO: Run Behavior\ContentReplaceBehavior [ RunTime:0.000236s ]
INFO: [ template_filter ] --END-- [ RunTime:0.000486s ]
NOTIC: [8] Undefined index: level E:\Demo\ww\shop\Application\Runtime\Cache\Admin\7460c3bd08e8aaf3e719467d6ea19bd3.php 第 48 行.
NOTIC: [8] Undefined index: level E:\Demo\ww\shop\Application\Runtime\Cache\Admin\7460c3bd08e8aaf3e719467d6ea19bd3.php 第 48 行.
NOTIC: [8] Undefined index: level E:\Demo\ww\shop\Application\Runtime\Cache\Admin\7460c3bd08e8aaf3e719467d6ea19bd3.php 第 48 行.
NOTIC: [8] Undefined index: level E:\Demo\ww\shop\Application\Runtime\Cache\Admin\7460c3bd08e8aaf3e719467d6ea19bd3.php 第 48 行.
NOTIC: [8] Undefined index: level E:\Demo\ww\shop\Application\Runtime\Cache\Admin\7460c3bd08e8aaf3e719467d6ea19bd3.php 第 48 行.
INFO: Run Behavior\ParseTemplateBehavior [ RunTime:0.034661s ]
INFO: [ view_parse ] --END-- [ RunTime:0.034898s ]
INFO: [ view_filter ] --START--
INFO: Run Behavior\WriteHtmlCacheBehavior [ RunTime:0.000555s ]
INFO: [ view_filter ] --END-- [ RunTime:0.000756s ]
INFO: [ app_end ] --START--
INFO: Run Behavior\ShowPageTraceBehavior [ RunTime:0.001233s ]
INFO: [ app_end ] --END-- [ RunTime:0.001457s ]

[ 2016-04-09T17:54:39+08:00 ] ::1 /ww/shop/index.php/Admin/Goods/index/id/%E8%81%94
ERR: 错误的查询条件:[goodsName=>联]

