[ 2016-04-15T21:16:37+08:00 ] ::1 /ww/shop/index.php/Admin/Index/order.php?act=list
ERR: 非法操作:order.php

[ 2016-04-15T21:16:38+08:00 ] ::1 /ww/shop/index.php/Admin/Index/order.php?act=list
ERR: 非法操作:order.php

[ 2016-04-15T21:17:00+08:00 ] ::1 /ww/shop/index.php/Admin/Index/order.php?act=list
ERR: 非法操作:order.php

[ 2016-04-15T21:32:19+08:00 ] ::1 /ww/shop/index.php/Admin/Index/order.php?act=list
ERR: 非法操作:order.php

[ 2016-04-15T21:33:01+08:00 ] ::1 /ww/shop/index.php/Admin/order/index
ERR: 无法加载控制器:Order

[ 2016-04-15T21:33:25+08:00 ] ::1 /ww/shop/index.php/Admin/Order/index
ERR: 无法加载控制器:Order

[ 2016-04-15T21:36:56+08:00 ] ::1 /ww/shop/index.php/Admin/Index/order.php?act=add
ERR: 非法操作:order.php

[ 2016-04-15T21:45:42+08:00 ] ::1 /ww/shop/index.php/Admin/Index/order.php?act=add
ERR: 非法操作:order.php

[ 2016-04-15T22:40:23+08:00 ] ::1 /ww/shop/index.php/Admin/Order/index/id/w
ERR: 错误的查询条件:[goods_name=>Array]

[ 2016-04-15T22:41:11+08:00 ] ::1 /ww/shop/index.php/Admin/Order/index/id/[object%20HTMLInputElement]
ERR: 错误的查询条件:[goods_name=>Array]

[ 2016-04-15T22:42:42+08:00 ] ::1 /ww/shop/index.php/Admin/Order/index/id/[object%20HTMLInputElement]
ERR: 错误的查询条件:[goods_name=>Array]

[ 2016-04-15T22:43:43+08:00 ] ::1 /ww/shop/index.php/Admin/Order/index/id/[object%20HTMLInputElement]
ERR: 错误的查询条件:[goods_name=>Array]

[ 2016-04-15T22:44:03+08:00 ] ::1 /ww/shop/index.php/Admin/Order/index/id/[object%20HTMLInputElement]
ERR: 错误的查询条件:[order_name=>Array]

[ 2016-04-15T22:54:49+08:00 ] ::1 /ww/shop/index.php/Admin/Goods/goods.php?act=edit&goods_id=32
ERR: 非法操作:goods.php

[ 2016-04-15T22:55:02+08:00 ] ::1 /ww/shop/index.php/Admin/Goods/goods.php?act=edit&goods_id=32
ERR: 非法操作:goods.php

[ 2016-04-15T23:05:33+08:00 ] ::1 /ww/shop/index.php/Admin/Order/goods.php?act=edit&goods_id=32
ERR: 非法操作:goods.php

[ 2016-04-15T23:24:44+08:00 ] ::1 /ww/shop/index.php/Admin/Index/order.php?act=add
ERR: 非法操作:order.php

[ 2016-04-15T23:29:10+08:00 ] ::1 /ww/shop/index.php/Admin/Goods/goods.php?act=edit&goods_id=32
ERR: 非法操作:goods.php

[ 2016-04-15T23:33:26+08:00 ] ::1 /ww/shop/index.php/Admin/Goods/goods.php?act=edit&goods_id=32
ERR: 非法操作:goods.php

[ 2016-04-15T23:37:52+08:00 ] ::1 /ww/shop/index.php/Admin/Index/order.php?act=add
ERR: 非法操作:order.php

[ 2016-04-15T23:38:47+08:00 ] ::1 /ww/shop/index.php/Admin/Index/order.php?act=add
ERR: 非法操作:order.php

[ 2016-04-15T23:38:48+08:00 ] ::1 /ww/shop/index.php/Admin/Index/order.php?act=add
ERR: 非法操作:order.php

[ 2016-04-15T23:48:38+08:00 ] ::1 /ww/shop/index.php/Admin/Index/order.php?act=list
ERR: 非法操作:order.php

[ 2016-04-15T23:54:22+08:00 ] ::1 /ww/shop/index.php/Admin/Index/order.php?act=list
ERR: 非法操作:order.php

